Log file open, 12/05/19 15:23:43
LogWindows: Failed to load 'aqProf.dll' (GetLastError=126)
LogWindows: File 'aqProf.dll' does not exist
LogWindows: Failed to load 'VtuneApi.dll' (GetLastError=126)
LogWindows: File 'VtuneApi.dll' does not exist
LogWindows: Failed to load 'VtuneApi32e.dll' (GetLastError=126)
LogWindows: File 'VtuneApi32e.dll' does not exist
LogConsoleResponse: Display: Failed to find resolution value strings in scalability ini. Falling back to default.
LogInit: Display: Running engine for game: CS328Team11
LogPlatformFile: Not using cached read wrapper
LogTaskGraph: Started task graph with 5 named threads and 23 total threads with 3 sets of task threads.
LogStats: Stats thread started at 0.067781
LogD3D11RHI: Loaded GFSDK_Aftermath_Lib.x64.dll
LogICUInternationalization: ICU TimeZone Detection - Raw Offset: -8:00, Platform Override: ''
LogPluginManager: Mounting plugin Paper2D
LogPluginManager: Mounting plugin AISupport
LogPluginManager: Mounting plugin LightPropagationVolume
LogPluginManager: Mounting plugin ActorLayerUtilities
LogPluginManager: Mounting plugin AnimationSharing
LogPluginManager: Mounting plugin CLionSourceCodeAccess
LogPluginManager: Mounting plugin CodeLiteSourceCodeAccess
LogPluginManager: Mounting plugin GitSourceControl
LogPluginManager: Mounting plugin KDevelopSourceCodeAccess
LogPluginManager: Mounting plugin NullSourceCodeAccess
LogPluginManager: Mounting plugin PerforceSourceControl
LogPluginManager: Mounting plugin SubversionSourceControl
LogPluginManager: Mounting plugin UObjectPlugin
LogPluginManager: Mounting plugin VisualStudioCodeSourceCodeAccess
LogPluginManager: Mounting plugin VisualStudioSourceCodeAccess
LogPluginManager: Mounting plugin XCodeSourceCodeAccess
LogPluginManager: Mounting plugin AssetManagerEditor
LogPluginManager: Mounting plugin CryptoKeys
LogPluginManager: Mounting plugin CurveEditorTools
LogPluginManager: Mounting plugin DataValidation
LogPluginManager: Mounting plugin FacialAnimation
LogPluginManager: Mounting plugin GameplayTagsEditor
LogPluginManager: Mounting plugin MacGraphicsSwitching
LogPluginManager: Mounting plugin MaterialAnalyzer
LogPluginManager: Mounting plugin MobileLauncherProfileWizard
LogPluginManager: Mounting plugin PluginBrowser
LogPluginManager: Mounting plugin SpeedTreeImporter
LogPluginManager: Mounting plugin DatasmithContent
LogPluginManager: Mounting plugin VariantManagerContent
LogPluginManager: Mounting plugin AlembicImporter
LogPluginManager: Mounting plugin AutomationUtils
LogPluginManager: Mounting plugin BackChannel
LogPluginManager: Mounting plugin CharacterAI
LogPluginManager: Mounting plugin GeometryCache
LogPluginManager: Mounting plugin HTML5Networking
LogPluginManager: Mounting plugin PlatformCrypto
LogPluginManager: Mounting plugin ProxyLODPlugin
LogPluginManager: Mounting plugin SkeletalReduction
LogPluginManager: Mounting plugin MagicLeap
LogPluginManager: Mounting plugin MagicLeapMedia
LogPluginManager: Mounting plugin AndroidMedia
LogPluginManager: Mounting plugin AvfMedia
LogPluginManager: Mounting plugin ImgMedia
LogPluginManager: Mounting plugin MediaCompositing
LogPluginManager: Mounting plugin MediaPlayerEditor
LogPluginManager: Mounting plugin WebMMedia
LogPluginManager: Mounting plugin WmfMedia
LogPluginManager: Mounting plugin TcpMessaging
LogPluginManager: Mounting plugin UdpMessaging
LogPluginManager: Mounting plugin ActorSequence
LogPluginManager: Mounting plugin LevelSequenceEditor
LogPluginManager: Mounting plugin MatineeToLevelSequence
LogPluginManager: Mounting plugin NetcodeUnitTest
LogPluginManager: Mounting plugin NUTUnrealEngine4
LogPluginManager: Mounting plugin OnlineSubsystemGooglePlay
LogPluginManager: Mounting plugin OnlineSubsystemIOS
LogPluginManager: Mounting plugin OnlineSubsystem
LogPluginManager: Mounting plugin OnlineSubsystemNull
LogPluginManager: Mounting plugin OnlineSubsystemUtils
LogPluginManager: Mounting plugin LauncherChunkInstaller
LogPluginManager: Mounting plugin AndroidDeviceProfileSelector
LogPluginManager: Mounting plugin AndroidMoviePlayer
LogPluginManager: Mounting plugin AndroidPermission
LogPluginManager: Mounting plugin AppleImageUtils
LogPluginManager: Mounting plugin AppleMoviePlayer
LogPluginManager: Mounting plugin ArchVisCharacter
LogPluginManager: Mounting plugin AudioCapture
LogPluginManager: Mounting plugin CableComponent
LogPluginManager: Mounting plugin CustomMeshComponent
LogPluginManager: Mounting plugin EditableMesh
LogPluginManager: Mounting plugin ExampleDeviceProfileSelector
LogPluginManager: Mounting plugin GoogleCloudMessaging
LogPluginManager: Mounting plugin IOSDeviceProfileSelector
LogPluginManager: Mounting plugin LinuxDeviceProfileSelector
LogPluginManager: Mounting plugin LocationServicesBPLibrary
LogPluginManager: Mounting plugin MobilePatchingUtils
LogPluginManager: Mounting plugin OculusVR
LogPluginManager: Mounting plugin PhysXVehicles
LogPluginManager: Mounting plugin ProceduralMeshComponent
LogPluginManager: Mounting plugin RuntimePhysXCooking
LogPluginManager: Mounting plugin SignificanceManager
LogPluginManager: Mounting plugin SteamVR
LogPluginManager: Mounting plugin WebMMoviePlayer
LogPluginManager: Mounting plugin WindowsMoviePlayer
LogPluginManager: Mounting plugin ScreenshotTools
LogInit: Using libcurl 7.55.1-DEV
LogInit:  - built for x86_64-pc-win32
LogInit:  - supports SSL with OpenSSL/1.1.1
LogInit:  - supports HTTP deflate (compression) using libz 1.2.8
LogInit:  - other features:
LogInit:      CURL_VERSION_SSL
LogInit:      CURL_VERSION_LIBZ
LogInit:      CURL_VERSION_IPV6
LogInit:      CURL_VERSION_ASYNCHDNS
LogInit:      CURL_VERSION_LARGEFILE
LogInit:      CURL_VERSION_IDN
LogInit:  CurlRequestOptions (configurable via config and command line):
LogInit:  - bVerifyPeer = true  - Libcurl will verify peer certificate
LogInit:  - bUseHttpProxy = false  - Libcurl will NOT use HTTP proxy
LogInit:  - bDontReuseConnections = false  - Libcurl will reuse connections
LogInit:  - MaxHostConnections = 16  - Libcurl will limit the number of connections to a host
LogInit:  - LocalHostAddr = Default
LogInit:  - BufferSize = 65536
LogOnline: OSS: Creating online subsystem instance for: NULL
LogInit: WinSock: version 1.1 (2.2), MaxSocks=32767, MaxUdp=65467
LogInit: Build: ++UE4+Release-4.23-CL-9631420
LogInit: Engine Version: 4.23.1-9631420+++UE4+Release-4.23
LogInit: Compatible Engine Version: 4.23.0-8386587+++UE4+Release-4.23
LogInit: Net CL: 8386587
LogInit: OS: Windows 10 (Release 1903) (), CPU: Intel(R) Core(TM) i7-7700HQ CPU @ 2.80GHz, GPU: Intel(R) HD Graphics 630
LogInit: Compiled (64-bit): Oct 18 2019 02:07:44
LogInit: Compiled with Visual C++: 19.16.27030.01
LogInit: Build Configuration: Development
LogInit: Branch Name: ++UE4+Release-4.23
LogInit: Command Line: 
LogInit: Base Directory: D:/Program Files (x86)/UE_4.23/Engine/Binaries/Win64/
LogInit: Installed Engine Build: 1
LogDevObjectVersion: Number of dev versions registered: 23
LogDevObjectVersion:   Dev-Blueprints (B0D832E4-1F89-4F0D-ACCF-7EB736FD4AA2): 10
LogDevObjectVersion:   Dev-Build (E1C64328-A22C-4D53-A36C-8E866417BD8C): 0
LogDevObjectVersion:   Dev-Core (375EC13C-06E4-48FB-B500-84F0262A717E): 3
LogDevObjectVersion:   Dev-Editor (E4B068ED-F494-42E9-A231-DA0B2E46BB41): 34
LogDevObjectVersion:   Dev-Framework (CFFC743F-43B0-4480-9391-14DF171D2073): 35
LogDevObjectVersion:   Dev-Mobile (B02B49B5-BB20-44E9-A304-32B752E40360): 2
LogDevObjectVersion:   Dev-Networking (A4E4105C-59A1-49B5-A7C5-40C4547EDFEE): 0
LogDevObjectVersion:   Dev-Online (39C831C9-5AE6-47DC-9A44-9C173E1C8E7C): 0
LogDevObjectVersion:   Dev-Physics (78F01B33-EBEA-4F98-B9B4-84EACCB95AA2): 0
LogDevObjectVersion:   Dev-Platform (6631380F-2D4D-43E0-8009-CF276956A95A): 0
LogDevObjectVersion:   Dev-Rendering (12F88B9F-8875-4AFC-A67C-D90C383ABD29): 31
LogDevObjectVersion:   Dev-Sequencer (7B5AE74C-D270-4C10-A958-57980B212A5A): 11
LogDevObjectVersion:   Dev-VR (D7296918-1DD6-4BDD-9DE2-64A83CC13884): 2
LogDevObjectVersion:   Dev-LoadTimes (C2A15278-BFE7-4AFE-6C17-90FF531DF755): 1
LogDevObjectVersion:   Private-Geometry (6EACA3D4-40EC-4CC1-B786-8BED09428FC5): 3
LogDevObjectVersion:   Dev-AnimPhys (29E575DD-E0A3-4627-9D10-D276232CDCEA): 17
LogDevObjectVersion:   Dev-Anim (AF43A65D-7FD3-4947-9873-3E8ED9C1BB05): 2
LogDevObjectVersion:   Dev-ReflectionCapture (6B266CEC-1EC7-4B8F-A30B-E4D90942FC07): 1
LogDevObjectVersion:   Dev-Automation (0DF73D61-A23F-47EA-B727-89E90C41499A): 1
LogDevObjectVersion:   FortniteMain (601D1886-AC64-4F84-AA16-D3DE0DEAC7D6): 27
LogDevObjectVersion:   Dev-Enterprise (9DFFBCD6-494F-0158-E221-12823C92A888): 6
LogDevObjectVersion:   Dev-Niagara (F2AED0AC-9AFE-416F-8664-AA7FFA26D6FC): 1
LogDevObjectVersion:   Dev-Destruction (174F1F0B-B4C6-45A5-B13F-2EE8D0FB917D): 9
LogInit: Presizing for max 16777216 objects, including 0 objects not considered by GC, pre-allocating 0 bytes for permanent pool.
LogInit: Object subsystem initialized
LogConfig: Setting CVar [[con.DebugEarlyDefault:1]]
LogConfig: Setting CVar [[r.setres:1280x720]]
[2019.12.05-23.23.43:977][  0]LogConfig: Setting CVar [[r.VSync:0]]
[2019.12.05-23.23.43:977][  0]LogConfig: Setting CVar [[r.RHICmdBypass:0]]
[2019.12.05-23.23.43:977][  0]LogConfig: Applying CVar settings from Section [/Script/Engine.RendererSettings] File [D:/Users/Elizabeth/Documents/CS-328-Game/CS328Team11/Saved/Config/Windows/Engine.ini]
[2019.12.05-23.23.43:977][  0]LogConfig: Setting CVar [[r.GPUCrashDebugging:0]]
[2019.12.05-23.23.43:977][  0]LogConfig: Setting CVar [[r.DefaultFeature.AutoExposure.ExtendDefaultLuminanceRange:1]]
[2019.12.05-23.23.43:977][  0]LogConfig: Applying CVar settings from Section [/Script/Engine.RendererOverrideSettings] File [D:/Users/Elizabeth/Documents/CS-328-Game/CS328Team11/Saved/Config/Windows/Engine.ini]
[2019.12.05-23.23.43:977][  0]LogConfig: Applying CVar settings from Section [/Script/Engine.StreamingSettings] File [D:/Users/Elizabeth/Documents/CS-328-Game/CS328Team11/Saved/Config/Windows/Engine.ini]
[2019.12.05-23.23.43:977][  0]LogConfig: Setting CVar [[s.MinBulkDataSizeForAsyncLoading:131072]]
[2019.12.05-23.23.43:977][  0]LogConfig: Setting CVar [[s.AsyncLoadingThreadEnabled:0]]
[2019.12.05-23.23.43:977][  0]LogConfig: Setting CVar [[s.EventDrivenLoaderEnabled:1]]
[2019.12.05-23.23.43:977][  0]LogConfig: Setting CVar [[s.WarnIfTimeLimitExceeded:0]]
[2019.12.05-23.23.43:977][  0]LogConfig: Setting CVar [[s.TimeLimitExceededMultiplier:1.5]]
[2019.12.05-23.23.43:977][  0]LogConfig: Setting CVar [[s.TimeLimitExceededMinTime:0.005]]
[2019.12.05-23.23.43:977][  0]LogConfig: Setting CVar [[s.UseBackgroundLevelStreaming:1]]
[2019.12.05-23.23.43:977][  0]LogConfig: Setting CVar [[s.PriorityAsyncLoadingExtraTime:15.0]]
[2019.12.05-23.23.43:977][  0]LogConfig: Setting CVar [[s.LevelStreamingActorsUpdateTimeLimit:5.0]]
[2019.12.05-23.23.43:977][  0]LogConfig: Setting CVar [[s.PriorityLevelStreamingActorsUpdateExtraTime:5.0]]
[2019.12.05-23.23.43:977][  0]LogConfig: Setting CVar [[s.LevelStreamingComponentsRegistrationGranularity:10]]
[2019.12.05-23.23.43:977][  0]LogConfig: Setting CVar [[s.UnregisterComponentsTimeLimit:1.0]]
[2019.12.05-23.23.43:977][  0]LogConfig: Setting CVar [[s.LevelStreamingComponentsUnregistrationGranularity:5]]
[2019.12.05-23.23.43:977][  0]LogConfig: Applying CVar settings from Section [/Script/Engine.GarbageCollectionSettings] File [D:/Users/Elizabeth/Documents/CS-328-Game/CS328Team11/Saved/Config/Windows/Engine.ini]
[2019.12.05-23.23.43:977][  0]LogConfig: Setting CVar [[gc.MaxObjectsNotConsideredByGC:1]]
[2019.12.05-23.23.43:977][  0]LogConfig: Setting CVar [[gc.SizeOfPermanentObjectPool:0]]
[2019.12.05-23.23.43:977][  0]LogConfig: Setting CVar [[gc.FlushStreamingOnGC:0]]
[2019.12.05-23.23.43:977][  0]LogConfig: Setting CVar [[gc.NumRetriesBeforeForcingGC:10]]
[2019.12.05-23.23.43:977][  0]LogConfig: Setting CVar [[gc.AllowParallelGC:1]]
[2019.12.05-23.23.43:977][  0]LogConfig: Setting CVar [[gc.TimeBetweenPurgingPendingKillObjects:61.1]]
[2019.12.05-23.23.43:977][  0]LogConfig: Setting CVar [[gc.MaxObjectsInEditor:16777216]]
[2019.12.05-23.23.43:977][  0]LogConfig: Setting CVar [[gc.IncrementalBeginDestroyEnabled:1]]
[2019.12.05-23.23.43:977][  0]LogConfig: Setting CVar [[gc.CreateGCClusters:1]]
[2019.12.05-23.23.43:977][  0]LogConfig: Setting CVar [[gc.MinGCClusterSize:5]]
[2019.12.05-23.23.43:977][  0]LogConfig: Setting CVar [[gc.ActorClusteringEnabled:0]]
[2019.12.05-23.23.43:977][  0]LogConfig: Setting CVar [[gc.BlueprintClusteringEnabled:0]]
[2019.12.05-23.23.43:977][  0]LogConfig: Setting CVar [[gc.UseDisregardForGCOnDedicatedServers:0]]
[2019.12.05-23.23.43:977][  0]LogConfig: Applying CVar settings from Section [/Script/Engine.NetworkSettings] File [D:/Users/Elizabeth/Documents/CS-328-Game/CS328Team11/Saved/Config/Windows/Engine.ini]
[2019.12.05-23.23.43:977][  0]LogConfig: Applying CVar settings from Section [/Script/UnrealEd.CookerSettings] File [D:/Users/Elizabeth/Documents/CS-328-Game/CS328Team11/Saved/Config/Windows/Engine.ini]
[2019.12.05-23.23.43:980][  0]LogConfig: Applying CVar settings from Section [ViewDistanceQuality@3] File [D:/Users/Elizabeth/Documents/CS-328-Game/CS328Team11/Saved/Config/Windows/Scalability.ini]
[2019.12.05-23.23.43:980][  0]LogConfig: Setting CVar [[r.SkeletalMeshLODBias:0]]
[2019.12.05-23.23.43:980][  0]LogConfig: Setting CVar [[r.ViewDistanceScale:1.0]]
[2019.12.05-23.23.43:980][  0]LogConfig: Applying CVar settings from Section [AntiAliasingQuality@3] File [D:/Users/Elizabeth/Documents/CS-328-Game/CS328Team11/Saved/Config/Windows/Scalability.ini]
[2019.12.05-23.23.43:980][  0]LogConfig: Setting CVar [[r.PostProcessAAQuality:4]]
[2019.12.05-23.23.43:980][  0]LogConfig: Applying CVar settings from Section [ShadowQuality@3] File [D:/Users/Elizabeth/Documents/CS-328-Game/CS328Team11/Saved/Config/Windows/Scalability.ini]
[2019.12.05-23.23.43:980][  0]LogConfig: Setting CVar [[r.LightFunctionQuality:1]]
[2019.12.05-23.23.43:980][  0]LogConfig: Setting CVar [[r.ShadowQuality:5]]
[2019.12.05-23.23.43:980][  0]LogConfig: Setting CVar [[r.Shadow.CSM.MaxCascades:10]]
[2019.12.05-23.23.43:980][  0]LogConfig: Setting CVar [[r.Shadow.MaxResolution:2048]]
[2019.12.05-23.23.43:980][  0]LogConfig: Setting CVar [[r.Shadow.MaxCSMResolution:2048]]
[2019.12.05-23.23.43:980][  0]LogConfig: Setting CVar [[r.Shadow.RadiusThreshold:0.01]]
[2019.12.05-23.23.43:980][  0]LogConfig: Setting CVar [[r.Shadow.DistanceScale:1.0]]
[2019.12.05-23.23.43:980][  0]LogConfig: Setting CVar [[r.Shadow.CSM.TransitionScale:1.0]]
[2019.12.05-23.23.43:980][  0]LogConfig: Setting CVar [[r.Shadow.PreShadowResolutionFactor:1.0]]
[2019.12.05-23.23.43:980][  0]LogConfig: Setting CVar [[r.DistanceFieldShadowing:1]]
[2019.12.05-23.23.43:980][  0]LogConfig: Setting CVar [[r.DistanceFieldAO:1]]
[2019.12.05-23.23.43:980][  0]LogConfig: Setting CVar [[r.AOQuality:2]]
[2019.12.05-23.23.43:980][  0]LogConfig: Setting CVar [[r.VolumetricFog:1]]
[2019.12.05-23.23.43:980][  0]LogConfig: Setting CVar [[r.VolumetricFog.GridPixelSize:8]]
[2019.12.05-23.23.43:980][  0]LogConfig: Setting CVar [[r.VolumetricFog.GridSizeZ:128]]
[2019.12.05-23.23.43:980][  0]LogConfig: Setting CVar [[r.VolumetricFog.HistoryMissSupersampleCount:4]]
[2019.12.05-23.23.43:980][  0]LogConfig: Setting CVar [[r.LightMaxDrawDistanceScale:1]]
[2019.12.05-23.23.43:980][  0]LogConfig: Setting CVar [[r.CapsuleShadows:1]]
[2019.12.05-23.23.43:980][  0]LogConfig: Applying CVar settings from Section [PostProcessQuality@3] File [D:/Users/Elizabeth/Documents/CS-328-Game/CS328Team11/Saved/Config/Windows/Scalability.ini]
[2019.12.05-23.23.43:980][  0]LogConfig: Setting CVar [[r.MotionBlurQuality:4]]
[2019.12.05-23.23.43:980][  0]LogConfig: Setting CVar [[r.AmbientOcclusionMipLevelFactor:0.4]]
[2019.12.05-23.23.43:980][  0]LogConfig: Setting CVar [[r.AmbientOcclusionMaxQuality:100]]
[2019.12.05-23.23.43:980][  0]LogConfig: Setting CVar [[r.AmbientOcclusionLevels:-1]]
[2019.12.05-23.23.43:980][  0]LogConfig: Setting CVar [[r.AmbientOcclusionRadiusScale:1.0]]
[2019.12.05-23.23.43:980][  0]LogConfig: Setting CVar [[r.DepthOfFieldQuality:2]]
[2019.12.05-23.23.43:980][  0]LogConfig: Setting CVar [[r.RenderTargetPoolMin:400]]
[2019.12.05-23.23.43:980][  0]LogConfig: Setting CVar [[r.LensFlareQuality:2]]
[2019.12.05-23.23.43:980][  0]LogConfig: Setting CVar [[r.SceneColorFringeQuality:1]]
[2019.12.05-23.23.43:980][  0]LogConfig: Setting CVar [[r.EyeAdaptationQuality:2]]
[2019.12.05-23.23.43:980][  0]LogConfig: Setting CVar [[r.BloomQuality:5]]
[2019.12.05-23.23.43:980][  0]LogConfig: Setting CVar [[r.FastBlurThreshold:100]]
[2019.12.05-23.23.43:980][  0]LogConfig: Setting CVar [[r.Upscale.Quality:3]]
[2019.12.05-23.23.43:980][  0]LogConfig: Setting CVar [[r.Tonemapper.GrainQuantization:1]]
[2019.12.05-23.23.43:980][  0]LogConfig: Setting CVar [[r.LightShaftQuality:1]]
[2019.12.05-23.23.43:980][  0]LogConfig: Setting CVar [[r.Filter.SizeScale:1]]
[2019.12.05-23.23.43:980][  0]LogConfig: Setting CVar [[r.Tonemapper.Quality:5]]
[2019.12.05-23.23.43:980][  0]LogConfig: Setting CVar [[r.DOF.Gather.AccumulatorQuality:1        ; higher gathering accumulator quality]]
[2019.12.05-23.23.43:980][  0]LogConfig: Setting CVar [[r.DOF.Gather.PostfilterMethod:1          ; Median3x3 postfilering method]]
[2019.12.05-23.23.43:980][  0]LogConfig: Setting CVar [[r.DOF.Gather.EnableBokehSettings:0       ; no bokeh simulation when gathering]]
[2019.12.05-23.23.43:980][  0]LogConfig: Setting CVar [[r.DOF.Gather.RingCount:4                 ; medium number of samples when gathering]]
[2019.12.05-23.23.43:980][  0]LogConfig: Setting CVar [[r.DOF.Scatter.ForegroundCompositing:1    ; additive foreground scattering]]
[2019.12.05-23.23.43:980][  0]LogConfig: Setting CVar [[r.DOF.Scatter.BackgroundCompositing:2    ; additive background scattering]]
[2019.12.05-23.23.43:980][  0]LogConfig: Setting CVar [[r.DOF.Scatter.EnableBokehSettings:1      ; bokeh simulation when scattering]]
[2019.12.05-23.23.43:980][  0]LogConfig: Setting CVar [[r.DOF.Scatter.MaxSpriteRatio:0.1         ; only a maximum of 10% of scattered bokeh]]
[2019.12.05-23.23.43:980][  0]LogConfig: Setting CVar [[r.DOF.Recombine.Quality:1                ; cheap slight out of focus]]
[2019.12.05-23.23.43:980][  0]LogConfig: Setting CVar [[r.DOF.Recombine.EnableBokehSettings:0    ; no bokeh simulation on slight out of focus]]
[2019.12.05-23.23.43:980][  0]LogConfig: Setting CVar [[r.DOF.TemporalAAQuality:1                ; more stable temporal accumulation]]
[2019.12.05-23.23.43:980][  0]LogConfig: Setting CVar [[r.DOF.Kernel.MaxForegroundRadius:0.025]]
[2019.12.05-23.23.43:980][  0]LogConfig: Setting CVar [[r.DOF.Kernel.MaxBackgroundRadius:0.025]]
[2019.12.05-23.23.43:980][  0]LogConfig: Applying CVar settings from Section [TextureQuality@3] File [D:/Users/Elizabeth/Documents/CS-328-Game/CS328Team11/Saved/Config/Windows/Scalability.ini]
[2019.12.05-23.23.43:980][  0]LogConfig: Setting CVar [[r.Streaming.MipBias:0]]
[2019.12.05-23.23.43:981][  0]LogConfig: Setting CVar [[r.Streaming.AmortizeCPUToGPUCopy:0]]
[2019.12.05-23.23.43:981][  0]LogConfig: Setting CVar [[r.Streaming.MaxNumTexturesToStreamPerFrame:0]]
[2019.12.05-23.23.43:981][  0]LogConfig: Setting CVar [[r.Streaming.Boost:1]]
[2019.12.05-23.23.43:981][  0]LogConfig: Setting CVar [[r.MaxAnisotropy:8]]
[2019.12.05-23.23.43:981][  0]LogConfig: Setting CVar [[r.Streaming.LimitPoolSizeToVRAM:0]]
[2019.12.05-23.23.43:981][  0]LogConfig: Setting CVar [[r.Streaming.PoolSize:1000]]
[2019.12.05-23.23.43:981][  0]LogConfig: Setting CVar [[r.Streaming.MaxEffectiveScreenSize:0]]
[2019.12.05-23.23.43:981][  0]LogConfig: Applying CVar settings from Section [EffectsQuality@3] File [D:/Users/Elizabeth/Documents/CS-328-Game/CS328Team11/Saved/Config/Windows/Scalability.ini]
[2019.12.05-23.23.43:981][  0]LogConfig: Setting CVar [[r.TranslucencyLightingVolumeDim:64]]
[2019.12.05-23.23.43:981][  0]LogConfig: Setting CVar [[r.RefractionQuality:2]]
[2019.12.05-23.23.43:981][  0]LogConfig: Setting CVar [[r.SSR.Quality:3]]
[2019.12.05-23.23.43:981][  0]LogConfig: Setting CVar [[r.SceneColorFormat:4]]
[2019.12.05-23.23.43:981][  0]LogConfig: Setting CVar [[r.DetailMode:2]]
[2019.12.05-23.23.43:981][  0]LogConfig: Setting CVar [[r.TranslucencyVolumeBlur:1]]
[2019.12.05-23.23.43:981][  0]LogConfig: Setting CVar [[r.MaterialQualityLevel:1 ; High quality]]
[2019.12.05-23.23.43:981][  0]LogConfig: Setting CVar [[r.SSS.Scale:1]]
[2019.12.05-23.23.43:981][  0]LogConfig: Setting CVar [[r.SSS.SampleSet:2]]
[2019.12.05-23.23.43:981][  0]LogConfig: Setting CVar [[r.SSS.Quality:1]]
[2019.12.05-23.23.43:981][  0]LogConfig: Setting CVar [[r.SSS.HalfRes:1]]
[2019.12.05-23.23.43:981][  0]LogConfig: Setting CVar [[r.EmitterSpawnRateScale:1.0]]
[2019.12.05-23.23.43:981][  0]LogConfig: Setting CVar [[r.ParticleLightQuality:2]]
[2019.12.05-23.23.43:981][  0]LogConfig: Applying CVar settings from Section [FoliageQuality@3] File [D:/Users/Elizabeth/Documents/CS-328-Game/CS328Team11/Saved/Config/Windows/Scalability.ini]
[2019.12.05-23.23.43:981][  0]LogConfig: Setting CVar [[foliage.DensityScale:1.0]]
[2019.12.05-23.23.43:981][  0]LogConfig: Setting CVar [[grass.DensityScale:1.0]]
[2019.12.05-23.23.43:981][  0]LogInit: Selected Device Profile: [Windows]
[2019.12.05-23.23.43:981][  0]LogInit: Applying CVar settings loaded from the selected device profile: [Windows]
[2019.12.05-23.23.43:983][  0]LogHAL: Display: Platform has ~ 8 GB [8471191552 / 8589934592 / 8], which maps to Default [LargestMinGB=32, LargerMinGB=12, DefaultMinGB=8, SmallerMinGB=6, SmallestMinGB=0)
[2019.12.05-23.23.43:983][  0]LogInit: Going up to parent DeviceProfile []
[2019.12.05-23.23.43:983][  0]LogConfig: Applying CVar settings from Section [ViewDistanceQuality@3] File [D:/Users/Elizabeth/Documents/CS-328-Game/CS328Team11/Saved/Config/Windows/Scalability.ini]
[2019.12.05-23.23.43:983][  0]LogConfig: Setting CVar [[r.SkeletalMeshLODBias:0]]
[2019.12.05-23.23.43:983][  0]LogConfig: Setting CVar [[r.ViewDistanceScale:1.0]]
[2019.12.05-23.23.43:983][  0]LogConfig: Applying CVar settings from Section [AntiAliasingQuality@3] File [D:/Users/Elizabeth/Documents/CS-328-Game/CS328Team11/Saved/Config/Windows/Scalability.ini]
[2019.12.05-23.23.43:983][  0]LogConfig: Setting CVar [[r.PostProcessAAQuality:4]]
[2019.12.05-23.23.43:983][  0]LogConfig: Applying CVar settings from Section [ShadowQuality@3] File [D:/Users/Elizabeth/Documents/CS-328-Game/CS328Team11/Saved/Config/Windows/Scalability.ini]
[2019.12.05-23.23.43:983][  0]LogConfig: Setting CVar [[r.LightFunctionQuality:1]]
[2019.12.05-23.23.43:983][  0]LogConfig: Setting CVar [[r.ShadowQuality:5]]
[2019.12.05-23.23.43:983][  0]LogConfig: Setting CVar [[r.Shadow.CSM.MaxCascades:10]]
[2019.12.05-23.23.43:983][  0]LogConfig: Setting CVar [[r.Shadow.MaxResolution:2048]]
[2019.12.05-23.23.43:983][  0]LogConfig: Setting CVar [[r.Shadow.MaxCSMResolution:2048]]
[2019.12.05-23.23.43:983][  0]LogConfig: Setting CVar [[r.Shadow.RadiusThreshold:0.01]]
[2019.12.05-23.23.43:983][  0]LogConfig: Setting CVar [[r.Shadow.DistanceScale:1.0]]
[2019.12.05-23.23.43:983][  0]LogConfig: Setting CVar [[r.Shadow.CSM.TransitionScale:1.0]]
[2019.12.05-23.23.43:983][  0]LogConfig: Setting CVar [[r.Shadow.PreShadowResolutionFactor:1.0]]
[2019.12.05-23.23.43:984][  0]LogConfig: Setting CVar [[r.DistanceFieldShadowing:1]]
[2019.12.05-23.23.43:984][  0]LogConfig: Setting CVar [[r.DistanceFieldAO:1]]
[2019.12.05-23.23.43:984][  0]LogConfig: Setting CVar [[r.AOQuality:2]]
[2019.12.05-23.23.43:984][  0]LogConfig: Setting CVar [[r.VolumetricFog:1]]
[2019.12.05-23.23.43:984][  0]LogConfig: Setting CVar [[r.VolumetricFog.GridPixelSize:8]]
[2019.12.05-23.23.43:984][  0]LogConfig: Setting CVar [[r.VolumetricFog.GridSizeZ:128]]
[2019.12.05-23.23.43:984][  0]LogConfig: Setting CVar [[r.VolumetricFog.HistoryMissSupersampleCount:4]]
[2019.12.05-23.23.43:984][  0]LogConfig: Setting CVar [[r.LightMaxDrawDistanceScale:1]]
[2019.12.05-23.23.43:984][  0]LogConfig: Setting CVar [[r.CapsuleShadows:1]]
[2019.12.05-23.23.43:984][  0]LogConfig: Applying CVar settings from Section [PostProcessQuality@3] File [D:/Users/Elizabeth/Documents/CS-328-Game/CS328Team11/Saved/Config/Windows/Scalability.ini]
[2019.12.05-23.23.43:984][  0]LogConfig: Setting CVar [[r.MotionBlurQuality:4]]
[2019.12.05-23.23.43:984][  0]LogConfig: Setting CVar [[r.AmbientOcclusionMipLevelFactor:0.4]]
[2019.12.05-23.23.43:984][  0]LogConfig: Setting CVar [[r.AmbientOcclusionMaxQuality:100]]
[2019.12.05-23.23.43:984][  0]LogConfig: Setting CVar [[r.AmbientOcclusionLevels:-1]]
[2019.12.05-23.23.43:984][  0]LogConfig: Setting CVar [[r.AmbientOcclusionRadiusScale:1.0]]
[2019.12.05-23.23.43:984][  0]LogConfig: Setting CVar [[r.DepthOfFieldQuality:2]]
[2019.12.05-23.23.43:984][  0]LogConfig: Setting CVar [[r.RenderTargetPoolMin:400]]
[2019.12.05-23.23.43:984][  0]LogConfig: Setting CVar [[r.LensFlareQuality:2]]
[2019.12.05-23.23.43:984][  0]LogConfig: Setting CVar [[r.SceneColorFringeQuality:1]]
[2019.12.05-23.23.43:984][  0]LogConfig: Setting CVar [[r.EyeAdaptationQuality:2]]
[2019.12.05-23.23.43:984][  0]LogConfig: Setting CVar [[r.BloomQuality:5]]
[2019.12.05-23.23.43:984][  0]LogConfig: Setting CVar [[r.FastBlurThreshold:100]]
[2019.12.05-23.23.43:984][  0]LogConfig: Setting CVar [[r.Upscale.Quality:3]]
[2019.12.05-23.23.43:984][  0]LogConfig: Setting CVar [[r.Tonemapper.GrainQuantization:1]]
[2019.12.05-23.23.43:984][  0]LogConfig: Setting CVar [[r.LightShaftQuality:1]]
[2019.12.05-23.23.43:984][  0]LogConfig: Setting CVar [[r.Filter.SizeScale:1]]
[2019.12.05-23.23.43:984][  0]LogConfig: Setting CVar [[r.Tonemapper.Quality:5]]
[2019.12.05-23.23.43:984][  0]LogConfig: Setting CVar [[r.DOF.Gather.AccumulatorQuality:1        ; higher gathering accumulator quality]]
[2019.12.05-23.23.43:984][  0]LogConfig: Setting CVar [[r.DOF.Gather.PostfilterMethod:1          ; Median3x3 postfilering method]]
[2019.12.05-23.23.43:984][  0]LogConfig: Setting CVar [[r.DOF.Gather.EnableBokehSettings:0       ; no bokeh simulation when gathering]]
[2019.12.05-23.23.43:984][  0]LogConfig: Setting CVar [[r.DOF.Gather.RingCount:4                 ; medium number of samples when gathering]]
[2019.12.05-23.23.43:984][  0]LogConfig: Setting CVar [[r.DOF.Scatter.ForegroundCompositing:1    ; additive foreground scattering]]
[2019.12.05-23.23.43:984][  0]LogConfig: Setting CVar [[r.DOF.Scatter.BackgroundCompositing:2    ; additive background scattering]]
[2019.12.05-23.23.43:984][  0]LogConfig: Setting CVar [[r.DOF.Scatter.EnableBokehSettings:1      ; bokeh simulation when scattering]]
[2019.12.05-23.23.43:984][  0]LogConfig: Setting CVar [[r.DOF.Scatter.MaxSpriteRatio:0.1         ; only a maximum of 10% of scattered bokeh]]
[2019.12.05-23.23.43:984][  0]LogConfig: Setting CVar [[r.DOF.Recombine.Quality:1                ; cheap slight out of focus]]
[2019.12.05-23.23.43:984][  0]LogConfig: Setting CVar [[r.DOF.Recombine.EnableBokehSettings:0    ; no bokeh simulation on slight out of focus]]
[2019.12.05-23.23.43:984][  0]LogConfig: Setting CVar [[r.DOF.TemporalAAQuality:1                ; more stable temporal accumulation]]
[2019.12.05-23.23.43:984][  0]LogConfig: Setting CVar [[r.DOF.Kernel.MaxForegroundRadius:0.025]]
[2019.12.05-23.23.43:984][  0]LogConfig: Setting CVar [[r.DOF.Kernel.MaxBackgroundRadius:0.025]]
[2019.12.05-23.23.43:984][  0]LogConfig: Applying CVar settings from Section [TextureQuality@3] File [D:/Users/Elizabeth/Documents/CS-328-Game/CS328Team11/Saved/Config/Windows/Scalability.ini]
[2019.12.05-23.23.43:984][  0]LogConfig: Setting CVar [[r.Streaming.MipBias:0]]
[2019.12.05-23.23.43:984][  0]LogConfig: Setting CVar [[r.Streaming.AmortizeCPUToGPUCopy:0]]
[2019.12.05-23.23.43:984][  0]LogConfig: Setting CVar [[r.Streaming.MaxNumTexturesToStreamPerFrame:0]]
[2019.12.05-23.23.43:984][  0]LogConfig: Setting CVar [[r.Streaming.Boost:1]]
[2019.12.05-23.23.43:984][  0]LogConfig: Setting CVar [[r.MaxAnisotropy:8]]
[2019.12.05-23.23.43:984][  0]LogConfig: Setting CVar [[r.Streaming.LimitPoolSizeToVRAM:0]]
[2019.12.05-23.23.43:984][  0]LogConfig: Setting CVar [[r.Streaming.PoolSize:1000]]
[2019.12.05-23.23.43:984][  0]LogConfig: Setting CVar [[r.Streaming.MaxEffectiveScreenSize:0]]
[2019.12.05-23.23.43:984][  0]LogConfig: Applying CVar settings from Section [EffectsQuality@3] File [D:/Users/Elizabeth/Documents/CS-328-Game/CS328Team11/Saved/Config/Windows/Scalability.ini]
[2019.12.05-23.23.43:984][  0]LogConfig: Setting CVar [[r.TranslucencyLightingVolumeDim:64]]
[2019.12.05-23.23.43:984][  0]LogConfig: Setting CVar [[r.RefractionQuality:2]]
[2019.12.05-23.23.43:984][  0]LogConfig: Setting CVar [[r.SSR.Quality:3]]
[2019.12.05-23.23.43:984][  0]LogConfig: Setting CVar [[r.SceneColorFormat:4]]
[2019.12.05-23.23.43:984][  0]LogConfig: Setting CVar [[r.DetailMode:2]]
[2019.12.05-23.23.43:984][  0]LogConfig: Setting CVar [[r.TranslucencyVolumeBlur:1]]
[2019.12.05-23.23.43:984][  0]LogConfig: Setting CVar [[r.MaterialQualityLevel:1 ; High quality]]
[2019.12.05-23.23.43:984][  0]LogConfig: Setting CVar [[r.SSS.Scale:1]]
[2019.12.05-23.23.43:984][  0]LogConfig: Setting CVar [[r.SSS.SampleSet:2]]
[2019.12.05-23.23.43:984][  0]LogConfig: Setting CVar [[r.SSS.Quality:1]]
[2019.12.05-23.23.43:984][  0]LogConfig: Setting CVar [[r.SSS.HalfRes:1]]
[2019.12.05-23.23.43:984][  0]LogConfig: Setting CVar [[r.EmitterSpawnRateScale:1.0]]
[2019.12.05-23.23.43:984][  0]LogConfig: Setting CVar [[r.ParticleLightQuality:2]]
[2019.12.05-23.23.43:984][  0]LogConfig: Applying CVar settings from Section [FoliageQuality@3] File [D:/Users/Elizabeth/Documents/CS-328-Game/CS328Team11/Saved/Config/Windows/Scalability.ini]
[2019.12.05-23.23.43:984][  0]LogConfig: Setting CVar [[foliage.DensityScale:1.0]]
[2019.12.05-23.23.43:984][  0]LogConfig: Setting CVar [[grass.DensityScale:1.0]]
[2019.12.05-23.23.43:984][  0]LogConfig: Applying CVar settings from Section [Startup] File [../../../Engine/Config/ConsoleVariables.ini]
[2019.12.05-23.23.43:985][  0]LogConfig: Setting CVar [[net.UseAdaptiveNetUpdateFrequency:0]]
[2019.12.05-23.23.43:985][  0]LogConfig: Setting CVar [[p.chaos.AllowCreatePhysxBodies:1]]
[2019.12.05-23.23.43:985][  0]LogConfig: Applying CVar settings from Section [ConsoleVariables] File [D:/Users/Elizabeth/Documents/CS-328-Game/CS328Team11/Saved/Config/Windows/Engine.ini]
[2019.12.05-23.23.43:985][  0]LogInit: Computer: YOLK
[2019.12.05-23.23.43:985][  0]LogInit: User: Elizabeth
[2019.12.05-23.23.43:985][  0]LogInit: CPU Page size=4096, Cores=4
[2019.12.05-23.23.43:985][  0]LogInit: High frequency timer resolution =10.000000 MHz
[2019.12.05-23.23.43:985][  0]LogMemory: Memory total: Physical=7.9GB (8GB approx)
[2019.12.05-23.23.43:985][  0]LogMemory: Platform Memory Stats for Windows
[2019.12.05-23.23.43:985][  0]LogMemory: Process Physical Memory: 100.30 MB used, 100.31 MB peak
[2019.12.05-23.23.43:985][  0]LogMemory: Process Virtual Memory: 88.50 MB used, 88.50 MB peak
[2019.12.05-23.23.43:985][  0]LogMemory: Physical Memory: 5276.85 MB used,  2801.91 MB free, 8078.76 MB total
[2019.12.05-23.23.43:985][  0]LogMemory: Virtual Memory: 4656.48 MB used,  134213072.00 MB free, 134217728.00 MB total
[2019.12.05-23.23.43:989][  0]LogWindows: WindowsPlatformFeatures enabled
[2019.12.05-23.23.44:008][  0]LogInit: Using OS detected language (en-US).
[2019.12.05-23.23.44:008][  0]LogInit: Using OS detected locale (en-US).
[2019.12.05-23.23.44:008][  0]LogTextLocalizationManager: No specific localization for 'en-US' exists, so the 'en' localization will be used.
[2019.12.05-23.23.44:156][  0]LogInit: Setting process to per monitor DPI aware
[2019.12.05-23.23.44:196][  0]LogSlate: New Slate User Created.  User Index 0, Is Virtual User: 0
[2019.12.05-23.23.44:196][  0]LogSlate: Slate User Registered.  User Index 0, Is Virtual User: 0
[2019.12.05-23.23.44:384][  0]LogHMD: Failed to initialize OpenVR with code 110
[2019.12.05-23.23.44:384][  0]LogD3D11RHI: D3D11 adapters:
[2019.12.05-23.23.44:463][  0]LogD3D11RHI:    0. 'NVIDIA GeForce GTX 1050 Ti' (Feature Level 11_0)
[2019.12.05-23.23.44:463][  0]LogD3D11RHI:       4018/0/4039 MB DedicatedVideo/DedicatedSystem/SharedSystem, Outputs:1, VendorId:0x10de
[2019.12.05-23.23.44:474][  0]LogD3D11RHI:    1. 'Intel(R) HD Graphics 630' (Feature Level 11_0)
[2019.12.05-23.23.44:474][  0]LogD3D11RHI:       128/0/4039 MB DedicatedVideo/DedicatedSystem/SharedSystem, Outputs:0, VendorId:0x8086
[2019.12.05-23.23.44:477][  0]LogD3D11RHI:    2. 'Microsoft Basic Render Driver' (Feature Level 11_0)
[2019.12.05-23.23.44:477][  0]LogD3D11RHI:       0/0/4039 MB DedicatedVideo/DedicatedSystem/SharedSystem, Outputs:0, VendorId:0x1414
[2019.12.05-23.23.44:477][  0]LogD3D11RHI: Chosen D3D11 Adapter: 0
[2019.12.05-23.23.44:510][  0]LogD3D11RHI: Creating new Direct3DDevice
[2019.12.05-23.23.44:510][  0]LogD3D11RHI:     GPU DeviceId: 0x1c8c (for the marketing name, search the web for "GPU Device Id")
[2019.12.05-23.23.44:510][  0]LogWindows: EnumDisplayDevices:
[2019.12.05-23.23.44:510][  0]LogWindows:    0. 'Intel(R) HD Graphics 630' (P:1 D:1)
[2019.12.05-23.23.44:510][  0]LogWindows:    1. 'Intel(R) HD Graphics 630' (P:0 D:0)
[2019.12.05-23.23.44:511][  0]LogWindows:    2. 'Intel(R) HD Graphics 630' (P:0 D:0)
[2019.12.05-23.23.44:511][  0]LogWindows:    3. 'NVIDIA GeForce GTX 1050 Ti' (P:0 D:0)
[2019.12.05-23.23.44:511][  0]LogWindows:    4. 'NVIDIA GeForce GTX 1050 Ti' (P:0 D:0)
[2019.12.05-23.23.44:511][  0]LogWindows:    5. 'NVIDIA GeForce GTX 1050 Ti' (P:0 D:0)
[2019.12.05-23.23.44:512][  0]LogWindows:    6. 'NVIDIA GeForce GTX 1050 Ti' (P:0 D:0)
[2019.12.05-23.23.44:512][  0]LogWindows: DebugString: PrimaryIsNotTheChoosenAdapter PrimaryIsNotTheChoosenAdapter PrimaryIsNotTheChoosenAdapter FoundDriverCount:4 
[2019.12.05-23.23.44:512][  0]LogD3D11RHI:     Adapter Name: NVIDIA GeForce GTX 1050 Ti
[2019.12.05-23.23.44:512][  0]LogD3D11RHI:   Driver Version: 398.36 (internal:24.21.13.9836, unified:398.36)
[2019.12.05-23.23.44:512][  0]LogD3D11RHI:      Driver Date: 6-24-2018
[2019.12.05-23.23.44:512][  0]LogRHI: Texture pool is 2812 MB (70% of 4018 MB)
[2019.12.05-23.23.44:553][  0]LogD3D11RHI: Async texture creation enabled
[2019.12.05-23.23.44:571][  0]LogD3D11RHI: GPU Timing Frequency: 1000.000000 (Debug: 2 2)
[2019.12.05-23.23.44:933][  0]LogTemp: Display: Module 'AllDesktopTargetPlatform' loaded TargetPlatform 'AllDesktop'
[2019.12.05-23.23.44:941][  0]LogTemp: Display: Module 'MacClientTargetPlatform' loaded TargetPlatform 'MacClient'
[2019.12.05-23.23.44:950][  0]LogTemp: Display: Module 'MacNoEditorTargetPlatform' loaded TargetPlatform 'MacNoEditor'
[2019.12.05-23.23.44:957][  0]LogTemp: Display: Module 'MacServerTargetPlatform' loaded TargetPlatform 'MacServer'
[2019.12.05-23.23.44:964][  0]LogTemp: Display: Module 'MacTargetPlatform' loaded TargetPlatform 'Mac'
[2019.12.05-23.23.44:971][  0]LogTemp: Display: Module 'WindowsClientTargetPlatform' loaded TargetPlatform 'WindowsClient'
[2019.12.05-23.23.44:978][  0]LogTemp: Display: Module 'WindowsNoEditorTargetPlatform' loaded TargetPlatform 'WindowsNoEditor'
[2019.12.05-23.23.44:985][  0]LogTemp: Display: Module 'WindowsServerTargetPlatform' loaded TargetPlatform 'WindowsServer'
[2019.12.05-23.23.44:988][  0]LogTemp: Display: Module 'WindowsTargetPlatform' loaded TargetPlatform 'Windows'
[2019.12.05-23.23.45:019][  0]LogTemp: Display: Module 'AndroidTargetPlatform' loaded TargetPlatform 'Android'
[2019.12.05-23.23.45:019][  0]LogTemp: Display: Module 'AndroidTargetPlatform' loaded TargetPlatform 'Android_ASTC'
[2019.12.05-23.23.45:019][  0]LogTemp: Display: Module 'AndroidTargetPlatform' loaded TargetPlatform 'Android_ATC'
[2019.12.05-23.23.45:019][  0]LogTemp: Display: Module 'AndroidTargetPlatform' loaded TargetPlatform 'Android_DXT'
[2019.12.05-23.23.45:019][  0]LogTemp: Display: Module 'AndroidTargetPlatform' loaded TargetPlatform 'Android_ETC1'
[2019.12.05-23.23.45:019][  0]LogTemp: Display: Module 'AndroidTargetPlatform' loaded TargetPlatform 'Android_ETC1a'
[2019.12.05-23.23.45:019][  0]LogTemp: Display: Module 'AndroidTargetPlatform' loaded TargetPlatform 'Android_ETC2'
[2019.12.05-23.23.45:019][  0]LogTemp: Display: Module 'AndroidTargetPlatform' loaded TargetPlatform 'Android_PVRTC'
[2019.12.05-23.23.45:019][  0]LogTemp: Display: Module 'AndroidTargetPlatform' loaded TargetPlatform 'AndroidClient'
[2019.12.05-23.23.45:019][  0]LogTemp: Display: Module 'AndroidTargetPlatform' loaded TargetPlatform 'Android_ASTCClient'
[2019.12.05-23.23.45:019][  0]LogTemp: Display: Module 'AndroidTargetPlatform' loaded TargetPlatform 'Android_ATCClient'
[2019.12.05-23.23.45:019][  0]LogTemp: Display: Module 'AndroidTargetPlatform' loaded TargetPlatform 'Android_DXTClient'
[2019.12.05-23.23.45:019][  0]LogTemp: Display: Module 'AndroidTargetPlatform' loaded TargetPlatform 'Android_ETC1Client'
[2019.12.05-23.23.45:019][  0]LogTemp: Display: Module 'AndroidTargetPlatform' loaded TargetPlatform 'Android_ETC1aClient'
[2019.12.05-23.23.45:019][  0]LogTemp: Display: Module 'AndroidTargetPlatform' loaded TargetPlatform 'Android_ETC2Client'
[2019.12.05-23.23.45:019][  0]LogTemp: Display: Module 'AndroidTargetPlatform' loaded TargetPlatform 'Android_PVRTCClient'
[2019.12.05-23.23.45:019][  0]LogTemp: Display: Module 'AndroidTargetPlatform' loaded TargetPlatform 'Android_Multi'
[2019.12.05-23.23.45:019][  0]LogTemp: Display: Module 'AndroidTargetPlatform' loaded TargetPlatform 'Android_MultiClient'
[2019.12.05-23.23.45:020][  0]LogTemp: Display: Module 'HTML5TargetPlatform' loaded TargetPlatform 'HTML5'
[2019.12.05-23.23.45:034][  0]LogTemp: Display: Module 'IOSTargetPlatform' loaded TargetPlatform 'IOSClient'
[2019.12.05-23.23.45:034][  0]LogTemp: Display: Module 'IOSTargetPlatform' loaded TargetPlatform 'IOS'
[2019.12.05-23.23.45:047][  0]LogTemp: Display: Module 'TVOSTargetPlatform' loaded TargetPlatform 'TVOSClient'
[2019.12.05-23.23.45:047][  0]LogTemp: Display: Module 'TVOSTargetPlatform' loaded TargetPlatform 'TVOS'
[2019.12.05-23.23.45:053][  0]LogTemp: Display: Module 'LinuxClientTargetPlatform' loaded TargetPlatform 'LinuxClient'
[2019.12.05-23.23.45:062][  0]LogTemp: Display: Module 'LinuxNoEditorTargetPlatform' loaded TargetPlatform 'LinuxNoEditor'
[2019.12.05-23.23.45:072][  0]LogTemp: Display: Module 'LinuxServerTargetPlatform' loaded TargetPlatform 'LinuxServer'
[2019.12.05-23.23.45:081][  0]LogTemp: Display: Module 'LinuxTargetPlatform' loaded TargetPlatform 'Linux'
[2019.12.05-23.23.45:104][  0]LogTemp: Display: Module 'LuminTargetPlatform' loaded TargetPlatform 'Lumin'
[2019.12.05-23.23.45:104][  0]LogTemp: Display: Module 'LuminTargetPlatform' loaded TargetPlatform 'LuminClient'
[2019.12.05-23.23.45:104][  0]LogTargetPlatformManager: Display: Building Assets For Windows
[2019.12.05-23.23.45:112][  0]LogAudioDebug: Display: Lib vorbis DLL was dynamically loaded.
[2019.12.05-23.23.45:159][  0]LogShaderCompilers: Guid format shader working directory is -15 characters bigger than the processId version (../../../../../Users/Elizabeth/Documents/CS-328-Game/CS328Team11/Intermediate/Shaders/WorkingDirectory/18440/).
[2019.12.05-23.23.45:159][  0]LogShaderCompilers: Cleaned the shader compiler working directory 'C:/Users/Elizabeth/AppData/Local/Temp/UnrealShaderWorkingDir/BA269DAB4B93FAB01741E080F478A2BA/'.
[2019.12.05-23.23.45:161][  0]LogXGEController: Cannot use XGE Controller as Incredibuild is not installed on this machine.
[2019.12.05-23.23.45:161][  0]LogShaderCompilers: Cannot use XGE Shader Compiler as Incredibuild is not installed on this machine.
[2019.12.05-23.23.45:161][  0]LogShaderCompilers: Display: Using Local Shader Compiler.
[2019.12.05-23.23.45:769][  0]LogDerivedDataCache: Display: Max Cache Size: 512 MB
[2019.12.05-23.23.45:821][  0]LogDerivedDataCache: Loaded boot cache 0.05s 73MB C:/Users/Elizabeth/AppData/Local/UnrealEngine/4.23/DerivedDataCache/Boot.ddc.
[2019.12.05-23.23.45:821][  0]LogDerivedDataCache: Display: Loaded Boot cache: C:/Users/Elizabeth/AppData/Local/UnrealEngine/4.23/DerivedDataCache/Boot.ddc
[2019.12.05-23.23.45:821][  0]LogDerivedDataCache: FDerivedDataBackendGraph:  Pak pak cache file ../../../../../Users/Elizabeth/Documents/CS-328-Game/CS328Team11/DerivedDataCache/DDC.ddp not found, will not use a pak cache.
[2019.12.05-23.23.45:821][  0]LogDerivedDataCache: Unable to find inner node Pak for hierarchical cache Hierarchy.
[2019.12.05-23.23.45:821][  0]LogDerivedDataCache: FDerivedDataBackendGraph:  CompressedPak pak cache file ../../../../../Users/Elizabeth/Documents/CS-328-Game/CS328Team11/DerivedDataCache/Compressed.ddp not found, will not use a pak cache.
[2019.12.05-23.23.45:821][  0]LogDerivedDataCache: Unable to find inner node CompressedPak for hierarchical cache Hierarchy.
[2019.12.05-23.23.45:832][  0]LogDerivedDataCache: Display: Pak cache opened for reading ../../../Engine/DerivedDataCache/Compressed.ddp.
[2019.12.05-23.23.45:832][  0]LogDerivedDataCache: FDerivedDataBackendGraph:  EnterprisePak pak cache file ../../../Enterprise/DerivedDataCache/Compressed.ddp not found, will not use a pak cache.
[2019.12.05-23.23.45:832][  0]LogDerivedDataCache: Unable to find inner node EnterprisePak for hierarchical cache Hierarchy.
[2019.12.05-23.23.45:834][  0]LogDerivedDataCache: Using Local data cache path C:/Users/Elizabeth/AppData/Local/UnrealEngine/Common/DerivedDataCache: Writable
[2019.12.05-23.23.45:834][  0]LogDerivedDataCache: Shared data cache path not found in *engine.ini, will not use an Shared cache.
[2019.12.05-23.23.45:834][  0]LogDerivedDataCache: Unable to find inner node Shared for hierarchical cache Hierarchy.
[2019.12.05-23.23.45:855][  0]LogMaterial: Verifying Global Shaders for PCD3D_SM5
[2019.12.05-23.23.45:858][  0]LogSlate: Using FreeType 2.6.0
[2019.12.05-23.23.45:858][  0]LogSlate: SlateFontServices - WITH_FREETYPE: 1, WITH_HARFBUZZ: 1
[2019.12.05-23.23.45:911][  0]LogAssetRegistry: FAssetRegistry took 0.0023 seconds to start up
[2019.12.05-23.23.46:168][  0]LogInit: Selected Device Profile: [Windows]
[2019.12.05-23.23.46:301][  0]LogMeshReduction: Using QuadricMeshReduction for automatic static mesh reduction
[2019.12.05-23.23.46:301][  0]LogMeshReduction: Using SimplygonMeshReduction for automatic skeletal mesh reduction
[2019.12.05-23.23.46:301][  0]LogMeshReduction: Using ProxyLODMeshReduction for automatic mesh merging
[2019.12.05-23.23.46:301][  0]LogMeshReduction: No distributed automatic mesh merging module available
[2019.12.05-23.23.46:301][  0]LogMeshMerging: No distributed automatic mesh merging module available
[2019.12.05-23.23.46:309][  0]LogNetVersion: CS328Team11 1.0.0, NetCL: 8386587, EngineNetVer: 11, GameNetVer: 0 (Checksum: 2400628328)
[2019.12.05-23.23.46:676][  0]LogPackageLocalizationCache: Processed 12 localized package path(s) for 1 prioritized culture(s) in 0.030923 seconds
[2019.12.05-23.23.46:683][  0]LogUObjectArray: 43444 objects as part of root set at end of initial load.
[2019.12.05-23.23.46:683][  0]LogUObjectAllocator: 7548648 out of 0 bytes used by permanent object pool.
[2019.12.05-23.23.46:683][  0]LogUObjectArray: CloseDisregardForGC: 0/0 objects in disregard for GC pool
[2019.12.05-23.23.47:426][  0]LogTcpMessaging: Initializing TcpMessaging bridge
[2019.12.05-23.23.47:428][  0]LogUdpMessaging: Initializing bridge on interface 0.0.0.0:0 to multicast group 230.0.0.1:6666.
[2019.12.05-23.23.47:472][  0]SourceControl: Source control is disabled
[2019.12.05-23.23.47:472][  0]SourceControl: Source control is disabled
[2019.12.05-23.23.47:473][  0]SourceControl: Source control is disabled
[2019.12.05-23.23.47:473][  0]SourceControl: Source control is disabled
[2019.12.05-23.23.47:480][  0]LogVSAccessor: Display: Unable to create Visual Studio setup instance: 80040154
[2019.12.05-23.23.47:482][  0]LogVSAccessor: Display: Unable to create Visual Studio setup instance: 80040154
[2019.12.05-23.23.47:543][  0]LogAndroidPermission: UAndroidPermissionCallbackProxy::GetInstance
[2019.12.05-23.23.47:683][  0]LogOcInput: OculusInput pre-init called
[2019.12.05-23.23.47:687][  0]LogWindows: Failed to load 'OVRPlugin.dll' (GetLastError=126)
[2019.12.05-23.23.47:687][  0]LogWindows: File 'OVRPlugin.dll' does not exist
[2019.12.05-23.23.47:747][  0]LogEngine: Initializing Engine...
[2019.12.05-23.23.47:748][  0]LogHMD: Failed to initialize OpenVR with code 110
[2019.12.05-23.23.47:749][  0]LogStats: UGameplayTagsManager::InitializeManager -  0.000 s
[2019.12.05-23.23.47:960][  0]LogInit: Initializing FReadOnlyCVARCache
[2019.12.05-23.23.47:972][  0]LogAIModule: Creating AISystem for world Untitled
[2019.12.05-23.23.47:992][  0]LogInit: XAudio2 using 'Speaker/Headphone (Realtek High Definition Audio)' : 2 channels at 48 kHz using 32 bits per sample (channel mask 0x3)
[2019.12.05-23.23.48:106][  0]LogInit: FAudioDevice initialized.
[2019.12.05-23.23.48:107][  0]LogNetVersion: Set ProjectVersion to 1.0.0.0. Version Checksum will be recalculated on next use.
[2019.12.05-23.23.48:167][  0]LogDerivedDataCache: Saved boot cache 0.06s 73MB C:/Users/Elizabeth/AppData/Local/UnrealEngine/4.23/DerivedDataCache/Boot.ddc.
[2019.12.05-23.23.48:171][  0]LogInit: Texture streaming: Enabled
[2019.12.05-23.23.48:184][  0]LogEngineSessionManager: EngineSessionManager initialized
[2019.12.05-23.23.48:184][  0]LogEditorSessionSummary: Verbose: Initializing EditorSessionSummaryWriter for editor session tracking
[2019.12.05-23.23.48:184][  0]LogEditorSessionSummary: EditorSessionSummaryWriter initialized
[2019.12.05-23.23.48:217][  0]LogInit: Transaction tracking system initialized
[2019.12.05-23.23.48:235][  0]BlueprintLog: New page: Editor Load
[2019.12.05-23.23.48:285][  0]LocalizationService: Localization service is disabled
[2019.12.05-23.23.48:335][  0]LogVSAccessor: Display: Unable to create Visual Studio setup instance: 80040154
[2019.12.05-23.23.48:336][  0]LogVSAccessor: Display: Unable to create Visual Studio setup instance: 80040154
[2019.12.05-23.23.48:483][  0]LogFileCache: Scanning file cache for directory 'D:/Users/Elizabeth/Documents/CS-328-Game/CS328Team11/Content/' took 0.00s
[2019.12.05-23.23.48:483][  0]LogCook: Display: Max memory allowance for cook 16384mb min free memory 0mb
[2019.12.05-23.23.48:483][  0]LogCook: Display: Mobile HDR setting 1
[2019.12.05-23.23.48:621][  0]SourceControl: Source control is disabled
[2019.12.05-23.23.48:621][  0]Cmd: MAP LOAD FILE="../../../../../Users/Elizabeth/Documents/CS-328-Game/CS328Team11/Content/Levels/LevelOne.umap" TEMPLATE=0 SHOWPROGRESS=1 FEATURELEVEL=3
[2019.12.05-23.23.48:621][  0]LightingResults: New page: Lighting Build
[2019.12.05-23.23.48:623][  0]LogWorld: UWorld::CleanupWorld for Untitled, bSessionEnded=true, bCleanupResources=true
[2019.12.05-23.23.48:623][  0]MapCheck: New page: Map Check
[2019.12.05-23.23.48:623][  0]LightingResults: New page: Lighting Build
[2019.12.05-23.23.48:648][  0]LogUObjectHash: Compacting FUObjectHashTables data took   1.56ms
[2019.12.05-23.23.49:171][  0]LogAIModule: Creating AISystem for world LevelOne
[2019.12.05-23.23.49:554][  0]LogEditorServer: Finished looking for orphan Actors (0.000 secs)
[2019.12.05-23.23.49:731][  0]LogUObjectHash: Compacting FUObjectHashTables data took   2.12ms
[2019.12.05-23.23.49:731][  0]Cmd: MAP CHECKDEP NOCLEARLOG
[2019.12.05-23.23.49:732][  0]MapCheck: Map check complete: 0 Error(s), 0 Warning(s), took 0.117ms to complete.
[2019.12.05-23.23.49:732][  0]LogFileHelpers: Loading map 'LevelOne' took 1.110
[2019.12.05-23.23.49:825][  0]LogSlate: Updating window title bar state: overlay mode, drag disabled, window buttons hidden, title bar hidden
[2019.12.05-23.23.49:834][  0]LogSlate: Updating window title bar state: overlay mode, drag disabled, window buttons hidden, title bar hidden
[2019.12.05-23.23.49:840][  0]LogSlate: Updating window title bar state: overlay mode, drag disabled, window buttons hidden, title bar hidden
[2019.12.05-23.23.49:846][  0]LogSlate: Updating window title bar state: overlay mode, drag disabled, window buttons hidden, title bar hidden
[2019.12.05-23.23.49:850][  0]LogCollectionManager: Loaded 0 collections in 0.000794 seconds
[2019.12.05-23.23.49:854][  0]LogFileCache: Scanning file cache for directory 'D:/Users/Elizabeth/Documents/CS-328-Game/CS328Team11/Saved/Collections/' took 0.00s
[2019.12.05-23.23.49:854][  0]LogFileCache: Scanning file cache for directory 'D:/Users/Elizabeth/Documents/CS-328-Game/CS328Team11/Content/Developers/Elizabeth/Collections/' took 0.00s
[2019.12.05-23.23.49:854][  0]LogFileCache: Scanning file cache for directory 'D:/Users/Elizabeth/Documents/CS-328-Game/CS328Team11/Content/Collections/' took 0.00s
[2019.12.05-23.23.49:854][  0]LogCollectionManager: Rebuilt the GUID cache for 0 collections in 0.000001 seconds
[2019.12.05-23.23.49:862][  0]LogContentBrowser: Native class hierarchy populated in 0.0074 seconds. Added 2863 classes and 680 folders.
[2019.12.05-23.23.49:866][  0]LogContentBrowser: Native class hierarchy updated for 'WidgetCarousel' in 0.0002 seconds. Added 0 classes and 0 folders.
[2019.12.05-23.23.49:892][  0]LogContentBrowser: Native class hierarchy updated for 'AddContentDialog' in 0.0002 seconds. Added 0 classes and 0 folders.
[2019.12.05-23.23.49:895][  0]LogContentBrowser: Native class hierarchy updated for 'SceneOutliner' in 0.0002 seconds. Added 1 classes and 2 folders.
[2019.12.05-23.23.49:933][  0]LogSlate: Took 0.000190 seconds to synchronously load lazily loaded font '../../../Engine/Content/Slate/Fonts/Roboto-Regular.ttf' (155K)
[2019.12.05-23.23.49:936][  0]LogSlate: Took 0.000179 seconds to synchronously load lazily loaded font '../../../Engine/Content/Slate/Fonts/Roboto-Bold.ttf' (160K)
[2019.12.05-23.23.49:940][  0]LogSlate: Took 0.000217 seconds to synchronously load lazily loaded font '../../../Engine/Content/Editor/Slate/Fonts/FontAwesome.ttf' (139K)
[2019.12.05-23.23.50:006][  0]LogRenderer: Reallocating scene render targets to support 888x460 Format 10 NumSamples 1 (Frame:1).
[2019.12.05-23.23.50:248][  0]LogContentBrowser: Native class hierarchy updated for 'HierarchicalLODOutliner' in 0.0002 seconds. Added 0 classes and 0 folders.
[2019.12.05-23.23.50:248][  0]LogLoad: (Engine Initialization) Total time: 6.95 seconds
[2019.12.05-23.23.50:248][  0]LogLoad: (Engine Initialization) Total Blueprint compile time: 0.00 seconds
[2019.12.05-23.23.50:302][  0]LogAssetRegistry: Asset discovery search completed in 4.3923 seconds
[2019.12.05-23.23.50:305][  0]LogCollectionManager: Rebuilt the object cache for 0 collections in 0.000004 seconds (found 0 objects)
[2019.12.05-23.23.50:305][  0]LogCollectionManager: Fixed up redirectors for 0 collections in 0.000048 seconds (updated 0 objects)
[2019.12.05-23.23.50:306][  0]LogContentStreaming: Texture pool size now 1000 MB
[2019.12.05-23.23.50:328][  0]LogSlate: Took 0.000200 seconds to synchronously load lazily loaded font '../../../Engine/Content/Slate/Fonts/Roboto-Light.ttf' (167K)
[2019.12.05-23.23.51:330][ 33]LogSlate: Took 0.000179 seconds to synchronously load lazily loaded font '../../../Engine/Content/Slate/Fonts/Roboto-Light.ttf' (167K)
[2019.12.05-23.23.53:438][130]LogSlate: FSceneViewport::OnFocusLost() reason 0
[2019.12.05-23.23.53:628][137]LogAssetEditorManager: Opening Asset editor for Blueprint /Game/Blueprints/shelf.shelf
[2019.12.05-23.23.53:855][137]LogContentBrowser: Native class hierarchy updated for 'BlueprintGraph' in 0.0005 seconds. Added 121 classes and 0 folders.
[2019.12.05-23.23.54:662][137]LogSlate: Took 0.000191 seconds to synchronously load lazily loaded font '../../../Engine/Content/Slate/Fonts/Roboto-BoldCondensed.ttf' (158K)
[2019.12.05-23.23.56:394][196]LogRenderer: Reallocating scene render targets to support 912x572 Format 10 NumSamples 1 (Frame:1).
[2019.12.05-23.24.05:642][499]LogSlate: Took 0.000217 seconds to synchronously load lazily loaded font '../../../Engine/Content/Slate/Fonts/Roboto-Italic.ttf' (157K)
[2019.12.05-23.24.08:268][585]LogSlate: FSceneViewport::OnFocusLost() reason 0
[2019.12.05-23.24.33:605][221]LogSlate: FSceneViewport::OnFocusLost() reason 0
[2019.12.05-23.24.33:656][223]BlueprintLog: New page: Compile shelf
[2019.12.05-23.24.35:085][223]LogUObjectHash: Compacting FUObjectHashTables data took   4.01ms
[2019.12.05-23.24.38:422][302]LogSlate: Window 'shelf' being destroyed
[2019.12.05-23.24.41:228][430]LogTemp: Repeating last play command: Selected Viewport
[2019.12.05-23.24.41:237][430]LogBlueprintUserMessages: Early PlayInEditor Detection: Level '/Game/Levels/LevelOne.LevelOne:PersistentLevel' has LevelScriptBlueprint '/Game/Levels/LevelOne.LevelOne:PersistentLevel.LevelOne' with GeneratedClass '/Game/Levels/LevelOne.LevelOne_C' with ClassGeneratedBy '/Game/Levels/LevelOne.LevelOne:PersistentLevel.LevelOne'
[2019.12.05-23.24.41:237][430]LogPlayLevel: PlayLevel: No blueprints needed recompiling
[2019.12.05-23.24.41:237][430]PIE: New page: PIE session: LevelOne (Dec 5, 2019, 7:24:41 AM)
[2019.12.05-23.24.41:238][430]LogOnline: OSS: Creating online subsystem instance for: NULL
[2019.12.05-23.24.41:239][430]LogPlayLevel: Creating play world package: /Game/Levels/UEDPIE_0_LevelOne
[2019.12.05-23.24.41:332][430]LogPlayLevel: PIE: StaticDuplicateObject took: (0.092968s)
[2019.12.05-23.24.41:334][430]LogAIModule: Creating AISystem for world LevelOne
[2019.12.05-23.24.41:334][430]LogPlayLevel: PIE: World Init took: (0.001652s)
[2019.12.05-23.24.41:334][430]LogPlayLevel: PIE: Created PIE world by copying editor world from /Game/Levels/LevelOne.LevelOne to /Game/Levels/UEDPIE_0_LevelOne.LevelOne (0.094837s)
[2019.12.05-23.24.41:385][430]LogUObjectHash: Compacting FUObjectHashTables data took   3.27ms
[2019.12.05-23.24.41:395][430]LogInit: XAudio2 using 'Speaker/Headphone (Realtek High Definition Audio)' : 2 channels at 48 kHz using 32 bits per sample (channel mask 0x3)
[2019.12.05-23.24.41:427][430]LogInit: FAudioDevice initialized.
[2019.12.05-23.24.41:439][430]LogLoad: Game class is 'CabbageGameMode_C'
[2019.12.05-23.24.41:511][430]LogWorld: Bringing World /Game/Levels/UEDPIE_0_LevelOne.LevelOne up for play (max tick rate 60) at 2019.12.05-15.24.41
[2019.12.05-23.24.41:520][430]LogWorld: Bringing up level for play took: 0.079136
[2019.12.05-23.24.41:520][430]LogOnline: OSS: Creating online subsystem instance for: :Context_8
[2019.12.05-23.24.41:525][430]LogContentBrowser: Native class hierarchy updated for 'MovieSceneCapture' in 0.0003 seconds. Added 20 classes and 0 folders.
[2019.12.05-23.24.41:528][430]PIE: Play in editor start time for /Game/Levels/UEDPIE_0_LevelOne -0.087
[2019.12.05-23.24.41:528][430]LogBlueprintUserMessages: Late PlayInEditor Detection: Level '/Game/Levels/LevelOne.LevelOne:PersistentLevel' has LevelScriptBlueprint '/Game/Levels/LevelOne.LevelOne:PersistentLevel.LevelOne' with GeneratedClass '/Game/Levels/LevelOne.LevelOne_C' with ClassGeneratedBy '/Game/Levels/LevelOne.LevelOne:PersistentLevel.LevelOne'
[2019.12.05-23.24.42:875][468]LogBlueprintUserMessages: Early EndPlayMap Detection: Level '/Game/Levels/LevelOne.LevelOne:PersistentLevel' has LevelScriptBlueprint '/Game/Levels/LevelOne.LevelOne:PersistentLevel.LevelOne' with GeneratedClass '/Game/Levels/LevelOne.LevelOne_C' with ClassGeneratedBy '/Game/Levels/LevelOne.LevelOne:PersistentLevel.LevelOne'
[2019.12.05-23.24.42:875][468]LogSlate: Updating window title bar state: overlay mode, drag disabled, window buttons hidden, title bar hidden
[2019.12.05-23.24.42:875][468]LogWorld: BeginTearingDown for /Game/Levels/UEDPIE_0_LevelOne
[2019.12.05-23.24.42:875][468]LogWorld: UWorld::CleanupWorld for LevelOne, bSessionEnded=true, bCleanupResources=true
[2019.12.05-23.24.42:925][468]LogPlayLevel: Display: Shutting down PIE online subsystems
[2019.12.05-23.24.42:925][468]LogBlueprintUserMessages: Late EndPlayMap Detection: Level '/Game/Levels/LevelOne.LevelOne:PersistentLevel' has LevelScriptBlueprint '/Game/Levels/LevelOne.LevelOne:PersistentLevel.LevelOne' with GeneratedClass '/Game/Levels/LevelOne.LevelOne_C' with ClassGeneratedBy '/Game/Levels/LevelOne.LevelOne:PersistentLevel.LevelOne'
[2019.12.05-23.24.42:988][468]LogSlate: Updating window title bar state: overlay mode, drag disabled, window buttons hidden, title bar hidden
[2019.12.05-23.24.43:013][468]LogUObjectHash: Compacting FUObjectHashTables data took   3.99ms
[2019.12.05-23.24.43:025][469]LogPlayLevel: Display: Destroying online subsystem :Context_8
[2019.12.05-23.25.00:491][475]LogTemp: Repeating last play command: Selected Viewport
[2019.12.05-23.25.00:500][475]LogBlueprintUserMessages: Early PlayInEditor Detection: Level '/Game/Levels/LevelOne.LevelOne:PersistentLevel' has LevelScriptBlueprint '/Game/Levels/LevelOne.LevelOne:PersistentLevel.LevelOne' with GeneratedClass '/Game/Levels/LevelOne.LevelOne_C' with ClassGeneratedBy '/Game/Levels/LevelOne.LevelOne:PersistentLevel.LevelOne'
[2019.12.05-23.25.00:500][475]LogPlayLevel: PlayLevel: No blueprints needed recompiling
[2019.12.05-23.25.00:500][475]PIE: New page: PIE session: LevelOne (Dec 5, 2019, 7:25:00 AM)
[2019.12.05-23.25.00:500][475]LogPlayLevel: Creating play world package: /Game/Levels/UEDPIE_0_LevelOne
[2019.12.05-23.25.00:593][475]LogPlayLevel: PIE: StaticDuplicateObject took: (0.092556s)
[2019.12.05-23.25.00:594][475]LogAIModule: Creating AISystem for world LevelOne
[2019.12.05-23.25.00:594][475]LogPlayLevel: PIE: World Init took: (0.001058s)
[2019.12.05-23.25.00:594][475]LogPlayLevel: PIE: Created PIE world by copying editor world from /Game/Levels/LevelOne.LevelOne to /Game/Levels/UEDPIE_0_LevelOne.LevelOne (0.093736s)
[2019.12.05-23.25.00:633][475]LogUObjectHash: Compacting FUObjectHashTables data took   3.27ms
[2019.12.05-23.25.00:642][475]LogInit: XAudio2 using 'Speaker/Headphone (Realtek High Definition Audio)' : 2 channels at 48 kHz using 32 bits per sample (channel mask 0x3)
[2019.12.05-23.25.00:670][475]LogInit: FAudioDevice initialized.
[2019.12.05-23.25.00:680][475]LogLoad: Game class is 'CabbageGameMode_C'
[2019.12.05-23.25.00:762][475]LogWorld: Bringing World /Game/Levels/UEDPIE_0_LevelOne.LevelOne up for play (max tick rate 60) at 2019.12.05-15.25.00
[2019.12.05-23.25.00:770][475]LogWorld: Bringing up level for play took: 0.089245
[2019.12.05-23.25.00:771][475]LogOnline: OSS: Creating online subsystem instance for: :Context_9
[2019.12.05-23.25.00:775][475]PIE: Play in editor start time for /Game/Levels/UEDPIE_0_LevelOne 1.16
[2019.12.05-23.25.00:775][475]LogBlueprintUserMessages: Late PlayInEditor Detection: Level '/Game/Levels/LevelOne.LevelOne:PersistentLevel' has LevelScriptBlueprint '/Game/Levels/LevelOne.LevelOne:PersistentLevel.LevelOne' with GeneratedClass '/Game/Levels/LevelOne.LevelOne_C' with ClassGeneratedBy '/Game/Levels/LevelOne.LevelOne:PersistentLevel.LevelOne'
[2019.12.05-23.25.02:226][531]LogBlueprintUserMessages: Early EndPlayMap Detection: Level '/Game/Levels/LevelOne.LevelOne:PersistentLevel' has LevelScriptBlueprint '/Game/Levels/LevelOne.LevelOne:PersistentLevel.LevelOne' with GeneratedClass '/Game/Levels/LevelOne.LevelOne_C' with ClassGeneratedBy '/Game/Levels/LevelOne.LevelOne:PersistentLevel.LevelOne'
[2019.12.05-23.25.02:226][531]LogSlate: Updating window title bar state: overlay mode, drag disabled, window buttons hidden, title bar hidden
[2019.12.05-23.25.02:226][531]LogWorld: BeginTearingDown for /Game/Levels/UEDPIE_0_LevelOne
[2019.12.05-23.25.02:226][531]LogWorld: UWorld::CleanupWorld for LevelOne, bSessionEnded=true, bCleanupResources=true
[2019.12.05-23.25.02:270][531]LogPlayLevel: Display: Shutting down PIE online subsystems
[2019.12.05-23.25.02:270][531]LogBlueprintUserMessages: Late EndPlayMap Detection: Level '/Game/Levels/LevelOne.LevelOne:PersistentLevel' has LevelScriptBlueprint '/Game/Levels/LevelOne.LevelOne:PersistentLevel.LevelOne' with GeneratedClass '/Game/Levels/LevelOne.LevelOne_C' with ClassGeneratedBy '/Game/Levels/LevelOne.LevelOne:PersistentLevel.LevelOne'
[2019.12.05-23.25.02:317][531]LogSlate: Updating window title bar state: overlay mode, drag disabled, window buttons hidden, title bar hidden
[2019.12.05-23.25.02:329][531]LogUObjectHash: Compacting FUObjectHashTables data took   3.15ms
[2019.12.05-23.25.02:344][532]LogPlayLevel: Display: Destroying online subsystem :Context_9
[2019.12.05-23.25.05:296][686]Cmd: OBJ SAVEPACKAGE PACKAGE="/Game/Blueprints/shelf" FILE="../../../../../Users/Elizabeth/Documents/CS-328-Game/CS328Team11/Content/Blueprints/shelf.uasset" SILENT=true
[2019.12.05-23.25.05:366][686]LogSavePackage: Moving '../../../../../Users/Elizabeth/Documents/CS-328-Game/CS328Team11/Saved/shelfECD03E3645508ABEC110B192E9EBB5E8.tmp' to '../../../../../Users/Elizabeth/Documents/CS-328-Game/CS328Team11/Content/Blueprints/shelf.uasset'
[2019.12.05-23.25.36:006][903]LogSlate: FSceneViewport::OnFocusLost() reason 0
[2019.12.05-23.25.36:089][908]BlueprintLog: New page: Compile shelf
[2019.12.05-23.25.37:789][908]LogUObjectHash: Compacting FUObjectHashTables data took   4.65ms
[2019.12.05-23.25.42:056][ 36]LogTemp: Repeating last play command: Selected Viewport
[2019.12.05-23.25.42:066][ 36]LogBlueprintUserMessages: Early PlayInEditor Detection: Level '/Game/Levels/LevelOne.LevelOne:PersistentLevel' has LevelScriptBlueprint '/Game/Levels/LevelOne.LevelOne:PersistentLevel.LevelOne' with GeneratedClass '/Game/Levels/LevelOne.LevelOne_C' with ClassGeneratedBy '/Game/Levels/LevelOne.LevelOne:PersistentLevel.LevelOne'
[2019.12.05-23.25.42:066][ 36]LogPlayLevel: PlayLevel: No blueprints needed recompiling
[2019.12.05-23.25.42:066][ 36]PIE: New page: PIE session: LevelOne (Dec 5, 2019, 7:25:42 AM)
[2019.12.05-23.25.42:066][ 36]LogPlayLevel: Creating play world package: /Game/Levels/UEDPIE_0_LevelOne
[2019.12.05-23.25.42:159][ 36]LogPlayLevel: PIE: StaticDuplicateObject took: (0.093150s)
[2019.12.05-23.25.42:160][ 36]LogAIModule: Creating AISystem for world LevelOne
[2019.12.05-23.25.42:160][ 36]LogPlayLevel: PIE: World Init took: (0.000894s)
[2019.12.05-23.25.42:160][ 36]LogPlayLevel: PIE: Created PIE world by copying editor world from /Game/Levels/LevelOne.LevelOne to /Game/Levels/UEDPIE_0_LevelOne.LevelOne (0.094177s)
[2019.12.05-23.25.42:217][ 36]LogUObjectHash: Compacting FUObjectHashTables data took   3.97ms
[2019.12.05-23.25.42:227][ 36]LogInit: XAudio2 using 'Speaker/Headphone (Realtek High Definition Audio)' : 2 channels at 48 kHz using 32 bits per sample (channel mask 0x3)
[2019.12.05-23.25.42:259][ 36]LogInit: FAudioDevice initialized.
[2019.12.05-23.25.42:265][ 36]LogLoad: Game class is 'CabbageGameMode_C'
[2019.12.05-23.25.42:345][ 36]LogWorld: Bringing World /Game/Levels/UEDPIE_0_LevelOne.LevelOne up for play (max tick rate 60) at 2019.12.05-15.25.42
[2019.12.05-23.25.42:354][ 36]LogWorld: Bringing up level for play took: 0.087866
[2019.12.05-23.25.42:354][ 36]LogOnline: OSS: Creating online subsystem instance for: :Context_10
[2019.12.05-23.25.42:359][ 36]PIE: Play in editor start time for /Game/Levels/UEDPIE_0_LevelOne 0.744
[2019.12.05-23.25.42:359][ 36]LogBlueprintUserMessages: Late PlayInEditor Detection: Level '/Game/Levels/LevelOne.LevelOne:PersistentLevel' has LevelScriptBlueprint '/Game/Levels/LevelOne.LevelOne:PersistentLevel.LevelOne' with GeneratedClass '/Game/Levels/LevelOne.LevelOne_C' with ClassGeneratedBy '/Game/Levels/LevelOne.LevelOne:PersistentLevel.LevelOne'
[2019.12.05-23.25.51:163][345]LogBlueprintUserMessages: Early EndPlayMap Detection: Level '/Game/Levels/LevelOne.LevelOne:PersistentLevel' has LevelScriptBlueprint '/Game/Levels/LevelOne.LevelOne:PersistentLevel.LevelOne' with GeneratedClass '/Game/Levels/LevelOne.LevelOne_C' with ClassGeneratedBy '/Game/Levels/LevelOne.LevelOne:PersistentLevel.LevelOne'
[2019.12.05-23.25.51:163][345]LogSlate: Updating window title bar state: overlay mode, drag disabled, window buttons hidden, title bar hidden
[2019.12.05-23.25.51:163][345]LogWorld: BeginTearingDown for /Game/Levels/UEDPIE_0_LevelOne
[2019.12.05-23.25.51:164][345]LogWorld: UWorld::CleanupWorld for LevelOne, bSessionEnded=true, bCleanupResources=true
[2019.12.05-23.25.51:264][345]LogPlayLevel: Display: Shutting down PIE online subsystems
[2019.12.05-23.25.51:264][345]LogBlueprintUserMessages: Late EndPlayMap Detection: Level '/Game/Levels/LevelOne.LevelOne:PersistentLevel' has LevelScriptBlueprint '/Game/Levels/LevelOne.LevelOne:PersistentLevel.LevelOne' with GeneratedClass '/Game/Levels/LevelOne.LevelOne_C' with ClassGeneratedBy '/Game/Levels/LevelOne.LevelOne:PersistentLevel.LevelOne'
[2019.12.05-23.25.51:322][345]LogSlate: Updating window title bar state: overlay mode, drag disabled, window buttons hidden, title bar hidden
[2019.12.05-23.25.51:331][345]LogUObjectHash: Compacting FUObjectHashTables data took   3.25ms
[2019.12.05-23.25.51:356][346]LogPlayLevel: Display: Destroying online subsystem :Context_10
[2019.12.05-23.25.52:671][378]LogSlate: FSceneViewport::OnFocusLost() reason 0
[2019.12.05-23.25.54:611][482]Cmd: OBJ SAVEPACKAGE PACKAGE="/Game/Blueprints/shelf" FILE="../../../../../Users/Elizabeth/Documents/CS-328-Game/CS328Team11/Content/Blueprints/shelf.uasset" SILENT=true
[2019.12.05-23.25.54:679][482]LogSavePackage: Moving '../../../../../Users/Elizabeth/Documents/CS-328-Game/CS328Team11/Saved/shelf52359A3F4C218C781BA0C68ACB3ABE8F.tmp' to '../../../../../Users/Elizabeth/Documents/CS-328-Game/CS328Team11/Content/Blueprints/shelf.uasset'
[2019.12.05-23.26.37:434][550]LogSlate: FSceneViewport::OnFocusLost() reason 0
[2019.12.05-23.26.37:534][556]BlueprintLog: New page: Compile shelf
[2019.12.05-23.26.39:123][556]LogUObjectHash: Compacting FUObjectHashTables data took   4.52ms
[2019.12.05-23.26.42:982][625]LogTemp: Repeating last play command: Selected Viewport
[2019.12.05-23.26.42:990][625]LogBlueprintUserMessages: Early PlayInEditor Detection: Level '/Game/Levels/LevelOne.LevelOne:PersistentLevel' has LevelScriptBlueprint '/Game/Levels/LevelOne.LevelOne:PersistentLevel.LevelOne' with GeneratedClass '/Game/Levels/LevelOne.LevelOne_C' with ClassGeneratedBy '/Game/Levels/LevelOne.LevelOne:PersistentLevel.LevelOne'
[2019.12.05-23.26.42:991][625]LogPlayLevel: PlayLevel: No blueprints needed recompiling
[2019.12.05-23.26.42:991][625]PIE: New page: PIE session: LevelOne (Dec 5, 2019, 7:26:42 AM)
[2019.12.05-23.26.42:991][625]LogPlayLevel: Creating play world package: /Game/Levels/UEDPIE_0_LevelOne
[2019.12.05-23.26.43:101][625]LogPlayLevel: PIE: StaticDuplicateObject took: (0.110220s)
[2019.12.05-23.26.43:102][625]LogAIModule: Creating AISystem for world LevelOne
[2019.12.05-23.26.43:103][625]LogPlayLevel: PIE: World Init took: (0.001169s)
[2019.12.05-23.26.43:103][625]LogPlayLevel: PIE: Created PIE world by copying editor world from /Game/Levels/LevelOne.LevelOne to /Game/Levels/UEDPIE_0_LevelOne.LevelOne (0.111577s)
[2019.12.05-23.26.43:160][625]LogUObjectHash: Compacting FUObjectHashTables data took   4.07ms
[2019.12.05-23.26.43:169][625]LogInit: XAudio2 using 'Speaker/Headphone (Realtek High Definition Audio)' : 2 channels at 48 kHz using 32 bits per sample (channel mask 0x3)
[2019.12.05-23.26.43:199][625]LogInit: FAudioDevice initialized.
[2019.12.05-23.26.43:215][625]LogLoad: Game class is 'CabbageGameMode_C'
[2019.12.05-23.26.43:290][625]LogWorld: Bringing World /Game/Levels/UEDPIE_0_LevelOne.LevelOne up for play (max tick rate 60) at 2019.12.05-15.26.43
[2019.12.05-23.26.43:300][625]LogWorld: Bringing up level for play took: 0.084835
[2019.12.05-23.26.43:300][625]LogOnline: OSS: Creating online subsystem instance for: :Context_11
[2019.12.05-23.26.43:305][625]PIE: Play in editor start time for /Game/Levels/UEDPIE_0_LevelOne -0.309
[2019.12.05-23.26.43:306][625]LogBlueprintUserMessages: Late PlayInEditor Detection: Level '/Game/Levels/LevelOne.LevelOne:PersistentLevel' has LevelScriptBlueprint '/Game/Levels/LevelOne.LevelOne:PersistentLevel.LevelOne' with GeneratedClass '/Game/Levels/LevelOne.LevelOne_C' with ClassGeneratedBy '/Game/Levels/LevelOne.LevelOne:PersistentLevel.LevelOne'
[2019.12.05-23.26.50:308][849]LogEditorSessionSummary: EditorSessionSummary sent report. Type=Shutdown, SessionId={C050F542-42E7-509A-A6D8-1488279FA714}
[2019.12.05-23.26.54:801][ 34]LogBlueprintUserMessages: Early EndPlayMap Detection: Level '/Game/Levels/LevelOne.LevelOne:PersistentLevel' has LevelScriptBlueprint '/Game/Levels/LevelOne.LevelOne:PersistentLevel.LevelOne' with GeneratedClass '/Game/Levels/LevelOne.LevelOne_C' with ClassGeneratedBy '/Game/Levels/LevelOne.LevelOne:PersistentLevel.LevelOne'
[2019.12.05-23.26.54:802][ 34]LogSlate: Updating window title bar state: overlay mode, drag disabled, window buttons hidden, title bar hidden
[2019.12.05-23.26.54:802][ 34]LogWorld: BeginTearingDown for /Game/Levels/UEDPIE_0_LevelOne
[2019.12.05-23.26.54:802][ 34]LogWorld: UWorld::CleanupWorld for LevelOne, bSessionEnded=true, bCleanupResources=true
[2019.12.05-23.26.54:873][ 34]LogPlayLevel: Display: Shutting down PIE online subsystems
[2019.12.05-23.26.54:873][ 34]LogBlueprintUserMessages: Late EndPlayMap Detection: Level '/Game/Levels/LevelOne.LevelOne:PersistentLevel' has LevelScriptBlueprint '/Game/Levels/LevelOne.LevelOne:PersistentLevel.LevelOne' with GeneratedClass '/Game/Levels/LevelOne.LevelOne_C' with ClassGeneratedBy '/Game/Levels/LevelOne.LevelOne:PersistentLevel.LevelOne'
[2019.12.05-23.26.54:921][ 34]LogSlate: Updating window title bar state: overlay mode, drag disabled, window buttons hidden, title bar hidden
[2019.12.05-23.26.54:930][ 34]LogUObjectHash: Compacting FUObjectHashTables data took   3.36ms
[2019.12.05-23.26.54:954][ 35]LogPlayLevel: Display: Destroying online subsystem :Context_11
[2019.12.05-23.26.56:766][104]LogSlate: FSceneViewport::OnFocusLost() reason 0
[2019.12.05-23.27.18:215][301]LogSlate: FSceneViewport::OnFocusLost() reason 2
[2019.12.05-23.27.36:359][808]LogSlate: FSceneViewport::OnFocusLost() reason 0
[2019.12.05-23.27.36:459][814]BlueprintLog: New page: Compile shelf
[2019.12.05-23.27.38:248][814]LogUObjectHash: Compacting FUObjectHashTables data took   4.39ms
[2019.12.05-23.27.41:811][885]LogTemp: Repeating last play command: Selected Viewport
[2019.12.05-23.27.41:821][885]LogBlueprintUserMessages: Early PlayInEditor Detection: Level '/Game/Levels/LevelOne.LevelOne:PersistentLevel' has LevelScriptBlueprint '/Game/Levels/LevelOne.LevelOne:PersistentLevel.LevelOne' with GeneratedClass '/Game/Levels/LevelOne.LevelOne_C' with ClassGeneratedBy '/Game/Levels/LevelOne.LevelOne:PersistentLevel.LevelOne'
[2019.12.05-23.27.41:821][885]LogPlayLevel: PlayLevel: No blueprints needed recompiling
[2019.12.05-23.27.41:821][885]PIE: New page: PIE session: LevelOne (Dec 5, 2019, 7:27:41 AM)
[2019.12.05-23.27.41:821][885]LogPlayLevel: Creating play world package: /Game/Levels/UEDPIE_0_LevelOne
[2019.12.05-23.27.41:935][885]LogPlayLevel: PIE: StaticDuplicateObject took: (0.113923s)
[2019.12.05-23.27.41:936][885]LogAIModule: Creating AISystem for world LevelOne
[2019.12.05-23.27.41:937][885]LogPlayLevel: PIE: World Init took: (0.001564s)
[2019.12.05-23.27.41:937][885]LogPlayLevel: PIE: Created PIE world by copying editor world from /Game/Levels/LevelOne.LevelOne to /Game/Levels/UEDPIE_0_LevelOne.LevelOne (0.115618s)
[2019.12.05-23.27.41:994][885]LogUObjectHash: Compacting FUObjectHashTables data took   4.17ms
[2019.12.05-23.27.42:004][885]LogInit: XAudio2 using 'Speaker/Headphone (Realtek High Definition Audio)' : 2 channels at 48 kHz using 32 bits per sample (channel mask 0x3)
[2019.12.05-23.27.42:034][885]LogInit: FAudioDevice initialized.
[2019.12.05-23.27.42:055][885]LogLoad: Game class is 'CabbageGameMode_C'
[2019.12.05-23.27.42:147][885]LogWorld: Bringing World /Game/Levels/UEDPIE_0_LevelOne.LevelOne up for play (max tick rate 60) at 2019.12.05-15.27.42
[2019.12.05-23.27.42:156][885]LogWorld: Bringing up level for play took: 0.100597
[2019.12.05-23.27.42:156][885]LogOnline: OSS: Creating online subsystem instance for: :Context_12
[2019.12.05-23.27.42:162][885]PIE: Play in editor start time for /Game/Levels/UEDPIE_0_LevelOne 0.547
[2019.12.05-23.27.42:162][885]LogBlueprintUserMessages: Late PlayInEditor Detection: Level '/Game/Levels/LevelOne.LevelOne:PersistentLevel' has LevelScriptBlueprint '/Game/Levels/LevelOne.LevelOne:PersistentLevel.LevelOne' with GeneratedClass '/Game/Levels/LevelOne.LevelOne_C' with ClassGeneratedBy '/Game/Levels/LevelOne.LevelOne:PersistentLevel.LevelOne'
[2019.12.05-23.27.43:600][932]LogBlueprintUserMessages: Early EndPlayMap Detection: Level '/Game/Levels/LevelOne.LevelOne:PersistentLevel' has LevelScriptBlueprint '/Game/Levels/LevelOne.LevelOne:PersistentLevel.LevelOne' with GeneratedClass '/Game/Levels/LevelOne.LevelOne_C' with ClassGeneratedBy '/Game/Levels/LevelOne.LevelOne:PersistentLevel.LevelOne'
[2019.12.05-23.27.43:601][932]LogSlate: Updating window title bar state: overlay mode, drag disabled, window buttons hidden, title bar hidden
[2019.12.05-23.27.43:601][932]LogWorld: BeginTearingDown for /Game/Levels/UEDPIE_0_LevelOne
[2019.12.05-23.27.43:601][932]LogWorld: UWorld::CleanupWorld for LevelOne, bSessionEnded=true, bCleanupResources=true
[2019.12.05-23.27.43:646][932]LogPlayLevel: Display: Shutting down PIE online subsystems
[2019.12.05-23.27.43:646][932]LogBlueprintUserMessages: Late EndPlayMap Detection: Level '/Game/Levels/LevelOne.LevelOne:PersistentLevel' has LevelScriptBlueprint '/Game/Levels/LevelOne.LevelOne:PersistentLevel.LevelOne' with GeneratedClass '/Game/Levels/LevelOne.LevelOne_C' with ClassGeneratedBy '/Game/Levels/LevelOne.LevelOne:PersistentLevel.LevelOne'
[2019.12.05-23.27.43:692][932]LogSlate: Updating window title bar state: overlay mode, drag disabled, window buttons hidden, title bar hidden
[2019.12.05-23.27.43:701][932]LogUObjectHash: Compacting FUObjectHashTables data took   3.44ms
[2019.12.05-23.27.43:714][933]LogPlayLevel: Display: Destroying online subsystem :Context_12
[2019.12.05-23.27.44:828][981]LogRenderer: Reallocating scene render targets to support 1108x576 Format 10 NumSamples 1 (Frame:1636).
[2019.12.05-23.28.06:396][ 23]LogSlate: FSceneViewport::OnFocusLost() reason 0
[2019.12.05-23.28.06:495][ 29]BlueprintLog: New page: Compile shelf
[2019.12.05-23.28.07:856][ 29]LogUObjectHash: Compacting FUObjectHashTables data took   4.60ms
[2019.12.05-23.28.11:735][134]LogTemp: Repeating last play command: Selected Viewport
[2019.12.05-23.28.11:745][134]LogBlueprintUserMessages: Early PlayInEditor Detection: Level '/Game/Levels/LevelOne.LevelOne:PersistentLevel' has LevelScriptBlueprint '/Game/Levels/LevelOne.LevelOne:PersistentLevel.LevelOne' with GeneratedClass '/Game/Levels/LevelOne.LevelOne_C' with ClassGeneratedBy '/Game/Levels/LevelOne.LevelOne:PersistentLevel.LevelOne'
[2019.12.05-23.28.11:745][134]LogPlayLevel: PlayLevel: No blueprints needed recompiling
[2019.12.05-23.28.11:745][134]PIE: New page: PIE session: LevelOne (Dec 5, 2019, 7:28:11 AM)
[2019.12.05-23.28.11:745][134]LogPlayLevel: Creating play world package: /Game/Levels/UEDPIE_0_LevelOne
[2019.12.05-23.28.11:850][134]LogPlayLevel: PIE: StaticDuplicateObject took: (0.105476s)
[2019.12.05-23.28.11:851][134]LogAIModule: Creating AISystem for world LevelOne
[2019.12.05-23.28.11:851][134]LogPlayLevel: PIE: World Init took: (0.001105s)
[2019.12.05-23.28.11:851][134]LogPlayLevel: PIE: Created PIE world by copying editor world from /Game/Levels/LevelOne.LevelOne to /Game/Levels/UEDPIE_0_LevelOne.LevelOne (0.106730s)
[2019.12.05-23.28.11:913][134]LogUObjectHash: Compacting FUObjectHashTables data took   4.59ms
[2019.12.05-23.28.11:922][134]LogInit: XAudio2 using 'Speaker/Headphone (Realtek High Definition Audio)' : 2 channels at 48 kHz using 32 bits per sample (channel mask 0x3)
[2019.12.05-23.28.11:953][134]LogInit: FAudioDevice initialized.
[2019.12.05-23.28.11:959][134]LogLoad: Game class is 'CabbageGameMode_C'
[2019.12.05-23.28.12:042][134]LogWorld: Bringing World /Game/Levels/UEDPIE_0_LevelOne.LevelOne up for play (max tick rate 60) at 2019.12.05-15.28.12
[2019.12.05-23.28.12:053][134]LogWorld: Bringing up level for play took: 0.093478
[2019.12.05-23.28.12:053][134]LogOnline: OSS: Creating online subsystem instance for: :Context_13
[2019.12.05-23.28.12:058][134]PIE: Play in editor start time for /Game/Levels/UEDPIE_0_LevelOne 0.444
[2019.12.05-23.28.12:059][134]LogBlueprintUserMessages: Late PlayInEditor Detection: Level '/Game/Levels/LevelOne.LevelOne:PersistentLevel' has LevelScriptBlueprint '/Game/Levels/LevelOne.LevelOne:PersistentLevel.LevelOne' with GeneratedClass '/Game/Levels/LevelOne.LevelOne_C' with ClassGeneratedBy '/Game/Levels/LevelOne.LevelOne:PersistentLevel.LevelOne'
[2019.12.05-23.28.19:564][343]LogBlueprintUserMessages: Early EndPlayMap Detection: Level '/Game/Levels/LevelOne.LevelOne:PersistentLevel' has LevelScriptBlueprint '/Game/Levels/LevelOne.LevelOne:PersistentLevel.LevelOne' with GeneratedClass '/Game/Levels/LevelOne.LevelOne_C' with ClassGeneratedBy '/Game/Levels/LevelOne.LevelOne:PersistentLevel.LevelOne'
[2019.12.05-23.28.19:564][343]LogSlate: Updating window title bar state: overlay mode, drag disabled, window buttons hidden, title bar hidden
[2019.12.05-23.28.19:564][343]LogWorld: BeginTearingDown for /Game/Levels/UEDPIE_0_LevelOne
[2019.12.05-23.28.19:565][343]LogWorld: UWorld::CleanupWorld for LevelOne, bSessionEnded=true, bCleanupResources=true
[2019.12.05-23.28.19:661][343]LogPlayLevel: Display: Shutting down PIE online subsystems
[2019.12.05-23.28.19:661][343]LogBlueprintUserMessages: Late EndPlayMap Detection: Level '/Game/Levels/LevelOne.LevelOne:PersistentLevel' has LevelScriptBlueprint '/Game/Levels/LevelOne.LevelOne:PersistentLevel.LevelOne' with GeneratedClass '/Game/Levels/LevelOne.LevelOne_C' with ClassGeneratedBy '/Game/Levels/LevelOne.LevelOne:PersistentLevel.LevelOne'
[2019.12.05-23.28.19:710][343]LogSlate: Updating window title bar state: overlay mode, drag disabled, window buttons hidden, title bar hidden
[2019.12.05-23.28.19:719][343]LogUObjectHash: Compacting FUObjectHashTables data took   3.49ms
[2019.12.05-23.28.19:745][344]LogPlayLevel: Display: Destroying online subsystem :Context_13
[2019.12.05-23.28.20:998][375]LogSlate: FSceneViewport::OnFocusLost() reason 0
[2019.12.05-23.28.21:868][414]Cmd: OBJ SAVEPACKAGE PACKAGE="/Game/Blueprints/shelf" FILE="../../../../../Users/Elizabeth/Documents/CS-328-Game/CS328Team11/Content/Blueprints/shelf.uasset" SILENT=true
[2019.12.05-23.28.21:941][414]LogSavePackage: Moving '../../../../../Users/Elizabeth/Documents/CS-328-Game/CS328Team11/Saved/shelf0B0BDA4B40A3C31CA61CE89C254A1E40.tmp' to '../../../../../Users/Elizabeth/Documents/CS-328-Game/CS328Team11/Content/Blueprints/shelf.uasset'
[2019.12.05-23.28.48:843][ 28]LogSlate: FSceneViewport::OnFocusLost() reason 0
[2019.12.05-23.28.48:964][ 34]Cmd: OBJ SAVEPACKAGE PACKAGE="/Game/Blueprints/shelf" FILE="../../../../../Users/Elizabeth/Documents/CS-328-Game/CS328Team11/Content/Blueprints/shelf.uasset" SILENT=true
[2019.12.05-23.28.49:029][ 34]LogSavePackage: Moving '../../../../../Users/Elizabeth/Documents/CS-328-Game/CS328Team11/Saved/shelfEBCC40B64491BDB7997C69AAB3E36EC9.tmp' to '../../../../../Users/Elizabeth/Documents/CS-328-Game/CS328Team11/Content/Blueprints/shelf.uasset'
[2019.12.05-23.29.12:460][372]LogSlate: FSceneViewport::OnFocusLost() reason 0
[2019.12.05-23.29.35:192][939]LogTemp: Repeating last play command: Selected Viewport
[2019.12.05-23.29.35:201][939]LogBlueprintUserMessages: Early PlayInEditor Detection: Level '/Game/Levels/LevelOne.LevelOne:PersistentLevel' has LevelScriptBlueprint '/Game/Levels/LevelOne.LevelOne:PersistentLevel.LevelOne' with GeneratedClass '/Game/Levels/LevelOne.LevelOne_C' with ClassGeneratedBy '/Game/Levels/LevelOne.LevelOne:PersistentLevel.LevelOne'
[2019.12.05-23.29.35:201][939]BlueprintLog: New page: Pre-Play auto-recompile
[2019.12.05-23.29.35:209][939]LogPlayLevel: [PlayLevel] Compiling shelf before play...
[2019.12.05-23.29.39:002][939]LogUObjectHash: Compacting FUObjectHashTables data took   4.92ms
[2019.12.05-23.29.39:002][939]LogPlayLevel: PlayLevel: Blueprint regeneration took 3801 ms (1 blueprints)
[2019.12.05-23.29.39:003][939]PIE: New page: PIE session: LevelOne (Dec 5, 2019, 7:29:39 AM)
[2019.12.05-23.29.39:003][939]LogPlayLevel: Creating play world package: /Game/Levels/UEDPIE_0_LevelOne
[2019.12.05-23.29.39:109][939]LogPlayLevel: PIE: StaticDuplicateObject took: (0.105308s)
[2019.12.05-23.29.39:110][939]LogAIModule: Creating AISystem for world LevelOne
[2019.12.05-23.29.39:110][939]LogPlayLevel: PIE: World Init took: (0.001195s)
[2019.12.05-23.29.39:110][939]LogPlayLevel: PIE: Created PIE world by copying editor world from /Game/Levels/LevelOne.LevelOne to /Game/Levels/UEDPIE_0_LevelOne.LevelOne (0.106624s)
[2019.12.05-23.29.39:151][939]LogUObjectHash: Compacting FUObjectHashTables data took   3.18ms
[2019.12.05-23.29.39:161][939]LogInit: XAudio2 using 'Speaker/Headphone (Realtek High Definition Audio)' : 2 channels at 48 kHz using 32 bits per sample (channel mask 0x3)
[2019.12.05-23.29.39:191][939]LogInit: FAudioDevice initialized.
[2019.12.05-23.29.39:229][939]LogLoad: Game class is 'CabbageGameMode_C'
[2019.12.05-23.29.39:310][939]LogWorld: Bringing World /Game/Levels/UEDPIE_0_LevelOne.LevelOne up for play (max tick rate 60) at 2019.12.05-15.29.39
[2019.12.05-23.29.39:323][939]LogWorld: Bringing up level for play took: 0.092827
[2019.12.05-23.29.39:323][939]LogOnline: OSS: Creating online subsystem instance for: :Context_14
[2019.12.05-23.29.39:328][939]PIE: Play in editor start time for /Game/Levels/UEDPIE_0_LevelOne 3.714
[2019.12.05-23.29.39:329][939]LogBlueprintUserMessages: Late PlayInEditor Detection: Level '/Game/Levels/LevelOne.LevelOne:PersistentLevel' has LevelScriptBlueprint '/Game/Levels/LevelOne.LevelOne:PersistentLevel.LevelOne' with GeneratedClass '/Game/Levels/LevelOne.LevelOne_C' with ClassGeneratedBy '/Game/Levels/LevelOne.LevelOne:PersistentLevel.LevelOne'
[2019.12.05-23.29.40:946][989]LogBlueprintUserMessages: Early EndPlayMap Detection: Level '/Game/Levels/LevelOne.LevelOne:PersistentLevel' has LevelScriptBlueprint '/Game/Levels/LevelOne.LevelOne:PersistentLevel.LevelOne' with GeneratedClass '/Game/Levels/LevelOne.LevelOne_C' with ClassGeneratedBy '/Game/Levels/LevelOne.LevelOne:PersistentLevel.LevelOne'
[2019.12.05-23.29.40:946][989]LogSlate: Updating window title bar state: overlay mode, drag disabled, window buttons hidden, title bar hidden
[2019.12.05-23.29.40:946][989]LogWorld: BeginTearingDown for /Game/Levels/UEDPIE_0_LevelOne
[2019.12.05-23.29.40:947][989]LogWorld: UWorld::CleanupWorld for LevelOne, bSessionEnded=true, bCleanupResources=true
[2019.12.05-23.29.40:994][989]LogPlayLevel: Display: Shutting down PIE online subsystems
[2019.12.05-23.29.40:994][989]LogBlueprintUserMessages: Late EndPlayMap Detection: Level '/Game/Levels/LevelOne.LevelOne:PersistentLevel' has LevelScriptBlueprint '/Game/Levels/LevelOne.LevelOne:PersistentLevel.LevelOne' with GeneratedClass '/Game/Levels/LevelOne.LevelOne_C' with ClassGeneratedBy '/Game/Levels/LevelOne.LevelOne:PersistentLevel.LevelOne'
[2019.12.05-23.29.41:038][989]LogSlate: Updating window title bar state: overlay mode, drag disabled, window buttons hidden, title bar hidden
[2019.12.05-23.29.41:052][989]LogUObjectHash: Compacting FUObjectHashTables data took   3.54ms
[2019.12.05-23.29.41:065][990]LogPlayLevel: Display: Destroying online subsystem :Context_14
[2019.12.05-23.29.50:362][520]LogEditorSessionSummary: EditorSessionSummary sent report. Type=Crashed, SessionId={8A8832A0-4A27-F32B-8B4E-39818F5831B4}
[2019.12.05-23.30.19:380][728]LogSlate: FSceneViewport::OnFocusLost() reason 0
[2019.12.05-23.30.25:833][113]LogSlate: FSceneViewport::OnFocusLost() reason 0
[2019.12.05-23.30.47:321][332]BlueprintLog: New page: Compile shelf
[2019.12.05-23.30.49:135][332]LogUObjectHash: Compacting FUObjectHashTables data took   4.74ms
[2019.12.05-23.30.56:606][581]LogTemp: Repeating last play command: Selected Viewport
[2019.12.05-23.30.56:615][581]LogBlueprintUserMessages: Early PlayInEditor Detection: Level '/Game/Levels/LevelOne.LevelOne:PersistentLevel' has LevelScriptBlueprint '/Game/Levels/LevelOne.LevelOne:PersistentLevel.LevelOne' with GeneratedClass '/Game/Levels/LevelOne.LevelOne_C' with ClassGeneratedBy '/Game/Levels/LevelOne.LevelOne:PersistentLevel.LevelOne'
[2019.12.05-23.30.56:615][581]LogPlayLevel: PlayLevel: No blueprints needed recompiling
[2019.12.05-23.30.56:615][581]PIE: New page: PIE session: LevelOne (Dec 5, 2019, 7:30:56 AM)
[2019.12.05-23.30.56:615][581]LogPlayLevel: Creating play world package: /Game/Levels/UEDPIE_0_LevelOne
[2019.12.05-23.30.56:724][581]LogPlayLevel: PIE: StaticDuplicateObject took: (0.108967s)
[2019.12.05-23.30.56:724][581]LogAIModule: Creating AISystem for world LevelOne
[2019.12.05-23.30.56:725][581]LogPlayLevel: PIE: World Init took: (0.000971s)
[2019.12.05-23.30.56:725][581]LogPlayLevel: PIE: Created PIE world by copying editor world from /Game/Levels/LevelOne.LevelOne to /Game/Levels/UEDPIE_0_LevelOne.LevelOne (0.110068s)
[2019.12.05-23.30.56:787][581]LogUObjectHash: Compacting FUObjectHashTables data took   3.96ms
[2019.12.05-23.30.56:796][581]LogInit: XAudio2 using 'Speaker/Headphone (Realtek High Definition Audio)' : 2 channels at 48 kHz using 32 bits per sample (channel mask 0x3)
[2019.12.05-23.30.56:826][581]LogInit: FAudioDevice initialized.
[2019.12.05-23.30.56:835][581]LogLoad: Game class is 'CabbageGameMode_C'
[2019.12.05-23.30.56:918][581]LogWorld: Bringing World /Game/Levels/UEDPIE_0_LevelOne.LevelOne up for play (max tick rate 60) at 2019.12.05-15.30.56
[2019.12.05-23.30.56:928][581]LogWorld: Bringing up level for play took: 0.091181
[2019.12.05-23.30.56:928][581]LogOnline: OSS: Creating online subsystem instance for: :Context_15
[2019.12.05-23.30.56:933][581]PIE: Play in editor start time for /Game/Levels/UEDPIE_0_LevelOne 1.318
[2019.12.05-23.30.56:934][581]LogBlueprintUserMessages: Late PlayInEditor Detection: Level '/Game/Levels/LevelOne.LevelOne:PersistentLevel' has LevelScriptBlueprint '/Game/Levels/LevelOne.LevelOne:PersistentLevel.LevelOne' with GeneratedClass '/Game/Levels/LevelOne.LevelOne_C' with ClassGeneratedBy '/Game/Levels/LevelOne.LevelOne:PersistentLevel.LevelOne'
[2019.12.05-23.31.02:665][745]LogBlueprintUserMessages: Early EndPlayMap Detection: Level '/Game/Levels/LevelOne.LevelOne:PersistentLevel' has LevelScriptBlueprint '/Game/Levels/LevelOne.LevelOne:PersistentLevel.LevelOne' with GeneratedClass '/Game/Levels/LevelOne.LevelOne_C' with ClassGeneratedBy '/Game/Levels/LevelOne.LevelOne:PersistentLevel.LevelOne'
[2019.12.05-23.31.02:665][745]LogSlate: Updating window title bar state: overlay mode, drag disabled, window buttons hidden, title bar hidden
[2019.12.05-23.31.02:665][745]LogWorld: BeginTearingDown for /Game/Levels/UEDPIE_0_LevelOne
[2019.12.05-23.31.02:666][745]LogWorld: UWorld::CleanupWorld for LevelOne, bSessionEnded=true, bCleanupResources=true
[2019.12.05-23.31.02:849][745]LogPlayLevel: Display: Shutting down PIE online subsystems
[2019.12.05-23.31.02:849][745]LogBlueprintUserMessages: Late EndPlayMap Detection: Level '/Game/Levels/LevelOne.LevelOne:PersistentLevel' has LevelScriptBlueprint '/Game/Levels/LevelOne.LevelOne:PersistentLevel.LevelOne' with GeneratedClass '/Game/Levels/LevelOne.LevelOne_C' with ClassGeneratedBy '/Game/Levels/LevelOne.LevelOne:PersistentLevel.LevelOne'
[2019.12.05-23.31.02:904][745]LogSlate: Updating window title bar state: overlay mode, drag disabled, window buttons hidden, title bar hidden
[2019.12.05-23.31.02:914][745]LogUObjectHash: Compacting FUObjectHashTables data took   3.50ms
[2019.12.05-23.31.02:944][746]LogPlayLevel: Display: Destroying online subsystem :Context_15
[2019.12.05-23.31.03:747][772]LogSlate: FSceneViewport::OnFocusLost() reason 0
[2019.12.05-23.31.22:093][726]LogTexture: Display: Building textures: T_Food_Fruit_Mango_01_M (AutoDXT, 2048X2048)
[2019.12.05-23.31.22:093][726]LogTexture: Display: Building textures: T_Food_Fruit_Mango_01_N (BC5, 2048X2048)
[2019.12.05-23.31.22:093][726]LogTexture: Display: Building textures: T_Food_Fruit_Mango_01_D (AutoDXT, 2048X2048)
[2019.12.05-23.31.22:093][726]LogStaticMesh: Building static mesh Food_Fruit_Mango_01...
[2019.12.05-23.31.22:222][726]LogStaticMesh: Built static mesh [0.13s] /Game/Food_Pack_01/Meshes/Food_Fruit_Mango_01.Food_Fruit_Mango_01
[2019.12.05-23.32.08:450][431]LogSlate: FSceneViewport::OnFocusLost() reason 0
[2019.12.05-23.32.08:533][436]BlueprintLog: New page: Compile shelf
[2019.12.05-23.32.10:860][436]LogUObjectHash: Compacting FUObjectHashTables data took   5.66ms
[2019.12.05-23.32.25:397][ 45]LogTemp: Repeating last play command: Selected Viewport
[2019.12.05-23.32.25:406][ 45]LogBlueprintUserMessages: Early PlayInEditor Detection: Level '/Game/Levels/LevelOne.LevelOne:PersistentLevel' has LevelScriptBlueprint '/Game/Levels/LevelOne.LevelOne:PersistentLevel.LevelOne' with GeneratedClass '/Game/Levels/LevelOne.LevelOne_C' with ClassGeneratedBy '/Game/Levels/LevelOne.LevelOne:PersistentLevel.LevelOne'
[2019.12.05-23.32.25:406][ 45]LogPlayLevel: PlayLevel: No blueprints needed recompiling
[2019.12.05-23.32.25:406][ 45]PIE: New page: PIE session: LevelOne (Dec 5, 2019, 7:32:25 AM)
[2019.12.05-23.32.25:406][ 45]LogPlayLevel: Creating play world package: /Game/Levels/UEDPIE_0_LevelOne
[2019.12.05-23.32.25:520][ 45]LogPlayLevel: PIE: StaticDuplicateObject took: (0.113517s)
[2019.12.05-23.32.25:521][ 45]LogAIModule: Creating AISystem for world LevelOne
[2019.12.05-23.32.25:521][ 45]LogPlayLevel: PIE: World Init took: (0.001278s)
[2019.12.05-23.32.25:521][ 45]LogPlayLevel: PIE: Created PIE world by copying editor world from /Game/Levels/LevelOne.LevelOne to /Game/Levels/UEDPIE_0_LevelOne.LevelOne (0.114929s)
[2019.12.05-23.32.25:604][ 45]LogUObjectHash: Compacting FUObjectHashTables data took   4.75ms
[2019.12.05-23.32.25:616][ 45]LogInit: XAudio2 using 'Speaker/Headphone (Realtek High Definition Audio)' : 2 channels at 48 kHz using 32 bits per sample (channel mask 0x3)
[2019.12.05-23.32.25:646][ 45]LogInit: FAudioDevice initialized.
[2019.12.05-23.32.25:666][ 45]LogLoad: Game class is 'CabbageGameMode_C'
[2019.12.05-23.32.25:754][ 45]LogWorld: Bringing World /Game/Levels/UEDPIE_0_LevelOne.LevelOne up for play (max tick rate 60) at 2019.12.05-15.32.25
[2019.12.05-23.32.25:764][ 45]LogWorld: Bringing up level for play took: 0.098050
[2019.12.05-23.32.25:764][ 45]LogOnline: OSS: Creating online subsystem instance for: :Context_16
[2019.12.05-23.32.25:769][ 45]PIE: Play in editor start time for /Game/Levels/UEDPIE_0_LevelOne 0.155
[2019.12.05-23.32.25:770][ 45]LogBlueprintUserMessages: Late PlayInEditor Detection: Level '/Game/Levels/LevelOne.LevelOne:PersistentLevel' has LevelScriptBlueprint '/Game/Levels/LevelOne.LevelOne:PersistentLevel.LevelOne' with GeneratedClass '/Game/Levels/LevelOne.LevelOne_C' with ClassGeneratedBy '/Game/Levels/LevelOne.LevelOne:PersistentLevel.LevelOne'
[2019.12.05-23.32.36:158][366]LogBlueprintUserMessages: Early EndPlayMap Detection: Level '/Game/Levels/LevelOne.LevelOne:PersistentLevel' has LevelScriptBlueprint '/Game/Levels/LevelOne.LevelOne:PersistentLevel.LevelOne' with GeneratedClass '/Game/Levels/LevelOne.LevelOne_C' with ClassGeneratedBy '/Game/Levels/LevelOne.LevelOne:PersistentLevel.LevelOne'
[2019.12.05-23.32.36:158][366]LogSlate: Updating window title bar state: overlay mode, drag disabled, window buttons hidden, title bar hidden
[2019.12.05-23.32.36:158][366]LogWorld: BeginTearingDown for /Game/Levels/UEDPIE_0_LevelOne
[2019.12.05-23.32.36:159][366]LogWorld: UWorld::CleanupWorld for LevelOne, bSessionEnded=true, bCleanupResources=true
[2019.12.05-23.32.36:237][366]LogPlayLevel: Display: Shutting down PIE online subsystems
[2019.12.05-23.32.36:237][366]LogBlueprintUserMessages: Late EndPlayMap Detection: Level '/Game/Levels/LevelOne.LevelOne:PersistentLevel' has LevelScriptBlueprint '/Game/Levels/LevelOne.LevelOne:PersistentLevel.LevelOne' with GeneratedClass '/Game/Levels/LevelOne.LevelOne_C' with ClassGeneratedBy '/Game/Levels/LevelOne.LevelOne:PersistentLevel.LevelOne'
[2019.12.05-23.32.36:296][366]LogSlate: Updating window title bar state: overlay mode, drag disabled, window buttons hidden, title bar hidden
[2019.12.05-23.32.36:306][366]LogUObjectHash: Compacting FUObjectHashTables data took   3.29ms
[2019.12.05-23.32.36:320][367]LogPlayLevel: Display: Destroying online subsystem :Context_16
[2019.12.05-23.32.39:957][492]LogSlate: FSceneViewport::OnFocusLost() reason 0
[2019.12.05-23.33.17:597][827]LogTexture: Display: Building textures: T_Food_Fruit_Mango_02_M (AutoDXT, 2048X2048)
[2019.12.05-23.33.17:597][827]LogTexture: Display: Building textures: T_Food_Fruit_Mango_02_N (BC5, 2048X2048)
[2019.12.05-23.33.17:597][827]LogTexture: Display: Building textures: T_Food_Fruit_Mango_02_D (AutoDXT, 2048X2048)
[2019.12.05-23.33.17:597][827]LogStaticMesh: Building static mesh Food_Fruit_Mango_02...
[2019.12.05-23.33.17:641][827]LogStaticMesh: Built static mesh [0.04s] /Game/Food_Pack_01/Meshes/Food_Fruit_Mango_02.Food_Fruit_Mango_02
[2019.12.05-23.33.38:630][240]BlueprintLog: New page: Compile shelf
[2019.12.05-23.33.40:711][240]LogUObjectHash: Compacting FUObjectHashTables data took   4.14ms
[2019.12.05-23.33.43:853][240]LogWindows: Error: === Critical error: ===
[2019.12.05-23.33.43:853][240]LogWindows: Error: 
[2019.12.05-23.33.43:853][240]LogWindows: Error: Fatal error!
[2019.12.05-23.33.43:853][240]LogWindows: Error: 
[2019.12.05-23.33.43:853][240]LogWindows: Error: Unhandled Exception: EXCEPTION_ACCESS_VIOLATION 0x2ea75700
[2019.12.05-23.33.43:853][240]LogWindows: Error: 
[2019.12.05-23.33.43:853][240]LogWindows: Error: [Callstack] 0x000002612ea75700 UnknownFunction []
[2019.12.05-23.33.43:853][240]LogWindows: Error: [Callstack] 0x00007ffa94f84856 UE4Editor-NavigationSystem.dll!UnknownFunction []
[2019.12.05-23.33.43:853][240]LogWindows: Error: [Callstack] 0x00007ffa94f1a660 UE4Editor-NavigationSystem.dll!UnknownFunction []
[2019.12.05-23.33.43:853][240]LogWindows: Error: [Callstack] 0x00007ffa94f76731 UE4Editor-NavigationSystem.dll!UnknownFunction []
[2019.12.05-23.33.43:853][240]LogWindows: Error: [Callstack] 0x00007ffa94eef1f0 UE4Editor-NavigationSystem.dll!UnknownFunction []
[2019.12.05-23.33.43:853][240]LogWindows: Error: [Callstack] 0x00007ffa94f55a21 UE4Editor-NavigationSystem.dll!UnknownFunction []
[2019.12.05-23.33.43:853][240]LogWindows: Error: [Callstack] 0x00007ffa94f7dd89 UE4Editor-NavigationSystem.dll!UnknownFunction []
[2019.12.05-23.33.43:853][240]LogWindows: Error: [Callstack] 0x00007ffa94f7c8ab UE4Editor-NavigationSystem.dll!UnknownFunction []
[2019.12.05-23.33.43:853][240]LogWindows: Error: [Callstack] 0x00007ffa7d087635 UE4Editor-Engine.dll!UnknownFunction []
[2019.12.05-23.33.43:853][240]LogWindows: Error: [Callstack] 0x00007ffa9031d61c UE4Editor-UnrealEd.dll!UnknownFunction []
[2019.12.05-23.33.43:853][240]LogWindows: Error: [Callstack] 0x00007ffa90b75296 UE4Editor-UnrealEd.dll!UnknownFunction []
[2019.12.05-23.33.43:853][240]LogWindows: Error: [Callstack] 0x00007ff67ecc7b0a UE4Editor.exe!UnknownFunction []
[2019.12.05-23.33.43:853][240]LogWindows: Error: [Callstack] 0x00007ff67ecda91c UE4Editor.exe!UnknownFunction []
[2019.12.05-23.33.43:853][240]LogWindows: Error: [Callstack] 0x00007ff67ecda9fa UE4Editor.exe!UnknownFunction []
[2019.12.05-23.33.43:853][240]LogWindows: Error: [Callstack] 0x00007ff67eceb92c UE4Editor.exe!UnknownFunction []
[2019.12.05-23.33.43:853][240]LogWindows: Error: [Callstack] 0x00007ff67ecee60e UE4Editor.exe!UnknownFunction []
[2019.12.05-23.33.43:853][240]LogWindows: Error: [Callstack] 0x00007ffade4f7bd4 KERNEL32.DLL!UnknownFunction []
[2019.12.05-23.33.43:853][240]LogWindows: Error: [Callstack] 0x00007ffade64ced1 ntdll.dll!UnknownFunction []
[2019.12.05-23.33.43:853][240]LogWindows: Error: 
[2019.12.05-23.33.43:909][240]LogExit: Executing StaticShutdownAfterError
[2019.12.05-23.33.43:971][240]LogWindows: FPlatformMisc::RequestExit(1)
[2019.12.05-23.33.44:009][240]Log file closed, 12/05/19 15:33:44
