Log file open, 12/15/19 14:58:04
LogWindows: Failed to load 'aqProf.dll' (GetLastError=126)
LogWindows: File 'aqProf.dll' does not exist
LogWindows: Failed to load 'VtuneApi.dll' (GetLastError=126)
LogWindows: File 'VtuneApi.dll' does not exist
LogWindows: Failed to load 'VtuneApi32e.dll' (GetLastError=126)
LogWindows: File 'VtuneApi32e.dll' does not exist
LogConsoleResponse: Display: Failed to find resolution value strings in scalability ini. Falling back to default.
LogInit: Display: Running engine for game: CS328Team11
LogPlatformFile: Not using cached read wrapper
LogTaskGraph: Started task graph with 5 named threads and 23 total threads with 3 sets of task threads.
LogStats: Stats thread started at 0.144753
LogD3D11RHI: Loaded GFSDK_Aftermath_Lib.x64.dll
LogICUInternationalization: ICU TimeZone Detection - Raw Offset: -8:00, Platform Override: ''
LogPluginManager: Mounting plugin Paper2D
LogPluginManager: Mounting plugin AISupport
LogPluginManager: Mounting plugin LightPropagationVolume
LogPluginManager: Mounting plugin ActorLayerUtilities
LogPluginManager: Mounting plugin AnimationSharing
LogPluginManager: Mounting plugin CLionSourceCodeAccess
LogPluginManager: Mounting plugin CodeLiteSourceCodeAccess
LogPluginManager: Mounting plugin GitSourceControl
LogPluginManager: Mounting plugin KDevelopSourceCodeAccess
LogPluginManager: Mounting plugin NullSourceCodeAccess
LogPluginManager: Mounting plugin PerforceSourceControl
LogPluginManager: Mounting plugin SubversionSourceControl
LogPluginManager: Mounting plugin UObjectPlugin
LogPluginManager: Mounting plugin VisualStudioCodeSourceCodeAccess
LogPluginManager: Mounting plugin VisualStudioSourceCodeAccess
LogPluginManager: Mounting plugin XCodeSourceCodeAccess
LogPluginManager: Mounting plugin AssetManagerEditor
LogPluginManager: Mounting plugin CryptoKeys
LogPluginManager: Mounting plugin CurveEditorTools
LogPluginManager: Mounting plugin DataValidation
LogPluginManager: Mounting plugin FacialAnimation
LogPluginManager: Mounting plugin GameplayTagsEditor
LogPluginManager: Mounting plugin MacGraphicsSwitching
LogPluginManager: Mounting plugin MaterialAnalyzer
LogPluginManager: Mounting plugin MobileLauncherProfileWizard
LogPluginManager: Mounting plugin PluginBrowser
LogPluginManager: Mounting plugin SpeedTreeImporter
LogPluginManager: Mounting plugin DatasmithContent
LogPluginManager: Mounting plugin VariantManagerContent
LogPluginManager: Mounting plugin AlembicImporter
LogPluginManager: Mounting plugin AutomationUtils
LogPluginManager: Mounting plugin BackChannel
LogPluginManager: Mounting plugin CharacterAI
LogPluginManager: Mounting plugin GeometryCache
LogPluginManager: Mounting plugin HTML5Networking
LogPluginManager: Mounting plugin PlatformCrypto
LogPluginManager: Mounting plugin ProxyLODPlugin
LogPluginManager: Mounting plugin SkeletalReduction
LogPluginManager: Mounting plugin MagicLeap
LogPluginManager: Mounting plugin MagicLeapMedia
LogPluginManager: Mounting plugin AndroidMedia
LogPluginManager: Mounting plugin AvfMedia
LogPluginManager: Mounting plugin ImgMedia
LogPluginManager: Mounting plugin MediaCompositing
LogPluginManager: Mounting plugin MediaPlayerEditor
LogPluginManager: Mounting plugin WebMMedia
LogPluginManager: Mounting plugin WmfMedia
LogPluginManager: Mounting plugin TcpMessaging
LogPluginManager: Mounting plugin UdpMessaging
LogPluginManager: Mounting plugin ActorSequence
LogPluginManager: Mounting plugin LevelSequenceEditor
LogPluginManager: Mounting plugin MatineeToLevelSequence
LogPluginManager: Mounting plugin NetcodeUnitTest
LogPluginManager: Mounting plugin NUTUnrealEngine4
LogPluginManager: Mounting plugin OnlineSubsystemGooglePlay
LogPluginManager: Mounting plugin OnlineSubsystemIOS
LogPluginManager: Mounting plugin OnlineSubsystem
LogPluginManager: Mounting plugin OnlineSubsystemNull
LogPluginManager: Mounting plugin OnlineSubsystemUtils
LogPluginManager: Mounting plugin LauncherChunkInstaller
LogPluginManager: Mounting plugin AndroidDeviceProfileSelector
LogPluginManager: Mounting plugin AndroidMoviePlayer
LogPluginManager: Mounting plugin AndroidPermission
LogPluginManager: Mounting plugin AppleImageUtils
LogPluginManager: Mounting plugin AppleMoviePlayer
LogPluginManager: Mounting plugin ArchVisCharacter
LogPluginManager: Mounting plugin AudioCapture
LogPluginManager: Mounting plugin CableComponent
LogPluginManager: Mounting plugin CustomMeshComponent
LogPluginManager: Mounting plugin EditableMesh
LogPluginManager: Mounting plugin ExampleDeviceProfileSelector
LogPluginManager: Mounting plugin GoogleCloudMessaging
LogPluginManager: Mounting plugin IOSDeviceProfileSelector
LogPluginManager: Mounting plugin LinuxDeviceProfileSelector
LogPluginManager: Mounting plugin LocationServicesBPLibrary
LogPluginManager: Mounting plugin MobilePatchingUtils
LogPluginManager: Mounting plugin OculusVR
LogPluginManager: Mounting plugin PhysXVehicles
LogPluginManager: Mounting plugin ProceduralMeshComponent
LogPluginManager: Mounting plugin RuntimePhysXCooking
LogPluginManager: Mounting plugin SignificanceManager
LogPluginManager: Mounting plugin SteamVR
LogPluginManager: Mounting plugin WebMMoviePlayer
LogPluginManager: Mounting plugin WindowsMoviePlayer
LogPluginManager: Mounting plugin ScreenshotTools
LogInit: Using libcurl 7.55.1-DEV
LogInit:  - built for x86_64-pc-win32
LogInit:  - supports SSL with OpenSSL/1.1.1
LogInit:  - supports HTTP deflate (compression) using libz 1.2.8
LogInit:  - other features:
LogInit:      CURL_VERSION_SSL
LogInit:      CURL_VERSION_LIBZ
LogInit:      CURL_VERSION_IPV6
LogInit:      CURL_VERSION_ASYNCHDNS
LogInit:      CURL_VERSION_LARGEFILE
LogInit:      CURL_VERSION_IDN
LogInit:  CurlRequestOptions (configurable via config and command line):
LogInit:  - bVerifyPeer = true  - Libcurl will verify peer certificate
LogInit:  - bUseHttpProxy = false  - Libcurl will NOT use HTTP proxy
LogInit:  - bDontReuseConnections = false  - Libcurl will reuse connections
LogInit:  - MaxHostConnections = 16  - Libcurl will limit the number of connections to a host
LogInit:  - LocalHostAddr = Default
LogInit:  - BufferSize = 65536
LogOnline: OSS: Creating online subsystem instance for: NULL
LogInit: WinSock: version 1.1 (2.2), MaxSocks=32767, MaxUdp=65467
LogInit: Build: ++UE4+Release-4.23-CL-9631420
LogInit: Engine Version: 4.23.1-9631420+++UE4+Release-4.23
LogInit: Compatible Engine Version: 4.23.0-8386587+++UE4+Release-4.23
LogInit: Net CL: 8386587
LogInit: OS: Windows 10 (Release 1903) (), CPU: Intel(R) Core(TM) i7-7700HQ CPU @ 2.80GHz, GPU: Intel(R) HD Graphics 630
LogInit: Compiled (64-bit): Oct 18 2019 02:07:44
LogInit: Compiled with Visual C++: 19.16.27030.01
LogInit: Build Configuration: Development
LogInit: Branch Name: ++UE4+Release-4.23
LogInit: Command Line: 
LogInit: Base Directory: D:/Program Files (x86)/UE_4.23/Engine/Binaries/Win64/
LogInit: Installed Engine Build: 1
LogDevObjectVersion: Number of dev versions registered: 23
LogDevObjectVersion:   Dev-Blueprints (B0D832E4-1F89-4F0D-ACCF-7EB736FD4AA2): 10
LogDevObjectVersion:   Dev-Build (E1C64328-A22C-4D53-A36C-8E866417BD8C): 0
LogDevObjectVersion:   Dev-Core (375EC13C-06E4-48FB-B500-84F0262A717E): 3
LogDevObjectVersion:   Dev-Editor (E4B068ED-F494-42E9-A231-DA0B2E46BB41): 34
LogDevObjectVersion:   Dev-Framework (CFFC743F-43B0-4480-9391-14DF171D2073): 35
LogDevObjectVersion:   Dev-Mobile (B02B49B5-BB20-44E9-A304-32B752E40360): 2
LogDevObjectVersion:   Dev-Networking (A4E4105C-59A1-49B5-A7C5-40C4547EDFEE): 0
LogDevObjectVersion:   Dev-Online (39C831C9-5AE6-47DC-9A44-9C173E1C8E7C): 0
LogDevObjectVersion:   Dev-Physics (78F01B33-EBEA-4F98-B9B4-84EACCB95AA2): 0
LogDevObjectVersion:   Dev-Platform (6631380F-2D4D-43E0-8009-CF276956A95A): 0
LogDevObjectVersion:   Dev-Rendering (12F88B9F-8875-4AFC-A67C-D90C383ABD29): 31
LogDevObjectVersion:   Dev-Sequencer (7B5AE74C-D270-4C10-A958-57980B212A5A): 11
LogDevObjectVersion:   Dev-VR (D7296918-1DD6-4BDD-9DE2-64A83CC13884): 2
LogDevObjectVersion:   Dev-LoadTimes (C2A15278-BFE7-4AFE-6C17-90FF531DF755): 1
LogDevObjectVersion:   Private-Geometry (6EACA3D4-40EC-4CC1-B786-8BED09428FC5): 3
LogDevObjectVersion:   Dev-AnimPhys (29E575DD-E0A3-4627-9D10-D276232CDCEA): 17
LogDevObjectVersion:   Dev-Anim (AF43A65D-7FD3-4947-9873-3E8ED9C1BB05): 2
LogDevObjectVersion:   Dev-ReflectionCapture (6B266CEC-1EC7-4B8F-A30B-E4D90942FC07): 1
LogDevObjectVersion:   Dev-Automation (0DF73D61-A23F-47EA-B727-89E90C41499A): 1
LogDevObjectVersion:   FortniteMain (601D1886-AC64-4F84-AA16-D3DE0DEAC7D6): 27
LogDevObjectVersion:   Dev-Enterprise (9DFFBCD6-494F-0158-E221-12823C92A888): 6
LogDevObjectVersion:   Dev-Niagara (F2AED0AC-9AFE-416F-8664-AA7FFA26D6FC): 1
LogDevObjectVersion:   Dev-Destruction (174F1F0B-B4C6-45A5-B13F-2EE8D0FB917D): 9
LogInit: Presizing for max 16777216 objects, including 0 objects not considered by GC, pre-allocating 0 bytes for permanent pool.
LogInit: Object subsystem initialized
LogConfig: Setting CVar [[con.DebugEarlyDefault:1]]
LogConfig: Setting CVar [[r.setres:1280x720]]
[2019.12.15-22.58.06:250][  0]LogConfig: Setting CVar [[r.VSync:0]]
[2019.12.15-22.58.06:250][  0]LogConfig: Setting CVar [[r.RHICmdBypass:0]]
[2019.12.15-22.58.06:250][  0]LogConfig: Applying CVar settings from Section [/Script/Engine.RendererSettings] File [D:/Users/Elizabeth/Documents/CS-328-Game/CS328Team11/Saved/Config/Windows/Engine.ini]
[2019.12.15-22.58.06:250][  0]LogConfig: Setting CVar [[r.GPUCrashDebugging:0]]
[2019.12.15-22.58.06:250][  0]LogConfig: Setting CVar [[r.DefaultFeature.AutoExposure.ExtendDefaultLuminanceRange:1]]
[2019.12.15-22.58.06:250][  0]LogConfig: Applying CVar settings from Section [/Script/Engine.RendererOverrideSettings] File [D:/Users/Elizabeth/Documents/CS-328-Game/CS328Team11/Saved/Config/Windows/Engine.ini]
[2019.12.15-22.58.06:250][  0]LogConfig: Applying CVar settings from Section [/Script/Engine.StreamingSettings] File [D:/Users/Elizabeth/Documents/CS-328-Game/CS328Team11/Saved/Config/Windows/Engine.ini]
[2019.12.15-22.58.06:251][  0]LogConfig: Setting CVar [[s.MinBulkDataSizeForAsyncLoading:131072]]
[2019.12.15-22.58.06:251][  0]LogConfig: Setting CVar [[s.AsyncLoadingThreadEnabled:0]]
[2019.12.15-22.58.06:251][  0]LogConfig: Setting CVar [[s.EventDrivenLoaderEnabled:1]]
[2019.12.15-22.58.06:251][  0]LogConfig: Setting CVar [[s.WarnIfTimeLimitExceeded:0]]
[2019.12.15-22.58.06:251][  0]LogConfig: Setting CVar [[s.TimeLimitExceededMultiplier:1.5]]
[2019.12.15-22.58.06:251][  0]LogConfig: Setting CVar [[s.TimeLimitExceededMinTime:0.005]]
[2019.12.15-22.58.06:251][  0]LogConfig: Setting CVar [[s.UseBackgroundLevelStreaming:1]]
[2019.12.15-22.58.06:251][  0]LogConfig: Setting CVar [[s.PriorityAsyncLoadingExtraTime:15.0]]
[2019.12.15-22.58.06:251][  0]LogConfig: Setting CVar [[s.LevelStreamingActorsUpdateTimeLimit:5.0]]
[2019.12.15-22.58.06:251][  0]LogConfig: Setting CVar [[s.PriorityLevelStreamingActorsUpdateExtraTime:5.0]]
[2019.12.15-22.58.06:251][  0]LogConfig: Setting CVar [[s.LevelStreamingComponentsRegistrationGranularity:10]]
[2019.12.15-22.58.06:251][  0]LogConfig: Setting CVar [[s.UnregisterComponentsTimeLimit:1.0]]
[2019.12.15-22.58.06:251][  0]LogConfig: Setting CVar [[s.LevelStreamingComponentsUnregistrationGranularity:5]]
[2019.12.15-22.58.06:251][  0]LogConfig: Applying CVar settings from Section [/Script/Engine.GarbageCollectionSettings] File [D:/Users/Elizabeth/Documents/CS-328-Game/CS328Team11/Saved/Config/Windows/Engine.ini]
[2019.12.15-22.58.06:251][  0]LogConfig: Setting CVar [[gc.MaxObjectsNotConsideredByGC:1]]
[2019.12.15-22.58.06:251][  0]LogConfig: Setting CVar [[gc.SizeOfPermanentObjectPool:0]]
[2019.12.15-22.58.06:251][  0]LogConfig: Setting CVar [[gc.FlushStreamingOnGC:0]]
[2019.12.15-22.58.06:251][  0]LogConfig: Setting CVar [[gc.NumRetriesBeforeForcingGC:10]]
[2019.12.15-22.58.06:251][  0]LogConfig: Setting CVar [[gc.AllowParallelGC:1]]
[2019.12.15-22.58.06:251][  0]LogConfig: Setting CVar [[gc.TimeBetweenPurgingPendingKillObjects:61.1]]
[2019.12.15-22.58.06:251][  0]LogConfig: Setting CVar [[gc.MaxObjectsInEditor:16777216]]
[2019.12.15-22.58.06:251][  0]LogConfig: Setting CVar [[gc.IncrementalBeginDestroyEnabled:1]]
[2019.12.15-22.58.06:251][  0]LogConfig: Setting CVar [[gc.CreateGCClusters:1]]
[2019.12.15-22.58.06:251][  0]LogConfig: Setting CVar [[gc.MinGCClusterSize:5]]
[2019.12.15-22.58.06:251][  0]LogConfig: Setting CVar [[gc.ActorClusteringEnabled:0]]
[2019.12.15-22.58.06:251][  0]LogConfig: Setting CVar [[gc.BlueprintClusteringEnabled:0]]
[2019.12.15-22.58.06:251][  0]LogConfig: Setting CVar [[gc.UseDisregardForGCOnDedicatedServers:0]]
[2019.12.15-22.58.06:251][  0]LogConfig: Applying CVar settings from Section [/Script/Engine.NetworkSettings] File [D:/Users/Elizabeth/Documents/CS-328-Game/CS328Team11/Saved/Config/Windows/Engine.ini]
[2019.12.15-22.58.06:251][  0]LogConfig: Applying CVar settings from Section [/Script/UnrealEd.CookerSettings] File [D:/Users/Elizabeth/Documents/CS-328-Game/CS328Team11/Saved/Config/Windows/Engine.ini]
[2019.12.15-22.58.06:257][  0]LogConfig: Applying CVar settings from Section [ViewDistanceQuality@3] File [D:/Users/Elizabeth/Documents/CS-328-Game/CS328Team11/Saved/Config/Windows/Scalability.ini]
[2019.12.15-22.58.06:257][  0]LogConfig: Setting CVar [[r.SkeletalMeshLODBias:0]]
[2019.12.15-22.58.06:257][  0]LogConfig: Setting CVar [[r.ViewDistanceScale:1.0]]
[2019.12.15-22.58.06:257][  0]LogConfig: Applying CVar settings from Section [AntiAliasingQuality@3] File [D:/Users/Elizabeth/Documents/CS-328-Game/CS328Team11/Saved/Config/Windows/Scalability.ini]
[2019.12.15-22.58.06:257][  0]LogConfig: Setting CVar [[r.PostProcessAAQuality:4]]
[2019.12.15-22.58.06:257][  0]LogConfig: Applying CVar settings from Section [ShadowQuality@3] File [D:/Users/Elizabeth/Documents/CS-328-Game/CS328Team11/Saved/Config/Windows/Scalability.ini]
[2019.12.15-22.58.06:257][  0]LogConfig: Setting CVar [[r.LightFunctionQuality:1]]
[2019.12.15-22.58.06:257][  0]LogConfig: Setting CVar [[r.ShadowQuality:5]]
[2019.12.15-22.58.06:257][  0]LogConfig: Setting CVar [[r.Shadow.CSM.MaxCascades:10]]
[2019.12.15-22.58.06:257][  0]LogConfig: Setting CVar [[r.Shadow.MaxResolution:2048]]
[2019.12.15-22.58.06:257][  0]LogConfig: Setting CVar [[r.Shadow.MaxCSMResolution:2048]]
[2019.12.15-22.58.06:257][  0]LogConfig: Setting CVar [[r.Shadow.RadiusThreshold:0.01]]
[2019.12.15-22.58.06:257][  0]LogConfig: Setting CVar [[r.Shadow.DistanceScale:1.0]]
[2019.12.15-22.58.06:257][  0]LogConfig: Setting CVar [[r.Shadow.CSM.TransitionScale:1.0]]
[2019.12.15-22.58.06:257][  0]LogConfig: Setting CVar [[r.Shadow.PreShadowResolutionFactor:1.0]]
[2019.12.15-22.58.06:257][  0]LogConfig: Setting CVar [[r.DistanceFieldShadowing:1]]
[2019.12.15-22.58.06:257][  0]LogConfig: Setting CVar [[r.DistanceFieldAO:1]]
[2019.12.15-22.58.06:257][  0]LogConfig: Setting CVar [[r.AOQuality:2]]
[2019.12.15-22.58.06:257][  0]LogConfig: Setting CVar [[r.VolumetricFog:1]]
[2019.12.15-22.58.06:257][  0]LogConfig: Setting CVar [[r.VolumetricFog.GridPixelSize:8]]
[2019.12.15-22.58.06:257][  0]LogConfig: Setting CVar [[r.VolumetricFog.GridSizeZ:128]]
[2019.12.15-22.58.06:257][  0]LogConfig: Setting CVar [[r.VolumetricFog.HistoryMissSupersampleCount:4]]
[2019.12.15-22.58.06:257][  0]LogConfig: Setting CVar [[r.LightMaxDrawDistanceScale:1]]
[2019.12.15-22.58.06:257][  0]LogConfig: Setting CVar [[r.CapsuleShadows:1]]
[2019.12.15-22.58.06:257][  0]LogConfig: Applying CVar settings from Section [PostProcessQuality@3] File [D:/Users/Elizabeth/Documents/CS-328-Game/CS328Team11/Saved/Config/Windows/Scalability.ini]
[2019.12.15-22.58.06:257][  0]LogConfig: Setting CVar [[r.MotionBlurQuality:4]]
[2019.12.15-22.58.06:257][  0]LogConfig: Setting CVar [[r.AmbientOcclusionMipLevelFactor:0.4]]
[2019.12.15-22.58.06:257][  0]LogConfig: Setting CVar [[r.AmbientOcclusionMaxQuality:100]]
[2019.12.15-22.58.06:257][  0]LogConfig: Setting CVar [[r.AmbientOcclusionLevels:-1]]
[2019.12.15-22.58.06:257][  0]LogConfig: Setting CVar [[r.AmbientOcclusionRadiusScale:1.0]]
[2019.12.15-22.58.06:257][  0]LogConfig: Setting CVar [[r.DepthOfFieldQuality:2]]
[2019.12.15-22.58.06:257][  0]LogConfig: Setting CVar [[r.RenderTargetPoolMin:400]]
[2019.12.15-22.58.06:257][  0]LogConfig: Setting CVar [[r.LensFlareQuality:2]]
[2019.12.15-22.58.06:258][  0]LogConfig: Setting CVar [[r.SceneColorFringeQuality:1]]
[2019.12.15-22.58.06:258][  0]LogConfig: Setting CVar [[r.EyeAdaptationQuality:2]]
[2019.12.15-22.58.06:258][  0]LogConfig: Setting CVar [[r.BloomQuality:5]]
[2019.12.15-22.58.06:258][  0]LogConfig: Setting CVar [[r.FastBlurThreshold:100]]
[2019.12.15-22.58.06:258][  0]LogConfig: Setting CVar [[r.Upscale.Quality:3]]
[2019.12.15-22.58.06:258][  0]LogConfig: Setting CVar [[r.Tonemapper.GrainQuantization:1]]
[2019.12.15-22.58.06:258][  0]LogConfig: Setting CVar [[r.LightShaftQuality:1]]
[2019.12.15-22.58.06:258][  0]LogConfig: Setting CVar [[r.Filter.SizeScale:1]]
[2019.12.15-22.58.06:258][  0]LogConfig: Setting CVar [[r.Tonemapper.Quality:5]]
[2019.12.15-22.58.06:258][  0]LogConfig: Setting CVar [[r.DOF.Gather.AccumulatorQuality:1        ; higher gathering accumulator quality]]
[2019.12.15-22.58.06:258][  0]LogConfig: Setting CVar [[r.DOF.Gather.PostfilterMethod:1          ; Median3x3 postfilering method]]
[2019.12.15-22.58.06:258][  0]LogConfig: Setting CVar [[r.DOF.Gather.EnableBokehSettings:0       ; no bokeh simulation when gathering]]
[2019.12.15-22.58.06:258][  0]LogConfig: Setting CVar [[r.DOF.Gather.RingCount:4                 ; medium number of samples when gathering]]
[2019.12.15-22.58.06:258][  0]LogConfig: Setting CVar [[r.DOF.Scatter.ForegroundCompositing:1    ; additive foreground scattering]]
[2019.12.15-22.58.06:258][  0]LogConfig: Setting CVar [[r.DOF.Scatter.BackgroundCompositing:2    ; additive background scattering]]
[2019.12.15-22.58.06:258][  0]LogConfig: Setting CVar [[r.DOF.Scatter.EnableBokehSettings:1      ; bokeh simulation when scattering]]
[2019.12.15-22.58.06:258][  0]LogConfig: Setting CVar [[r.DOF.Scatter.MaxSpriteRatio:0.1         ; only a maximum of 10% of scattered bokeh]]
[2019.12.15-22.58.06:258][  0]LogConfig: Setting CVar [[r.DOF.Recombine.Quality:1                ; cheap slight out of focus]]
[2019.12.15-22.58.06:258][  0]LogConfig: Setting CVar [[r.DOF.Recombine.EnableBokehSettings:0    ; no bokeh simulation on slight out of focus]]
[2019.12.15-22.58.06:258][  0]LogConfig: Setting CVar [[r.DOF.TemporalAAQuality:1                ; more stable temporal accumulation]]
[2019.12.15-22.58.06:258][  0]LogConfig: Setting CVar [[r.DOF.Kernel.MaxForegroundRadius:0.025]]
[2019.12.15-22.58.06:258][  0]LogConfig: Setting CVar [[r.DOF.Kernel.MaxBackgroundRadius:0.025]]
[2019.12.15-22.58.06:258][  0]LogConfig: Applying CVar settings from Section [TextureQuality@3] File [D:/Users/Elizabeth/Documents/CS-328-Game/CS328Team11/Saved/Config/Windows/Scalability.ini]
[2019.12.15-22.58.06:258][  0]LogConfig: Setting CVar [[r.Streaming.MipBias:0]]
[2019.12.15-22.58.06:258][  0]LogConfig: Setting CVar [[r.Streaming.AmortizeCPUToGPUCopy:0]]
[2019.12.15-22.58.06:258][  0]LogConfig: Setting CVar [[r.Streaming.MaxNumTexturesToStreamPerFrame:0]]
[2019.12.15-22.58.06:258][  0]LogConfig: Setting CVar [[r.Streaming.Boost:1]]
[2019.12.15-22.58.06:259][  0]LogConfig: Setting CVar [[r.MaxAnisotropy:8]]
[2019.12.15-22.58.06:259][  0]LogConfig: Setting CVar [[r.Streaming.LimitPoolSizeToVRAM:0]]
[2019.12.15-22.58.06:259][  0]LogConfig: Setting CVar [[r.Streaming.PoolSize:1000]]
[2019.12.15-22.58.06:259][  0]LogConfig: Setting CVar [[r.Streaming.MaxEffectiveScreenSize:0]]
[2019.12.15-22.58.06:259][  0]LogConfig: Applying CVar settings from Section [EffectsQuality@3] File [D:/Users/Elizabeth/Documents/CS-328-Game/CS328Team11/Saved/Config/Windows/Scalability.ini]
[2019.12.15-22.58.06:259][  0]LogConfig: Setting CVar [[r.TranslucencyLightingVolumeDim:64]]
[2019.12.15-22.58.06:259][  0]LogConfig: Setting CVar [[r.RefractionQuality:2]]
[2019.12.15-22.58.06:259][  0]LogConfig: Setting CVar [[r.SSR.Quality:3]]
[2019.12.15-22.58.06:259][  0]LogConfig: Setting CVar [[r.SceneColorFormat:4]]
[2019.12.15-22.58.06:259][  0]LogConfig: Setting CVar [[r.DetailMode:2]]
[2019.12.15-22.58.06:259][  0]LogConfig: Setting CVar [[r.TranslucencyVolumeBlur:1]]
[2019.12.15-22.58.06:259][  0]LogConfig: Setting CVar [[r.MaterialQualityLevel:1 ; High quality]]
[2019.12.15-22.58.06:259][  0]LogConfig: Setting CVar [[r.SSS.Scale:1]]
[2019.12.15-22.58.06:259][  0]LogConfig: Setting CVar [[r.SSS.SampleSet:2]]
[2019.12.15-22.58.06:259][  0]LogConfig: Setting CVar [[r.SSS.Quality:1]]
[2019.12.15-22.58.06:259][  0]LogConfig: Setting CVar [[r.SSS.HalfRes:1]]
[2019.12.15-22.58.06:259][  0]LogConfig: Setting CVar [[r.EmitterSpawnRateScale:1.0]]
[2019.12.15-22.58.06:259][  0]LogConfig: Setting CVar [[r.ParticleLightQuality:2]]
[2019.12.15-22.58.06:259][  0]LogConfig: Applying CVar settings from Section [FoliageQuality@3] File [D:/Users/Elizabeth/Documents/CS-328-Game/CS328Team11/Saved/Config/Windows/Scalability.ini]
[2019.12.15-22.58.06:259][  0]LogConfig: Setting CVar [[foliage.DensityScale:1.0]]
[2019.12.15-22.58.06:259][  0]LogConfig: Setting CVar [[grass.DensityScale:1.0]]
[2019.12.15-22.58.06:259][  0]LogInit: Selected Device Profile: [Windows]
[2019.12.15-22.58.06:259][  0]LogInit: Applying CVar settings loaded from the selected device profile: [Windows]
[2019.12.15-22.58.06:273][  0]LogHAL: Display: Platform has ~ 8 GB [8471191552 / 8589934592 / 8], which maps to Default [LargestMinGB=32, LargerMinGB=12, DefaultMinGB=8, SmallerMinGB=6, SmallestMinGB=0)
[2019.12.15-22.58.06:273][  0]LogInit: Going up to parent DeviceProfile []
[2019.12.15-22.58.06:273][  0]LogConfig: Applying CVar settings from Section [ViewDistanceQuality@3] File [D:/Users/Elizabeth/Documents/CS-328-Game/CS328Team11/Saved/Config/Windows/Scalability.ini]
[2019.12.15-22.58.06:273][  0]LogConfig: Setting CVar [[r.SkeletalMeshLODBias:0]]
[2019.12.15-22.58.06:273][  0]LogConfig: Setting CVar [[r.ViewDistanceScale:1.0]]
[2019.12.15-22.58.06:273][  0]LogConfig: Applying CVar settings from Section [AntiAliasingQuality@3] File [D:/Users/Elizabeth/Documents/CS-328-Game/CS328Team11/Saved/Config/Windows/Scalability.ini]
[2019.12.15-22.58.06:273][  0]LogConfig: Setting CVar [[r.PostProcessAAQuality:4]]
[2019.12.15-22.58.06:273][  0]LogConfig: Applying CVar settings from Section [ShadowQuality@3] File [D:/Users/Elizabeth/Documents/CS-328-Game/CS328Team11/Saved/Config/Windows/Scalability.ini]
[2019.12.15-22.58.06:273][  0]LogConfig: Setting CVar [[r.LightFunctionQuality:1]]
[2019.12.15-22.58.06:273][  0]LogConfig: Setting CVar [[r.ShadowQuality:5]]
[2019.12.15-22.58.06:273][  0]LogConfig: Setting CVar [[r.Shadow.CSM.MaxCascades:10]]
[2019.12.15-22.58.06:273][  0]LogConfig: Setting CVar [[r.Shadow.MaxResolution:2048]]
[2019.12.15-22.58.06:273][  0]LogConfig: Setting CVar [[r.Shadow.MaxCSMResolution:2048]]
[2019.12.15-22.58.06:273][  0]LogConfig: Setting CVar [[r.Shadow.RadiusThreshold:0.01]]
[2019.12.15-22.58.06:273][  0]LogConfig: Setting CVar [[r.Shadow.DistanceScale:1.0]]
[2019.12.15-22.58.06:273][  0]LogConfig: Setting CVar [[r.Shadow.CSM.TransitionScale:1.0]]
[2019.12.15-22.58.06:273][  0]LogConfig: Setting CVar [[r.Shadow.PreShadowResolutionFactor:1.0]]
[2019.12.15-22.58.06:273][  0]LogConfig: Setting CVar [[r.DistanceFieldShadowing:1]]
[2019.12.15-22.58.06:273][  0]LogConfig: Setting CVar [[r.DistanceFieldAO:1]]
[2019.12.15-22.58.06:274][  0]LogConfig: Setting CVar [[r.AOQuality:2]]
[2019.12.15-22.58.06:274][  0]LogConfig: Setting CVar [[r.VolumetricFog:1]]
[2019.12.15-22.58.06:274][  0]LogConfig: Setting CVar [[r.VolumetricFog.GridPixelSize:8]]
[2019.12.15-22.58.06:274][  0]LogConfig: Setting CVar [[r.VolumetricFog.GridSizeZ:128]]
[2019.12.15-22.58.06:274][  0]LogConfig: Setting CVar [[r.VolumetricFog.HistoryMissSupersampleCount:4]]
[2019.12.15-22.58.06:274][  0]LogConfig: Setting CVar [[r.LightMaxDrawDistanceScale:1]]
[2019.12.15-22.58.06:274][  0]LogConfig: Setting CVar [[r.CapsuleShadows:1]]
[2019.12.15-22.58.06:274][  0]LogConfig: Applying CVar settings from Section [PostProcessQuality@3] File [D:/Users/Elizabeth/Documents/CS-328-Game/CS328Team11/Saved/Config/Windows/Scalability.ini]
[2019.12.15-22.58.06:274][  0]LogConfig: Setting CVar [[r.MotionBlurQuality:4]]
[2019.12.15-22.58.06:274][  0]LogConfig: Setting CVar [[r.AmbientOcclusionMipLevelFactor:0.4]]
[2019.12.15-22.58.06:274][  0]LogConfig: Setting CVar [[r.AmbientOcclusionMaxQuality:100]]
[2019.12.15-22.58.06:274][  0]LogConfig: Setting CVar [[r.AmbientOcclusionLevels:-1]]
[2019.12.15-22.58.06:274][  0]LogConfig: Setting CVar [[r.AmbientOcclusionRadiusScale:1.0]]
[2019.12.15-22.58.06:274][  0]LogConfig: Setting CVar [[r.DepthOfFieldQuality:2]]
[2019.12.15-22.58.06:274][  0]LogConfig: Setting CVar [[r.RenderTargetPoolMin:400]]
[2019.12.15-22.58.06:274][  0]LogConfig: Setting CVar [[r.LensFlareQuality:2]]
[2019.12.15-22.58.06:274][  0]LogConfig: Setting CVar [[r.SceneColorFringeQuality:1]]
[2019.12.15-22.58.06:274][  0]LogConfig: Setting CVar [[r.EyeAdaptationQuality:2]]
[2019.12.15-22.58.06:274][  0]LogConfig: Setting CVar [[r.BloomQuality:5]]
[2019.12.15-22.58.06:274][  0]LogConfig: Setting CVar [[r.FastBlurThreshold:100]]
[2019.12.15-22.58.06:274][  0]LogConfig: Setting CVar [[r.Upscale.Quality:3]]
[2019.12.15-22.58.06:274][  0]LogConfig: Setting CVar [[r.Tonemapper.GrainQuantization:1]]
[2019.12.15-22.58.06:274][  0]LogConfig: Setting CVar [[r.LightShaftQuality:1]]
[2019.12.15-22.58.06:274][  0]LogConfig: Setting CVar [[r.Filter.SizeScale:1]]
[2019.12.15-22.58.06:274][  0]LogConfig: Setting CVar [[r.Tonemapper.Quality:5]]
[2019.12.15-22.58.06:274][  0]LogConfig: Setting CVar [[r.DOF.Gather.AccumulatorQuality:1        ; higher gathering accumulator quality]]
[2019.12.15-22.58.06:274][  0]LogConfig: Setting CVar [[r.DOF.Gather.PostfilterMethod:1          ; Median3x3 postfilering method]]
[2019.12.15-22.58.06:274][  0]LogConfig: Setting CVar [[r.DOF.Gather.EnableBokehSettings:0       ; no bokeh simulation when gathering]]
[2019.12.15-22.58.06:274][  0]LogConfig: Setting CVar [[r.DOF.Gather.RingCount:4                 ; medium number of samples when gathering]]
[2019.12.15-22.58.06:274][  0]LogConfig: Setting CVar [[r.DOF.Scatter.ForegroundCompositing:1    ; additive foreground scattering]]
[2019.12.15-22.58.06:274][  0]LogConfig: Setting CVar [[r.DOF.Scatter.BackgroundCompositing:2    ; additive background scattering]]
[2019.12.15-22.58.06:274][  0]LogConfig: Setting CVar [[r.DOF.Scatter.EnableBokehSettings:1      ; bokeh simulation when scattering]]
[2019.12.15-22.58.06:274][  0]LogConfig: Setting CVar [[r.DOF.Scatter.MaxSpriteRatio:0.1         ; only a maximum of 10% of scattered bokeh]]
[2019.12.15-22.58.06:274][  0]LogConfig: Setting CVar [[r.DOF.Recombine.Quality:1                ; cheap slight out of focus]]
[2019.12.15-22.58.06:274][  0]LogConfig: Setting CVar [[r.DOF.Recombine.EnableBokehSettings:0    ; no bokeh simulation on slight out of focus]]
[2019.12.15-22.58.06:274][  0]LogConfig: Setting CVar [[r.DOF.TemporalAAQuality:1                ; more stable temporal accumulation]]
[2019.12.15-22.58.06:275][  0]LogConfig: Setting CVar [[r.DOF.Kernel.MaxForegroundRadius:0.025]]
[2019.12.15-22.58.06:275][  0]LogConfig: Setting CVar [[r.DOF.Kernel.MaxBackgroundRadius:0.025]]
[2019.12.15-22.58.06:275][  0]LogConfig: Applying CVar settings from Section [TextureQuality@3] File [D:/Users/Elizabeth/Documents/CS-328-Game/CS328Team11/Saved/Config/Windows/Scalability.ini]
[2019.12.15-22.58.06:275][  0]LogConfig: Setting CVar [[r.Streaming.MipBias:0]]
[2019.12.15-22.58.06:275][  0]LogConfig: Setting CVar [[r.Streaming.AmortizeCPUToGPUCopy:0]]
[2019.12.15-22.58.06:275][  0]LogConfig: Setting CVar [[r.Streaming.MaxNumTexturesToStreamPerFrame:0]]
[2019.12.15-22.58.06:275][  0]LogConfig: Setting CVar [[r.Streaming.Boost:1]]
[2019.12.15-22.58.06:275][  0]LogConfig: Setting CVar [[r.MaxAnisotropy:8]]
[2019.12.15-22.58.06:275][  0]LogConfig: Setting CVar [[r.Streaming.LimitPoolSizeToVRAM:0]]
[2019.12.15-22.58.06:275][  0]LogConfig: Setting CVar [[r.Streaming.PoolSize:1000]]
[2019.12.15-22.58.06:275][  0]LogConfig: Setting CVar [[r.Streaming.MaxEffectiveScreenSize:0]]
[2019.12.15-22.58.06:275][  0]LogConfig: Applying CVar settings from Section [EffectsQuality@3] File [D:/Users/Elizabeth/Documents/CS-328-Game/CS328Team11/Saved/Config/Windows/Scalability.ini]
[2019.12.15-22.58.06:275][  0]LogConfig: Setting CVar [[r.TranslucencyLightingVolumeDim:64]]
[2019.12.15-22.58.06:275][  0]LogConfig: Setting CVar [[r.RefractionQuality:2]]
[2019.12.15-22.58.06:275][  0]LogConfig: Setting CVar [[r.SSR.Quality:3]]
[2019.12.15-22.58.06:275][  0]LogConfig: Setting CVar [[r.SceneColorFormat:4]]
[2019.12.15-22.58.06:275][  0]LogConfig: Setting CVar [[r.DetailMode:2]]
[2019.12.15-22.58.06:275][  0]LogConfig: Setting CVar [[r.TranslucencyVolumeBlur:1]]
[2019.12.15-22.58.06:275][  0]LogConfig: Setting CVar [[r.MaterialQualityLevel:1 ; High quality]]
[2019.12.15-22.58.06:275][  0]LogConfig: Setting CVar [[r.SSS.Scale:1]]
[2019.12.15-22.58.06:275][  0]LogConfig: Setting CVar [[r.SSS.SampleSet:2]]
[2019.12.15-22.58.06:275][  0]LogConfig: Setting CVar [[r.SSS.Quality:1]]
[2019.12.15-22.58.06:275][  0]LogConfig: Setting CVar [[r.SSS.HalfRes:1]]
[2019.12.15-22.58.06:275][  0]LogConfig: Setting CVar [[r.EmitterSpawnRateScale:1.0]]
[2019.12.15-22.58.06:275][  0]LogConfig: Setting CVar [[r.ParticleLightQuality:2]]
[2019.12.15-22.58.06:275][  0]LogConfig: Applying CVar settings from Section [FoliageQuality@3] File [D:/Users/Elizabeth/Documents/CS-328-Game/CS328Team11/Saved/Config/Windows/Scalability.ini]
[2019.12.15-22.58.06:275][  0]LogConfig: Setting CVar [[foliage.DensityScale:1.0]]
[2019.12.15-22.58.06:275][  0]LogConfig: Setting CVar [[grass.DensityScale:1.0]]
[2019.12.15-22.58.06:275][  0]LogConfig: Applying CVar settings from Section [Startup] File [../../../Engine/Config/ConsoleVariables.ini]
[2019.12.15-22.58.06:276][  0]LogConfig: Setting CVar [[net.UseAdaptiveNetUpdateFrequency:0]]
[2019.12.15-22.58.06:276][  0]LogConfig: Setting CVar [[p.chaos.AllowCreatePhysxBodies:1]]
[2019.12.15-22.58.06:276][  0]LogConfig: Applying CVar settings from Section [ConsoleVariables] File [D:/Users/Elizabeth/Documents/CS-328-Game/CS328Team11/Saved/Config/Windows/Engine.ini]
[2019.12.15-22.58.06:276][  0]LogInit: Computer: YOLK
[2019.12.15-22.58.06:276][  0]LogInit: User: Elizabeth
[2019.12.15-22.58.06:276][  0]LogInit: CPU Page size=4096, Cores=4
[2019.12.15-22.58.06:276][  0]LogInit: High frequency timer resolution =10.000000 MHz
[2019.12.15-22.58.06:277][  0]LogMemory: Memory total: Physical=7.9GB (8GB approx)
[2019.12.15-22.58.06:277][  0]LogMemory: Platform Memory Stats for Windows
[2019.12.15-22.58.06:277][  0]LogMemory: Process Physical Memory: 100.76 MB used, 100.76 MB peak
[2019.12.15-22.58.06:277][  0]LogMemory: Process Virtual Memory: 100.57 MB used, 100.57 MB peak
[2019.12.15-22.58.06:277][  0]LogMemory: Physical Memory: 6441.98 MB used,  1636.78 MB free, 8078.76 MB total
[2019.12.15-22.58.06:277][  0]LogMemory: Virtual Memory: 4668.48 MB used,  134213056.00 MB free, 134217728.00 MB total
[2019.12.15-22.58.06:287][  0]LogWindows: WindowsPlatformFeatures enabled
[2019.12.15-22.58.06:600][  0]LogInit: Using OS detected language (en-US).
[2019.12.15-22.58.06:600][  0]LogInit: Using OS detected locale (en-US).
[2019.12.15-22.58.06:601][  0]LogTextLocalizationManager: No specific localization for 'en-US' exists, so the 'en' localization will be used.
[2019.12.15-22.58.07:399][  0]LogInit: Setting process to per monitor DPI aware
[2019.12.15-22.58.07:661][  0]LogSlate: New Slate User Created.  User Index 0, Is Virtual User: 0
[2019.12.15-22.58.07:661][  0]LogSlate: Slate User Registered.  User Index 0, Is Virtual User: 0
[2019.12.15-22.58.08:489][  0]LogHMD: Failed to initialize OpenVR with code 110
[2019.12.15-22.58.08:489][  0]LogD3D11RHI: D3D11 adapters:
[2019.12.15-22.58.08:669][  0]LogD3D11RHI:    0. 'NVIDIA GeForce GTX 1050 Ti' (Feature Level 11_0)
[2019.12.15-22.58.08:669][  0]LogD3D11RHI:       4018/0/4039 MB DedicatedVideo/DedicatedSystem/SharedSystem, Outputs:1, VendorId:0x10de
[2019.12.15-22.58.08:691][  0]LogD3D11RHI:    1. 'Intel(R) HD Graphics 630' (Feature Level 11_0)
[2019.12.15-22.58.08:691][  0]LogD3D11RHI:       128/0/4039 MB DedicatedVideo/DedicatedSystem/SharedSystem, Outputs:0, VendorId:0x8086
[2019.12.15-22.58.08:699][  0]LogD3D11RHI:    2. 'Microsoft Basic Render Driver' (Feature Level 11_0)
[2019.12.15-22.58.08:699][  0]LogD3D11RHI:       0/0/4039 MB DedicatedVideo/DedicatedSystem/SharedSystem, Outputs:0, VendorId:0x1414
[2019.12.15-22.58.08:699][  0]LogD3D11RHI: Chosen D3D11 Adapter: 0
[2019.12.15-22.58.08:760][  0]LogD3D11RHI: Creating new Direct3DDevice
[2019.12.15-22.58.08:761][  0]LogD3D11RHI:     GPU DeviceId: 0x1c8c (for the marketing name, search the web for "GPU Device Id")
[2019.12.15-22.58.08:761][  0]LogWindows: EnumDisplayDevices:
[2019.12.15-22.58.08:761][  0]LogWindows:    0. 'Intel(R) HD Graphics 630' (P:1 D:1)
[2019.12.15-22.58.08:762][  0]LogWindows:    1. 'Intel(R) HD Graphics 630' (P:0 D:0)
[2019.12.15-22.58.08:763][  0]LogWindows:    2. 'Intel(R) HD Graphics 630' (P:0 D:0)
[2019.12.15-22.58.08:763][  0]LogWindows:    3. 'NVIDIA GeForce GTX 1050 Ti' (P:0 D:0)
[2019.12.15-22.58.08:764][  0]LogWindows:    4. 'NVIDIA GeForce GTX 1050 Ti' (P:0 D:0)
[2019.12.15-22.58.08:765][  0]LogWindows:    5. 'NVIDIA GeForce GTX 1050 Ti' (P:0 D:0)
[2019.12.15-22.58.08:765][  0]LogWindows:    6. 'NVIDIA GeForce GTX 1050 Ti' (P:0 D:0)
[2019.12.15-22.58.08:766][  0]LogWindows: DebugString: PrimaryIsNotTheChoosenAdapter PrimaryIsNotTheChoosenAdapter PrimaryIsNotTheChoosenAdapter FoundDriverCount:4 
[2019.12.15-22.58.08:766][  0]LogD3D11RHI:     Adapter Name: NVIDIA GeForce GTX 1050 Ti
[2019.12.15-22.58.08:766][  0]LogD3D11RHI:   Driver Version: 398.36 (internal:24.21.13.9836, unified:398.36)
[2019.12.15-22.58.08:766][  0]LogD3D11RHI:      Driver Date: 6-24-2018
[2019.12.15-22.58.08:766][  0]LogRHI: Texture pool is 2812 MB (70% of 4018 MB)
[2019.12.15-22.58.08:865][  0]LogD3D11RHI: Async texture creation enabled
[2019.12.15-22.58.08:923][  0]LogD3D11RHI: GPU Timing Frequency: 1000.000000 (Debug: 2 2)
[2019.12.15-22.58.09:710][  0]LogTemp: Display: Module 'AllDesktopTargetPlatform' loaded TargetPlatform 'AllDesktop'
[2019.12.15-22.58.09:735][  0]LogTemp: Display: Module 'MacClientTargetPlatform' loaded TargetPlatform 'MacClient'
[2019.12.15-22.58.09:752][  0]LogTemp: Display: Module 'MacNoEditorTargetPlatform' loaded TargetPlatform 'MacNoEditor'
[2019.12.15-22.58.09:775][  0]LogTemp: Display: Module 'MacServerTargetPlatform' loaded TargetPlatform 'MacServer'
[2019.12.15-22.58.09:805][  0]LogTemp: Display: Module 'MacTargetPlatform' loaded TargetPlatform 'Mac'
[2019.12.15-22.58.09:834][  0]LogTemp: Display: Module 'WindowsClientTargetPlatform' loaded TargetPlatform 'WindowsClient'
[2019.12.15-22.58.09:909][  0]LogTemp: Display: Module 'WindowsNoEditorTargetPlatform' loaded TargetPlatform 'WindowsNoEditor'
[2019.12.15-22.58.09:948][  0]LogTemp: Display: Module 'WindowsServerTargetPlatform' loaded TargetPlatform 'WindowsServer'
[2019.12.15-22.58.09:958][  0]LogTemp: Display: Module 'WindowsTargetPlatform' loaded TargetPlatform 'Windows'
[2019.12.15-22.58.10:068][  0]LogTemp: Display: Module 'AndroidTargetPlatform' loaded TargetPlatform 'Android'
[2019.12.15-22.58.10:069][  0]LogTemp: Display: Module 'AndroidTargetPlatform' loaded TargetPlatform 'Android_ASTC'
[2019.12.15-22.58.10:069][  0]LogTemp: Display: Module 'AndroidTargetPlatform' loaded TargetPlatform 'Android_ATC'
[2019.12.15-22.58.10:069][  0]LogTemp: Display: Module 'AndroidTargetPlatform' loaded TargetPlatform 'Android_DXT'
[2019.12.15-22.58.10:069][  0]LogTemp: Display: Module 'AndroidTargetPlatform' loaded TargetPlatform 'Android_ETC1'
[2019.12.15-22.58.10:069][  0]LogTemp: Display: Module 'AndroidTargetPlatform' loaded TargetPlatform 'Android_ETC1a'
[2019.12.15-22.58.10:069][  0]LogTemp: Display: Module 'AndroidTargetPlatform' loaded TargetPlatform 'Android_ETC2'
[2019.12.15-22.58.10:069][  0]LogTemp: Display: Module 'AndroidTargetPlatform' loaded TargetPlatform 'Android_PVRTC'
[2019.12.15-22.58.10:069][  0]LogTemp: Display: Module 'AndroidTargetPlatform' loaded TargetPlatform 'AndroidClient'
[2019.12.15-22.58.10:069][  0]LogTemp: Display: Module 'AndroidTargetPlatform' loaded TargetPlatform 'Android_ASTCClient'
[2019.12.15-22.58.10:069][  0]LogTemp: Display: Module 'AndroidTargetPlatform' loaded TargetPlatform 'Android_ATCClient'
[2019.12.15-22.58.10:069][  0]LogTemp: Display: Module 'AndroidTargetPlatform' loaded TargetPlatform 'Android_DXTClient'
[2019.12.15-22.58.10:069][  0]LogTemp: Display: Module 'AndroidTargetPlatform' loaded TargetPlatform 'Android_ETC1Client'
[2019.12.15-22.58.10:069][  0]LogTemp: Display: Module 'AndroidTargetPlatform' loaded TargetPlatform 'Android_ETC1aClient'
[2019.12.15-22.58.10:069][  0]LogTemp: Display: Module 'AndroidTargetPlatform' loaded TargetPlatform 'Android_ETC2Client'
[2019.12.15-22.58.10:069][  0]LogTemp: Display: Module 'AndroidTargetPlatform' loaded TargetPlatform 'Android_PVRTCClient'
[2019.12.15-22.58.10:069][  0]LogTemp: Display: Module 'AndroidTargetPlatform' loaded TargetPlatform 'Android_Multi'
[2019.12.15-22.58.10:069][  0]LogTemp: Display: Module 'AndroidTargetPlatform' loaded TargetPlatform 'Android_MultiClient'
[2019.12.15-22.58.10:082][  0]LogTemp: Display: Module 'HTML5TargetPlatform' loaded TargetPlatform 'HTML5'
[2019.12.15-22.58.10:250][  0]LogTemp: Display: Module 'IOSTargetPlatform' loaded TargetPlatform 'IOSClient'
[2019.12.15-22.58.10:250][  0]LogTemp: Display: Module 'IOSTargetPlatform' loaded TargetPlatform 'IOS'
[2019.12.15-22.58.10:302][  0]LogTemp: Display: Module 'TVOSTargetPlatform' loaded TargetPlatform 'TVOSClient'
[2019.12.15-22.58.10:302][  0]LogTemp: Display: Module 'TVOSTargetPlatform' loaded TargetPlatform 'TVOS'
[2019.12.15-22.58.10:355][  0]LogTemp: Display: Module 'LinuxClientTargetPlatform' loaded TargetPlatform 'LinuxClient'
[2019.12.15-22.58.10:376][  0]LogTemp: Display: Module 'LinuxNoEditorTargetPlatform' loaded TargetPlatform 'LinuxNoEditor'
[2019.12.15-22.58.10:393][  0]LogTemp: Display: Module 'LinuxServerTargetPlatform' loaded TargetPlatform 'LinuxServer'
[2019.12.15-22.58.10:475][  0]LogTemp: Display: Module 'LinuxTargetPlatform' loaded TargetPlatform 'Linux'
[2019.12.15-22.58.10:551][  0]LogTemp: Display: Module 'LuminTargetPlatform' loaded TargetPlatform 'Lumin'
[2019.12.15-22.58.10:551][  0]LogTemp: Display: Module 'LuminTargetPlatform' loaded TargetPlatform 'LuminClient'
[2019.12.15-22.58.10:551][  0]LogTargetPlatformManager: Display: Building Assets For Windows
[2019.12.15-22.58.10:642][  0]LogAudioDebug: Display: Lib vorbis DLL was dynamically loaded.
[2019.12.15-22.58.11:027][  0]LogShaderCompilers: Guid format shader working directory is -15 characters bigger than the processId version (../../../../../Users/Elizabeth/Documents/CS-328-Game/CS328Team11/Intermediate/Shaders/WorkingDirectory/13016/).
[2019.12.15-22.58.11:027][  0]LogShaderCompilers: Cleaned the shader compiler working directory 'C:/Users/Elizabeth/AppData/Local/Temp/UnrealShaderWorkingDir/E0F0705A4187E00D517734B4863B12D1/'.
[2019.12.15-22.58.11:038][  0]LogXGEController: Cannot use XGE Controller as Incredibuild is not installed on this machine.
[2019.12.15-22.58.11:038][  0]LogShaderCompilers: Cannot use XGE Shader Compiler as Incredibuild is not installed on this machine.
[2019.12.15-22.58.11:038][  0]LogShaderCompilers: Display: Using Local Shader Compiler.
[2019.12.15-22.58.12:848][  0]LogDerivedDataCache: Display: Max Cache Size: 512 MB
[2019.12.15-22.58.12:983][  0]LogDerivedDataCache: Loaded boot cache 0.13s 73MB C:/Users/Elizabeth/AppData/Local/UnrealEngine/4.23/DerivedDataCache/Boot.ddc.
[2019.12.15-22.58.12:983][  0]LogDerivedDataCache: Display: Loaded Boot cache: C:/Users/Elizabeth/AppData/Local/UnrealEngine/4.23/DerivedDataCache/Boot.ddc
[2019.12.15-22.58.12:984][  0]LogDerivedDataCache: FDerivedDataBackendGraph:  Pak pak cache file ../../../../../Users/Elizabeth/Documents/CS-328-Game/CS328Team11/DerivedDataCache/DDC.ddp not found, will not use a pak cache.
[2019.12.15-22.58.12:984][  0]LogDerivedDataCache: Unable to find inner node Pak for hierarchical cache Hierarchy.
[2019.12.15-22.58.12:984][  0]LogDerivedDataCache: FDerivedDataBackendGraph:  CompressedPak pak cache file ../../../../../Users/Elizabeth/Documents/CS-328-Game/CS328Team11/DerivedDataCache/Compressed.ddp not found, will not use a pak cache.
[2019.12.15-22.58.12:984][  0]LogDerivedDataCache: Unable to find inner node CompressedPak for hierarchical cache Hierarchy.
[2019.12.15-22.58.13:018][  0]LogDerivedDataCache: Display: Pak cache opened for reading ../../../Engine/DerivedDataCache/Compressed.ddp.
[2019.12.15-22.58.13:018][  0]LogDerivedDataCache: FDerivedDataBackendGraph:  EnterprisePak pak cache file ../../../Enterprise/DerivedDataCache/Compressed.ddp not found, will not use a pak cache.
[2019.12.15-22.58.13:018][  0]LogDerivedDataCache: Unable to find inner node EnterprisePak for hierarchical cache Hierarchy.
[2019.12.15-22.58.13:021][  0]LogDerivedDataCache: Using Local data cache path C:/Users/Elizabeth/AppData/Local/UnrealEngine/Common/DerivedDataCache: Writable
[2019.12.15-22.58.13:021][  0]LogDerivedDataCache: Shared data cache path not found in *engine.ini, will not use an Shared cache.
[2019.12.15-22.58.13:021][  0]LogDerivedDataCache: Unable to find inner node Shared for hierarchical cache Hierarchy.
[2019.12.15-22.58.13:074][  0]LogMaterial: Verifying Global Shaders for PCD3D_SM5
[2019.12.15-22.58.13:079][  0]LogSlate: Using FreeType 2.6.0
[2019.12.15-22.58.13:104][  0]LogSlate: SlateFontServices - WITH_FREETYPE: 1, WITH_HARFBUZZ: 1
[2019.12.15-22.58.13:564][  0]LogAssetRegistry: FAssetRegistry took 0.0070 seconds to start up
[2019.12.15-22.58.14:945][  0]LogInit: Selected Device Profile: [Windows]
[2019.12.15-22.58.15:594][  0]LogMeshReduction: Using QuadricMeshReduction for automatic static mesh reduction
[2019.12.15-22.58.15:594][  0]LogMeshReduction: Using SimplygonMeshReduction for automatic skeletal mesh reduction
[2019.12.15-22.58.15:594][  0]LogMeshReduction: Using ProxyLODMeshReduction for automatic mesh merging
[2019.12.15-22.58.15:594][  0]LogMeshReduction: No distributed automatic mesh merging module available
[2019.12.15-22.58.15:594][  0]LogMeshMerging: No distributed automatic mesh merging module available
[2019.12.15-22.58.16:132][  0]LogNetVersion: CS328Team11 1.0.0, NetCL: 8386587, EngineNetVer: 11, GameNetVer: 0 (Checksum: 2400628328)
[2019.12.15-22.58.16:745][  0]LogClass: Warning: In asset 'None', there is an enum property of type 'EDepthOfFieldMethod' with an invalid value of '('
[2019.12.15-22.58.17:571][  0]LogPackageLocalizationCache: Processed 12 localized package path(s) for 1 prioritized culture(s) in 0.133013 seconds
[2019.12.15-22.58.17:592][  0]LogUObjectArray: 43444 objects as part of root set at end of initial load.
[2019.12.15-22.58.17:592][  0]LogUObjectAllocator: 7548648 out of 0 bytes used by permanent object pool.
[2019.12.15-22.58.17:592][  0]LogUObjectArray: CloseDisregardForGC: 0/0 objects in disregard for GC pool
[2019.12.15-22.58.23:872][  0]LogTcpMessaging: Initializing TcpMessaging bridge
[2019.12.15-22.58.23:892][  0]LogUdpMessaging: Initializing bridge on interface 0.0.0.0:0 to multicast group 230.0.0.1:6666.
[2019.12.15-22.58.24:292][  0]SourceControl: Source control is disabled
[2019.12.15-22.58.24:292][  0]SourceControl: Source control is disabled
[2019.12.15-22.58.24:324][  0]SourceControl: Source control is disabled
[2019.12.15-22.58.24:341][  0]SourceControl: Source control is disabled
[2019.12.15-22.58.24:377][  0]LogVSAccessor: Display: Unable to create Visual Studio setup instance: 80040154
[2019.12.15-22.58.24:379][  0]LogVSAccessor: Display: Unable to create Visual Studio setup instance: 80040154
[2019.12.15-22.58.25:044][  0]LogAndroidPermission: UAndroidPermissionCallbackProxy::GetInstance
[2019.12.15-22.58.25:668][  0]LogOcInput: OculusInput pre-init called
[2019.12.15-22.58.25:714][  0]LogWindows: Failed to load 'OVRPlugin.dll' (GetLastError=126)
[2019.12.15-22.58.25:714][  0]LogWindows: File 'OVRPlugin.dll' does not exist
[2019.12.15-22.58.26:388][  0]LogEngine: Initializing Engine...
[2019.12.15-22.58.26:416][  0]LogHMD: Failed to initialize OpenVR with code 110
[2019.12.15-22.58.26:436][  0]LogStats: UGameplayTagsManager::InitializeManager -  0.000 s
[2019.12.15-22.58.27:007][  0]LogInit: Initializing FReadOnlyCVARCache
[2019.12.15-22.58.27:174][  0]LogAIModule: Creating AISystem for world Untitled
[2019.12.15-22.58.27:211][  0]LogInit: XAudio2 using 'Speaker/Headphone (Realtek High Definition Audio)' : 2 channels at 48 kHz using 32 bits per sample (channel mask 0x3)
[2019.12.15-22.58.27:288][  0]LogInit: FAudioDevice initialized.
[2019.12.15-22.58.27:289][  0]LogNetVersion: Set ProjectVersion to 1.0.0.0. Version Checksum will be recalculated on next use.
[2019.12.15-22.58.27:386][  0]LogDerivedDataCache: Saved boot cache 0.10s 73MB C:/Users/Elizabeth/AppData/Local/UnrealEngine/4.23/DerivedDataCache/Boot.ddc.
[2019.12.15-22.58.27:392][  0]LogInit: Texture streaming: Enabled
[2019.12.15-22.58.27:481][  0]LogEngineSessionManager: EngineSessionManager initialized
[2019.12.15-22.58.27:481][  0]LogEditorSessionSummary: Verbose: Initializing EditorSessionSummaryWriter for editor session tracking
[2019.12.15-22.58.27:482][  0]LogEditorSessionSummary: EditorSessionSummaryWriter initialized
[2019.12.15-22.58.27:715][  0]LogInit: Transaction tracking system initialized
[2019.12.15-22.58.28:065][  0]BlueprintLog: New page: Editor Load
[2019.12.15-22.58.28:797][  0]LocalizationService: Localization service is disabled
[2019.12.15-22.58.29:280][  0]LogVSAccessor: Display: Unable to create Visual Studio setup instance: 80040154
[2019.12.15-22.58.29:281][  0]LogVSAccessor: Display: Unable to create Visual Studio setup instance: 80040154
[2019.12.15-22.58.29:980][  0]LogFileCache: Scanning file cache for directory 'D:/Users/Elizabeth/Documents/CS-328-Game/CS328Team11/Content/' took 0.02s
[2019.12.15-22.58.29:980][  0]LogCook: Display: Max memory allowance for cook 16384mb min free memory 0mb
[2019.12.15-22.58.29:980][  0]LogCook: Display: Mobile HDR setting 1
[2019.12.15-22.58.31:631][  0]SourceControl: Source control is disabled
[2019.12.15-22.58.31:631][  0]Cmd: MAP LOAD FILE="../../../../../Users/Elizabeth/Documents/CS-328-Game/CS328Team11/Content/Levels/LevelOne.umap" TEMPLATE=0 SHOWPROGRESS=1 FEATURELEVEL=3
[2019.12.15-22.58.31:632][  0]LightingResults: New page: Lighting Build
[2019.12.15-22.58.31:670][  0]LogWorld: UWorld::CleanupWorld for Untitled, bSessionEnded=true, bCleanupResources=true
[2019.12.15-22.58.31:683][  0]MapCheck: New page: Map Check
[2019.12.15-22.58.31:683][  0]LightingResults: New page: Lighting Build
[2019.12.15-22.58.31:738][  0]LogUObjectHash: Compacting FUObjectHashTables data took   3.07ms
[2019.12.15-22.58.38:199][  0]LogMaterial: Display: Missing cached shader map for material cgaxis_models_115_37_04, compiling. 
[2019.12.15-22.58.38:312][  0]LogShaderCompilers: Display: Worker (1/5): shaders left to compile 22
[2019.12.15-22.58.38:312][  0]LogShaderCompilers: Display: Worker (2/5): shaders left to compile 17
[2019.12.15-22.58.38:312][  0]LogShaderCompilers: Display: Worker (3/5): shaders left to compile 12
[2019.12.15-22.58.38:312][  0]LogShaderCompilers: Display: Worker (4/5): shaders left to compile 7
[2019.12.15-22.58.38:312][  0]LogShaderCompilers: Display: Worker (5/5): shaders left to compile 2
[2019.12.15-22.58.38:312][  0]LogMaterial: Display: Missing cached shader map for material cgaxis_models_115_37_07, compiling. 
[2019.12.15-22.58.38:418][  0]LogMaterial: Display: Missing cached shader map for material cgaxis_models_115_37_02, compiling. 
[2019.12.15-22.58.38:576][  0]LogMaterial: Display: Missing cached shader map for material cgaxis_models_115_37_01, compiling. 
[2019.12.15-22.58.39:995][  0]LogMaterial: Display: Missing cached shader map for material landscape_mat, compiling. 
[2019.12.15-22.58.40:084][  0]LogMaterial: Display: Missing cached shader map for material landscape_mat, compiling. 
[2019.12.15-22.58.40:170][  0]LogMaterial: Display: Missing cached shader map for material landscape_mat, compiling. 
[2019.12.15-22.58.44:131][  0]LogMaterial: Display: Missing cached shader map for material concrete_mat, compiling. 
[2019.12.15-22.58.45:493][  0]LogAIModule: Creating AISystem for world LevelOne
[2019.12.15-22.58.51:575][  0]LogShaderCompilers: Display: Worker (5/5): shaders left to compile 284
[2019.12.15-22.58.51:576][  0]LogShaderCompilers: Display: Worker (1/5): shaders left to compile 274
[2019.12.15-22.58.51:576][  0]LogShaderCompilers: Display: Worker (2/5): shaders left to compile 264
[2019.12.15-22.58.51:576][  0]LogShaderCompilers: Display: Worker (3/5): shaders left to compile 254
[2019.12.15-22.58.51:584][  0]LogEditorServer: Finished looking for orphan Actors (0.000 secs)
[2019.12.15-22.58.52:286][  0]LogUObjectHash: Compacting FUObjectHashTables data took   9.17ms
[2019.12.15-22.58.52:286][  0]Cmd: MAP CHECKDEP NOCLEARLOG
[2019.12.15-22.58.52:287][  0]MapCheck: Map check complete: 0 Error(s), 0 Warning(s), took 0.438ms to complete.
[2019.12.15-22.58.52:287][  0]LogFileHelpers: Loading map 'LevelOne' took 20.657
[2019.12.15-22.58.52:437][  0]LogShaderCompilers: Display: Worker (4/5): shaders left to compile 244
[2019.12.15-22.58.56:963][  0]LogShaderCompilers: Display: Worker (5/5): shaders left to compile 234
[2019.12.15-22.58.56:963][  0]LogSlate: Updating window title bar state: overlay mode, drag disabled, window buttons hidden, title bar hidden
[2019.12.15-22.58.56:983][  0]LogSlate: Updating window title bar state: overlay mode, drag disabled, window buttons hidden, title bar hidden
[2019.12.15-22.58.57:001][  0]LogSlate: Updating window title bar state: overlay mode, drag disabled, window buttons hidden, title bar hidden
[2019.12.15-22.58.57:017][  0]LogSlate: Updating window title bar state: overlay mode, drag disabled, window buttons hidden, title bar hidden
[2019.12.15-22.58.57:053][  0]LogCollectionManager: Loaded 0 collections in 0.001968 seconds
[2019.12.15-22.58.57:107][  0]LogFileCache: Scanning file cache for directory 'D:/Users/Elizabeth/Documents/CS-328-Game/CS328Team11/Saved/Collections/' took 0.00s
[2019.12.15-22.58.57:107][  0]LogFileCache: Scanning file cache for directory 'D:/Users/Elizabeth/Documents/CS-328-Game/CS328Team11/Content/Developers/Elizabeth/Collections/' took 0.00s
[2019.12.15-22.58.57:107][  0]LogFileCache: Scanning file cache for directory 'D:/Users/Elizabeth/Documents/CS-328-Game/CS328Team11/Content/Collections/' took 0.00s
[2019.12.15-22.58.57:107][  0]LogCollectionManager: Rebuilt the GUID cache for 0 collections in 0.000003 seconds
[2019.12.15-22.58.57:126][  0]LogContentBrowser: Native class hierarchy populated in 0.0188 seconds. Added 2863 classes and 680 folders.
[2019.12.15-22.58.57:186][  0]LogContentBrowser: Native class hierarchy updated for 'WidgetCarousel' in 0.0005 seconds. Added 0 classes and 0 folders.
[2019.12.15-22.58.57:497][  0]LogShaderCompilers: Display: Worker (2/5): shaders left to compile 224
[2019.12.15-22.58.57:497][  0]LogContentBrowser: Native class hierarchy updated for 'AddContentDialog' in 0.0014 seconds. Added 0 classes and 0 folders.
[2019.12.15-22.58.57:514][  0]LogContentBrowser: Native class hierarchy updated for 'SceneOutliner' in 0.0005 seconds. Added 1 classes and 2 folders.
[2019.12.15-22.58.57:894][  0]LogSlate: Took 0.000213 seconds to synchronously load lazily loaded font '../../../Engine/Content/Slate/Fonts/Roboto-Regular.ttf' (155K)
[2019.12.15-22.58.57:898][  0]LogSlate: Took 0.000330 seconds to synchronously load lazily loaded font '../../../Engine/Content/Slate/Fonts/Roboto-Bold.ttf' (160K)
[2019.12.15-22.58.57:908][  0]LogSlate: Took 0.000450 seconds to synchronously load lazily loaded font '../../../Engine/Content/Editor/Slate/Fonts/FontAwesome.ttf' (139K)
[2019.12.15-22.58.58:049][  0]LogRenderer: Reallocating scene render targets to support 828x460 Format 10 NumSamples 1 (Frame:1).
[2019.12.15-22.59.13:757][  0]LogShaderCompilers: Display: Worker (3/5): shaders left to compile 214
[2019.12.15-22.59.13:758][  0]LogShaderCompilers: Display: Worker (2/5): shaders left to compile 204
[2019.12.15-22.59.13:758][  0]LogShaderCompilers: Display: Worker (1/5): shaders left to compile 194
[2019.12.15-22.59.13:773][  0]LogContentBrowser: Native class hierarchy updated for 'HierarchicalLODOutliner' in 0.0004 seconds. Added 0 classes and 0 folders.
[2019.12.15-22.59.13:773][  0]LogLoad: (Engine Initialization) Total time: 74.12 seconds
[2019.12.15-22.59.13:773][  0]LogLoad: (Engine Initialization) Total Blueprint compile time: 0.00 seconds
[2019.12.15-22.59.13:947][  0]LogContentStreaming: Texture pool size now 1000 MB
[2019.12.15-22.59.14:093][  0]LogUObjectHash: Compacting FUObjectHashTables data took   1.89ms
[2019.12.15-22.59.14:338][  0]LogSlate: Window 'CS328Team11 - Unreal Editor' being destroyed
[2019.12.15-22.59.14:356][  0]LogWindowsTextInputMethodSystem: Display: IME system now deactivated.
[2019.12.15-22.59.15:358][  1]Cmd: QUIT_EDITOR
[2019.12.15-22.59.16:258][  1]LogExit: Preparing to exit.
[2019.12.15-22.59.17:723][  1]LogDirectoryWatcher: A directory notification failed for 'D:/Users/Elizabeth/Documents/CS-328-Game/CS328Team11/Content/', and we were unable to create a new request.
[2019.12.15-22.59.18:037][  1]LogShaderCompilers: Display: Worker (4/5): shaders left to compile 184
[2019.12.15-22.59.18:096][  1]LogDemo: Cleaned up 0 splitscreen connections with owner deletion
[2019.12.15-22.59.18:468][  1]LogWorld: UWorld::CleanupWorld for None, bSessionEnded=true, bCleanupResources=true
[2019.12.15-22.59.18:558][  1]LogExit: Editor shut down
[2019.12.15-22.59.18:559][  1]LogExit: Transaction tracking system shut down
[2019.12.15-22.59.21:825][  1]LogShaderCompilers: Display: Worker (3/5): shaders left to compile 174
[2019.12.15-22.59.21:825][  1]LogExit: Object subsystem successfully closed.
[2019.12.15-22.59.22:477][  1]LogShaderCompilers: Display: Shaders left to compile 0
[2019.12.15-22.59.25:850][  1]LogModuleManager: Shutting down and abandoning module HierarchicalLODOutliner (668)
[2019.12.15-22.59.25:850][  1]LogModuleManager: Shutting down and abandoning module SceneOutliner (666)
[2019.12.15-22.59.25:850][  1]LogModuleManager: Shutting down and abandoning module AddContentDialog (664)
[2019.12.15-22.59.25:864][  1]LogModuleManager: Shutting down and abandoning module WidgetCarousel (663)
[2019.12.15-22.59.25:864][  1]LogModuleManager: Shutting down and abandoning module EditorWidgets (660)
[2019.12.15-22.59.25:864][  1]LogModuleManager: Shutting down and abandoning module CollectionManager (658)
[2019.12.15-22.59.25:865][  1]LogModuleManager: Shutting down and abandoning module StatsViewer (656)
[2019.12.15-22.59.25:884][  1]LogModuleManager: Shutting down and abandoning module VirtualTexturingEditor (654)
[2019.12.15-22.59.25:884][  1]LogModuleManager: Shutting down and abandoning module FoliageEdit (652)
[2019.12.15-22.59.25:896][  1]LogModuleManager: Shutting down and abandoning module LandscapeEditor (650)
[2019.12.15-22.59.25:968][  1]LogModuleManager: Shutting down and abandoning module MeshPaintMode (648)
[2019.12.15-22.59.25:977][  1]LogModuleManager: Shutting down and abandoning module SceneDepthPickerMode (646)
[2019.12.15-22.59.25:991][  1]LogModuleManager: Shutting down and abandoning module ActorPickerMode (644)
[2019.12.15-22.59.25:991][  1]LogModuleManager: Shutting down and abandoning module GeometryMode (642)
[2019.12.15-22.59.26:005][  1]LogModuleManager: Shutting down and abandoning module TextureAlignMode (640)
[2019.12.15-22.59.26:005][  1]LogModuleManager: Shutting down and abandoning module BspMode (638)
[2019.12.15-22.59.26:005][  1]LogModuleManager: Shutting down and abandoning module PIEPreviewDeviceProfileSelector (636)
[2019.12.15-22.59.26:021][  1]LogModuleManager: Shutting down and abandoning module SequenceRecorderSections (634)
[2019.12.15-22.59.26:021][  1]LogModuleManager: Shutting down and abandoning module AutomationWorker (632)
[2019.12.15-22.59.26:038][  1]LogModuleManager: Shutting down and abandoning module OculusMR (630)
[2019.12.15-22.59.26:038][  1]LogModuleManager: Shutting down and abandoning module AudioCaptureEditor (628)
[2019.12.15-22.59.26:051][  1]LogModuleManager: Shutting down and abandoning module MatineeToLevelSequence (626)
[2019.12.15-22.59.26:066][  1]LogModuleManager: Shutting down and abandoning module LevelSequenceEditor (624)
[2019.12.15-22.59.26:133][  1]LogModuleManager: Shutting down and abandoning module PlacementMode (623)
[2019.12.15-22.59.26:134][  1]LogModuleManager: Shutting down and abandoning module MaterialEditor (622)
[2019.12.15-22.59.26:245][  1]LogModuleManager: Shutting down and abandoning module ActorSequenceEditor (618)
[2019.12.15-22.59.26:256][  1]LogModuleManager: Shutting down and abandoning module WmfMediaFactory (616)
[2019.12.15-22.59.26:256][  1]LogModuleManager: Shutting down and abandoning module WmfMediaEditor (614)
[2019.12.15-22.59.26:256][  1]LogModuleManager: Shutting down and abandoning module WebMMediaFactory (612)
[2019.12.15-22.59.26:265][  1]LogModuleManager: Shutting down and abandoning module WebMMediaEditor (610)
[2019.12.15-22.59.26:265][  1]LogModuleManager: Shutting down and abandoning module WebMMedia (608)
[2019.12.15-22.59.26:272][  1]LogModuleManager: Shutting down and abandoning module MediaPlayerEditor (606)
[2019.12.15-22.59.26:290][  1]LogModuleManager: Shutting down and abandoning module MediaCompositingEditor (604)
[2019.12.15-22.59.26:347][  1]LogModuleManager: Shutting down and abandoning module SequenceRecorder (603)
[2019.12.15-22.59.26:348][  1]LogModuleManager: Shutting down and abandoning module OpenExrWrapper (600)
[2019.12.15-22.59.26:348][  1]LogModuleManager: Shutting down and abandoning module ImgMediaFactory (598)
[2019.12.15-22.59.26:348][  1]LogModuleManager: Shutting down and abandoning module ImgMediaEditor (596)
[2019.12.15-22.59.26:348][  1]LogModuleManager: Shutting down and abandoning module AvfMediaFactory (594)
[2019.12.15-22.59.26:348][  1]LogModuleManager: Shutting down and abandoning module AvfMediaEditor (592)
[2019.12.15-22.59.26:348][  1]LogModuleManager: Shutting down and abandoning module AndroidMediaFactory (590)
[2019.12.15-22.59.26:348][  1]LogModuleManager: Shutting down and abandoning module AndroidMediaEditor (588)
[2019.12.15-22.59.26:348][  1]LogModuleManager: Shutting down and abandoning module MagicLeapCameraPreviewFactory (586)
[2019.12.15-22.59.26:348][  1]LogModuleManager: Shutting down and abandoning module MagicLeapMediaCodecFactory (584)
[2019.12.15-22.59.26:356][  1]LogModuleManager: Shutting down and abandoning module MagicLeapMediaFactory (582)
[2019.12.15-22.59.26:363][  1]LogModuleManager: Shutting down and abandoning module MagicLeapMediaEditor (580)
[2019.12.15-22.59.26:363][  1]LogModuleManager: Shutting down and abandoning module CharacterAI (578)
[2019.12.15-22.59.26:363][  1]LogModuleManager: Shutting down and abandoning module SmartSnapping (576)
[2019.12.15-22.59.26:374][  1]LogModuleManager: Shutting down and abandoning module SessionServices (574)
[2019.12.15-22.59.26:374][  1]LogModuleManager: Shutting down and abandoning module MeshPaint (572)
[2019.12.15-22.59.26:390][  1]LogModuleManager: Shutting down and abandoning module ViewportSnapping (570)
[2019.12.15-22.59.26:390][  1]LogModuleManager: Shutting down and abandoning module ViewportInteraction (568)
[2019.12.15-22.59.26:390][  1]LogModuleManager: Shutting down and abandoning module ClothPainter (566)
[2019.12.15-22.59.26:491][  1]LogModuleManager: Shutting down and abandoning module SkeletalMeshEditor (565)
[2019.12.15-22.59.26:492][  1]LogModuleManager: Shutting down and abandoning module LogVisualizer (562)
[2019.12.15-22.59.26:522][  1]LogModuleManager: Shutting down and abandoning module IntroTutorials (560)
[2019.12.15-22.59.26:548][  1]LogModuleManager: Shutting down and abandoning module GameProjectGeneration (559)
[2019.12.15-22.59.26:559][  1]LogModuleManager: Shutting down and abandoning module LuminPlatformEditor (556)
[2019.12.15-22.59.26:559][  1]LogModuleManager: Shutting down and abandoning module IOSPlatformEditor (554)
[2019.12.15-22.59.26:567][  1]LogModuleManager: Shutting down and abandoning module HTML5PlatformEditor (552)
[2019.12.15-22.59.26:567][  1]LogModuleManager: Shutting down and abandoning module AndroidPlatformEditor (550)
[2019.12.15-22.59.26:568][  1]LogModuleManager: Shutting down and abandoning module AndroidDeviceDetection (549)
[2019.12.15-22.59.27:191][  1]LogModuleManager: Shutting down and abandoning module WindowsPlatformEditor (546)
[2019.12.15-22.59.27:191][  1]LogModuleManager: Shutting down and abandoning module LuminRuntimeSettings (544)
[2019.12.15-22.59.27:191][  1]LogModuleManager: Shutting down and abandoning module IOSRuntimeSettings (542)
[2019.12.15-22.59.27:191][  1]LogModuleManager: Shutting down and abandoning module AndroidRuntimeSettings (540)
[2019.12.15-22.59.27:191][  1]LogModuleManager: Shutting down and abandoning module TimeManagementEditor (538)
[2019.12.15-22.59.27:191][  1]LogModuleManager: Shutting down and abandoning module InputBindingEditor (536)
[2019.12.15-22.59.27:220][  1]LogModuleManager: Shutting down and abandoning module MergeActors (534)
[2019.12.15-22.59.27:235][  1]LogModuleManager: Shutting down and abandoning module LocalizationDashboard (532)
[2019.12.15-22.59.27:269][  1]LogModuleManager: Shutting down and abandoning module LocalizationService (531)
[2019.12.15-22.59.27:281][  1]LogModuleManager: Shutting down and abandoning module HardwareTargeting (528)
[2019.12.15-22.59.27:281][  1]LogModuleManager: Shutting down and abandoning module DeviceProfileEditor (526)
[2019.12.15-22.59.27:331][  1]LogModuleManager: Shutting down and abandoning module UndoHistory (524)
[2019.12.15-22.59.27:350][  1]LogModuleManager: Shutting down and abandoning module XmlParser (522)
[2019.12.15-22.59.27:355][  1]LogModuleManager: Shutting down and abandoning module Blutility (520)
[2019.12.15-22.59.27:355][  1]LogModuleManager: Shutting down and abandoning module ProjectSettingsViewer (518)
[2019.12.15-22.59.27:367][  1]LogModuleManager: Shutting down and abandoning module ProjectTargetPlatformEditor (517)
[2019.12.15-22.59.27:378][  1]LogModuleManager: Shutting down and abandoning module EditorSettingsViewer (514)
[2019.12.15-22.59.27:386][  1]LogModuleManager: Shutting down and abandoning module SettingsEditor (512)
[2019.12.15-22.59.27:408][  1]LogModuleManager: Shutting down and abandoning module ProjectLauncher (510)
[2019.12.15-22.59.27:429][  1]LogModuleManager: Shutting down and abandoning module SessionFrontend (508)
[2019.12.15-22.59.27:441][  1]LogModuleManager: Shutting down and abandoning module ProfilerClient (506)
[2019.12.15-22.59.27:451][  1]LogModuleManager: Shutting down and abandoning module DeviceManager (504)
[2019.12.15-22.59.27:467][  1]LogModuleManager: Shutting down and abandoning module TargetDeviceServices (503)
[2019.12.15-22.59.27:521][  1]LogModuleManager: Shutting down and abandoning module AutomationController (500)
[2019.12.15-22.59.27:570][  1]LogModuleManager: Shutting down and abandoning module AutomationWindow (498)
[2019.12.15-22.59.27:585][  1]LogModuleManager: Shutting down and abandoning module Layers (496)
[2019.12.15-22.59.27:598][  1]LogModuleManager: Shutting down and abandoning module ComponentVisualizers (494)
[2019.12.15-22.59.27:598][  1]LogModuleManager: Shutting down and abandoning module DetailCustomizations (492)
[2019.12.15-22.59.27:602][  1]LogModuleManager: Shutting down and abandoning module PackagesDialog (490)
[2019.12.15-22.59.27:603][  1]LogModuleManager: Shutting down and abandoning module AnimationBlueprintEditor (488)
[2019.12.15-22.59.27:634][  1]LogModuleManager: Shutting down and abandoning module Persona (486)
[2019.12.15-22.59.27:657][  1]LogModuleManager: Shutting down and abandoning module AdvancedPreviewScene (485)
[2019.12.15-22.59.27:657][  1]LogModuleManager: Shutting down and abandoning module AnimGraph (483)
[2019.12.15-22.59.27:657][  1]LogModuleManager: Shutting down and abandoning module Kismet (480)
[2019.12.15-22.59.27:687][  1]LogModuleManager: Shutting down and abandoning module KismetWidgets (479)
[2019.12.15-22.59.27:701][  1]LogModuleManager: Shutting down and abandoning module GraphEditor (476)
[2019.12.15-22.59.27:835][  1]LogModuleManager: Shutting down and abandoning module StructViewer (474)
[2019.12.15-22.59.27:843][  1]LogModuleManager: Shutting down and abandoning module ClassViewer (472)
[2019.12.15-22.59.27:855][  1]LogModuleManager: Shutting down and abandoning module Toolbox (470)
[2019.12.15-22.59.27:864][  1]LogModuleManager: Shutting down and abandoning module ModuleUI (468)
[2019.12.15-22.59.27:871][  1]LogModuleManager: Shutting down and abandoning module MovieSceneTools (466)
[2019.12.15-22.59.27:902][  1]LogModuleManager: Shutting down and abandoning module OutputLog (464)
[2019.12.15-22.59.27:916][  1]LogModuleManager: Shutting down and abandoning module GammaUI (462)
[2019.12.15-22.59.27:929][  1]LogModuleManager: Shutting down and abandoning module Documentation (460)
[2019.12.15-22.59.27:930][  1]LogModuleManager: Shutting down and abandoning module LiveCoding (458)
[2019.12.15-22.59.27:967][  1]LogModuleManager: Shutting down and abandoning module LevelSequence (456)
[2019.12.15-22.59.27:967][  1]LogModuleManager: Shutting down and abandoning module MovieSceneTracks (454)
[2019.12.15-22.59.27:992][  1]LogModuleManager: Shutting down and abandoning module MovieScene (452)
[2019.12.15-22.59.27:999][  1]LogModuleManager: Shutting down and abandoning module StreamingPauseRendering (450)
[2019.12.15-22.59.28:007][  1]LogModuleManager: Shutting down and abandoning module LauncherPlatform (448)
[2019.12.15-22.59.28:007][  1]LogModuleManager: Shutting down and abandoning module AnalyticsET (446)
[2019.12.15-22.59.28:007][  1]LogModuleManager: Shutting down and abandoning module PortalServices (444)
[2019.12.15-22.59.28:007][  1]LogModuleManager: Shutting down and abandoning module PortalRpc (442)
[2019.12.15-22.59.28:007][  1]LogModuleManager: Shutting down and abandoning module MessagingRpc (440)
[2019.12.15-22.59.28:007][  1]LogModuleManager: Shutting down and abandoning module AIModule (438)
[2019.12.15-22.59.28:087][  1]LogModuleManager: Shutting down and abandoning module GameplayDebugger (437)
[2019.12.15-22.59.28:088][  1]LogModuleManager: Shutting down and abandoning module AITestSuite (435)
[2019.12.15-22.59.28:103][  1]LogModuleManager: Shutting down and abandoning module NavigationSystem (433)
[2019.12.15-22.59.28:103][  1]LogModuleManager: Shutting down and abandoning module DesktopPlatform (430)
[2019.12.15-22.59.28:109][  1]LogModuleManager: Shutting down and abandoning module ImageWriteQueue (428)
[2019.12.15-22.59.28:120][  1]LogModuleManager: Shutting down and abandoning module ProfilerService (426)
[2019.12.15-22.59.28:200][  1]LogModuleManager: Shutting down and abandoning module TaskGraph (424)
[2019.12.15-22.59.28:212][  1]LogModuleManager: Shutting down and abandoning module ScreenshotTools (422)
[2019.12.15-22.59.28:212][  1]LogModuleManager: Shutting down and abandoning module SteamVRController (420)
[2019.12.15-22.59.28:212][  1]LogModuleManager: Shutting down and abandoning module ProceduralMeshComponentEditor (418)
[2019.12.15-22.59.28:218][  1]LogModuleManager: Shutting down and abandoning module ProceduralMeshComponent (416)
[2019.12.15-22.59.28:225][  1]LogModuleManager: Shutting down and abandoning module OculusEditor (414)
[2019.12.15-22.59.28:237][  1]LogModuleManager: Shutting down and abandoning module OculusInput (412)
[2019.12.15-22.59.28:237][  1]LogModuleManager: Shutting down and abandoning module MobilePatchingUtils (410)
[2019.12.15-22.59.28:237][  1]LogModuleManager: Shutting down and abandoning module EditableMesh (408)
[2019.12.15-22.59.28:244][  1]LogModuleManager: Shutting down and abandoning module CustomMeshComponent (406)
[2019.12.15-22.59.28:245][  1]LogModuleManager: Shutting down and abandoning module CableComponent (404)
[2019.12.15-22.59.28:245][  1]LogModuleManager: Shutting down and abandoning module AudioCapture (402)
[2019.12.15-22.59.28:245][  1]LogModuleManager: Shutting down and abandoning module ArchVisCharacter (400)
[2019.12.15-22.59.28:245][  1]LogModuleManager: Shutting down and abandoning module AppleImageUtilsBlueprintSupport (398)
[2019.12.15-22.59.28:245][  1]LogModuleManager: Shutting down and abandoning module AppleImageUtils (396)
[2019.12.15-22.59.28:245][  1]LogModuleManager: Shutting down and abandoning module AndroidPermission (394)
[2019.12.15-22.59.28:245][  1]LogModuleManager: Shutting down and abandoning module NUTUnrealEngine4 (392)
[2019.12.15-22.59.28:257][  1]LogModuleManager: Shutting down and abandoning module NetcodeUnitTest (390)
[2019.12.15-22.59.28:320][  1]LogModuleManager: Shutting down and abandoning module MediaCompositing (388)
[2019.12.15-22.59.28:320][  1]LogModuleManager: Shutting down and abandoning module ImgMedia (386)
[2019.12.15-22.59.28:336][  1]LogModuleManager: Shutting down and abandoning module MagicLeapHelperVulkan (384)
[2019.12.15-22.59.28:336][  1]LogModuleManager: Shutting down and abandoning module MagicLeapHelperOpenGL (382)
[2019.12.15-22.59.28:336][  1]LogModuleManager: Shutting down and abandoning module MagicLeapAudio (380)
[2019.12.15-22.59.28:336][  1]LogModuleManager: Shutting down and abandoning module HTML5Networking (378)
[2019.12.15-22.59.28:336][  1]LogModuleManager: Shutting down and abandoning module GeometryCacheTracks (376)
[2019.12.15-22.59.28:336][  1]LogModuleManager: Shutting down and abandoning module GeometryCacheSequencer (374)
[2019.12.15-22.59.28:337][  1]LogModuleManager: Shutting down and abandoning module BackChannel (372)
[2019.12.15-22.59.28:348][  1]LogModuleManager: Shutting down and abandoning module AutomationUtilsEditor (370)
[2019.12.15-22.59.28:348][  1]LogModuleManager: Shutting down and abandoning module AutomationUtils (368)
[2019.12.15-22.59.28:348][  1]LogModuleManager: Shutting down and abandoning module AlembicImporter (366)
[2019.12.15-22.59.28:359][  1]LogModuleManager: Shutting down and abandoning module AlembicLibrary (365)
[2019.12.15-22.59.28:366][  1]LogModuleManager: Shutting down and abandoning module GeometryCache (364)
[2019.12.15-22.59.28:366][  1]LogModuleManager: Shutting down and abandoning module GeometryCacheEd (363)
[2019.12.15-22.59.28:366][  1]LogModuleManager: Shutting down and abandoning module VariantManagerContent (358)
[2019.12.15-22.59.28:366][  1]LogModuleManager: Shutting down and abandoning module DatasmithContentEditor (356)
[2019.12.15-22.59.28:371][  1]LogModuleManager: Shutting down and abandoning module SpeedTreeImporter (354)
[2019.12.15-22.59.28:371][  1]LogModuleManager: Shutting down and abandoning module PluginBrowser (352)
[2019.12.15-22.59.28:388][  1]LogModuleManager: Shutting down and abandoning module MobileLauncherProfileWizard (350)
[2019.12.15-22.59.28:398][  1]LogModuleManager: Shutting down and abandoning module MaterialAnalyzer (348)
[2019.12.15-22.59.28:416][  1]LogModuleManager: Shutting down and abandoning module CurveEditorTools (346)
[2019.12.15-22.59.28:434][  1]LogModuleManager: Shutting down and abandoning module CurveEditor (345)
[2019.12.15-22.59.28:448][  1]LogModuleManager: Shutting down and abandoning module CryptoKeysOpenSSL (342)
[2019.12.15-22.59.28:448][  1]LogModuleManager: Shutting down and abandoning module CryptoKeys (340)
[2019.12.15-22.59.28:448][  1]LogModuleManager: Shutting down and abandoning module VisualStudioSourceCodeAccess (338)
[2019.12.15-22.59.28:459][  1]LogModuleManager: Shutting down and abandoning module VisualStudioCodeSourceCodeAccess (336)
[2019.12.15-22.59.28:459][  1]LogModuleManager: Shutting down and abandoning module UObjectPlugin (334)
[2019.12.15-22.59.28:459][  1]LogModuleManager: Shutting down and abandoning module SubversionSourceControl (332)
[2019.12.15-22.59.28:479][  1]LogModuleManager: Shutting down and abandoning module PerforceSourceControl (330)
[2019.12.15-22.59.28:495][  1]LogModuleManager: Shutting down and abandoning module GitSourceControl (328)
[2019.12.15-22.59.28:504][  1]LogModuleManager: Shutting down and abandoning module SourceControl (327)
[2019.12.15-22.59.28:504][  1]LogModuleManager: Shutting down and abandoning module CLionSourceCodeAccess (324)
[2019.12.15-22.59.28:504][  1]LogModuleManager: Shutting down and abandoning module AnimationSharingEd (322)
[2019.12.15-22.59.28:504][  1]LogModuleManager: Shutting down and abandoning module ActorLayerUtilitiesEditor (320)
[2019.12.15-22.59.28:509][  1]LogModuleManager: Shutting down and abandoning module ActorLayerUtilities (318)
[2019.12.15-22.59.28:509][  1]LogModuleManager: Shutting down and abandoning module LightPropagationVolumeEditor (316)
[2019.12.15-22.59.28:519][  1]LogModuleManager: Shutting down and abandoning module PaperTiledImporter (314)
[2019.12.15-22.59.28:519][  1]LogModuleManager: Shutting down and abandoning module PaperSpriteSheetImporter (312)
[2019.12.15-22.59.28:519][  1]LogModuleManager: Shutting down and abandoning module Paper2DEditor (310)
[2019.12.15-22.59.28:587][  1]LogModuleManager: Shutting down and abandoning module SignificanceManager (308)
[2019.12.15-22.59.28:587][  1]LogModuleManager: Shutting down and abandoning module RuntimePhysXCooking (306)
[2019.12.15-22.59.28:587][  1]LogModuleManager: Shutting down and abandoning module PhysXVehiclesEditor (304)
[2019.12.15-22.59.28:594][  1]LogModuleManager: Shutting down and abandoning module LocationServicesBPLibrary (300)
[2019.12.15-22.59.28:594][  1]LogModuleManager: Shutting down and abandoning module ActorSequence (298)
[2019.12.15-22.59.28:594][  1]LogModuleManager: Shutting down and abandoning module UdpMessaging (296)
[2019.12.15-22.59.28:695][  1]LogModuleManager: Shutting down and abandoning module TcpMessaging (294)
[2019.12.15-22.59.28:808][  1]LogModuleManager: Shutting down and abandoning module MagicLeapIdentity (292)
[2019.12.15-22.59.28:808][  1]LogModuleManager: Shutting down and abandoning module MagicLeapSecureStorage (290)
[2019.12.15-22.59.28:808][  1]LogModuleManager: Shutting down and abandoning module MagicLeapHandTracking (288)
[2019.12.15-22.59.28:821][  1]LogModuleManager: Shutting down and abandoning module MagicLeapEyeTracker (286)
[2019.12.15-22.59.28:821][  1]LogModuleManager: Shutting down and abandoning module MagicLeapController (284)
[2019.12.15-22.59.28:826][  1]LogSlate: Slate User Destroyed.  User Index 0, Is Virtual User: 0
[2019.12.15-22.59.28:827][  1]LogModuleManager: Shutting down and abandoning module MagicLeapAR (282)
[2019.12.15-22.59.28:827][  1]LogModuleManager: Shutting down and abandoning module AugmentedReality (281)
[2019.12.15-22.59.28:827][  1]LogModuleManager: Shutting down and abandoning module GameplayTagsEditor (278)
[2019.12.15-22.59.28:839][  1]LogModuleManager: Shutting down and abandoning module FacialAnimationEditor (276)
[2019.12.15-22.59.28:839][  1]LogModuleManager: Shutting down and abandoning module FacialAnimation (274)
[2019.12.15-22.59.28:839][  1]LogModuleManager: Shutting down and abandoning module DataValidation (272)
[2019.12.15-22.59.28:839][  1]LogModuleManager: Shutting down and abandoning module AssetManagerEditor (270)
[2019.12.15-22.59.28:848][  1]LogModuleManager: Shutting down and abandoning module LevelEditor (269)
[2019.12.15-22.59.28:871][  1]LogModuleManager: Shutting down and abandoning module PixelInspectorModule (268)
[2019.12.15-22.59.28:898][  1]LogModuleManager: Shutting down and abandoning module CommonMenuExtensions (266)
[2019.12.15-22.59.28:908][  1]LogModuleManager: Shutting down and abandoning module MainFrame (264)
[2019.12.15-22.59.28:909][  1]LogModuleManager: Shutting down and abandoning module HotReload (263)
[2019.12.15-22.59.28:916][  1]LogModuleManager: Shutting down and abandoning module ContentBrowser (259)
[2019.12.15-22.59.28:918][  1]LogModuleManager: Shutting down and abandoning module TreeMap (257)
[2019.12.15-22.59.28:929][  1]LogModuleManager: Shutting down and abandoning module AnimationSharing (254)
[2019.12.15-22.59.28:929][  1]LogModuleManager: Shutting down and abandoning module LightPropagationVolumeRuntime (252)
[2019.12.15-22.59.28:929][  1]LogModuleManager: Shutting down and abandoning module Paper2D (250)
[2019.12.15-22.59.28:937][  1]LogModuleManager: Shutting down and abandoning module WindowsMoviePlayer (248)
[2019.12.15-22.59.28:957][  1]LogModuleManager: Shutting down and abandoning module WebMMoviePlayer (246)
[2019.12.15-22.59.28:957][  1]LogModuleManager: Shutting down and abandoning module NetworkReplayStreaming (244)
[2019.12.15-22.59.28:963][  1]LogModuleManager: Shutting down and abandoning module PacketHandler (242)
[2019.12.15-22.59.28:963][  1]LogModuleManager: Shutting down and abandoning module ClothingSystemEditor (240)
[2019.12.15-22.59.28:963][  1]LogModuleManager: Shutting down and abandoning module ClothingSystemRuntime (238)
[2019.12.15-22.59.28:982][  1]LogModuleManager: Shutting down and abandoning module MediaAssets (236)
[2019.12.15-22.59.28:982][  1]LogModuleManager: Shutting down and abandoning module Overlay (234)
[2019.12.15-22.59.28:982][  1]LogModuleManager: Shutting down and abandoning module OverlayEditor (233)
[2019.12.15-22.59.28:982][  1]LogModuleManager: Shutting down and abandoning module VREditor (230)
[2019.12.15-22.59.29:000][  1]LogModuleManager: Shutting down and abandoning module StringTableEditor (228)
[2019.12.15-22.59.29:013][  1]LogModuleManager: Shutting down and abandoning module GameplayTasksEditor (226)
[2019.12.15-22.59.29:013][  1]LogModuleManager: Shutting down and abandoning module BehaviorTreeEditor (224)
[2019.12.15-22.59.29:074][  1]LogModuleManager: Shutting down and abandoning module FunctionalTesting (222)
[2019.12.15-22.59.29:082][  1]LogModuleManager: Shutting down and abandoning module CollisionAnalyzer (220)
[2019.12.15-22.59.29:103][  1]LogModuleManager: Shutting down and abandoning module WorkspaceMenuStructure (219)
[2019.12.15-22.59.29:167][  1]LogModuleManager: Shutting down and abandoning module UMG (216)
[2019.12.15-22.59.29:179][  1]LogModuleManager: Shutting down and abandoning module UMGEditor (215)
[2019.12.15-22.59.29:222][  1]LogModuleManager: Shutting down and abandoning module Sequencer (214)
[2019.12.15-22.59.29:306][  1]LogModuleManager: Shutting down and abandoning module MessageLog (211)
[2019.12.15-22.59.29:306][  1]LogModuleManager: Shutting down and abandoning module SlateReflector (206)
[2019.12.15-22.59.29:333][  1]LogModuleManager: Shutting down and abandoning module Slate (204)
[2019.12.15-22.59.29:334][  1]LogModuleManager: Shutting down and abandoning module LandscapeEditorUtilities (202)
[2019.12.15-22.59.29:334][  1]LogModuleManager: Shutting down and abandoning module EditorStyle (200)
[2019.12.15-22.59.29:352][  1]LogModuleManager: Shutting down and abandoning module UnrealEd (198)
[2019.12.15-22.59.29:363][  1]LogModuleManager: Shutting down and abandoning module MRMesh (196)
[2019.12.15-22.59.29:363][  1]LogModuleManager: Shutting down and abandoning module SourceCodeAccess (194)
[2019.12.15-22.59.29:363][  1]LogModuleManager: Shutting down and abandoning module HeadMountedDisplay (192)
[2019.12.15-22.59.29:377][  1]LogModuleManager: Shutting down and abandoning module XAudio2 (190)
[2019.12.15-22.59.29:377][  1]LogModuleManager: Shutting down and abandoning module Networking (188)
[2019.12.15-22.59.29:377][  1]LogModuleManager: Shutting down and abandoning module Core (186)
[2019.12.15-22.59.29:377][  1]LogModuleManager: Shutting down and abandoning module KismetCompiler (184)
[2019.12.15-22.59.29:377][  1]LogModuleManager: Shutting down and abandoning module MeshUtilities (182)
[2019.12.15-22.59.29:384][  1]LogModuleManager: Shutting down and abandoning module MeshMergeUtilities (181)
[2019.12.15-22.59.29:400][  1]LogModuleManager: Shutting down and abandoning module MeshReductionInterface (180)
[2019.12.15-22.59.29:400][  1]LogModuleManager: Shutting down and abandoning module SkeletalMeshReduction (179)
[2019.12.15-22.59.29:408][  1]LogModuleManager: Shutting down and abandoning module ProxyLODMeshReduction (177)
[2019.12.15-22.59.29:438][  1]LogModuleManager: Shutting down and abandoning module QuadricMeshReduction (175)
[2019.12.15-22.59.29:449][  1]LogModuleManager: Shutting down and abandoning module MaterialBaking (171)
[2019.12.15-22.59.29:460][  1]LogModuleManager: Shutting down and abandoning module NullInstallBundleManager (166)
[2019.12.15-22.59.29:460][  1]LogModuleManager: Shutting down and abandoning module DerivedDataCache (164)
[2019.12.15-22.59.29:956][  1]LogDerivedDataCache: Shutdown
[2019.12.15-22.59.29:956][  1]LogModuleManager: Shutting down and abandoning module XGEController (162)
[2019.12.15-22.59.29:971][  1]LogModuleManager: Shutting down and abandoning module TargetPlatform (160)
[2019.12.15-22.59.29:972][  1]LogModuleManager: Shutting down and abandoning module VulkanShaderFormat (159)
[2019.12.15-22.59.29:985][  1]LogModuleManager: Shutting down and abandoning module ShaderFormatVectorVM (157)
[2019.12.15-22.59.29:993][  1]LogModuleManager: Shutting down and abandoning module ShaderFormatOpenGL (155)
[2019.12.15-22.59.30:002][  1]LogModuleManager: Shutting down and abandoning module ShaderFormatD3D (153)
[2019.12.15-22.59.30:012][  1]LogModuleManager: Shutting down and abandoning module MetalShaderFormat (151)
[2019.12.15-22.59.30:018][  1]LogModuleManager: Shutting down and abandoning module TextureFormatUncompressed (149)
[2019.12.15-22.59.30:028][  1]LogModuleManager: Shutting down and abandoning module TextureFormatPVR (147)
[2019.12.15-22.59.30:028][  1]LogModuleManager: Shutting down and abandoning module TextureFormatDXT (145)
[2019.12.15-22.59.30:034][  1]LogModuleManager: Shutting down and abandoning module TextureFormatIntelISPCTexComp (143)
[2019.12.15-22.59.30:048][  1]LogModuleManager: Shutting down and abandoning module TextureFormatASTC (141)
[2019.12.15-22.59.30:048][  1]LogModuleManager: Shutting down and abandoning module ImageWrapper (140)
[2019.12.15-22.59.30:048][  1]LogModuleManager: Shutting down and abandoning module TextureFormatAndroid (137)
[2019.12.15-22.59.30:048][  1]LogModuleManager: Shutting down and abandoning module AudioFormatOpus (135)
[2019.12.15-22.59.30:054][  1]LogModuleManager: Shutting down and abandoning module AudioFormatOgg (133)
[2019.12.15-22.59.30:054][  1]LogModuleManager: Shutting down and abandoning module AudioFormatADPCM (131)
[2019.12.15-22.59.30:064][  1]LogModuleManager: Shutting down and abandoning module LuminTargetPlatform (129)
[2019.12.15-22.59.30:108][  1]LogModuleManager: Shutting down and abandoning module LinuxTargetPlatform (127)
[2019.12.15-22.59.30:108][  1]LogModuleManager: Shutting down and abandoning module LinuxServerTargetPlatform (125)
[2019.12.15-22.59.30:119][  1]LogModuleManager: Shutting down and abandoning module LinuxNoEditorTargetPlatform (123)
[2019.12.15-22.59.30:120][  1]LogModuleManager: Shutting down and abandoning module LinuxClientTargetPlatform (121)
[2019.12.15-22.59.30:121][  1]LogModuleManager: Shutting down and abandoning module TVOSTargetPlatform (119)
[2019.12.15-22.59.30:138][  1]LogModuleManager: Shutting down and abandoning module Messaging (117)
[2019.12.15-22.59.30:138][  1]LogModuleManager: Shutting down and abandoning module IOSTargetPlatform (115)
[2019.12.15-22.59.30:144][  1]LogModuleManager: Shutting down and abandoning module HTML5TargetPlatform (113)
[2019.12.15-22.59.30:180][  1]LogModuleManager: Shutting down and abandoning module AndroidTargetPlatform (111)
[2019.12.15-22.59.30:249][  1]LogModuleManager: Shutting down and abandoning module WindowsTargetPlatform (109)
[2019.12.15-22.59.30:249][  1]LogModuleManager: Shutting down and abandoning module WindowsServerTargetPlatform (107)
[2019.12.15-22.59.30:257][  1]LogModuleManager: Shutting down and abandoning module WindowsNoEditorTargetPlatform (105)
[2019.12.15-22.59.30:264][  1]LogModuleManager: Shutting down and abandoning module WindowsClientTargetPlatform (103)
[2019.12.15-22.59.30:269][  1]LogModuleManager: Shutting down and abandoning module MacTargetPlatform (101)
[2019.12.15-22.59.30:270][  1]LogModuleManager: Shutting down and abandoning module MacServerTargetPlatform (99)
[2019.12.15-22.59.30:280][  1]LogModuleManager: Shutting down and abandoning module MacNoEditorTargetPlatform (97)
[2019.12.15-22.59.30:288][  1]LogModuleManager: Shutting down and abandoning module MacClientTargetPlatform (95)
[2019.12.15-22.59.30:289][  1]LogModuleManager: Shutting down and abandoning module AllDesktopTargetPlatform (93)
[2019.12.15-22.59.30:296][  1]LogModuleManager: Shutting down and abandoning module InputCore (90)
[2019.12.15-22.59.30:297][  1]LogModuleManager: Shutting down and abandoning module Settings (88)
[2019.12.15-22.59.30:297][  1]LogModuleManager: Shutting down and abandoning module DirectoryWatcher (86)
[2019.12.15-22.59.30:311][  1]LogModuleManager: Shutting down and abandoning module PhysXCooking (84)
[2019.12.15-22.59.30:312][  1]LogModuleManager: Shutting down and abandoning module WindowsPlatformFeatures (82)
[2019.12.15-22.59.30:312][  1]LogModuleManager: Shutting down and abandoning module GameplayMediaEncoder (81)
[2019.12.15-22.59.30:323][  1]LogModuleManager: Shutting down and abandoning module SteamVR (78)
[2019.12.15-22.59.30:323][  1]LogHMD: Freeing OpenVRDLLHandle.
[2019.12.15-22.59.30:323][  1]LogModuleManager: Shutting down and abandoning module OculusHMD (76)
[2019.12.15-22.59.30:332][  1]LogModuleManager: Shutting down and abandoning module ExampleDeviceProfileSelector (74)
[2019.12.15-22.59.30:332][  1]LogModuleManager: Shutting down and abandoning module LauncherChunkInstaller (72)
[2019.12.15-22.59.30:332][  1]LogModuleManager: Shutting down and abandoning module OnlineBlueprintSupport (70)
[2019.12.15-22.59.30:332][  1]LogModuleManager: Shutting down and abandoning module OnlineSubsystem (66)
[2019.12.15-22.59.30:421][  1]LogModuleManager: Shutting down and abandoning module XMPP (61)
[2019.12.15-22.59.30:431][  1]LogModuleManager: Shutting down and abandoning module WebSockets (60)
[2019.12.15-22.59.30:470][  1]LogModuleManager: Shutting down and abandoning module HTTP (57)
[2019.12.15-22.59.30:470][  1]LogHttp: Display: Http module shutting down, but needs to wait on 1 outstanding Http requests:
[2019.12.15-22.59.30:470][  1]LogHttp: Display: 	verb=[POST] url=[https://datarouter.ol.epicgames.com/datarouter/api/v1/public/data?SessionID=%7B8244C10C-4EFB-E554-F9F8-CEAF5AE37255%7D&AppID=UEEditor.Rocket.Release&AppVersion=4.23.1-9631420%2B%2B%2BUE4%2BRelease-4.23&UserID=1b1f23b74c7f81bc4bc7758cba940a98%7C547413d5ae9e4988b462234dfb29dac0%7Ccae16dc9-39c8-4e32-955a-88d907c0a54c&AppEnvironment=datacollector-binary&UploadType=eteventstream] status=Processing
[2019.12.15-22.59.30:498][  1]LogModuleManager: Shutting down and abandoning module SSL (56)
[2019.12.15-22.59.30:528][  1]LogModuleManager: Shutting down and abandoning module WmfMedia (52)
[2019.12.15-22.59.30:543][  1]LogModuleManager: Shutting down and abandoning module Media (51)
[2019.12.15-22.59.30:544][  1]LogModuleManager: Shutting down and abandoning module MagicLeap (48)
[2019.12.15-22.59.30:554][  1]LogModuleManager: Shutting down and abandoning module DatasmithContent (46)
[2019.12.15-22.59.30:554][  1]LogModuleManager: Shutting down and abandoning module AISupportModule (44)
[2019.12.15-22.59.30:554][  1]LogModuleManager: Shutting down and abandoning module PlatformCryptoOpenSSL (42)
[2019.12.15-22.59.30:563][  1]LogModuleManager: Shutting down and abandoning module PlatformCrypto (40)
[2019.12.15-22.59.30:563][  1]LogModuleManager: Shutting down and abandoning module AnimationModifiers (38)
[2019.12.15-22.59.30:574][  1]LogModuleManager: Shutting down and abandoning module PropertyEditor (37)
[2019.12.15-22.59.30:750][  1]LogModuleManager: Shutting down and abandoning module AudioEditor (34)
[2019.12.15-22.59.30:813][  1]LogModuleManager: Shutting down and abandoning module TextureCompressor (32)
[2019.12.15-22.59.30:832][  1]LogModuleManager: Shutting down and abandoning module RenderCore (30)
[2019.12.15-22.59.30:832][  1]LogModuleManager: Shutting down and abandoning module Landscape (28)
[2019.12.15-22.59.30:833][  1]LogModuleManager: Shutting down and abandoning module SlateRHIRenderer (26)
[2019.12.15-22.59.30:861][  1]LogModuleManager: Shutting down and abandoning module OpenGLDrv (24)
[2019.12.15-22.59.30:912][  1]LogModuleManager: Shutting down and abandoning module D3D11RHI (22)
[2019.12.15-22.59.30:912][  1]LogModuleManager: Shutting down and abandoning module AnimGraphRuntime (20)
[2019.12.15-22.59.30:912][  1]LogModuleManager: Shutting down and abandoning module Renderer (18)
[2019.12.15-22.59.30:926][  1]LogModuleManager: Shutting down and abandoning module Engine (16)
[2019.12.15-22.59.30:926][  1]LogModuleManager: Shutting down and abandoning module CoreUObject (14)
[2019.12.15-22.59.30:926][  1]LogModuleManager: Shutting down and abandoning module NetworkFile (12)
[2019.12.15-22.59.30:933][  1]LogModuleManager: Shutting down and abandoning module CookedIterativeFile (10)
[2019.12.15-22.59.30:933][  1]LogModuleManager: Shutting down and abandoning module StreamingFile (8)
[2019.12.15-22.59.30:939][  1]LogModuleManager: Shutting down and abandoning module SandboxFile (6)
[2019.12.15-22.59.30:944][  1]LogModuleManager: Shutting down and abandoning module PakFile (4)
[2019.12.15-22.59.30:950][  1]LogModuleManager: Shutting down and abandoning module RSA (3)
[2019.12.15-22.59.30:961][  1]LogD3D11RHI: Shutdown
[2019.12.15-22.59.30:961][  1]LogD3D11RHI: CleanupD3DDevice
[2019.12.15-22.59.31:169][  1]LogRendererCore: FGlobalDynamicReadBuffer::Cleanup()
[2019.12.15-22.59.31:199][  1]LogRendererCore: FGlobalDynamicReadBuffer::Cleanup()
[2019.12.15-22.59.31:199][  1]LogRendererCore: FGlobalDynamicReadBuffer::Cleanup()
[2019.12.15-22.59.31:268][  1]LogD3D11RHI: ~FD3D11DynamicRHI
[2019.12.15-22.59.31:936][  1]LogExit: Exiting.
[2019.12.15-22.59.31:982][  1]Log file closed, 12/15/19 14:59:31
