Log file open, 12/05/19 15:16:53
LogWindows: Failed to load 'aqProf.dll' (GetLastError=126)
LogWindows: File 'aqProf.dll' does not exist
LogWindows: Failed to load 'VtuneApi.dll' (GetLastError=126)
LogWindows: File 'VtuneApi.dll' does not exist
LogWindows: Failed to load 'VtuneApi32e.dll' (GetLastError=126)
LogWindows: File 'VtuneApi32e.dll' does not exist
LogConsoleResponse: Display: Failed to find resolution value strings in scalability ini. Falling back to default.
LogInit: Display: Running engine for game: CS328Team11
LogPlatformFile: Not using cached read wrapper
LogTaskGraph: Started task graph with 5 named threads and 23 total threads with 3 sets of task threads.
LogStats: Stats thread started at 0.061084
LogD3D11RHI: Loaded GFSDK_Aftermath_Lib.x64.dll
LogICUInternationalization: ICU TimeZone Detection - Raw Offset: -8:00, Platform Override: ''
LogPluginManager: Mounting plugin Paper2D
LogPluginManager: Mounting plugin AISupport
LogPluginManager: Mounting plugin LightPropagationVolume
LogPluginManager: Mounting plugin ActorLayerUtilities
LogPluginManager: Mounting plugin AnimationSharing
LogPluginManager: Mounting plugin CLionSourceCodeAccess
LogPluginManager: Mounting plugin CodeLiteSourceCodeAccess
LogPluginManager: Mounting plugin GitSourceControl
LogPluginManager: Mounting plugin KDevelopSourceCodeAccess
LogPluginManager: Mounting plugin NullSourceCodeAccess
LogPluginManager: Mounting plugin PerforceSourceControl
LogPluginManager: Mounting plugin SubversionSourceControl
LogPluginManager: Mounting plugin UObjectPlugin
LogPluginManager: Mounting plugin VisualStudioCodeSourceCodeAccess
LogPluginManager: Mounting plugin VisualStudioSourceCodeAccess
LogPluginManager: Mounting plugin XCodeSourceCodeAccess
LogPluginManager: Mounting plugin AssetManagerEditor
LogPluginManager: Mounting plugin CryptoKeys
LogPluginManager: Mounting plugin CurveEditorTools
LogPluginManager: Mounting plugin DataValidation
LogPluginManager: Mounting plugin FacialAnimation
LogPluginManager: Mounting plugin GameplayTagsEditor
LogPluginManager: Mounting plugin MacGraphicsSwitching
LogPluginManager: Mounting plugin MaterialAnalyzer
LogPluginManager: Mounting plugin MobileLauncherProfileWizard
LogPluginManager: Mounting plugin PluginBrowser
LogPluginManager: Mounting plugin SpeedTreeImporter
LogPluginManager: Mounting plugin DatasmithContent
LogPluginManager: Mounting plugin VariantManagerContent
LogPluginManager: Mounting plugin AlembicImporter
LogPluginManager: Mounting plugin AutomationUtils
LogPluginManager: Mounting plugin BackChannel
LogPluginManager: Mounting plugin CharacterAI
LogPluginManager: Mounting plugin GeometryCache
LogPluginManager: Mounting plugin HTML5Networking
LogPluginManager: Mounting plugin PlatformCrypto
LogPluginManager: Mounting plugin ProxyLODPlugin
LogPluginManager: Mounting plugin SkeletalReduction
LogPluginManager: Mounting plugin MagicLeap
LogPluginManager: Mounting plugin MagicLeapMedia
LogPluginManager: Mounting plugin AndroidMedia
LogPluginManager: Mounting plugin AvfMedia
LogPluginManager: Mounting plugin ImgMedia
LogPluginManager: Mounting plugin MediaCompositing
LogPluginManager: Mounting plugin MediaPlayerEditor
LogPluginManager: Mounting plugin WebMMedia
LogPluginManager: Mounting plugin WmfMedia
LogPluginManager: Mounting plugin TcpMessaging
LogPluginManager: Mounting plugin UdpMessaging
LogPluginManager: Mounting plugin ActorSequence
LogPluginManager: Mounting plugin LevelSequenceEditor
LogPluginManager: Mounting plugin MatineeToLevelSequence
LogPluginManager: Mounting plugin NetcodeUnitTest
LogPluginManager: Mounting plugin NUTUnrealEngine4
LogPluginManager: Mounting plugin OnlineSubsystemGooglePlay
LogPluginManager: Mounting plugin OnlineSubsystemIOS
LogPluginManager: Mounting plugin OnlineSubsystem
LogPluginManager: Mounting plugin OnlineSubsystemNull
LogPluginManager: Mounting plugin OnlineSubsystemUtils
LogPluginManager: Mounting plugin LauncherChunkInstaller
LogPluginManager: Mounting plugin AndroidDeviceProfileSelector
LogPluginManager: Mounting plugin AndroidMoviePlayer
LogPluginManager: Mounting plugin AndroidPermission
LogPluginManager: Mounting plugin AppleImageUtils
LogPluginManager: Mounting plugin AppleMoviePlayer
LogPluginManager: Mounting plugin ArchVisCharacter
LogPluginManager: Mounting plugin AudioCapture
LogPluginManager: Mounting plugin CableComponent
LogPluginManager: Mounting plugin CustomMeshComponent
LogPluginManager: Mounting plugin EditableMesh
LogPluginManager: Mounting plugin ExampleDeviceProfileSelector
LogPluginManager: Mounting plugin GoogleCloudMessaging
LogPluginManager: Mounting plugin IOSDeviceProfileSelector
LogPluginManager: Mounting plugin LinuxDeviceProfileSelector
LogPluginManager: Mounting plugin LocationServicesBPLibrary
LogPluginManager: Mounting plugin MobilePatchingUtils
LogPluginManager: Mounting plugin OculusVR
LogPluginManager: Mounting plugin PhysXVehicles
LogPluginManager: Mounting plugin ProceduralMeshComponent
LogPluginManager: Mounting plugin RuntimePhysXCooking
LogPluginManager: Mounting plugin SignificanceManager
LogPluginManager: Mounting plugin SteamVR
LogPluginManager: Mounting plugin WebMMoviePlayer
LogPluginManager: Mounting plugin WindowsMoviePlayer
LogPluginManager: Mounting plugin ScreenshotTools
LogInit: Using libcurl 7.55.1-DEV
LogInit:  - built for x86_64-pc-win32
LogInit:  - supports SSL with OpenSSL/1.1.1
LogInit:  - supports HTTP deflate (compression) using libz 1.2.8
LogInit:  - other features:
LogInit:      CURL_VERSION_SSL
LogInit:      CURL_VERSION_LIBZ
LogInit:      CURL_VERSION_IPV6
LogInit:      CURL_VERSION_ASYNCHDNS
LogInit:      CURL_VERSION_LARGEFILE
LogInit:      CURL_VERSION_IDN
LogInit:  CurlRequestOptions (configurable via config and command line):
LogInit:  - bVerifyPeer = true  - Libcurl will verify peer certificate
LogInit:  - bUseHttpProxy = false  - Libcurl will NOT use HTTP proxy
LogInit:  - bDontReuseConnections = false  - Libcurl will reuse connections
LogInit:  - MaxHostConnections = 16  - Libcurl will limit the number of connections to a host
LogInit:  - LocalHostAddr = Default
LogInit:  - BufferSize = 65536
LogOnline: OSS: Creating online subsystem instance for: NULL
LogInit: WinSock: version 1.1 (2.2), MaxSocks=32767, MaxUdp=65467
LogInit: Build: ++UE4+Release-4.23-CL-9631420
LogInit: Engine Version: 4.23.1-9631420+++UE4+Release-4.23
LogInit: Compatible Engine Version: 4.23.0-8386587+++UE4+Release-4.23
LogInit: Net CL: 8386587
LogInit: OS: Windows 10 (Release 1903) (), CPU: Intel(R) Core(TM) i7-7700HQ CPU @ 2.80GHz, GPU: Intel(R) HD Graphics 630
LogInit: Compiled (64-bit): Oct 18 2019 02:07:44
LogInit: Compiled with Visual C++: 19.16.27030.01
LogInit: Build Configuration: Development
LogInit: Branch Name: ++UE4+Release-4.23
LogInit: Command Line: 
LogInit: Base Directory: D:/Program Files (x86)/UE_4.23/Engine/Binaries/Win64/
LogInit: Installed Engine Build: 1
LogDevObjectVersion: Number of dev versions registered: 23
LogDevObjectVersion:   Dev-Blueprints (B0D832E4-1F89-4F0D-ACCF-7EB736FD4AA2): 10
LogDevObjectVersion:   Dev-Build (E1C64328-A22C-4D53-A36C-8E866417BD8C): 0
LogDevObjectVersion:   Dev-Core (375EC13C-06E4-48FB-B500-84F0262A717E): 3
LogDevObjectVersion:   Dev-Editor (E4B068ED-F494-42E9-A231-DA0B2E46BB41): 34
LogDevObjectVersion:   Dev-Framework (CFFC743F-43B0-4480-9391-14DF171D2073): 35
LogDevObjectVersion:   Dev-Mobile (B02B49B5-BB20-44E9-A304-32B752E40360): 2
LogDevObjectVersion:   Dev-Networking (A4E4105C-59A1-49B5-A7C5-40C4547EDFEE): 0
LogDevObjectVersion:   Dev-Online (39C831C9-5AE6-47DC-9A44-9C173E1C8E7C): 0
LogDevObjectVersion:   Dev-Physics (78F01B33-EBEA-4F98-B9B4-84EACCB95AA2): 0
LogDevObjectVersion:   Dev-Platform (6631380F-2D4D-43E0-8009-CF276956A95A): 0
LogDevObjectVersion:   Dev-Rendering (12F88B9F-8875-4AFC-A67C-D90C383ABD29): 31
LogDevObjectVersion:   Dev-Sequencer (7B5AE74C-D270-4C10-A958-57980B212A5A): 11
LogDevObjectVersion:   Dev-VR (D7296918-1DD6-4BDD-9DE2-64A83CC13884): 2
LogDevObjectVersion:   Dev-LoadTimes (C2A15278-BFE7-4AFE-6C17-90FF531DF755): 1
LogDevObjectVersion:   Private-Geometry (6EACA3D4-40EC-4CC1-B786-8BED09428FC5): 3
LogDevObjectVersion:   Dev-AnimPhys (29E575DD-E0A3-4627-9D10-D276232CDCEA): 17
LogDevObjectVersion:   Dev-Anim (AF43A65D-7FD3-4947-9873-3E8ED9C1BB05): 2
LogDevObjectVersion:   Dev-ReflectionCapture (6B266CEC-1EC7-4B8F-A30B-E4D90942FC07): 1
LogDevObjectVersion:   Dev-Automation (0DF73D61-A23F-47EA-B727-89E90C41499A): 1
LogDevObjectVersion:   FortniteMain (601D1886-AC64-4F84-AA16-D3DE0DEAC7D6): 27
LogDevObjectVersion:   Dev-Enterprise (9DFFBCD6-494F-0158-E221-12823C92A888): 6
LogDevObjectVersion:   Dev-Niagara (F2AED0AC-9AFE-416F-8664-AA7FFA26D6FC): 1
LogDevObjectVersion:   Dev-Destruction (174F1F0B-B4C6-45A5-B13F-2EE8D0FB917D): 9
LogInit: Presizing for max 16777216 objects, including 0 objects not considered by GC, pre-allocating 0 bytes for permanent pool.
LogInit: Object subsystem initialized
LogConfig: Setting CVar [[con.DebugEarlyDefault:1]]
LogConfig: Setting CVar [[r.setres:1280x720]]
[2019.12.05-23.16.53:991][  0]LogConfig: Setting CVar [[r.VSync:0]]
[2019.12.05-23.16.53:991][  0]LogConfig: Setting CVar [[r.RHICmdBypass:0]]
[2019.12.05-23.16.53:991][  0]LogConfig: Applying CVar settings from Section [/Script/Engine.RendererSettings] File [D:/Users/Elizabeth/Documents/CS-328-Game/CS328Team11/Saved/Config/Windows/Engine.ini]
[2019.12.05-23.16.53:991][  0]LogConfig: Setting CVar [[r.GPUCrashDebugging:0]]
[2019.12.05-23.16.53:991][  0]LogConfig: Setting CVar [[r.DefaultFeature.AutoExposure.ExtendDefaultLuminanceRange:1]]
[2019.12.05-23.16.53:991][  0]LogConfig: Applying CVar settings from Section [/Script/Engine.RendererOverrideSettings] File [D:/Users/Elizabeth/Documents/CS-328-Game/CS328Team11/Saved/Config/Windows/Engine.ini]
[2019.12.05-23.16.53:991][  0]LogConfig: Applying CVar settings from Section [/Script/Engine.StreamingSettings] File [D:/Users/Elizabeth/Documents/CS-328-Game/CS328Team11/Saved/Config/Windows/Engine.ini]
[2019.12.05-23.16.53:991][  0]LogConfig: Setting CVar [[s.MinBulkDataSizeForAsyncLoading:131072]]
[2019.12.05-23.16.53:991][  0]LogConfig: Setting CVar [[s.AsyncLoadingThreadEnabled:0]]
[2019.12.05-23.16.53:991][  0]LogConfig: Setting CVar [[s.EventDrivenLoaderEnabled:1]]
[2019.12.05-23.16.53:991][  0]LogConfig: Setting CVar [[s.WarnIfTimeLimitExceeded:0]]
[2019.12.05-23.16.53:991][  0]LogConfig: Setting CVar [[s.TimeLimitExceededMultiplier:1.5]]
[2019.12.05-23.16.53:991][  0]LogConfig: Setting CVar [[s.TimeLimitExceededMinTime:0.005]]
[2019.12.05-23.16.53:991][  0]LogConfig: Setting CVar [[s.UseBackgroundLevelStreaming:1]]
[2019.12.05-23.16.53:991][  0]LogConfig: Setting CVar [[s.PriorityAsyncLoadingExtraTime:15.0]]
[2019.12.05-23.16.53:991][  0]LogConfig: Setting CVar [[s.LevelStreamingActorsUpdateTimeLimit:5.0]]
[2019.12.05-23.16.53:991][  0]LogConfig: Setting CVar [[s.PriorityLevelStreamingActorsUpdateExtraTime:5.0]]
[2019.12.05-23.16.53:991][  0]LogConfig: Setting CVar [[s.LevelStreamingComponentsRegistrationGranularity:10]]
[2019.12.05-23.16.53:991][  0]LogConfig: Setting CVar [[s.UnregisterComponentsTimeLimit:1.0]]
[2019.12.05-23.16.53:991][  0]LogConfig: Setting CVar [[s.LevelStreamingComponentsUnregistrationGranularity:5]]
[2019.12.05-23.16.53:991][  0]LogConfig: Applying CVar settings from Section [/Script/Engine.GarbageCollectionSettings] File [D:/Users/Elizabeth/Documents/CS-328-Game/CS328Team11/Saved/Config/Windows/Engine.ini]
[2019.12.05-23.16.53:991][  0]LogConfig: Setting CVar [[gc.MaxObjectsNotConsideredByGC:1]]
[2019.12.05-23.16.53:991][  0]LogConfig: Setting CVar [[gc.SizeOfPermanentObjectPool:0]]
[2019.12.05-23.16.53:991][  0]LogConfig: Setting CVar [[gc.FlushStreamingOnGC:0]]
[2019.12.05-23.16.53:991][  0]LogConfig: Setting CVar [[gc.NumRetriesBeforeForcingGC:10]]
[2019.12.05-23.16.53:991][  0]LogConfig: Setting CVar [[gc.AllowParallelGC:1]]
[2019.12.05-23.16.53:991][  0]LogConfig: Setting CVar [[gc.TimeBetweenPurgingPendingKillObjects:61.1]]
[2019.12.05-23.16.53:991][  0]LogConfig: Setting CVar [[gc.MaxObjectsInEditor:16777216]]
[2019.12.05-23.16.53:991][  0]LogConfig: Setting CVar [[gc.IncrementalBeginDestroyEnabled:1]]
[2019.12.05-23.16.53:991][  0]LogConfig: Setting CVar [[gc.CreateGCClusters:1]]
[2019.12.05-23.16.53:991][  0]LogConfig: Setting CVar [[gc.MinGCClusterSize:5]]
[2019.12.05-23.16.53:991][  0]LogConfig: Setting CVar [[gc.ActorClusteringEnabled:0]]
[2019.12.05-23.16.53:991][  0]LogConfig: Setting CVar [[gc.BlueprintClusteringEnabled:0]]
[2019.12.05-23.16.53:991][  0]LogConfig: Setting CVar [[gc.UseDisregardForGCOnDedicatedServers:0]]
[2019.12.05-23.16.53:991][  0]LogConfig: Applying CVar settings from Section [/Script/Engine.NetworkSettings] File [D:/Users/Elizabeth/Documents/CS-328-Game/CS328Team11/Saved/Config/Windows/Engine.ini]
[2019.12.05-23.16.53:991][  0]LogConfig: Applying CVar settings from Section [/Script/UnrealEd.CookerSettings] File [D:/Users/Elizabeth/Documents/CS-328-Game/CS328Team11/Saved/Config/Windows/Engine.ini]
[2019.12.05-23.16.53:993][  0]LogConfig: Applying CVar settings from Section [ViewDistanceQuality@3] File [D:/Users/Elizabeth/Documents/CS-328-Game/CS328Team11/Saved/Config/Windows/Scalability.ini]
[2019.12.05-23.16.53:993][  0]LogConfig: Setting CVar [[r.SkeletalMeshLODBias:0]]
[2019.12.05-23.16.53:993][  0]LogConfig: Setting CVar [[r.ViewDistanceScale:1.0]]
[2019.12.05-23.16.53:993][  0]LogConfig: Applying CVar settings from Section [AntiAliasingQuality@3] File [D:/Users/Elizabeth/Documents/CS-328-Game/CS328Team11/Saved/Config/Windows/Scalability.ini]
[2019.12.05-23.16.53:993][  0]LogConfig: Setting CVar [[r.PostProcessAAQuality:4]]
[2019.12.05-23.16.53:993][  0]LogConfig: Applying CVar settings from Section [ShadowQuality@3] File [D:/Users/Elizabeth/Documents/CS-328-Game/CS328Team11/Saved/Config/Windows/Scalability.ini]
[2019.12.05-23.16.53:994][  0]LogConfig: Setting CVar [[r.LightFunctionQuality:1]]
[2019.12.05-23.16.53:994][  0]LogConfig: Setting CVar [[r.ShadowQuality:5]]
[2019.12.05-23.16.53:994][  0]LogConfig: Setting CVar [[r.Shadow.CSM.MaxCascades:10]]
[2019.12.05-23.16.53:994][  0]LogConfig: Setting CVar [[r.Shadow.MaxResolution:2048]]
[2019.12.05-23.16.53:994][  0]LogConfig: Setting CVar [[r.Shadow.MaxCSMResolution:2048]]
[2019.12.05-23.16.53:994][  0]LogConfig: Setting CVar [[r.Shadow.RadiusThreshold:0.01]]
[2019.12.05-23.16.53:994][  0]LogConfig: Setting CVar [[r.Shadow.DistanceScale:1.0]]
[2019.12.05-23.16.53:994][  0]LogConfig: Setting CVar [[r.Shadow.CSM.TransitionScale:1.0]]
[2019.12.05-23.16.53:994][  0]LogConfig: Setting CVar [[r.Shadow.PreShadowResolutionFactor:1.0]]
[2019.12.05-23.16.53:994][  0]LogConfig: Setting CVar [[r.DistanceFieldShadowing:1]]
[2019.12.05-23.16.53:994][  0]LogConfig: Setting CVar [[r.DistanceFieldAO:1]]
[2019.12.05-23.16.53:994][  0]LogConfig: Setting CVar [[r.AOQuality:2]]
[2019.12.05-23.16.53:994][  0]LogConfig: Setting CVar [[r.VolumetricFog:1]]
[2019.12.05-23.16.53:994][  0]LogConfig: Setting CVar [[r.VolumetricFog.GridPixelSize:8]]
[2019.12.05-23.16.53:994][  0]LogConfig: Setting CVar [[r.VolumetricFog.GridSizeZ:128]]
[2019.12.05-23.16.53:994][  0]LogConfig: Setting CVar [[r.VolumetricFog.HistoryMissSupersampleCount:4]]
[2019.12.05-23.16.53:994][  0]LogConfig: Setting CVar [[r.LightMaxDrawDistanceScale:1]]
[2019.12.05-23.16.53:994][  0]LogConfig: Setting CVar [[r.CapsuleShadows:1]]
[2019.12.05-23.16.53:994][  0]LogConfig: Applying CVar settings from Section [PostProcessQuality@3] File [D:/Users/Elizabeth/Documents/CS-328-Game/CS328Team11/Saved/Config/Windows/Scalability.ini]
[2019.12.05-23.16.53:994][  0]LogConfig: Setting CVar [[r.MotionBlurQuality:4]]
[2019.12.05-23.16.53:994][  0]LogConfig: Setting CVar [[r.AmbientOcclusionMipLevelFactor:0.4]]
[2019.12.05-23.16.53:994][  0]LogConfig: Setting CVar [[r.AmbientOcclusionMaxQuality:100]]
[2019.12.05-23.16.53:994][  0]LogConfig: Setting CVar [[r.AmbientOcclusionLevels:-1]]
[2019.12.05-23.16.53:994][  0]LogConfig: Setting CVar [[r.AmbientOcclusionRadiusScale:1.0]]
[2019.12.05-23.16.53:994][  0]LogConfig: Setting CVar [[r.DepthOfFieldQuality:2]]
[2019.12.05-23.16.53:994][  0]LogConfig: Setting CVar [[r.RenderTargetPoolMin:400]]
[2019.12.05-23.16.53:994][  0]LogConfig: Setting CVar [[r.LensFlareQuality:2]]
[2019.12.05-23.16.53:994][  0]LogConfig: Setting CVar [[r.SceneColorFringeQuality:1]]
[2019.12.05-23.16.53:994][  0]LogConfig: Setting CVar [[r.EyeAdaptationQuality:2]]
[2019.12.05-23.16.53:994][  0]LogConfig: Setting CVar [[r.BloomQuality:5]]
[2019.12.05-23.16.53:994][  0]LogConfig: Setting CVar [[r.FastBlurThreshold:100]]
[2019.12.05-23.16.53:994][  0]LogConfig: Setting CVar [[r.Upscale.Quality:3]]
[2019.12.05-23.16.53:994][  0]LogConfig: Setting CVar [[r.Tonemapper.GrainQuantization:1]]
[2019.12.05-23.16.53:994][  0]LogConfig: Setting CVar [[r.LightShaftQuality:1]]
[2019.12.05-23.16.53:994][  0]LogConfig: Setting CVar [[r.Filter.SizeScale:1]]
[2019.12.05-23.16.53:994][  0]LogConfig: Setting CVar [[r.Tonemapper.Quality:5]]
[2019.12.05-23.16.53:994][  0]LogConfig: Setting CVar [[r.DOF.Gather.AccumulatorQuality:1        ; higher gathering accumulator quality]]
[2019.12.05-23.16.53:994][  0]LogConfig: Setting CVar [[r.DOF.Gather.PostfilterMethod:1          ; Median3x3 postfilering method]]
[2019.12.05-23.16.53:994][  0]LogConfig: Setting CVar [[r.DOF.Gather.EnableBokehSettings:0       ; no bokeh simulation when gathering]]
[2019.12.05-23.16.53:994][  0]LogConfig: Setting CVar [[r.DOF.Gather.RingCount:4                 ; medium number of samples when gathering]]
[2019.12.05-23.16.53:994][  0]LogConfig: Setting CVar [[r.DOF.Scatter.ForegroundCompositing:1    ; additive foreground scattering]]
[2019.12.05-23.16.53:994][  0]LogConfig: Setting CVar [[r.DOF.Scatter.BackgroundCompositing:2    ; additive background scattering]]
[2019.12.05-23.16.53:994][  0]LogConfig: Setting CVar [[r.DOF.Scatter.EnableBokehSettings:1      ; bokeh simulation when scattering]]
[2019.12.05-23.16.53:994][  0]LogConfig: Setting CVar [[r.DOF.Scatter.MaxSpriteRatio:0.1         ; only a maximum of 10% of scattered bokeh]]
[2019.12.05-23.16.53:994][  0]LogConfig: Setting CVar [[r.DOF.Recombine.Quality:1                ; cheap slight out of focus]]
[2019.12.05-23.16.53:994][  0]LogConfig: Setting CVar [[r.DOF.Recombine.EnableBokehSettings:0    ; no bokeh simulation on slight out of focus]]
[2019.12.05-23.16.53:994][  0]LogConfig: Setting CVar [[r.DOF.TemporalAAQuality:1                ; more stable temporal accumulation]]
[2019.12.05-23.16.53:994][  0]LogConfig: Setting CVar [[r.DOF.Kernel.MaxForegroundRadius:0.025]]
[2019.12.05-23.16.53:994][  0]LogConfig: Setting CVar [[r.DOF.Kernel.MaxBackgroundRadius:0.025]]
[2019.12.05-23.16.53:994][  0]LogConfig: Applying CVar settings from Section [TextureQuality@3] File [D:/Users/Elizabeth/Documents/CS-328-Game/CS328Team11/Saved/Config/Windows/Scalability.ini]
[2019.12.05-23.16.53:994][  0]LogConfig: Setting CVar [[r.Streaming.MipBias:0]]
[2019.12.05-23.16.53:994][  0]LogConfig: Setting CVar [[r.Streaming.AmortizeCPUToGPUCopy:0]]
[2019.12.05-23.16.53:994][  0]LogConfig: Setting CVar [[r.Streaming.MaxNumTexturesToStreamPerFrame:0]]
[2019.12.05-23.16.53:994][  0]LogConfig: Setting CVar [[r.Streaming.Boost:1]]
[2019.12.05-23.16.53:994][  0]LogConfig: Setting CVar [[r.MaxAnisotropy:8]]
[2019.12.05-23.16.53:994][  0]LogConfig: Setting CVar [[r.Streaming.LimitPoolSizeToVRAM:0]]
[2019.12.05-23.16.53:994][  0]LogConfig: Setting CVar [[r.Streaming.PoolSize:1000]]
[2019.12.05-23.16.53:994][  0]LogConfig: Setting CVar [[r.Streaming.MaxEffectiveScreenSize:0]]
[2019.12.05-23.16.53:994][  0]LogConfig: Applying CVar settings from Section [EffectsQuality@3] File [D:/Users/Elizabeth/Documents/CS-328-Game/CS328Team11/Saved/Config/Windows/Scalability.ini]
[2019.12.05-23.16.53:994][  0]LogConfig: Setting CVar [[r.TranslucencyLightingVolumeDim:64]]
[2019.12.05-23.16.53:994][  0]LogConfig: Setting CVar [[r.RefractionQuality:2]]
[2019.12.05-23.16.53:994][  0]LogConfig: Setting CVar [[r.SSR.Quality:3]]
[2019.12.05-23.16.53:994][  0]LogConfig: Setting CVar [[r.SceneColorFormat:4]]
[2019.12.05-23.16.53:994][  0]LogConfig: Setting CVar [[r.DetailMode:2]]
[2019.12.05-23.16.53:994][  0]LogConfig: Setting CVar [[r.TranslucencyVolumeBlur:1]]
[2019.12.05-23.16.53:994][  0]LogConfig: Setting CVar [[r.MaterialQualityLevel:1 ; High quality]]
[2019.12.05-23.16.53:994][  0]LogConfig: Setting CVar [[r.SSS.Scale:1]]
[2019.12.05-23.16.53:994][  0]LogConfig: Setting CVar [[r.SSS.SampleSet:2]]
[2019.12.05-23.16.53:994][  0]LogConfig: Setting CVar [[r.SSS.Quality:1]]
[2019.12.05-23.16.53:994][  0]LogConfig: Setting CVar [[r.SSS.HalfRes:1]]
[2019.12.05-23.16.53:994][  0]LogConfig: Setting CVar [[r.EmitterSpawnRateScale:1.0]]
[2019.12.05-23.16.53:994][  0]LogConfig: Setting CVar [[r.ParticleLightQuality:2]]
[2019.12.05-23.16.53:994][  0]LogConfig: Applying CVar settings from Section [FoliageQuality@3] File [D:/Users/Elizabeth/Documents/CS-328-Game/CS328Team11/Saved/Config/Windows/Scalability.ini]
[2019.12.05-23.16.53:994][  0]LogConfig: Setting CVar [[foliage.DensityScale:1.0]]
[2019.12.05-23.16.53:994][  0]LogConfig: Setting CVar [[grass.DensityScale:1.0]]
[2019.12.05-23.16.53:994][  0]LogInit: Selected Device Profile: [Windows]
[2019.12.05-23.16.53:994][  0]LogInit: Applying CVar settings loaded from the selected device profile: [Windows]
[2019.12.05-23.16.53:997][  0]LogHAL: Display: Platform has ~ 8 GB [8471191552 / 8589934592 / 8], which maps to Default [LargestMinGB=32, LargerMinGB=12, DefaultMinGB=8, SmallerMinGB=6, SmallestMinGB=0)
[2019.12.05-23.16.53:997][  0]LogInit: Going up to parent DeviceProfile []
[2019.12.05-23.16.53:997][  0]LogConfig: Applying CVar settings from Section [ViewDistanceQuality@3] File [D:/Users/Elizabeth/Documents/CS-328-Game/CS328Team11/Saved/Config/Windows/Scalability.ini]
[2019.12.05-23.16.53:997][  0]LogConfig: Setting CVar [[r.SkeletalMeshLODBias:0]]
[2019.12.05-23.16.53:997][  0]LogConfig: Setting CVar [[r.ViewDistanceScale:1.0]]
[2019.12.05-23.16.53:997][  0]LogConfig: Applying CVar settings from Section [AntiAliasingQuality@3] File [D:/Users/Elizabeth/Documents/CS-328-Game/CS328Team11/Saved/Config/Windows/Scalability.ini]
[2019.12.05-23.16.53:997][  0]LogConfig: Setting CVar [[r.PostProcessAAQuality:4]]
[2019.12.05-23.16.53:997][  0]LogConfig: Applying CVar settings from Section [ShadowQuality@3] File [D:/Users/Elizabeth/Documents/CS-328-Game/CS328Team11/Saved/Config/Windows/Scalability.ini]
[2019.12.05-23.16.53:997][  0]LogConfig: Setting CVar [[r.LightFunctionQuality:1]]
[2019.12.05-23.16.53:997][  0]LogConfig: Setting CVar [[r.ShadowQuality:5]]
[2019.12.05-23.16.53:997][  0]LogConfig: Setting CVar [[r.Shadow.CSM.MaxCascades:10]]
[2019.12.05-23.16.53:997][  0]LogConfig: Setting CVar [[r.Shadow.MaxResolution:2048]]
[2019.12.05-23.16.53:997][  0]LogConfig: Setting CVar [[r.Shadow.MaxCSMResolution:2048]]
[2019.12.05-23.16.53:997][  0]LogConfig: Setting CVar [[r.Shadow.RadiusThreshold:0.01]]
[2019.12.05-23.16.53:997][  0]LogConfig: Setting CVar [[r.Shadow.DistanceScale:1.0]]
[2019.12.05-23.16.53:997][  0]LogConfig: Setting CVar [[r.Shadow.CSM.TransitionScale:1.0]]
[2019.12.05-23.16.53:997][  0]LogConfig: Setting CVar [[r.Shadow.PreShadowResolutionFactor:1.0]]
[2019.12.05-23.16.53:997][  0]LogConfig: Setting CVar [[r.DistanceFieldShadowing:1]]
[2019.12.05-23.16.53:997][  0]LogConfig: Setting CVar [[r.DistanceFieldAO:1]]
[2019.12.05-23.16.53:997][  0]LogConfig: Setting CVar [[r.AOQuality:2]]
[2019.12.05-23.16.53:997][  0]LogConfig: Setting CVar [[r.VolumetricFog:1]]
[2019.12.05-23.16.53:997][  0]LogConfig: Setting CVar [[r.VolumetricFog.GridPixelSize:8]]
[2019.12.05-23.16.53:997][  0]LogConfig: Setting CVar [[r.VolumetricFog.GridSizeZ:128]]
[2019.12.05-23.16.53:997][  0]LogConfig: Setting CVar [[r.VolumetricFog.HistoryMissSupersampleCount:4]]
[2019.12.05-23.16.53:997][  0]LogConfig: Setting CVar [[r.LightMaxDrawDistanceScale:1]]
[2019.12.05-23.16.53:997][  0]LogConfig: Setting CVar [[r.CapsuleShadows:1]]
[2019.12.05-23.16.53:997][  0]LogConfig: Applying CVar settings from Section [PostProcessQuality@3] File [D:/Users/Elizabeth/Documents/CS-328-Game/CS328Team11/Saved/Config/Windows/Scalability.ini]
[2019.12.05-23.16.53:997][  0]LogConfig: Setting CVar [[r.MotionBlurQuality:4]]
[2019.12.05-23.16.53:997][  0]LogConfig: Setting CVar [[r.AmbientOcclusionMipLevelFactor:0.4]]
[2019.12.05-23.16.53:997][  0]LogConfig: Setting CVar [[r.AmbientOcclusionMaxQuality:100]]
[2019.12.05-23.16.53:997][  0]LogConfig: Setting CVar [[r.AmbientOcclusionLevels:-1]]
[2019.12.05-23.16.53:997][  0]LogConfig: Setting CVar [[r.AmbientOcclusionRadiusScale:1.0]]
[2019.12.05-23.16.53:997][  0]LogConfig: Setting CVar [[r.DepthOfFieldQuality:2]]
[2019.12.05-23.16.53:997][  0]LogConfig: Setting CVar [[r.RenderTargetPoolMin:400]]
[2019.12.05-23.16.53:997][  0]LogConfig: Setting CVar [[r.LensFlareQuality:2]]
[2019.12.05-23.16.53:997][  0]LogConfig: Setting CVar [[r.SceneColorFringeQuality:1]]
[2019.12.05-23.16.53:997][  0]LogConfig: Setting CVar [[r.EyeAdaptationQuality:2]]
[2019.12.05-23.16.53:997][  0]LogConfig: Setting CVar [[r.BloomQuality:5]]
[2019.12.05-23.16.53:997][  0]LogConfig: Setting CVar [[r.FastBlurThreshold:100]]
[2019.12.05-23.16.53:997][  0]LogConfig: Setting CVar [[r.Upscale.Quality:3]]
[2019.12.05-23.16.53:997][  0]LogConfig: Setting CVar [[r.Tonemapper.GrainQuantization:1]]
[2019.12.05-23.16.53:997][  0]LogConfig: Setting CVar [[r.LightShaftQuality:1]]
[2019.12.05-23.16.53:997][  0]LogConfig: Setting CVar [[r.Filter.SizeScale:1]]
[2019.12.05-23.16.53:997][  0]LogConfig: Setting CVar [[r.Tonemapper.Quality:5]]
[2019.12.05-23.16.53:997][  0]LogConfig: Setting CVar [[r.DOF.Gather.AccumulatorQuality:1        ; higher gathering accumulator quality]]
[2019.12.05-23.16.53:997][  0]LogConfig: Setting CVar [[r.DOF.Gather.PostfilterMethod:1          ; Median3x3 postfilering method]]
[2019.12.05-23.16.53:997][  0]LogConfig: Setting CVar [[r.DOF.Gather.EnableBokehSettings:0       ; no bokeh simulation when gathering]]
[2019.12.05-23.16.53:997][  0]LogConfig: Setting CVar [[r.DOF.Gather.RingCount:4                 ; medium number of samples when gathering]]
[2019.12.05-23.16.53:997][  0]LogConfig: Setting CVar [[r.DOF.Scatter.ForegroundCompositing:1    ; additive foreground scattering]]
[2019.12.05-23.16.53:997][  0]LogConfig: Setting CVar [[r.DOF.Scatter.BackgroundCompositing:2    ; additive background scattering]]
[2019.12.05-23.16.53:997][  0]LogConfig: Setting CVar [[r.DOF.Scatter.EnableBokehSettings:1      ; bokeh simulation when scattering]]
[2019.12.05-23.16.53:997][  0]LogConfig: Setting CVar [[r.DOF.Scatter.MaxSpriteRatio:0.1         ; only a maximum of 10% of scattered bokeh]]
[2019.12.05-23.16.53:997][  0]LogConfig: Setting CVar [[r.DOF.Recombine.Quality:1                ; cheap slight out of focus]]
[2019.12.05-23.16.53:997][  0]LogConfig: Setting CVar [[r.DOF.Recombine.EnableBokehSettings:0    ; no bokeh simulation on slight out of focus]]
[2019.12.05-23.16.53:997][  0]LogConfig: Setting CVar [[r.DOF.TemporalAAQuality:1                ; more stable temporal accumulation]]
[2019.12.05-23.16.53:997][  0]LogConfig: Setting CVar [[r.DOF.Kernel.MaxForegroundRadius:0.025]]
[2019.12.05-23.16.53:997][  0]LogConfig: Setting CVar [[r.DOF.Kernel.MaxBackgroundRadius:0.025]]
[2019.12.05-23.16.53:997][  0]LogConfig: Applying CVar settings from Section [TextureQuality@3] File [D:/Users/Elizabeth/Documents/CS-328-Game/CS328Team11/Saved/Config/Windows/Scalability.ini]
[2019.12.05-23.16.53:997][  0]LogConfig: Setting CVar [[r.Streaming.MipBias:0]]
[2019.12.05-23.16.53:997][  0]LogConfig: Setting CVar [[r.Streaming.AmortizeCPUToGPUCopy:0]]
[2019.12.05-23.16.53:997][  0]LogConfig: Setting CVar [[r.Streaming.MaxNumTexturesToStreamPerFrame:0]]
[2019.12.05-23.16.53:997][  0]LogConfig: Setting CVar [[r.Streaming.Boost:1]]
[2019.12.05-23.16.53:998][  0]LogConfig: Setting CVar [[r.MaxAnisotropy:8]]
[2019.12.05-23.16.53:998][  0]LogConfig: Setting CVar [[r.Streaming.LimitPoolSizeToVRAM:0]]
[2019.12.05-23.16.53:998][  0]LogConfig: Setting CVar [[r.Streaming.PoolSize:1000]]
[2019.12.05-23.16.53:998][  0]LogConfig: Setting CVar [[r.Streaming.MaxEffectiveScreenSize:0]]
[2019.12.05-23.16.53:998][  0]LogConfig: Applying CVar settings from Section [EffectsQuality@3] File [D:/Users/Elizabeth/Documents/CS-328-Game/CS328Team11/Saved/Config/Windows/Scalability.ini]
[2019.12.05-23.16.53:998][  0]LogConfig: Setting CVar [[r.TranslucencyLightingVolumeDim:64]]
[2019.12.05-23.16.53:998][  0]LogConfig: Setting CVar [[r.RefractionQuality:2]]
[2019.12.05-23.16.53:998][  0]LogConfig: Setting CVar [[r.SSR.Quality:3]]
[2019.12.05-23.16.53:998][  0]LogConfig: Setting CVar [[r.SceneColorFormat:4]]
[2019.12.05-23.16.53:998][  0]LogConfig: Setting CVar [[r.DetailMode:2]]
[2019.12.05-23.16.53:998][  0]LogConfig: Setting CVar [[r.TranslucencyVolumeBlur:1]]
[2019.12.05-23.16.53:998][  0]LogConfig: Setting CVar [[r.MaterialQualityLevel:1 ; High quality]]
[2019.12.05-23.16.53:998][  0]LogConfig: Setting CVar [[r.SSS.Scale:1]]
[2019.12.05-23.16.53:998][  0]LogConfig: Setting CVar [[r.SSS.SampleSet:2]]
[2019.12.05-23.16.53:998][  0]LogConfig: Setting CVar [[r.SSS.Quality:1]]
[2019.12.05-23.16.53:998][  0]LogConfig: Setting CVar [[r.SSS.HalfRes:1]]
[2019.12.05-23.16.53:998][  0]LogConfig: Setting CVar [[r.EmitterSpawnRateScale:1.0]]
[2019.12.05-23.16.53:998][  0]LogConfig: Setting CVar [[r.ParticleLightQuality:2]]
[2019.12.05-23.16.53:998][  0]LogConfig: Applying CVar settings from Section [FoliageQuality@3] File [D:/Users/Elizabeth/Documents/CS-328-Game/CS328Team11/Saved/Config/Windows/Scalability.ini]
[2019.12.05-23.16.53:998][  0]LogConfig: Setting CVar [[foliage.DensityScale:1.0]]
[2019.12.05-23.16.53:998][  0]LogConfig: Setting CVar [[grass.DensityScale:1.0]]
[2019.12.05-23.16.53:998][  0]LogConfig: Applying CVar settings from Section [Startup] File [../../../Engine/Config/ConsoleVariables.ini]
[2019.12.05-23.16.53:998][  0]LogConfig: Setting CVar [[net.UseAdaptiveNetUpdateFrequency:0]]
[2019.12.05-23.16.53:998][  0]LogConfig: Setting CVar [[p.chaos.AllowCreatePhysxBodies:1]]
[2019.12.05-23.16.53:998][  0]LogConfig: Applying CVar settings from Section [ConsoleVariables] File [D:/Users/Elizabeth/Documents/CS-328-Game/CS328Team11/Saved/Config/Windows/Engine.ini]
[2019.12.05-23.16.53:998][  0]LogInit: Computer: YOLK
[2019.12.05-23.16.53:998][  0]LogInit: User: Elizabeth
[2019.12.05-23.16.53:998][  0]LogInit: CPU Page size=4096, Cores=4
[2019.12.05-23.16.53:998][  0]LogInit: High frequency timer resolution =10.000000 MHz
[2019.12.05-23.16.53:998][  0]LogMemory: Memory total: Physical=7.9GB (8GB approx)
[2019.12.05-23.16.53:998][  0]LogMemory: Platform Memory Stats for Windows
[2019.12.05-23.16.53:998][  0]LogMemory: Process Physical Memory: 100.34 MB used, 100.35 MB peak
[2019.12.05-23.16.53:998][  0]LogMemory: Process Virtual Memory: 88.57 MB used, 88.57 MB peak
[2019.12.05-23.16.53:998][  0]LogMemory: Physical Memory: 5362.68 MB used,  2716.08 MB free, 8078.76 MB total
[2019.12.05-23.16.53:998][  0]LogMemory: Virtual Memory: 4656.48 MB used,  134213072.00 MB free, 134217728.00 MB total
[2019.12.05-23.16.54:001][  0]LogWindows: WindowsPlatformFeatures enabled
[2019.12.05-23.16.54:019][  0]LogInit: Using OS detected language (en-US).
[2019.12.05-23.16.54:019][  0]LogInit: Using OS detected locale (en-US).
[2019.12.05-23.16.54:019][  0]LogTextLocalizationManager: No specific localization for 'en-US' exists, so the 'en' localization will be used.
[2019.12.05-23.16.54:176][  0]LogInit: Setting process to per monitor DPI aware
[2019.12.05-23.16.54:219][  0]LogSlate: New Slate User Created.  User Index 0, Is Virtual User: 0
[2019.12.05-23.16.54:219][  0]LogSlate: Slate User Registered.  User Index 0, Is Virtual User: 0
[2019.12.05-23.16.54:415][  0]LogHMD: Failed to initialize OpenVR with code 110
[2019.12.05-23.16.54:415][  0]LogD3D11RHI: D3D11 adapters:
[2019.12.05-23.16.54:481][  0]LogD3D11RHI:    0. 'NVIDIA GeForce GTX 1050 Ti' (Feature Level 11_0)
[2019.12.05-23.16.54:481][  0]LogD3D11RHI:       4018/0/4039 MB DedicatedVideo/DedicatedSystem/SharedSystem, Outputs:1, VendorId:0x10de
[2019.12.05-23.16.54:491][  0]LogD3D11RHI:    1. 'Intel(R) HD Graphics 630' (Feature Level 11_0)
[2019.12.05-23.16.54:491][  0]LogD3D11RHI:       128/0/4039 MB DedicatedVideo/DedicatedSystem/SharedSystem, Outputs:0, VendorId:0x8086
[2019.12.05-23.16.54:493][  0]LogD3D11RHI:    2. 'Microsoft Basic Render Driver' (Feature Level 11_0)
[2019.12.05-23.16.54:493][  0]LogD3D11RHI:       0/0/4039 MB DedicatedVideo/DedicatedSystem/SharedSystem, Outputs:0, VendorId:0x1414
[2019.12.05-23.16.54:493][  0]LogD3D11RHI: Chosen D3D11 Adapter: 0
[2019.12.05-23.16.54:524][  0]LogD3D11RHI: Creating new Direct3DDevice
[2019.12.05-23.16.54:524][  0]LogD3D11RHI:     GPU DeviceId: 0x1c8c (for the marketing name, search the web for "GPU Device Id")
[2019.12.05-23.16.54:524][  0]LogWindows: EnumDisplayDevices:
[2019.12.05-23.16.54:524][  0]LogWindows:    0. 'Intel(R) HD Graphics 630' (P:1 D:1)
[2019.12.05-23.16.54:525][  0]LogWindows:    1. 'Intel(R) HD Graphics 630' (P:0 D:0)
[2019.12.05-23.16.54:525][  0]LogWindows:    2. 'Intel(R) HD Graphics 630' (P:0 D:0)
[2019.12.05-23.16.54:525][  0]LogWindows:    3. 'NVIDIA GeForce GTX 1050 Ti' (P:0 D:0)
[2019.12.05-23.16.54:525][  0]LogWindows:    4. 'NVIDIA GeForce GTX 1050 Ti' (P:0 D:0)
[2019.12.05-23.16.54:526][  0]LogWindows:    5. 'NVIDIA GeForce GTX 1050 Ti' (P:0 D:0)
[2019.12.05-23.16.54:526][  0]LogWindows:    6. 'NVIDIA GeForce GTX 1050 Ti' (P:0 D:0)
[2019.12.05-23.16.54:526][  0]LogWindows: DebugString: PrimaryIsNotTheChoosenAdapter PrimaryIsNotTheChoosenAdapter PrimaryIsNotTheChoosenAdapter FoundDriverCount:4 
[2019.12.05-23.16.54:526][  0]LogD3D11RHI:     Adapter Name: NVIDIA GeForce GTX 1050 Ti
[2019.12.05-23.16.54:526][  0]LogD3D11RHI:   Driver Version: 398.36 (internal:24.21.13.9836, unified:398.36)
[2019.12.05-23.16.54:526][  0]LogD3D11RHI:      Driver Date: 6-24-2018
[2019.12.05-23.16.54:526][  0]LogRHI: Texture pool is 2812 MB (70% of 4018 MB)
[2019.12.05-23.16.54:570][  0]LogD3D11RHI: Async texture creation enabled
[2019.12.05-23.16.54:588][  0]LogD3D11RHI: GPU Timing Frequency: 1000.000000 (Debug: 2 2)
[2019.12.05-23.16.54:942][  0]LogTemp: Display: Module 'AllDesktopTargetPlatform' loaded TargetPlatform 'AllDesktop'
[2019.12.05-23.16.54:950][  0]LogTemp: Display: Module 'MacClientTargetPlatform' loaded TargetPlatform 'MacClient'
[2019.12.05-23.16.54:958][  0]LogTemp: Display: Module 'MacNoEditorTargetPlatform' loaded TargetPlatform 'MacNoEditor'
[2019.12.05-23.16.54:965][  0]LogTemp: Display: Module 'MacServerTargetPlatform' loaded TargetPlatform 'MacServer'
[2019.12.05-23.16.54:974][  0]LogTemp: Display: Module 'MacTargetPlatform' loaded TargetPlatform 'Mac'
[2019.12.05-23.16.54:983][  0]LogTemp: Display: Module 'WindowsClientTargetPlatform' loaded TargetPlatform 'WindowsClient'
[2019.12.05-23.16.54:992][  0]LogTemp: Display: Module 'WindowsNoEditorTargetPlatform' loaded TargetPlatform 'WindowsNoEditor'
[2019.12.05-23.16.55:000][  0]LogTemp: Display: Module 'WindowsServerTargetPlatform' loaded TargetPlatform 'WindowsServer'
[2019.12.05-23.16.55:004][  0]LogTemp: Display: Module 'WindowsTargetPlatform' loaded TargetPlatform 'Windows'
[2019.12.05-23.16.55:048][  0]LogTemp: Display: Module 'AndroidTargetPlatform' loaded TargetPlatform 'Android'
[2019.12.05-23.16.55:048][  0]LogTemp: Display: Module 'AndroidTargetPlatform' loaded TargetPlatform 'Android_ASTC'
[2019.12.05-23.16.55:048][  0]LogTemp: Display: Module 'AndroidTargetPlatform' loaded TargetPlatform 'Android_ATC'
[2019.12.05-23.16.55:048][  0]LogTemp: Display: Module 'AndroidTargetPlatform' loaded TargetPlatform 'Android_DXT'
[2019.12.05-23.16.55:048][  0]LogTemp: Display: Module 'AndroidTargetPlatform' loaded TargetPlatform 'Android_ETC1'
[2019.12.05-23.16.55:048][  0]LogTemp: Display: Module 'AndroidTargetPlatform' loaded TargetPlatform 'Android_ETC1a'
[2019.12.05-23.16.55:048][  0]LogTemp: Display: Module 'AndroidTargetPlatform' loaded TargetPlatform 'Android_ETC2'
[2019.12.05-23.16.55:048][  0]LogTemp: Display: Module 'AndroidTargetPlatform' loaded TargetPlatform 'Android_PVRTC'
[2019.12.05-23.16.55:048][  0]LogTemp: Display: Module 'AndroidTargetPlatform' loaded TargetPlatform 'AndroidClient'
[2019.12.05-23.16.55:048][  0]LogTemp: Display: Module 'AndroidTargetPlatform' loaded TargetPlatform 'Android_ASTCClient'
[2019.12.05-23.16.55:048][  0]LogTemp: Display: Module 'AndroidTargetPlatform' loaded TargetPlatform 'Android_ATCClient'
[2019.12.05-23.16.55:048][  0]LogTemp: Display: Module 'AndroidTargetPlatform' loaded TargetPlatform 'Android_DXTClient'
[2019.12.05-23.16.55:048][  0]LogTemp: Display: Module 'AndroidTargetPlatform' loaded TargetPlatform 'Android_ETC1Client'
[2019.12.05-23.16.55:048][  0]LogTemp: Display: Module 'AndroidTargetPlatform' loaded TargetPlatform 'Android_ETC1aClient'
[2019.12.05-23.16.55:048][  0]LogTemp: Display: Module 'AndroidTargetPlatform' loaded TargetPlatform 'Android_ETC2Client'
[2019.12.05-23.16.55:048][  0]LogTemp: Display: Module 'AndroidTargetPlatform' loaded TargetPlatform 'Android_PVRTCClient'
[2019.12.05-23.16.55:049][  0]LogTemp: Display: Module 'AndroidTargetPlatform' loaded TargetPlatform 'Android_Multi'
[2019.12.05-23.16.55:049][  0]LogTemp: Display: Module 'AndroidTargetPlatform' loaded TargetPlatform 'Android_MultiClient'
[2019.12.05-23.16.55:052][  0]LogTemp: Display: Module 'HTML5TargetPlatform' loaded TargetPlatform 'HTML5'
[2019.12.05-23.16.55:078][  0]LogTemp: Display: Module 'IOSTargetPlatform' loaded TargetPlatform 'IOSClient'
[2019.12.05-23.16.55:078][  0]LogTemp: Display: Module 'IOSTargetPlatform' loaded TargetPlatform 'IOS'
[2019.12.05-23.16.55:097][  0]LogTemp: Display: Module 'TVOSTargetPlatform' loaded TargetPlatform 'TVOSClient'
[2019.12.05-23.16.55:097][  0]LogTemp: Display: Module 'TVOSTargetPlatform' loaded TargetPlatform 'TVOS'
[2019.12.05-23.16.55:106][  0]LogTemp: Display: Module 'LinuxClientTargetPlatform' loaded TargetPlatform 'LinuxClient'
[2019.12.05-23.16.55:114][  0]LogTemp: Display: Module 'LinuxNoEditorTargetPlatform' loaded TargetPlatform 'LinuxNoEditor'
[2019.12.05-23.16.55:125][  0]LogTemp: Display: Module 'LinuxServerTargetPlatform' loaded TargetPlatform 'LinuxServer'
[2019.12.05-23.16.55:135][  0]LogTemp: Display: Module 'LinuxTargetPlatform' loaded TargetPlatform 'Linux'
[2019.12.05-23.16.55:169][  0]LogTemp: Display: Module 'LuminTargetPlatform' loaded TargetPlatform 'Lumin'
[2019.12.05-23.16.55:169][  0]LogTemp: Display: Module 'LuminTargetPlatform' loaded TargetPlatform 'LuminClient'
[2019.12.05-23.16.55:169][  0]LogTargetPlatformManager: Display: Building Assets For Windows
[2019.12.05-23.16.55:180][  0]LogAudioDebug: Display: Lib vorbis DLL was dynamically loaded.
[2019.12.05-23.16.55:233][  0]LogShaderCompilers: Guid format shader working directory is -14 characters bigger than the processId version (../../../../../Users/Elizabeth/Documents/CS-328-Game/CS328Team11/Intermediate/Shaders/WorkingDirectory/6652/).
[2019.12.05-23.16.55:234][  0]LogShaderCompilers: Cleaned the shader compiler working directory 'C:/Users/Elizabeth/AppData/Local/Temp/UnrealShaderWorkingDir/D3BDADDF49292B3CE3976291E999861E/'.
[2019.12.05-23.16.55:236][  0]LogXGEController: Cannot use XGE Controller as Incredibuild is not installed on this machine.
[2019.12.05-23.16.55:236][  0]LogShaderCompilers: Cannot use XGE Shader Compiler as Incredibuild is not installed on this machine.
[2019.12.05-23.16.55:236][  0]LogShaderCompilers: Display: Using Local Shader Compiler.
[2019.12.05-23.16.55:906][  0]LogDerivedDataCache: Display: Max Cache Size: 512 MB
[2019.12.05-23.16.55:958][  0]LogDerivedDataCache: Loaded boot cache 0.05s 73MB C:/Users/Elizabeth/AppData/Local/UnrealEngine/4.23/DerivedDataCache/Boot.ddc.
[2019.12.05-23.16.55:958][  0]LogDerivedDataCache: Display: Loaded Boot cache: C:/Users/Elizabeth/AppData/Local/UnrealEngine/4.23/DerivedDataCache/Boot.ddc
[2019.12.05-23.16.55:959][  0]LogDerivedDataCache: FDerivedDataBackendGraph:  Pak pak cache file ../../../../../Users/Elizabeth/Documents/CS-328-Game/CS328Team11/DerivedDataCache/DDC.ddp not found, will not use a pak cache.
[2019.12.05-23.16.55:959][  0]LogDerivedDataCache: Unable to find inner node Pak for hierarchical cache Hierarchy.
[2019.12.05-23.16.55:959][  0]LogDerivedDataCache: FDerivedDataBackendGraph:  CompressedPak pak cache file ../../../../../Users/Elizabeth/Documents/CS-328-Game/CS328Team11/DerivedDataCache/Compressed.ddp not found, will not use a pak cache.
[2019.12.05-23.16.55:959][  0]LogDerivedDataCache: Unable to find inner node CompressedPak for hierarchical cache Hierarchy.
[2019.12.05-23.16.55:970][  0]LogDerivedDataCache: Display: Pak cache opened for reading ../../../Engine/DerivedDataCache/Compressed.ddp.
[2019.12.05-23.16.55:970][  0]LogDerivedDataCache: FDerivedDataBackendGraph:  EnterprisePak pak cache file ../../../Enterprise/DerivedDataCache/Compressed.ddp not found, will not use a pak cache.
[2019.12.05-23.16.55:970][  0]LogDerivedDataCache: Unable to find inner node EnterprisePak for hierarchical cache Hierarchy.
[2019.12.05-23.16.55:971][  0]LogDerivedDataCache: Using Local data cache path C:/Users/Elizabeth/AppData/Local/UnrealEngine/Common/DerivedDataCache: Writable
[2019.12.05-23.16.55:971][  0]LogDerivedDataCache: Shared data cache path not found in *engine.ini, will not use an Shared cache.
[2019.12.05-23.16.55:971][  0]LogDerivedDataCache: Unable to find inner node Shared for hierarchical cache Hierarchy.
[2019.12.05-23.16.55:993][  0]LogMaterial: Verifying Global Shaders for PCD3D_SM5
[2019.12.05-23.16.55:995][  0]LogSlate: Using FreeType 2.6.0
[2019.12.05-23.16.55:996][  0]LogSlate: SlateFontServices - WITH_FREETYPE: 1, WITH_HARFBUZZ: 1
[2019.12.05-23.16.56:059][  0]LogAssetRegistry: FAssetRegistry took 0.0022 seconds to start up
[2019.12.05-23.16.56:294][  0]LogInit: Selected Device Profile: [Windows]
[2019.12.05-23.16.56:428][  0]LogMeshReduction: Using QuadricMeshReduction for automatic static mesh reduction
[2019.12.05-23.16.56:428][  0]LogMeshReduction: Using SimplygonMeshReduction for automatic skeletal mesh reduction
[2019.12.05-23.16.56:428][  0]LogMeshReduction: Using ProxyLODMeshReduction for automatic mesh merging
[2019.12.05-23.16.56:428][  0]LogMeshReduction: No distributed automatic mesh merging module available
[2019.12.05-23.16.56:428][  0]LogMeshMerging: No distributed automatic mesh merging module available
[2019.12.05-23.16.56:437][  0]LogNetVersion: CS328Team11 1.0.0, NetCL: 8386587, EngineNetVer: 11, GameNetVer: 0 (Checksum: 2400628328)
[2019.12.05-23.16.56:810][  0]LogPackageLocalizationCache: Processed 12 localized package path(s) for 1 prioritized culture(s) in 0.029823 seconds
[2019.12.05-23.16.56:817][  0]LogUObjectArray: 43444 objects as part of root set at end of initial load.
[2019.12.05-23.16.56:817][  0]LogUObjectAllocator: 7548648 out of 0 bytes used by permanent object pool.
[2019.12.05-23.16.56:817][  0]LogUObjectArray: CloseDisregardForGC: 0/0 objects in disregard for GC pool
[2019.12.05-23.16.57:566][  0]LogTcpMessaging: Initializing TcpMessaging bridge
[2019.12.05-23.16.57:569][  0]LogUdpMessaging: Initializing bridge on interface 0.0.0.0:0 to multicast group 230.0.0.1:6666.
[2019.12.05-23.16.57:617][  0]SourceControl: Source control is disabled
[2019.12.05-23.16.57:617][  0]SourceControl: Source control is disabled
[2019.12.05-23.16.57:618][  0]SourceControl: Source control is disabled
[2019.12.05-23.16.57:619][  0]SourceControl: Source control is disabled
[2019.12.05-23.16.57:627][  0]LogVSAccessor: Display: Unable to create Visual Studio setup instance: 80040154
[2019.12.05-23.16.57:628][  0]LogVSAccessor: Display: Unable to create Visual Studio setup instance: 80040154
[2019.12.05-23.16.57:690][  0]LogAndroidPermission: UAndroidPermissionCallbackProxy::GetInstance
[2019.12.05-23.16.57:825][  0]LogOcInput: OculusInput pre-init called
[2019.12.05-23.16.57:830][  0]LogWindows: Failed to load 'OVRPlugin.dll' (GetLastError=126)
[2019.12.05-23.16.57:830][  0]LogWindows: File 'OVRPlugin.dll' does not exist
[2019.12.05-23.16.57:891][  0]LogEngine: Initializing Engine...
[2019.12.05-23.16.57:891][  0]LogHMD: Failed to initialize OpenVR with code 110
[2019.12.05-23.16.57:892][  0]LogStats: UGameplayTagsManager::InitializeManager -  0.000 s
[2019.12.05-23.16.58:099][  0]LogInit: Initializing FReadOnlyCVARCache
[2019.12.05-23.16.58:112][  0]LogAIModule: Creating AISystem for world Untitled
[2019.12.05-23.16.58:132][  0]LogInit: XAudio2 using 'Speaker/Headphone (Realtek High Definition Audio)' : 2 channels at 48 kHz using 32 bits per sample (channel mask 0x3)
[2019.12.05-23.16.58:264][  0]LogInit: FAudioDevice initialized.
[2019.12.05-23.16.58:264][  0]LogNetVersion: Set ProjectVersion to 1.0.0.0. Version Checksum will be recalculated on next use.
[2019.12.05-23.16.58:325][  0]LogDerivedDataCache: Saved boot cache 0.06s 73MB C:/Users/Elizabeth/AppData/Local/UnrealEngine/4.23/DerivedDataCache/Boot.ddc.
[2019.12.05-23.16.58:328][  0]LogInit: Texture streaming: Enabled
[2019.12.05-23.16.58:340][  0]LogEngineSessionManager: EngineSessionManager initialized
[2019.12.05-23.16.58:340][  0]LogEditorSessionSummary: Verbose: Initializing EditorSessionSummaryWriter for editor session tracking
[2019.12.05-23.16.58:341][  0]LogEditorSessionSummary: EditorSessionSummaryWriter initialized
[2019.12.05-23.16.58:375][  0]LogInit: Transaction tracking system initialized
[2019.12.05-23.16.58:394][  0]BlueprintLog: New page: Editor Load
[2019.12.05-23.16.58:443][  0]LocalizationService: Localization service is disabled
[2019.12.05-23.16.58:491][  0]LogVSAccessor: Display: Unable to create Visual Studio setup instance: 80040154
[2019.12.05-23.16.58:492][  0]LogVSAccessor: Display: Unable to create Visual Studio setup instance: 80040154
[2019.12.05-23.16.58:637][  0]LogFileCache: Scanning file cache for directory 'D:/Users/Elizabeth/Documents/CS-328-Game/CS328Team11/Content/' took 0.00s
[2019.12.05-23.16.58:638][  0]LogCook: Display: Max memory allowance for cook 16384mb min free memory 0mb
[2019.12.05-23.16.58:638][  0]LogCook: Display: Mobile HDR setting 1
[2019.12.05-23.16.58:778][  0]SourceControl: Source control is disabled
[2019.12.05-23.16.58:778][  0]Cmd: MAP LOAD FILE="../../../../../Users/Elizabeth/Documents/CS-328-Game/CS328Team11/Content/Levels/LevelOne.umap" TEMPLATE=0 SHOWPROGRESS=1 FEATURELEVEL=3
[2019.12.05-23.16.58:778][  0]LightingResults: New page: Lighting Build
[2019.12.05-23.16.58:780][  0]LogWorld: UWorld::CleanupWorld for Untitled, bSessionEnded=true, bCleanupResources=true
[2019.12.05-23.16.58:780][  0]MapCheck: New page: Map Check
[2019.12.05-23.16.58:780][  0]LightingResults: New page: Lighting Build
[2019.12.05-23.16.58:808][  0]LogUObjectHash: Compacting FUObjectHashTables data took   1.38ms
[2019.12.05-23.16.59:334][  0]LogAIModule: Creating AISystem for world LevelOne
[2019.12.05-23.16.59:666][  0]LogEditorServer: Finished looking for orphan Actors (0.000 secs)
[2019.12.05-23.16.59:826][  0]LogUObjectHash: Compacting FUObjectHashTables data took   2.27ms
[2019.12.05-23.16.59:826][  0]Cmd: MAP CHECKDEP NOCLEARLOG
[2019.12.05-23.16.59:827][  0]MapCheck: Map check complete: 0 Error(s), 0 Warning(s), took 0.16ms to complete.
[2019.12.05-23.16.59:827][  0]LogFileHelpers: Loading map 'LevelOne' took 1.050
[2019.12.05-23.16.59:922][  0]LogSlate: Updating window title bar state: overlay mode, drag disabled, window buttons hidden, title bar hidden
[2019.12.05-23.16.59:932][  0]LogSlate: Updating window title bar state: overlay mode, drag disabled, window buttons hidden, title bar hidden
[2019.12.05-23.16.59:939][  0]LogSlate: Updating window title bar state: overlay mode, drag disabled, window buttons hidden, title bar hidden
[2019.12.05-23.16.59:946][  0]LogSlate: Updating window title bar state: overlay mode, drag disabled, window buttons hidden, title bar hidden
[2019.12.05-23.16.59:951][  0]LogCollectionManager: Loaded 0 collections in 0.000824 seconds
[2019.12.05-23.16.59:954][  0]LogFileCache: Scanning file cache for directory 'D:/Users/Elizabeth/Documents/CS-328-Game/CS328Team11/Saved/Collections/' took 0.00s
[2019.12.05-23.16.59:955][  0]LogFileCache: Scanning file cache for directory 'D:/Users/Elizabeth/Documents/CS-328-Game/CS328Team11/Content/Developers/Elizabeth/Collections/' took 0.00s
[2019.12.05-23.16.59:955][  0]LogFileCache: Scanning file cache for directory 'D:/Users/Elizabeth/Documents/CS-328-Game/CS328Team11/Content/Collections/' took 0.00s
[2019.12.05-23.16.59:955][  0]LogCollectionManager: Rebuilt the GUID cache for 0 collections in 0.000001 seconds
[2019.12.05-23.16.59:962][  0]LogContentBrowser: Native class hierarchy populated in 0.0075 seconds. Added 2863 classes and 680 folders.
[2019.12.05-23.16.59:966][  0]LogContentBrowser: Native class hierarchy updated for 'WidgetCarousel' in 0.0002 seconds. Added 0 classes and 0 folders.
[2019.12.05-23.16.59:993][  0]LogContentBrowser: Native class hierarchy updated for 'AddContentDialog' in 0.0002 seconds. Added 0 classes and 0 folders.
[2019.12.05-23.16.59:997][  0]LogContentBrowser: Native class hierarchy updated for 'SceneOutliner' in 0.0002 seconds. Added 1 classes and 2 folders.
[2019.12.05-23.17.00:038][  0]LogSlate: Took 0.000162 seconds to synchronously load lazily loaded font '../../../Engine/Content/Slate/Fonts/Roboto-Regular.ttf' (155K)
[2019.12.05-23.17.00:041][  0]LogSlate: Took 0.000226 seconds to synchronously load lazily loaded font '../../../Engine/Content/Slate/Fonts/Roboto-Bold.ttf' (160K)
[2019.12.05-23.17.00:049][  0]LogSlate: Took 0.000164 seconds to synchronously load lazily loaded font '../../../Engine/Content/Editor/Slate/Fonts/FontAwesome.ttf' (139K)
[2019.12.05-23.17.00:113][  0]LogRenderer: Reallocating scene render targets to support 888x460 Format 10 NumSamples 1 (Frame:1).
[2019.12.05-23.17.00:329][  0]LogContentBrowser: Native class hierarchy updated for 'HierarchicalLODOutliner' in 0.0002 seconds. Added 0 classes and 0 folders.
[2019.12.05-23.17.00:329][  0]LogLoad: (Engine Initialization) Total time: 7.02 seconds
[2019.12.05-23.17.00:329][  0]LogLoad: (Engine Initialization) Total Blueprint compile time: 0.00 seconds
[2019.12.05-23.17.00:385][  0]LogAssetRegistry: Asset discovery search completed in 4.3269 seconds
[2019.12.05-23.17.00:388][  0]LogCollectionManager: Rebuilt the object cache for 0 collections in 0.000004 seconds (found 0 objects)
[2019.12.05-23.17.00:388][  0]LogCollectionManager: Fixed up redirectors for 0 collections in 0.000045 seconds (updated 0 objects)
[2019.12.05-23.17.00:389][  0]LogContentStreaming: Texture pool size now 1000 MB
[2019.12.05-23.17.00:411][  0]LogSlate: Took 0.000140 seconds to synchronously load lazily loaded font '../../../Engine/Content/Slate/Fonts/Roboto-Light.ttf' (167K)
[2019.12.05-23.17.01:392][ 38]LogSlate: Took 0.000191 seconds to synchronously load lazily loaded font '../../../Engine/Content/Slate/Fonts/Roboto-Light.ttf' (167K)
[2019.12.05-23.17.04:701][182]LogSlate: FSceneViewport::OnFocusLost() reason 0
[2019.12.05-23.17.05:632][221]LogSlate: FSceneViewport::OnFocusLost() reason 0
[2019.12.05-23.17.05:827][228]LogAssetEditorManager: Opening Asset editor for Blueprint /Game/Blueprints/shelf.shelf
[2019.12.05-23.17.06:052][228]LogContentBrowser: Native class hierarchy updated for 'BlueprintGraph' in 0.0004 seconds. Added 121 classes and 0 folders.
[2019.12.05-23.17.06:834][228]LogSlate: Took 0.000185 seconds to synchronously load lazily loaded font '../../../Engine/Content/Slate/Fonts/Roboto-BoldCondensed.ttf' (158K)
[2019.12.05-23.17.08:906][313]LogRenderer: Reallocating scene render targets to support 912x572 Format 10 NumSamples 1 (Frame:1).
[2019.12.05-23.17.19:688][701]LogSlate: FSceneViewport::OnFocusLost() reason 2
[2019.12.05-23.17.38:541][328]LogSlate: FSceneViewport::OnFocusLost() reason 2
[2019.12.05-23.17.46:092][621]LogSlate: FSceneViewport::OnFocusLost() reason 2
[2019.12.05-23.17.55:855][ 10]LogSlate: FSceneViewport::OnFocusLost() reason 0
[2019.12.05-23.18.00:348][154]LogEditorSessionSummary: EditorSessionSummary sent report. Type=Shutdown, SessionId={A4B0F4D9-478C-EA74-76BD-EBB404119578}
[2019.12.05-23.18.07:689][378]LogSlate: FSceneViewport::OnFocusLost() reason 0
[2019.12.05-23.18.15:170][609]LogSlate: FSceneViewport::OnFocusLost() reason 0
[2019.12.05-23.18.22:917][878]LogSlate: FSceneViewport::OnFocusLost() reason 0
[2019.12.05-23.18.22:962][880]BlueprintLog: New page: Compile shelf
[2019.12.05-23.18.24:488][880]LogUObjectHash: Compacting FUObjectHashTables data took   5.43ms
[2019.12.05-23.18.26:398][896]Cmd: OBJ SAVEPACKAGE PACKAGE="/Game/Blueprints/shelf" FILE="../../../../../Users/Elizabeth/Documents/CS-328-Game/CS328Team11/Content/Blueprints/shelf.uasset" SILENT=true
[2019.12.05-23.18.26:491][896]LogSavePackage: Moving '../../../../../Users/Elizabeth/Documents/CS-328-Game/CS328Team11/Saved/shelf002254DE4752D4D5F2F1F7BB9B5ACD74.tmp' to '../../../../../Users/Elizabeth/Documents/CS-328-Game/CS328Team11/Content/Blueprints/shelf.uasset'
[2019.12.05-23.18.36:322][252]LogSlate: FSceneViewport::OnFocusLost() reason 2
[2019.12.05-23.18.37:937][281]LogSlate: FSceneViewport::OnFocusLost() reason 2
[2019.12.05-23.18.41:126][386]LogSlate: FSceneViewport::OnFocusLost() reason 2
[2019.12.05-23.18.42:829][418]LogSlate: FSceneViewport::OnFocusLost() reason 2
[2019.12.05-23.18.46:565][538]LogSlate: Took 0.000208 seconds to synchronously load lazily loaded font '../../../Engine/Content/Slate/Fonts/Roboto-Italic.ttf' (157K)
[2019.12.05-23.18.48:408][601]LogSlate: FSceneViewport::OnFocusLost() reason 0
[2019.12.05-23.18.48:490][605]BlueprintLog: New page: Compile shelf
[2019.12.05-23.18.49:716][605]LogUObjectHash: Compacting FUObjectHashTables data took   4.76ms
[2019.12.05-23.19.02:310][920]LogSlate: FSceneViewport::OnFocusLost() reason 2
[2019.12.05-23.19.16:013][118]LogWindows: Error: === Critical error: ===
[2019.12.05-23.19.16:013][118]LogWindows: Error: 
[2019.12.05-23.19.16:013][118]LogWindows: Error: Fatal error!
[2019.12.05-23.19.16:013][118]LogWindows: Error: 
[2019.12.05-23.19.16:013][118]LogWindows: Error: Unhandled Exception: EXCEPTION_ACCESS_VIOLATION 0xb02bd160
[2019.12.05-23.19.16:013][118]LogWindows: Error: 
[2019.12.05-23.19.16:013][118]LogWindows: Error: [Callstack] 0x00000253b02bd160 UnknownFunction []
[2019.12.05-23.19.16:013][118]LogWindows: Error: [Callstack] 0x00007ffa9a1ce631 UE4Editor-NavigationSystem.dll!UnknownFunction []
[2019.12.05-23.19.16:013][118]LogWindows: Error: [Callstack] 0x00007ffa9a2737e0 UE4Editor-NavigationSystem.dll!UnknownFunction []
[2019.12.05-23.19.16:013][118]LogWindows: Error: [Callstack] 0x00007ffa9a274199 UE4Editor-NavigationSystem.dll!UnknownFunction []
[2019.12.05-23.19.16:013][118]LogWindows: Error: [Callstack] 0x00007ffa9a273ec8 UE4Editor-NavigationSystem.dll!UnknownFunction []
[2019.12.05-23.19.16:013][118]LogWindows: Error: [Callstack] 0x00007ffa9a28f890 UE4Editor-NavigationSystem.dll!UnknownFunction []
[2019.12.05-23.19.16:013][118]LogWindows: Error: [Callstack] 0x00007ffa9a293360 UE4Editor-NavigationSystem.dll!UnknownFunction []
[2019.12.05-23.19.16:014][118]LogWindows: Error: [Callstack] 0x00007ffa9a2919c1 UE4Editor-NavigationSystem.dll!UnknownFunction []
[2019.12.05-23.19.16:014][118]LogWindows: Error: [Callstack] 0x00007ffa7cb5f5d2 UE4Editor-Engine.dll!UnknownFunction []
[2019.12.05-23.19.16:014][118]LogWindows: Error: [Callstack] 0x00007ffa7cb910d7 UE4Editor-Engine.dll!UnknownFunction []
[2019.12.05-23.19.16:014][118]LogWindows: Error: [Callstack] 0x00007ffa7d6120db UE4Editor-Engine.dll!UnknownFunction []
[2019.12.05-23.19.16:014][118]LogWindows: Error: [Callstack] 0x00007ffa7d56d913 UE4Editor-Engine.dll!UnknownFunction []
[2019.12.05-23.19.16:014][118]LogWindows: Error: [Callstack] 0x00007ffa7d56deed UE4Editor-Engine.dll!UnknownFunction []
[2019.12.05-23.19.16:014][118]LogWindows: Error: [Callstack] 0x00007ffa7d5e4841 UE4Editor-Engine.dll!UnknownFunction []
[2019.12.05-23.19.16:014][118]LogWindows: Error: [Callstack] 0x00007ffa7c7b8905 UE4Editor-Engine.dll!UnknownFunction []
[2019.12.05-23.19.16:014][118]LogWindows: Error: [Callstack] 0x00007ffa7c7e26a6 UE4Editor-Engine.dll!UnknownFunction []
[2019.12.05-23.19.16:014][118]LogWindows: Error: [Callstack] 0x00007ffa7c7d7819 UE4Editor-Engine.dll!UnknownFunction []
[2019.12.05-23.19.16:014][118]LogWindows: Error: [Callstack] 0x00007ffa9657aa3a UE4Editor-CoreUObject.dll!UnknownFunction []
[2019.12.05-23.19.16:014][118]LogWindows: Error: [Callstack] 0x00007ffa7b60b281 UE4Editor-UnrealEd.dll!UnknownFunction []
[2019.12.05-23.19.16:014][118]LogWindows: Error: [Callstack] 0x00007ffa8d720f82 UE4Editor-Kismet.dll!UnknownFunction []
[2019.12.05-23.19.16:014][118]LogWindows: Error: [Callstack] 0x00007ffa8d705309 UE4Editor-Kismet.dll!UnknownFunction []
[2019.12.05-23.19.16:014][118]LogWindows: Error: [Callstack] 0x00007ffa7c70156e UE4Editor-Engine.dll!UnknownFunction []
[2019.12.05-23.19.16:014][118]LogWindows: Error: [Callstack] 0x00007ffa7b604d25 UE4Editor-UnrealEd.dll!UnknownFunction []
[2019.12.05-23.19.16:014][118]LogWindows: Error: [Callstack] 0x00007ffa8da16d00 UE4Editor-Kismet.dll!UnknownFunction []
[2019.12.05-23.19.16:014][118]LogWindows: Error: [Callstack] 0x00007ffa8d9de038 UE4Editor-Kismet.dll!UnknownFunction []
[2019.12.05-23.19.16:014][118]LogWindows: Error: [Callstack] 0x00007ffa914eb62a UE4Editor-Slate.dll!UnknownFunction []
[2019.12.05-23.19.16:014][118]LogWindows: Error: [Callstack] 0x00007ffa9152191e UE4Editor-Slate.dll!UnknownFunction []
[2019.12.05-23.19.16:014][118]LogWindows: Error: [Callstack] 0x00007ffa7b896bc4 UE4Editor-UnrealEd.dll!UnknownFunction []
[2019.12.05-23.19.16:014][118]LogWindows: Error: [Callstack] 0x00007ffa914b3076 UE4Editor-Slate.dll!UnknownFunction []
[2019.12.05-23.19.16:014][118]LogWindows: Error: [Callstack] 0x00007ffa91523413 UE4Editor-Slate.dll!UnknownFunction []
[2019.12.05-23.19.16:014][118]LogWindows: Error: [Callstack] 0x00007ffa915187fe UE4Editor-Slate.dll!UnknownFunction []
[2019.12.05-23.19.16:014][118]LogWindows: Error: [Callstack] 0x00007ffaad444a7c UE4Editor-ApplicationCore.dll!UnknownFunction []
[2019.12.05-23.19.16:014][118]LogWindows: Error: [Callstack] 0x00007ffaad4326df UE4Editor-ApplicationCore.dll!UnknownFunction []
[2019.12.05-23.19.16:014][118]LogWindows: Error: [Callstack] 0x00007ffaad447340 UE4Editor-ApplicationCore.dll!UnknownFunction []
[2019.12.05-23.19.16:014][118]LogWindows: Error: [Callstack] 0x00007ffaad42edd0 UE4Editor-ApplicationCore.dll!UnknownFunction []
[2019.12.05-23.19.16:014][118]LogWindows: Error: [Callstack] 0x00007ffadd1c63ed USER32.dll!UnknownFunction []
[2019.12.05-23.19.16:014][118]LogWindows: Error: [Callstack] 0x00007ffadd1c5de2 USER32.dll!UnknownFunction []
[2019.12.05-23.19.16:014][118]LogWindows: Error: [Callstack] 0x00007ffaad4488e9 UE4Editor-ApplicationCore.dll!UnknownFunction []
[2019.12.05-23.19.16:014][118]LogWindows: Error: [Callstack] 0x00007ff67ecc6980 UE4Editor.exe!UnknownFunction []
[2019.12.05-23.19.16:014][118]LogWindows: Error: [Callstack] 0x00007ff67ecda91c UE4Editor.exe!UnknownFunction []
[2019.12.05-23.19.16:014][118]LogWindows: Error: [Callstack] 0x00007ff67ecda9fa UE4Editor.exe!UnknownFunction []
[2019.12.05-23.19.16:014][118]LogWindows: Error: [Callstack] 0x00007ff67eceb92c UE4Editor.exe!UnknownFunction []
[2019.12.05-23.19.16:014][118]LogWindows: Error: [Callstack] 0x00007ff67ecee60e UE4Editor.exe!UnknownFunction []
[2019.12.05-23.19.16:014][118]LogWindows: Error: [Callstack] 0x00007ffade4f7bd4 KERNEL32.DLL!UnknownFunction []
[2019.12.05-23.19.16:014][118]LogWindows: Error: [Callstack] 0x00007ffade64ced1 ntdll.dll!UnknownFunction []
[2019.12.05-23.19.16:014][118]LogWindows: Error: 
[2019.12.05-23.19.16:035][118]LogExit: Executing StaticShutdownAfterError
[2019.12.05-23.19.16:049][118]LogWindows: FPlatformMisc::RequestExit(1)
[2019.12.05-23.19.16:085][118]Log file closed, 12/05/19 15:19:16
