Log file open, 12/07/19 13:27:37
LogWindows: Failed to load 'aqProf.dll' (GetLastError=126)
LogWindows: File 'aqProf.dll' does not exist
LogWindows: Failed to load 'VtuneApi.dll' (GetLastError=126)
LogWindows: File 'VtuneApi.dll' does not exist
LogWindows: Failed to load 'VtuneApi32e.dll' (GetLastError=126)
LogWindows: File 'VtuneApi32e.dll' does not exist
LogConsoleResponse: Display: Failed to find resolution value strings in scalability ini. Falling back to default.
LogInit: Display: Running engine for game: CS328Team11
LogPlatformFile: Not using cached read wrapper
LogTaskGraph: Started task graph with 5 named threads and 23 total threads with 3 sets of task threads.
LogStats: Stats thread started at 0.098053
LogD3D11RHI: Loaded GFSDK_Aftermath_Lib.x64.dll
LogICUInternationalization: ICU TimeZone Detection - Raw Offset: -8:00, Platform Override: ''
LogPluginManager: Mounting plugin Paper2D
LogPluginManager: Mounting plugin AISupport
LogPluginManager: Mounting plugin LightPropagationVolume
LogPluginManager: Mounting plugin ActorLayerUtilities
LogPluginManager: Mounting plugin AnimationSharing
LogPluginManager: Mounting plugin CLionSourceCodeAccess
LogPluginManager: Mounting plugin CodeLiteSourceCodeAccess
LogPluginManager: Mounting plugin GitSourceControl
LogPluginManager: Mounting plugin KDevelopSourceCodeAccess
LogPluginManager: Mounting plugin NullSourceCodeAccess
LogPluginManager: Mounting plugin PerforceSourceControl
LogPluginManager: Mounting plugin SubversionSourceControl
LogPluginManager: Mounting plugin UObjectPlugin
LogPluginManager: Mounting plugin VisualStudioCodeSourceCodeAccess
LogPluginManager: Mounting plugin VisualStudioSourceCodeAccess
LogPluginManager: Mounting plugin XCodeSourceCodeAccess
LogPluginManager: Mounting plugin AssetManagerEditor
LogPluginManager: Mounting plugin CryptoKeys
LogPluginManager: Mounting plugin CurveEditorTools
LogPluginManager: Mounting plugin DataValidation
LogPluginManager: Mounting plugin FacialAnimation
LogPluginManager: Mounting plugin GameplayTagsEditor
LogPluginManager: Mounting plugin MacGraphicsSwitching
LogPluginManager: Mounting plugin MaterialAnalyzer
LogPluginManager: Mounting plugin MobileLauncherProfileWizard
LogPluginManager: Mounting plugin PluginBrowser
LogPluginManager: Mounting plugin SpeedTreeImporter
LogPluginManager: Mounting plugin DatasmithContent
LogPluginManager: Mounting plugin VariantManagerContent
LogPluginManager: Mounting plugin AlembicImporter
LogPluginManager: Mounting plugin AutomationUtils
LogPluginManager: Mounting plugin BackChannel
LogPluginManager: Mounting plugin CharacterAI
LogPluginManager: Mounting plugin GeometryCache
LogPluginManager: Mounting plugin HTML5Networking
LogPluginManager: Mounting plugin PlatformCrypto
LogPluginManager: Mounting plugin ProxyLODPlugin
LogPluginManager: Mounting plugin SkeletalReduction
LogPluginManager: Mounting plugin MagicLeap
LogPluginManager: Mounting plugin MagicLeapMedia
LogPluginManager: Mounting plugin AndroidMedia
LogPluginManager: Mounting plugin AvfMedia
LogPluginManager: Mounting plugin ImgMedia
LogPluginManager: Mounting plugin MediaCompositing
LogPluginManager: Mounting plugin MediaPlayerEditor
LogPluginManager: Mounting plugin WebMMedia
LogPluginManager: Mounting plugin WmfMedia
LogPluginManager: Mounting plugin TcpMessaging
LogPluginManager: Mounting plugin UdpMessaging
LogPluginManager: Mounting plugin ActorSequence
LogPluginManager: Mounting plugin LevelSequenceEditor
LogPluginManager: Mounting plugin MatineeToLevelSequence
LogPluginManager: Mounting plugin NetcodeUnitTest
LogPluginManager: Mounting plugin NUTUnrealEngine4
LogPluginManager: Mounting plugin OnlineSubsystemGooglePlay
LogPluginManager: Mounting plugin OnlineSubsystemIOS
LogPluginManager: Mounting plugin OnlineSubsystem
LogPluginManager: Mounting plugin OnlineSubsystemNull
LogPluginManager: Mounting plugin OnlineSubsystemUtils
LogPluginManager: Mounting plugin LauncherChunkInstaller
LogPluginManager: Mounting plugin AndroidDeviceProfileSelector
LogPluginManager: Mounting plugin AndroidMoviePlayer
LogPluginManager: Mounting plugin AndroidPermission
LogPluginManager: Mounting plugin AppleImageUtils
LogPluginManager: Mounting plugin AppleMoviePlayer
LogPluginManager: Mounting plugin ArchVisCharacter
LogPluginManager: Mounting plugin AudioCapture
LogPluginManager: Mounting plugin CableComponent
LogPluginManager: Mounting plugin CustomMeshComponent
LogPluginManager: Mounting plugin EditableMesh
LogPluginManager: Mounting plugin ExampleDeviceProfileSelector
LogPluginManager: Mounting plugin GoogleCloudMessaging
LogPluginManager: Mounting plugin IOSDeviceProfileSelector
LogPluginManager: Mounting plugin LinuxDeviceProfileSelector
LogPluginManager: Mounting plugin LocationServicesBPLibrary
LogPluginManager: Mounting plugin MobilePatchingUtils
LogPluginManager: Mounting plugin OculusVR
LogPluginManager: Mounting plugin PhysXVehicles
LogPluginManager: Mounting plugin ProceduralMeshComponent
LogPluginManager: Mounting plugin RuntimePhysXCooking
LogPluginManager: Mounting plugin SignificanceManager
LogPluginManager: Mounting plugin SteamVR
LogPluginManager: Mounting plugin WebMMoviePlayer
LogPluginManager: Mounting plugin WindowsMoviePlayer
LogPluginManager: Mounting plugin ScreenshotTools
LogInit: Using libcurl 7.55.1-DEV
LogInit:  - built for x86_64-pc-win32
LogInit:  - supports SSL with OpenSSL/1.1.1
LogInit:  - supports HTTP deflate (compression) using libz 1.2.8
LogInit:  - other features:
LogInit:      CURL_VERSION_SSL
LogInit:      CURL_VERSION_LIBZ
LogInit:      CURL_VERSION_IPV6
LogInit:      CURL_VERSION_ASYNCHDNS
LogInit:      CURL_VERSION_LARGEFILE
LogInit:      CURL_VERSION_IDN
LogInit:  CurlRequestOptions (configurable via config and command line):
LogInit:  - bVerifyPeer = true  - Libcurl will verify peer certificate
LogInit:  - bUseHttpProxy = false  - Libcurl will NOT use HTTP proxy
LogInit:  - bDontReuseConnections = false  - Libcurl will reuse connections
LogInit:  - MaxHostConnections = 16  - Libcurl will limit the number of connections to a host
LogInit:  - LocalHostAddr = Default
LogInit:  - BufferSize = 65536
LogOnline: OSS: Creating online subsystem instance for: NULL
LogInit: WinSock: version 1.1 (2.2), MaxSocks=32767, MaxUdp=65467
LogInit: Build: ++UE4+Release-4.23-CL-9631420
LogInit: Engine Version: 4.23.1-9631420+++UE4+Release-4.23
LogInit: Compatible Engine Version: 4.23.0-8386587+++UE4+Release-4.23
LogInit: Net CL: 8386587
LogInit: OS: Windows 10 (Release 1903) (), CPU: Intel(R) Core(TM) i7-7700HQ CPU @ 2.80GHz, GPU: Intel(R) HD Graphics 630
LogInit: Compiled (64-bit): Oct 18 2019 02:07:44
LogInit: Compiled with Visual C++: 19.16.27030.01
LogInit: Build Configuration: Development
LogInit: Branch Name: ++UE4+Release-4.23
LogInit: Command Line: 
LogInit: Base Directory: D:/Program Files (x86)/UE_4.23/Engine/Binaries/Win64/
LogInit: Installed Engine Build: 1
LogDevObjectVersion: Number of dev versions registered: 23
LogDevObjectVersion:   Dev-Blueprints (B0D832E4-1F89-4F0D-ACCF-7EB736FD4AA2): 10
LogDevObjectVersion:   Dev-Build (E1C64328-A22C-4D53-A36C-8E866417BD8C): 0
LogDevObjectVersion:   Dev-Core (375EC13C-06E4-48FB-B500-84F0262A717E): 3
LogDevObjectVersion:   Dev-Editor (E4B068ED-F494-42E9-A231-DA0B2E46BB41): 34
LogDevObjectVersion:   Dev-Framework (CFFC743F-43B0-4480-9391-14DF171D2073): 35
LogDevObjectVersion:   Dev-Mobile (B02B49B5-BB20-44E9-A304-32B752E40360): 2
LogDevObjectVersion:   Dev-Networking (A4E4105C-59A1-49B5-A7C5-40C4547EDFEE): 0
LogDevObjectVersion:   Dev-Online (39C831C9-5AE6-47DC-9A44-9C173E1C8E7C): 0
LogDevObjectVersion:   Dev-Physics (78F01B33-EBEA-4F98-B9B4-84EACCB95AA2): 0
LogDevObjectVersion:   Dev-Platform (6631380F-2D4D-43E0-8009-CF276956A95A): 0
LogDevObjectVersion:   Dev-Rendering (12F88B9F-8875-4AFC-A67C-D90C383ABD29): 31
LogDevObjectVersion:   Dev-Sequencer (7B5AE74C-D270-4C10-A958-57980B212A5A): 11
LogDevObjectVersion:   Dev-VR (D7296918-1DD6-4BDD-9DE2-64A83CC13884): 2
LogDevObjectVersion:   Dev-LoadTimes (C2A15278-BFE7-4AFE-6C17-90FF531DF755): 1
LogDevObjectVersion:   Private-Geometry (6EACA3D4-40EC-4CC1-B786-8BED09428FC5): 3
LogDevObjectVersion:   Dev-AnimPhys (29E575DD-E0A3-4627-9D10-D276232CDCEA): 17
LogDevObjectVersion:   Dev-Anim (AF43A65D-7FD3-4947-9873-3E8ED9C1BB05): 2
LogDevObjectVersion:   Dev-ReflectionCapture (6B266CEC-1EC7-4B8F-A30B-E4D90942FC07): 1
LogDevObjectVersion:   Dev-Automation (0DF73D61-A23F-47EA-B727-89E90C41499A): 1
LogDevObjectVersion:   FortniteMain (601D1886-AC64-4F84-AA16-D3DE0DEAC7D6): 27
LogDevObjectVersion:   Dev-Enterprise (9DFFBCD6-494F-0158-E221-12823C92A888): 6
LogDevObjectVersion:   Dev-Niagara (F2AED0AC-9AFE-416F-8664-AA7FFA26D6FC): 1
LogDevObjectVersion:   Dev-Destruction (174F1F0B-B4C6-45A5-B13F-2EE8D0FB917D): 9
LogInit: Presizing for max 16777216 objects, including 0 objects not considered by GC, pre-allocating 0 bytes for permanent pool.
LogInit: Object subsystem initialized
LogConfig: Setting CVar [[con.DebugEarlyDefault:1]]
LogConfig: Setting CVar [[r.setres:1280x720]]
[2019.12.07-21.27.37:321][  0]LogConfig: Setting CVar [[r.VSync:0]]
[2019.12.07-21.27.37:321][  0]LogConfig: Setting CVar [[r.RHICmdBypass:0]]
[2019.12.07-21.27.37:321][  0]LogConfig: Applying CVar settings from Section [/Script/Engine.RendererSettings] File [D:/Users/Elizabeth/Documents/CS-328-Game/CS328Team11/Saved/Config/Windows/Engine.ini]
[2019.12.07-21.27.37:321][  0]LogConfig: Setting CVar [[r.GPUCrashDebugging:0]]
[2019.12.07-21.27.37:321][  0]LogConfig: Setting CVar [[r.DefaultFeature.AutoExposure.ExtendDefaultLuminanceRange:1]]
[2019.12.07-21.27.37:321][  0]LogConfig: Applying CVar settings from Section [/Script/Engine.RendererOverrideSettings] File [D:/Users/Elizabeth/Documents/CS-328-Game/CS328Team11/Saved/Config/Windows/Engine.ini]
[2019.12.07-21.27.37:322][  0]LogConfig: Applying CVar settings from Section [/Script/Engine.StreamingSettings] File [D:/Users/Elizabeth/Documents/CS-328-Game/CS328Team11/Saved/Config/Windows/Engine.ini]
[2019.12.07-21.27.37:322][  0]LogConfig: Setting CVar [[s.MinBulkDataSizeForAsyncLoading:131072]]
[2019.12.07-21.27.37:322][  0]LogConfig: Setting CVar [[s.AsyncLoadingThreadEnabled:0]]
[2019.12.07-21.27.37:322][  0]LogConfig: Setting CVar [[s.EventDrivenLoaderEnabled:1]]
[2019.12.07-21.27.37:322][  0]LogConfig: Setting CVar [[s.WarnIfTimeLimitExceeded:0]]
[2019.12.07-21.27.37:322][  0]LogConfig: Setting CVar [[s.TimeLimitExceededMultiplier:1.5]]
[2019.12.07-21.27.37:322][  0]LogConfig: Setting CVar [[s.TimeLimitExceededMinTime:0.005]]
[2019.12.07-21.27.37:322][  0]LogConfig: Setting CVar [[s.UseBackgroundLevelStreaming:1]]
[2019.12.07-21.27.37:322][  0]LogConfig: Setting CVar [[s.PriorityAsyncLoadingExtraTime:15.0]]
[2019.12.07-21.27.37:322][  0]LogConfig: Setting CVar [[s.LevelStreamingActorsUpdateTimeLimit:5.0]]
[2019.12.07-21.27.37:322][  0]LogConfig: Setting CVar [[s.PriorityLevelStreamingActorsUpdateExtraTime:5.0]]
[2019.12.07-21.27.37:322][  0]LogConfig: Setting CVar [[s.LevelStreamingComponentsRegistrationGranularity:10]]
[2019.12.07-21.27.37:322][  0]LogConfig: Setting CVar [[s.UnregisterComponentsTimeLimit:1.0]]
[2019.12.07-21.27.37:322][  0]LogConfig: Setting CVar [[s.LevelStreamingComponentsUnregistrationGranularity:5]]
[2019.12.07-21.27.37:322][  0]LogConfig: Applying CVar settings from Section [/Script/Engine.GarbageCollectionSettings] File [D:/Users/Elizabeth/Documents/CS-328-Game/CS328Team11/Saved/Config/Windows/Engine.ini]
[2019.12.07-21.27.37:322][  0]LogConfig: Setting CVar [[gc.MaxObjectsNotConsideredByGC:1]]
[2019.12.07-21.27.37:322][  0]LogConfig: Setting CVar [[gc.SizeOfPermanentObjectPool:0]]
[2019.12.07-21.27.37:322][  0]LogConfig: Setting CVar [[gc.FlushStreamingOnGC:0]]
[2019.12.07-21.27.37:322][  0]LogConfig: Setting CVar [[gc.NumRetriesBeforeForcingGC:10]]
[2019.12.07-21.27.37:322][  0]LogConfig: Setting CVar [[gc.AllowParallelGC:1]]
[2019.12.07-21.27.37:322][  0]LogConfig: Setting CVar [[gc.TimeBetweenPurgingPendingKillObjects:61.1]]
[2019.12.07-21.27.37:322][  0]LogConfig: Setting CVar [[gc.MaxObjectsInEditor:16777216]]
[2019.12.07-21.27.37:322][  0]LogConfig: Setting CVar [[gc.IncrementalBeginDestroyEnabled:1]]
[2019.12.07-21.27.37:322][  0]LogConfig: Setting CVar [[gc.CreateGCClusters:1]]
[2019.12.07-21.27.37:322][  0]LogConfig: Setting CVar [[gc.MinGCClusterSize:5]]
[2019.12.07-21.27.37:323][  0]LogConfig: Setting CVar [[gc.ActorClusteringEnabled:0]]
[2019.12.07-21.27.37:323][  0]LogConfig: Setting CVar [[gc.BlueprintClusteringEnabled:0]]
[2019.12.07-21.27.37:323][  0]LogConfig: Setting CVar [[gc.UseDisregardForGCOnDedicatedServers:0]]
[2019.12.07-21.27.37:323][  0]LogConfig: Applying CVar settings from Section [/Script/Engine.NetworkSettings] File [D:/Users/Elizabeth/Documents/CS-328-Game/CS328Team11/Saved/Config/Windows/Engine.ini]
[2019.12.07-21.27.37:323][  0]LogConfig: Applying CVar settings from Section [/Script/UnrealEd.CookerSettings] File [D:/Users/Elizabeth/Documents/CS-328-Game/CS328Team11/Saved/Config/Windows/Engine.ini]
[2019.12.07-21.27.37:329][  0]LogConfig: Applying CVar settings from Section [ViewDistanceQuality@3] File [D:/Users/Elizabeth/Documents/CS-328-Game/CS328Team11/Saved/Config/Windows/Scalability.ini]
[2019.12.07-21.27.37:329][  0]LogConfig: Setting CVar [[r.SkeletalMeshLODBias:0]]
[2019.12.07-21.27.37:329][  0]LogConfig: Setting CVar [[r.ViewDistanceScale:1.0]]
[2019.12.07-21.27.37:329][  0]LogConfig: Applying CVar settings from Section [AntiAliasingQuality@3] File [D:/Users/Elizabeth/Documents/CS-328-Game/CS328Team11/Saved/Config/Windows/Scalability.ini]
[2019.12.07-21.27.37:329][  0]LogConfig: Setting CVar [[r.PostProcessAAQuality:4]]
[2019.12.07-21.27.37:329][  0]LogConfig: Applying CVar settings from Section [ShadowQuality@3] File [D:/Users/Elizabeth/Documents/CS-328-Game/CS328Team11/Saved/Config/Windows/Scalability.ini]
[2019.12.07-21.27.37:329][  0]LogConfig: Setting CVar [[r.LightFunctionQuality:1]]
[2019.12.07-21.27.37:329][  0]LogConfig: Setting CVar [[r.ShadowQuality:5]]
[2019.12.07-21.27.37:329][  0]LogConfig: Setting CVar [[r.Shadow.CSM.MaxCascades:10]]
[2019.12.07-21.27.37:329][  0]LogConfig: Setting CVar [[r.Shadow.MaxResolution:2048]]
[2019.12.07-21.27.37:329][  0]LogConfig: Setting CVar [[r.Shadow.MaxCSMResolution:2048]]
[2019.12.07-21.27.37:329][  0]LogConfig: Setting CVar [[r.Shadow.RadiusThreshold:0.01]]
[2019.12.07-21.27.37:329][  0]LogConfig: Setting CVar [[r.Shadow.DistanceScale:1.0]]
[2019.12.07-21.27.37:329][  0]LogConfig: Setting CVar [[r.Shadow.CSM.TransitionScale:1.0]]
[2019.12.07-21.27.37:329][  0]LogConfig: Setting CVar [[r.Shadow.PreShadowResolutionFactor:1.0]]
[2019.12.07-21.27.37:329][  0]LogConfig: Setting CVar [[r.DistanceFieldShadowing:1]]
[2019.12.07-21.27.37:329][  0]LogConfig: Setting CVar [[r.DistanceFieldAO:1]]
[2019.12.07-21.27.37:329][  0]LogConfig: Setting CVar [[r.AOQuality:2]]
[2019.12.07-21.27.37:329][  0]LogConfig: Setting CVar [[r.VolumetricFog:1]]
[2019.12.07-21.27.37:329][  0]LogConfig: Setting CVar [[r.VolumetricFog.GridPixelSize:8]]
[2019.12.07-21.27.37:329][  0]LogConfig: Setting CVar [[r.VolumetricFog.GridSizeZ:128]]
[2019.12.07-21.27.37:329][  0]LogConfig: Setting CVar [[r.VolumetricFog.HistoryMissSupersampleCount:4]]
[2019.12.07-21.27.37:329][  0]LogConfig: Setting CVar [[r.LightMaxDrawDistanceScale:1]]
[2019.12.07-21.27.37:329][  0]LogConfig: Setting CVar [[r.CapsuleShadows:1]]
[2019.12.07-21.27.37:329][  0]LogConfig: Applying CVar settings from Section [PostProcessQuality@3] File [D:/Users/Elizabeth/Documents/CS-328-Game/CS328Team11/Saved/Config/Windows/Scalability.ini]
[2019.12.07-21.27.37:330][  0]LogConfig: Setting CVar [[r.MotionBlurQuality:4]]
[2019.12.07-21.27.37:330][  0]LogConfig: Setting CVar [[r.AmbientOcclusionMipLevelFactor:0.4]]
[2019.12.07-21.27.37:330][  0]LogConfig: Setting CVar [[r.AmbientOcclusionMaxQuality:100]]
[2019.12.07-21.27.37:330][  0]LogConfig: Setting CVar [[r.AmbientOcclusionLevels:-1]]
[2019.12.07-21.27.37:330][  0]LogConfig: Setting CVar [[r.AmbientOcclusionRadiusScale:1.0]]
[2019.12.07-21.27.37:330][  0]LogConfig: Setting CVar [[r.DepthOfFieldQuality:2]]
[2019.12.07-21.27.37:330][  0]LogConfig: Setting CVar [[r.RenderTargetPoolMin:400]]
[2019.12.07-21.27.37:330][  0]LogConfig: Setting CVar [[r.LensFlareQuality:2]]
[2019.12.07-21.27.37:330][  0]LogConfig: Setting CVar [[r.SceneColorFringeQuality:1]]
[2019.12.07-21.27.37:330][  0]LogConfig: Setting CVar [[r.EyeAdaptationQuality:2]]
[2019.12.07-21.27.37:330][  0]LogConfig: Setting CVar [[r.BloomQuality:5]]
[2019.12.07-21.27.37:330][  0]LogConfig: Setting CVar [[r.FastBlurThreshold:100]]
[2019.12.07-21.27.37:330][  0]LogConfig: Setting CVar [[r.Upscale.Quality:3]]
[2019.12.07-21.27.37:330][  0]LogConfig: Setting CVar [[r.Tonemapper.GrainQuantization:1]]
[2019.12.07-21.27.37:330][  0]LogConfig: Setting CVar [[r.LightShaftQuality:1]]
[2019.12.07-21.27.37:330][  0]LogConfig: Setting CVar [[r.Filter.SizeScale:1]]
[2019.12.07-21.27.37:330][  0]LogConfig: Setting CVar [[r.Tonemapper.Quality:5]]
[2019.12.07-21.27.37:330][  0]LogConfig: Setting CVar [[r.DOF.Gather.AccumulatorQuality:1        ; higher gathering accumulator quality]]
[2019.12.07-21.27.37:330][  0]LogConfig: Setting CVar [[r.DOF.Gather.PostfilterMethod:1          ; Median3x3 postfilering method]]
[2019.12.07-21.27.37:330][  0]LogConfig: Setting CVar [[r.DOF.Gather.EnableBokehSettings:0       ; no bokeh simulation when gathering]]
[2019.12.07-21.27.37:330][  0]LogConfig: Setting CVar [[r.DOF.Gather.RingCount:4                 ; medium number of samples when gathering]]
[2019.12.07-21.27.37:330][  0]LogConfig: Setting CVar [[r.DOF.Scatter.ForegroundCompositing:1    ; additive foreground scattering]]
[2019.12.07-21.27.37:330][  0]LogConfig: Setting CVar [[r.DOF.Scatter.BackgroundCompositing:2    ; additive background scattering]]
[2019.12.07-21.27.37:330][  0]LogConfig: Setting CVar [[r.DOF.Scatter.EnableBokehSettings:1      ; bokeh simulation when scattering]]
[2019.12.07-21.27.37:330][  0]LogConfig: Setting CVar [[r.DOF.Scatter.MaxSpriteRatio:0.1         ; only a maximum of 10% of scattered bokeh]]
[2019.12.07-21.27.37:330][  0]LogConfig: Setting CVar [[r.DOF.Recombine.Quality:1                ; cheap slight out of focus]]
[2019.12.07-21.27.37:330][  0]LogConfig: Setting CVar [[r.DOF.Recombine.EnableBokehSettings:0    ; no bokeh simulation on slight out of focus]]
[2019.12.07-21.27.37:330][  0]LogConfig: Setting CVar [[r.DOF.TemporalAAQuality:1                ; more stable temporal accumulation]]
[2019.12.07-21.27.37:330][  0]LogConfig: Setting CVar [[r.DOF.Kernel.MaxForegroundRadius:0.025]]
[2019.12.07-21.27.37:330][  0]LogConfig: Setting CVar [[r.DOF.Kernel.MaxBackgroundRadius:0.025]]
[2019.12.07-21.27.37:330][  0]LogConfig: Applying CVar settings from Section [TextureQuality@3] File [D:/Users/Elizabeth/Documents/CS-328-Game/CS328Team11/Saved/Config/Windows/Scalability.ini]
[2019.12.07-21.27.37:330][  0]LogConfig: Setting CVar [[r.Streaming.MipBias:0]]
[2019.12.07-21.27.37:330][  0]LogConfig: Setting CVar [[r.Streaming.AmortizeCPUToGPUCopy:0]]
[2019.12.07-21.27.37:330][  0]LogConfig: Setting CVar [[r.Streaming.MaxNumTexturesToStreamPerFrame:0]]
[2019.12.07-21.27.37:330][  0]LogConfig: Setting CVar [[r.Streaming.Boost:1]]
[2019.12.07-21.27.37:330][  0]LogConfig: Setting CVar [[r.MaxAnisotropy:8]]
[2019.12.07-21.27.37:330][  0]LogConfig: Setting CVar [[r.Streaming.LimitPoolSizeToVRAM:0]]
[2019.12.07-21.27.37:330][  0]LogConfig: Setting CVar [[r.Streaming.PoolSize:1000]]
[2019.12.07-21.27.37:330][  0]LogConfig: Setting CVar [[r.Streaming.MaxEffectiveScreenSize:0]]
[2019.12.07-21.27.37:330][  0]LogConfig: Applying CVar settings from Section [EffectsQuality@3] File [D:/Users/Elizabeth/Documents/CS-328-Game/CS328Team11/Saved/Config/Windows/Scalability.ini]
[2019.12.07-21.27.37:330][  0]LogConfig: Setting CVar [[r.TranslucencyLightingVolumeDim:64]]
[2019.12.07-21.27.37:330][  0]LogConfig: Setting CVar [[r.RefractionQuality:2]]
[2019.12.07-21.27.37:330][  0]LogConfig: Setting CVar [[r.SSR.Quality:3]]
[2019.12.07-21.27.37:330][  0]LogConfig: Setting CVar [[r.SceneColorFormat:4]]
[2019.12.07-21.27.37:330][  0]LogConfig: Setting CVar [[r.DetailMode:2]]
[2019.12.07-21.27.37:330][  0]LogConfig: Setting CVar [[r.TranslucencyVolumeBlur:1]]
[2019.12.07-21.27.37:330][  0]LogConfig: Setting CVar [[r.MaterialQualityLevel:1 ; High quality]]
[2019.12.07-21.27.37:330][  0]LogConfig: Setting CVar [[r.SSS.Scale:1]]
[2019.12.07-21.27.37:330][  0]LogConfig: Setting CVar [[r.SSS.SampleSet:2]]
[2019.12.07-21.27.37:330][  0]LogConfig: Setting CVar [[r.SSS.Quality:1]]
[2019.12.07-21.27.37:330][  0]LogConfig: Setting CVar [[r.SSS.HalfRes:1]]
[2019.12.07-21.27.37:330][  0]LogConfig: Setting CVar [[r.EmitterSpawnRateScale:1.0]]
[2019.12.07-21.27.37:331][  0]LogConfig: Setting CVar [[r.ParticleLightQuality:2]]
[2019.12.07-21.27.37:331][  0]LogConfig: Applying CVar settings from Section [FoliageQuality@3] File [D:/Users/Elizabeth/Documents/CS-328-Game/CS328Team11/Saved/Config/Windows/Scalability.ini]
[2019.12.07-21.27.37:331][  0]LogConfig: Setting CVar [[foliage.DensityScale:1.0]]
[2019.12.07-21.27.37:331][  0]LogConfig: Setting CVar [[grass.DensityScale:1.0]]
[2019.12.07-21.27.37:331][  0]LogInit: Selected Device Profile: [Windows]
[2019.12.07-21.27.37:331][  0]LogInit: Applying CVar settings loaded from the selected device profile: [Windows]
[2019.12.07-21.27.37:334][  0]LogHAL: Display: Platform has ~ 8 GB [8471191552 / 8589934592 / 8], which maps to Default [LargestMinGB=32, LargerMinGB=12, DefaultMinGB=8, SmallerMinGB=6, SmallestMinGB=0)
[2019.12.07-21.27.37:334][  0]LogInit: Going up to parent DeviceProfile []
[2019.12.07-21.27.37:334][  0]LogConfig: Applying CVar settings from Section [ViewDistanceQuality@3] File [D:/Users/Elizabeth/Documents/CS-328-Game/CS328Team11/Saved/Config/Windows/Scalability.ini]
[2019.12.07-21.27.37:334][  0]LogConfig: Setting CVar [[r.SkeletalMeshLODBias:0]]
[2019.12.07-21.27.37:334][  0]LogConfig: Setting CVar [[r.ViewDistanceScale:1.0]]
[2019.12.07-21.27.37:334][  0]LogConfig: Applying CVar settings from Section [AntiAliasingQuality@3] File [D:/Users/Elizabeth/Documents/CS-328-Game/CS328Team11/Saved/Config/Windows/Scalability.ini]
[2019.12.07-21.27.37:334][  0]LogConfig: Setting CVar [[r.PostProcessAAQuality:4]]
[2019.12.07-21.27.37:335][  0]LogConfig: Applying CVar settings from Section [ShadowQuality@3] File [D:/Users/Elizabeth/Documents/CS-328-Game/CS328Team11/Saved/Config/Windows/Scalability.ini]
[2019.12.07-21.27.37:335][  0]LogConfig: Setting CVar [[r.LightFunctionQuality:1]]
[2019.12.07-21.27.37:335][  0]LogConfig: Setting CVar [[r.ShadowQuality:5]]
[2019.12.07-21.27.37:335][  0]LogConfig: Setting CVar [[r.Shadow.CSM.MaxCascades:10]]
[2019.12.07-21.27.37:335][  0]LogConfig: Setting CVar [[r.Shadow.MaxResolution:2048]]
[2019.12.07-21.27.37:335][  0]LogConfig: Setting CVar [[r.Shadow.MaxCSMResolution:2048]]
[2019.12.07-21.27.37:335][  0]LogConfig: Setting CVar [[r.Shadow.RadiusThreshold:0.01]]
[2019.12.07-21.27.37:335][  0]LogConfig: Setting CVar [[r.Shadow.DistanceScale:1.0]]
[2019.12.07-21.27.37:335][  0]LogConfig: Setting CVar [[r.Shadow.CSM.TransitionScale:1.0]]
[2019.12.07-21.27.37:335][  0]LogConfig: Setting CVar [[r.Shadow.PreShadowResolutionFactor:1.0]]
[2019.12.07-21.27.37:335][  0]LogConfig: Setting CVar [[r.DistanceFieldShadowing:1]]
[2019.12.07-21.27.37:335][  0]LogConfig: Setting CVar [[r.DistanceFieldAO:1]]
[2019.12.07-21.27.37:335][  0]LogConfig: Setting CVar [[r.AOQuality:2]]
[2019.12.07-21.27.37:335][  0]LogConfig: Setting CVar [[r.VolumetricFog:1]]
[2019.12.07-21.27.37:335][  0]LogConfig: Setting CVar [[r.VolumetricFog.GridPixelSize:8]]
[2019.12.07-21.27.37:335][  0]LogConfig: Setting CVar [[r.VolumetricFog.GridSizeZ:128]]
[2019.12.07-21.27.37:335][  0]LogConfig: Setting CVar [[r.VolumetricFog.HistoryMissSupersampleCount:4]]
[2019.12.07-21.27.37:335][  0]LogConfig: Setting CVar [[r.LightMaxDrawDistanceScale:1]]
[2019.12.07-21.27.37:335][  0]LogConfig: Setting CVar [[r.CapsuleShadows:1]]
[2019.12.07-21.27.37:335][  0]LogConfig: Applying CVar settings from Section [PostProcessQuality@3] File [D:/Users/Elizabeth/Documents/CS-328-Game/CS328Team11/Saved/Config/Windows/Scalability.ini]
[2019.12.07-21.27.37:335][  0]LogConfig: Setting CVar [[r.MotionBlurQuality:4]]
[2019.12.07-21.27.37:335][  0]LogConfig: Setting CVar [[r.AmbientOcclusionMipLevelFactor:0.4]]
[2019.12.07-21.27.37:335][  0]LogConfig: Setting CVar [[r.AmbientOcclusionMaxQuality:100]]
[2019.12.07-21.27.37:335][  0]LogConfig: Setting CVar [[r.AmbientOcclusionLevels:-1]]
[2019.12.07-21.27.37:336][  0]LogConfig: Setting CVar [[r.AmbientOcclusionRadiusScale:1.0]]
[2019.12.07-21.27.37:336][  0]LogConfig: Setting CVar [[r.DepthOfFieldQuality:2]]
[2019.12.07-21.27.37:336][  0]LogConfig: Setting CVar [[r.RenderTargetPoolMin:400]]
[2019.12.07-21.27.37:336][  0]LogConfig: Setting CVar [[r.LensFlareQuality:2]]
[2019.12.07-21.27.37:336][  0]LogConfig: Setting CVar [[r.SceneColorFringeQuality:1]]
[2019.12.07-21.27.37:336][  0]LogConfig: Setting CVar [[r.EyeAdaptationQuality:2]]
[2019.12.07-21.27.37:336][  0]LogConfig: Setting CVar [[r.BloomQuality:5]]
[2019.12.07-21.27.37:336][  0]LogConfig: Setting CVar [[r.FastBlurThreshold:100]]
[2019.12.07-21.27.37:336][  0]LogConfig: Setting CVar [[r.Upscale.Quality:3]]
[2019.12.07-21.27.37:336][  0]LogConfig: Setting CVar [[r.Tonemapper.GrainQuantization:1]]
[2019.12.07-21.27.37:336][  0]LogConfig: Setting CVar [[r.LightShaftQuality:1]]
[2019.12.07-21.27.37:336][  0]LogConfig: Setting CVar [[r.Filter.SizeScale:1]]
[2019.12.07-21.27.37:336][  0]LogConfig: Setting CVar [[r.Tonemapper.Quality:5]]
[2019.12.07-21.27.37:336][  0]LogConfig: Setting CVar [[r.DOF.Gather.AccumulatorQuality:1        ; higher gathering accumulator quality]]
[2019.12.07-21.27.37:336][  0]LogConfig: Setting CVar [[r.DOF.Gather.PostfilterMethod:1          ; Median3x3 postfilering method]]
[2019.12.07-21.27.37:336][  0]LogConfig: Setting CVar [[r.DOF.Gather.EnableBokehSettings:0       ; no bokeh simulation when gathering]]
[2019.12.07-21.27.37:336][  0]LogConfig: Setting CVar [[r.DOF.Gather.RingCount:4                 ; medium number of samples when gathering]]
[2019.12.07-21.27.37:336][  0]LogConfig: Setting CVar [[r.DOF.Scatter.ForegroundCompositing:1    ; additive foreground scattering]]
[2019.12.07-21.27.37:336][  0]LogConfig: Setting CVar [[r.DOF.Scatter.BackgroundCompositing:2    ; additive background scattering]]
[2019.12.07-21.27.37:336][  0]LogConfig: Setting CVar [[r.DOF.Scatter.EnableBokehSettings:1      ; bokeh simulation when scattering]]
[2019.12.07-21.27.37:336][  0]LogConfig: Setting CVar [[r.DOF.Scatter.MaxSpriteRatio:0.1         ; only a maximum of 10% of scattered bokeh]]
[2019.12.07-21.27.37:336][  0]LogConfig: Setting CVar [[r.DOF.Recombine.Quality:1                ; cheap slight out of focus]]
[2019.12.07-21.27.37:336][  0]LogConfig: Setting CVar [[r.DOF.Recombine.EnableBokehSettings:0    ; no bokeh simulation on slight out of focus]]
[2019.12.07-21.27.37:337][  0]LogConfig: Setting CVar [[r.DOF.TemporalAAQuality:1                ; more stable temporal accumulation]]
[2019.12.07-21.27.37:337][  0]LogConfig: Setting CVar [[r.DOF.Kernel.MaxForegroundRadius:0.025]]
[2019.12.07-21.27.37:337][  0]LogConfig: Setting CVar [[r.DOF.Kernel.MaxBackgroundRadius:0.025]]
[2019.12.07-21.27.37:337][  0]LogConfig: Applying CVar settings from Section [TextureQuality@3] File [D:/Users/Elizabeth/Documents/CS-328-Game/CS328Team11/Saved/Config/Windows/Scalability.ini]
[2019.12.07-21.27.37:337][  0]LogConfig: Setting CVar [[r.Streaming.MipBias:0]]
[2019.12.07-21.27.37:337][  0]LogConfig: Setting CVar [[r.Streaming.AmortizeCPUToGPUCopy:0]]
[2019.12.07-21.27.37:337][  0]LogConfig: Setting CVar [[r.Streaming.MaxNumTexturesToStreamPerFrame:0]]
[2019.12.07-21.27.37:337][  0]LogConfig: Setting CVar [[r.Streaming.Boost:1]]
[2019.12.07-21.27.37:337][  0]LogConfig: Setting CVar [[r.MaxAnisotropy:8]]
[2019.12.07-21.27.37:337][  0]LogConfig: Setting CVar [[r.Streaming.LimitPoolSizeToVRAM:0]]
[2019.12.07-21.27.37:337][  0]LogConfig: Setting CVar [[r.Streaming.PoolSize:1000]]
[2019.12.07-21.27.37:337][  0]LogConfig: Setting CVar [[r.Streaming.MaxEffectiveScreenSize:0]]
[2019.12.07-21.27.37:337][  0]LogConfig: Applying CVar settings from Section [EffectsQuality@3] File [D:/Users/Elizabeth/Documents/CS-328-Game/CS328Team11/Saved/Config/Windows/Scalability.ini]
[2019.12.07-21.27.37:337][  0]LogConfig: Setting CVar [[r.TranslucencyLightingVolumeDim:64]]
[2019.12.07-21.27.37:337][  0]LogConfig: Setting CVar [[r.RefractionQuality:2]]
[2019.12.07-21.27.37:337][  0]LogConfig: Setting CVar [[r.SSR.Quality:3]]
[2019.12.07-21.27.37:337][  0]LogConfig: Setting CVar [[r.SceneColorFormat:4]]
[2019.12.07-21.27.37:337][  0]LogConfig: Setting CVar [[r.DetailMode:2]]
[2019.12.07-21.27.37:337][  0]LogConfig: Setting CVar [[r.TranslucencyVolumeBlur:1]]
[2019.12.07-21.27.37:337][  0]LogConfig: Setting CVar [[r.MaterialQualityLevel:1 ; High quality]]
[2019.12.07-21.27.37:337][  0]LogConfig: Setting CVar [[r.SSS.Scale:1]]
[2019.12.07-21.27.37:337][  0]LogConfig: Setting CVar [[r.SSS.SampleSet:2]]
[2019.12.07-21.27.37:337][  0]LogConfig: Setting CVar [[r.SSS.Quality:1]]
[2019.12.07-21.27.37:338][  0]LogConfig: Setting CVar [[r.SSS.HalfRes:1]]
[2019.12.07-21.27.37:338][  0]LogConfig: Setting CVar [[r.EmitterSpawnRateScale:1.0]]
[2019.12.07-21.27.37:338][  0]LogConfig: Setting CVar [[r.ParticleLightQuality:2]]
[2019.12.07-21.27.37:338][  0]LogConfig: Applying CVar settings from Section [FoliageQuality@3] File [D:/Users/Elizabeth/Documents/CS-328-Game/CS328Team11/Saved/Config/Windows/Scalability.ini]
[2019.12.07-21.27.37:338][  0]LogConfig: Setting CVar [[foliage.DensityScale:1.0]]
[2019.12.07-21.27.37:338][  0]LogConfig: Setting CVar [[grass.DensityScale:1.0]]
[2019.12.07-21.27.37:338][  0]LogConfig: Applying CVar settings from Section [Startup] File [../../../Engine/Config/ConsoleVariables.ini]
[2019.12.07-21.27.37:339][  0]LogConfig: Setting CVar [[net.UseAdaptiveNetUpdateFrequency:0]]
[2019.12.07-21.27.37:339][  0]LogConfig: Setting CVar [[p.chaos.AllowCreatePhysxBodies:1]]
[2019.12.07-21.27.37:339][  0]LogConfig: Applying CVar settings from Section [ConsoleVariables] File [D:/Users/Elizabeth/Documents/CS-328-Game/CS328Team11/Saved/Config/Windows/Engine.ini]
[2019.12.07-21.27.37:339][  0]LogInit: Computer: YOLK
[2019.12.07-21.27.37:339][  0]LogInit: User: Elizabeth
[2019.12.07-21.27.37:339][  0]LogInit: CPU Page size=4096, Cores=4
[2019.12.07-21.27.37:339][  0]LogInit: High frequency timer resolution =10.000000 MHz
[2019.12.07-21.27.37:339][  0]LogMemory: Memory total: Physical=7.9GB (8GB approx)
[2019.12.07-21.27.37:339][  0]LogMemory: Platform Memory Stats for Windows
[2019.12.07-21.27.37:339][  0]LogMemory: Process Physical Memory: 100.69 MB used, 100.70 MB peak
[2019.12.07-21.27.37:339][  0]LogMemory: Process Virtual Memory: 100.64 MB used, 100.64 MB peak
[2019.12.07-21.27.37:339][  0]LogMemory: Physical Memory: 4285.72 MB used,  3793.04 MB free, 8078.76 MB total
[2019.12.07-21.27.37:339][  0]LogMemory: Virtual Memory: 4668.48 MB used,  134213056.00 MB free, 134217728.00 MB total
[2019.12.07-21.27.37:343][  0]LogWindows: WindowsPlatformFeatures enabled
[2019.12.07-21.27.37:366][  0]LogInit: Using OS detected language (en-US).
[2019.12.07-21.27.37:366][  0]LogInit: Using OS detected locale (en-US).
[2019.12.07-21.27.37:366][  0]LogTextLocalizationManager: No specific localization for 'en-US' exists, so the 'en' localization will be used.
[2019.12.07-21.27.37:568][  0]LogInit: Setting process to per monitor DPI aware
[2019.12.07-21.27.37:623][  0]LogSlate: New Slate User Created.  User Index 0, Is Virtual User: 0
[2019.12.07-21.27.37:623][  0]LogSlate: Slate User Registered.  User Index 0, Is Virtual User: 0
[2019.12.07-21.27.37:831][  0]LogHMD: Failed to initialize OpenVR with code 110
[2019.12.07-21.27.37:832][  0]LogD3D11RHI: D3D11 adapters:
[2019.12.07-21.27.37:920][  0]LogD3D11RHI:    0. 'NVIDIA GeForce GTX 1050 Ti' (Feature Level 11_0)
[2019.12.07-21.27.37:920][  0]LogD3D11RHI:       4018/0/4039 MB DedicatedVideo/DedicatedSystem/SharedSystem, Outputs:2, VendorId:0x10de
[2019.12.07-21.27.37:933][  0]LogD3D11RHI:    1. 'Intel(R) HD Graphics 630' (Feature Level 11_0)
[2019.12.07-21.27.37:933][  0]LogD3D11RHI:       128/0/4039 MB DedicatedVideo/DedicatedSystem/SharedSystem, Outputs:0, VendorId:0x8086
[2019.12.07-21.27.37:935][  0]LogD3D11RHI:    2. 'Microsoft Basic Render Driver' (Feature Level 11_0)
[2019.12.07-21.27.37:935][  0]LogD3D11RHI:       0/0/4039 MB DedicatedVideo/DedicatedSystem/SharedSystem, Outputs:0, VendorId:0x1414
[2019.12.07-21.27.37:935][  0]LogD3D11RHI: Chosen D3D11 Adapter: 0
[2019.12.07-21.27.37:968][  0]LogD3D11RHI: Creating new Direct3DDevice
[2019.12.07-21.27.37:968][  0]LogD3D11RHI:     GPU DeviceId: 0x1c8c (for the marketing name, search the web for "GPU Device Id")
[2019.12.07-21.27.37:968][  0]LogWindows: EnumDisplayDevices:
[2019.12.07-21.27.37:968][  0]LogWindows:    0. 'Intel(R) HD Graphics 630' (P:1 D:1)
[2019.12.07-21.27.37:968][  0]LogWindows:    1. 'Intel(R) HD Graphics 630' (P:0 D:0)
[2019.12.07-21.27.37:969][  0]LogWindows:    2. 'Intel(R) HD Graphics 630' (P:0 D:0)
[2019.12.07-21.27.37:969][  0]LogWindows:    3. 'NVIDIA GeForce GTX 1050 Ti' (P:0 D:1)
[2019.12.07-21.27.37:969][  0]LogWindows:    4. 'NVIDIA GeForce GTX 1050 Ti' (P:0 D:0)
[2019.12.07-21.27.37:970][  0]LogWindows:    5. 'NVIDIA GeForce GTX 1050 Ti' (P:0 D:0)
[2019.12.07-21.27.37:970][  0]LogWindows:    6. 'NVIDIA GeForce GTX 1050 Ti' (P:0 D:0)
[2019.12.07-21.27.37:970][  0]LogWindows: DebugString: PrimaryIsNotTheChoosenAdapter PrimaryIsNotTheChoosenAdapter PrimaryIsNotTheChoosenAdapter FoundDriverCount:4 
[2019.12.07-21.27.37:970][  0]LogD3D11RHI:     Adapter Name: NVIDIA GeForce GTX 1050 Ti
[2019.12.07-21.27.37:970][  0]LogD3D11RHI:   Driver Version: 398.36 (internal:24.21.13.9836, unified:398.36)
[2019.12.07-21.27.37:970][  0]LogD3D11RHI:      Driver Date: 6-24-2018
[2019.12.07-21.27.37:970][  0]LogRHI: Texture pool is 2812 MB (70% of 4018 MB)
[2019.12.07-21.27.38:015][  0]LogD3D11RHI: Async texture creation enabled
[2019.12.07-21.27.38:034][  0]LogD3D11RHI: GPU Timing Frequency: 1000.000000 (Debug: 2 2)
[2019.12.07-21.27.38:463][  0]LogTemp: Display: Module 'AllDesktopTargetPlatform' loaded TargetPlatform 'AllDesktop'
[2019.12.07-21.27.38:471][  0]LogTemp: Display: Module 'MacClientTargetPlatform' loaded TargetPlatform 'MacClient'
[2019.12.07-21.27.38:480][  0]LogTemp: Display: Module 'MacNoEditorTargetPlatform' loaded TargetPlatform 'MacNoEditor'
[2019.12.07-21.27.38:487][  0]LogTemp: Display: Module 'MacServerTargetPlatform' loaded TargetPlatform 'MacServer'
[2019.12.07-21.27.38:496][  0]LogTemp: Display: Module 'MacTargetPlatform' loaded TargetPlatform 'Mac'
[2019.12.07-21.27.38:504][  0]LogTemp: Display: Module 'WindowsClientTargetPlatform' loaded TargetPlatform 'WindowsClient'
[2019.12.07-21.27.38:512][  0]LogTemp: Display: Module 'WindowsNoEditorTargetPlatform' loaded TargetPlatform 'WindowsNoEditor'
[2019.12.07-21.27.38:520][  0]LogTemp: Display: Module 'WindowsServerTargetPlatform' loaded TargetPlatform 'WindowsServer'
[2019.12.07-21.27.38:524][  0]LogTemp: Display: Module 'WindowsTargetPlatform' loaded TargetPlatform 'Windows'
[2019.12.07-21.27.38:557][  0]LogTemp: Display: Module 'AndroidTargetPlatform' loaded TargetPlatform 'Android'
[2019.12.07-21.27.38:557][  0]LogTemp: Display: Module 'AndroidTargetPlatform' loaded TargetPlatform 'Android_ASTC'
[2019.12.07-21.27.38:557][  0]LogTemp: Display: Module 'AndroidTargetPlatform' loaded TargetPlatform 'Android_ATC'
[2019.12.07-21.27.38:558][  0]LogTemp: Display: Module 'AndroidTargetPlatform' loaded TargetPlatform 'Android_DXT'
[2019.12.07-21.27.38:558][  0]LogTemp: Display: Module 'AndroidTargetPlatform' loaded TargetPlatform 'Android_ETC1'
[2019.12.07-21.27.38:558][  0]LogTemp: Display: Module 'AndroidTargetPlatform' loaded TargetPlatform 'Android_ETC1a'
[2019.12.07-21.27.38:558][  0]LogTemp: Display: Module 'AndroidTargetPlatform' loaded TargetPlatform 'Android_ETC2'
[2019.12.07-21.27.38:558][  0]LogTemp: Display: Module 'AndroidTargetPlatform' loaded TargetPlatform 'Android_PVRTC'
[2019.12.07-21.27.38:558][  0]LogTemp: Display: Module 'AndroidTargetPlatform' loaded TargetPlatform 'AndroidClient'
[2019.12.07-21.27.38:558][  0]LogTemp: Display: Module 'AndroidTargetPlatform' loaded TargetPlatform 'Android_ASTCClient'
[2019.12.07-21.27.38:558][  0]LogTemp: Display: Module 'AndroidTargetPlatform' loaded TargetPlatform 'Android_ATCClient'
[2019.12.07-21.27.38:558][  0]LogTemp: Display: Module 'AndroidTargetPlatform' loaded TargetPlatform 'Android_DXTClient'
[2019.12.07-21.27.38:558][  0]LogTemp: Display: Module 'AndroidTargetPlatform' loaded TargetPlatform 'Android_ETC1Client'
[2019.12.07-21.27.38:558][  0]LogTemp: Display: Module 'AndroidTargetPlatform' loaded TargetPlatform 'Android_ETC1aClient'
[2019.12.07-21.27.38:558][  0]LogTemp: Display: Module 'AndroidTargetPlatform' loaded TargetPlatform 'Android_ETC2Client'
[2019.12.07-21.27.38:558][  0]LogTemp: Display: Module 'AndroidTargetPlatform' loaded TargetPlatform 'Android_PVRTCClient'
[2019.12.07-21.27.38:558][  0]LogTemp: Display: Module 'AndroidTargetPlatform' loaded TargetPlatform 'Android_Multi'
[2019.12.07-21.27.38:558][  0]LogTemp: Display: Module 'AndroidTargetPlatform' loaded TargetPlatform 'Android_MultiClient'
[2019.12.07-21.27.38:560][  0]LogTemp: Display: Module 'HTML5TargetPlatform' loaded TargetPlatform 'HTML5'
[2019.12.07-21.27.38:576][  0]LogTemp: Display: Module 'IOSTargetPlatform' loaded TargetPlatform 'IOSClient'
[2019.12.07-21.27.38:576][  0]LogTemp: Display: Module 'IOSTargetPlatform' loaded TargetPlatform 'IOS'
[2019.12.07-21.27.38:589][  0]LogTemp: Display: Module 'TVOSTargetPlatform' loaded TargetPlatform 'TVOSClient'
[2019.12.07-21.27.38:589][  0]LogTemp: Display: Module 'TVOSTargetPlatform' loaded TargetPlatform 'TVOS'
[2019.12.07-21.27.38:596][  0]LogTemp: Display: Module 'LinuxClientTargetPlatform' loaded TargetPlatform 'LinuxClient'
[2019.12.07-21.27.38:603][  0]LogTemp: Display: Module 'LinuxNoEditorTargetPlatform' loaded TargetPlatform 'LinuxNoEditor'
[2019.12.07-21.27.38:610][  0]LogTemp: Display: Module 'LinuxServerTargetPlatform' loaded TargetPlatform 'LinuxServer'
[2019.12.07-21.27.38:617][  0]LogTemp: Display: Module 'LinuxTargetPlatform' loaded TargetPlatform 'Linux'
[2019.12.07-21.27.38:641][  0]LogTemp: Display: Module 'LuminTargetPlatform' loaded TargetPlatform 'Lumin'
[2019.12.07-21.27.38:641][  0]LogTemp: Display: Module 'LuminTargetPlatform' loaded TargetPlatform 'LuminClient'
[2019.12.07-21.27.38:641][  0]LogTargetPlatformManager: Display: Building Assets For Windows
[2019.12.07-21.27.38:648][  0]LogAudioDebug: Display: Lib vorbis DLL was dynamically loaded.
[2019.12.07-21.27.38:689][  0]LogShaderCompilers: Guid format shader working directory is -14 characters bigger than the processId version (../../../../../Users/Elizabeth/Documents/CS-328-Game/CS328Team11/Intermediate/Shaders/WorkingDirectory/8120/).
[2019.12.07-21.27.38:689][  0]LogShaderCompilers: Cleaned the shader compiler working directory 'C:/Users/Elizabeth/AppData/Local/Temp/UnrealShaderWorkingDir/F4A2C4E74D8DB037845493BF1D1A3C4D/'.
[2019.12.07-21.27.38:691][  0]LogXGEController: Cannot use XGE Controller as Incredibuild is not installed on this machine.
[2019.12.07-21.27.38:691][  0]LogShaderCompilers: Cannot use XGE Shader Compiler as Incredibuild is not installed on this machine.
[2019.12.07-21.27.38:691][  0]LogShaderCompilers: Display: Using Local Shader Compiler.
[2019.12.07-21.27.39:332][  0]LogDerivedDataCache: Display: Max Cache Size: 512 MB
[2019.12.07-21.27.39:392][  0]LogDerivedDataCache: Loaded boot cache 0.06s 73MB C:/Users/Elizabeth/AppData/Local/UnrealEngine/4.23/DerivedDataCache/Boot.ddc.
[2019.12.07-21.27.39:392][  0]LogDerivedDataCache: Display: Loaded Boot cache: C:/Users/Elizabeth/AppData/Local/UnrealEngine/4.23/DerivedDataCache/Boot.ddc
[2019.12.07-21.27.39:392][  0]LogDerivedDataCache: FDerivedDataBackendGraph:  Pak pak cache file ../../../../../Users/Elizabeth/Documents/CS-328-Game/CS328Team11/DerivedDataCache/DDC.ddp not found, will not use a pak cache.
[2019.12.07-21.27.39:392][  0]LogDerivedDataCache: Unable to find inner node Pak for hierarchical cache Hierarchy.
[2019.12.07-21.27.39:392][  0]LogDerivedDataCache: FDerivedDataBackendGraph:  CompressedPak pak cache file ../../../../../Users/Elizabeth/Documents/CS-328-Game/CS328Team11/DerivedDataCache/Compressed.ddp not found, will not use a pak cache.
[2019.12.07-21.27.39:392][  0]LogDerivedDataCache: Unable to find inner node CompressedPak for hierarchical cache Hierarchy.
[2019.12.07-21.27.39:405][  0]LogDerivedDataCache: Display: Pak cache opened for reading ../../../Engine/DerivedDataCache/Compressed.ddp.
[2019.12.07-21.27.39:406][  0]LogDerivedDataCache: FDerivedDataBackendGraph:  EnterprisePak pak cache file ../../../Enterprise/DerivedDataCache/Compressed.ddp not found, will not use a pak cache.
[2019.12.07-21.27.39:406][  0]LogDerivedDataCache: Unable to find inner node EnterprisePak for hierarchical cache Hierarchy.
[2019.12.07-21.27.39:411][  0]LogDerivedDataCache: Using Local data cache path C:/Users/Elizabeth/AppData/Local/UnrealEngine/Common/DerivedDataCache: Writable
[2019.12.07-21.27.39:411][  0]LogDerivedDataCache: Shared data cache path not found in *engine.ini, will not use an Shared cache.
[2019.12.07-21.27.39:411][  0]LogDerivedDataCache: Unable to find inner node Shared for hierarchical cache Hierarchy.
[2019.12.07-21.27.39:435][  0]LogMaterial: Verifying Global Shaders for PCD3D_SM5
[2019.12.07-21.27.39:438][  0]LogSlate: Using FreeType 2.6.0
[2019.12.07-21.27.39:438][  0]LogSlate: SlateFontServices - WITH_FREETYPE: 1, WITH_HARFBUZZ: 1
[2019.12.07-21.27.39:501][  0]LogAssetRegistry: FAssetRegistry took 0.0031 seconds to start up
[2019.12.07-21.27.39:792][  0]LogInit: Selected Device Profile: [Windows]
[2019.12.07-21.27.39:941][  0]LogMeshReduction: Using QuadricMeshReduction for automatic static mesh reduction
[2019.12.07-21.27.39:941][  0]LogMeshReduction: Using SimplygonMeshReduction for automatic skeletal mesh reduction
[2019.12.07-21.27.39:941][  0]LogMeshReduction: Using ProxyLODMeshReduction for automatic mesh merging
[2019.12.07-21.27.39:941][  0]LogMeshReduction: No distributed automatic mesh merging module available
[2019.12.07-21.27.39:941][  0]LogMeshMerging: No distributed automatic mesh merging module available
[2019.12.07-21.27.39:951][  0]LogNetVersion: CS328Team11 1.0.0, NetCL: 8386587, EngineNetVer: 11, GameNetVer: 0 (Checksum: 2400628328)
[2019.12.07-21.27.40:468][  0]LogPackageLocalizationCache: Processed 12 localized package path(s) for 1 prioritized culture(s) in 0.039037 seconds
[2019.12.07-21.27.40:477][  0]LogUObjectArray: 43444 objects as part of root set at end of initial load.
[2019.12.07-21.27.40:477][  0]LogUObjectAllocator: 7548648 out of 0 bytes used by permanent object pool.
[2019.12.07-21.27.40:477][  0]LogUObjectArray: CloseDisregardForGC: 0/0 objects in disregard for GC pool
[2019.12.07-21.27.41:414][  0]LogTcpMessaging: Initializing TcpMessaging bridge
[2019.12.07-21.27.41:417][  0]LogUdpMessaging: Initializing bridge on interface 0.0.0.0:0 to multicast group 230.0.0.1:6666.
[2019.12.07-21.27.41:470][  0]SourceControl: Source control is disabled
[2019.12.07-21.27.41:471][  0]SourceControl: Source control is disabled
[2019.12.07-21.27.41:472][  0]SourceControl: Source control is disabled
[2019.12.07-21.27.41:473][  0]SourceControl: Source control is disabled
[2019.12.07-21.27.41:482][  0]LogVSAccessor: Display: Unable to create Visual Studio setup instance: 80040154
[2019.12.07-21.27.41:482][  0]LogVSAccessor: Display: Unable to create Visual Studio setup instance: 80040154
[2019.12.07-21.27.41:559][  0]LogAndroidPermission: UAndroidPermissionCallbackProxy::GetInstance
[2019.12.07-21.27.41:778][  0]LogOcInput: OculusInput pre-init called
[2019.12.07-21.27.41:784][  0]LogWindows: Failed to load 'OVRPlugin.dll' (GetLastError=126)
[2019.12.07-21.27.41:784][  0]LogWindows: File 'OVRPlugin.dll' does not exist
[2019.12.07-21.27.41:862][  0]LogEngine: Initializing Engine...
[2019.12.07-21.27.41:863][  0]LogHMD: Failed to initialize OpenVR with code 110
[2019.12.07-21.27.41:864][  0]LogStats: UGameplayTagsManager::InitializeManager -  0.000 s
[2019.12.07-21.27.42:127][  0]LogInit: Initializing FReadOnlyCVARCache
[2019.12.07-21.27.42:139][  0]LogAIModule: Creating AISystem for world Untitled
[2019.12.07-21.27.42:166][  0]LogInit: XAudio2 using 'TCL (NVIDIA High Definition Audio)' : 2 channels at 48 kHz using 16 bits per sample (channel mask 0x3)
[2019.12.07-21.27.42:185][  0]LogInit: FAudioDevice initialized.
[2019.12.07-21.27.42:186][  0]LogNetVersion: Set ProjectVersion to 1.0.0.0. Version Checksum will be recalculated on next use.
[2019.12.07-21.27.42:258][  0]LogDerivedDataCache: Saved boot cache 0.07s 73MB C:/Users/Elizabeth/AppData/Local/UnrealEngine/4.23/DerivedDataCache/Boot.ddc.
[2019.12.07-21.27.42:261][  0]LogInit: Texture streaming: Enabled
[2019.12.07-21.27.42:284][  0]LogEngineSessionManager: EngineSessionManager initialized
[2019.12.07-21.27.42:284][  0]LogEngineSessionManager: EngineSessionManager sent abnormal shutdown report. Type=Crashed, SessionId={F010A2D4-4326-4B21-6DA3-05981A3F2B89}
[2019.12.07-21.27.42:284][  0]LogEditorSessionSummary: Verbose: Initializing EditorSessionSummaryWriter for editor session tracking
[2019.12.07-21.27.42:285][  0]LogEditorSessionSummary: EditorSessionSummaryWriter initialized
[2019.12.07-21.27.42:324][  0]LogInit: Transaction tracking system initialized
[2019.12.07-21.27.42:346][  0]BlueprintLog: New page: Editor Load
[2019.12.07-21.27.42:404][  0]LocalizationService: Localization service is disabled
[2019.12.07-21.27.42:461][  0]LogVSAccessor: Display: Unable to create Visual Studio setup instance: 80040154
[2019.12.07-21.27.42:462][  0]LogVSAccessor: Display: Unable to create Visual Studio setup instance: 80040154
[2019.12.07-21.27.42:632][  0]LogFileCache: Scanning file cache for directory 'D:/Users/Elizabeth/Documents/CS-328-Game/CS328Team11/Content/' took 0.01s
[2019.12.07-21.27.42:632][  0]LogCook: Display: Max memory allowance for cook 16384mb min free memory 0mb
[2019.12.07-21.27.42:632][  0]LogCook: Display: Mobile HDR setting 1
[2019.12.07-21.27.42:791][  0]SourceControl: Source control is disabled
[2019.12.07-21.27.42:791][  0]Cmd: MAP LOAD FILE="../../../../../Users/Elizabeth/Documents/CS-328-Game/CS328Team11/Content/Levels/LevelOne.umap" TEMPLATE=0 SHOWPROGRESS=1 FEATURELEVEL=3
[2019.12.07-21.27.42:792][  0]LightingResults: New page: Lighting Build
[2019.12.07-21.27.42:794][  0]LogWorld: UWorld::CleanupWorld for Untitled, bSessionEnded=true, bCleanupResources=true
[2019.12.07-21.27.42:794][  0]MapCheck: New page: Map Check
[2019.12.07-21.27.42:794][  0]LightingResults: New page: Lighting Build
[2019.12.07-21.27.42:824][  0]LogUObjectHash: Compacting FUObjectHashTables data took   1.86ms
[2019.12.07-21.27.43:895][  0]LogAIModule: Creating AISystem for world LevelOne
[2019.12.07-21.27.45:735][  0]LogEditorServer: Finished looking for orphan Actors (0.000 secs)
[2019.12.07-21.27.46:188][  0]LogUObjectHash: Compacting FUObjectHashTables data took   3.24ms
[2019.12.07-21.27.46:188][  0]Cmd: MAP CHECKDEP NOCLEARLOG
[2019.12.07-21.27.46:189][  0]MapCheck: Map check complete: 0 Error(s), 0 Warning(s), took 0.148ms to complete.
[2019.12.07-21.27.46:189][  0]LogFileHelpers: Loading map 'LevelOne' took 3.397
[2019.12.07-21.27.46:326][  0]LogSlate: Updating window title bar state: overlay mode, drag disabled, window buttons hidden, title bar hidden
[2019.12.07-21.27.46:332][  0]LogSlate: Updating window title bar state: overlay mode, drag disabled, window buttons hidden, title bar hidden
[2019.12.07-21.27.46:340][  0]LogSlate: Updating window title bar state: overlay mode, drag disabled, window buttons hidden, title bar hidden
[2019.12.07-21.27.46:349][  0]LogSlate: Updating window title bar state: overlay mode, drag disabled, window buttons hidden, title bar hidden
[2019.12.07-21.27.46:354][  0]LogCollectionManager: Loaded 0 collections in 0.001218 seconds
[2019.12.07-21.27.46:361][  0]LogFileCache: Scanning file cache for directory 'D:/Users/Elizabeth/Documents/CS-328-Game/CS328Team11/Saved/Collections/' took 0.00s
[2019.12.07-21.27.46:361][  0]LogFileCache: Scanning file cache for directory 'D:/Users/Elizabeth/Documents/CS-328-Game/CS328Team11/Content/Developers/Elizabeth/Collections/' took 0.00s
[2019.12.07-21.27.46:361][  0]LogFileCache: Scanning file cache for directory 'D:/Users/Elizabeth/Documents/CS-328-Game/CS328Team11/Content/Collections/' took 0.00s
[2019.12.07-21.27.46:361][  0]LogCollectionManager: Rebuilt the GUID cache for 0 collections in 0.000002 seconds
[2019.12.07-21.27.46:372][  0]LogContentBrowser: Native class hierarchy populated in 0.0107 seconds. Added 2863 classes and 680 folders.
[2019.12.07-21.27.46:378][  0]LogContentBrowser: Native class hierarchy updated for 'WidgetCarousel' in 0.0004 seconds. Added 0 classes and 0 folders.
[2019.12.07-21.27.46:417][  0]LogContentBrowser: Native class hierarchy updated for 'AddContentDialog' in 0.0002 seconds. Added 0 classes and 0 folders.
[2019.12.07-21.27.46:423][  0]LogContentBrowser: Native class hierarchy updated for 'SceneOutliner' in 0.0004 seconds. Added 1 classes and 2 folders.
[2019.12.07-21.27.46:456][  0]LogSlate: Took 0.000185 seconds to synchronously load lazily loaded font '../../../Engine/Content/Slate/Fonts/Roboto-Regular.ttf' (155K)
[2019.12.07-21.27.46:459][  0]LogSlate: Took 0.000276 seconds to synchronously load lazily loaded font '../../../Engine/Content/Slate/Fonts/Roboto-Bold.ttf' (160K)
[2019.12.07-21.27.46:467][  0]LogSlate: Took 0.000216 seconds to synchronously load lazily loaded font '../../../Engine/Content/Editor/Slate/Fonts/FontAwesome.ttf' (139K)
[2019.12.07-21.27.46:548][  0]LogRenderer: Reallocating scene render targets to support 888x460 Format 10 NumSamples 1 (Frame:1).
[2019.12.07-21.27.46:746][  0]LogContentBrowser: Native class hierarchy updated for 'HierarchicalLODOutliner' in 0.0002 seconds. Added 0 classes and 0 folders.
[2019.12.07-21.27.46:746][  0]LogLoad: (Engine Initialization) Total time: 10.28 seconds
[2019.12.07-21.27.46:746][  0]LogLoad: (Engine Initialization) Total Blueprint compile time: 0.00 seconds
[2019.12.07-21.27.46:803][  0]LogContentStreaming: Texture pool size now 1000 MB
[2019.12.07-21.27.46:817][  0]LogSlate: Took 0.000209 seconds to synchronously load lazily loaded font '../../../Engine/Content/Slate/Fonts/Roboto-Light.ttf' (167K)
[2019.12.07-21.27.46:838][  1]LogAssetRegistry: Asset discovery search completed in 7.3383 seconds
[2019.12.07-21.27.46:842][  1]LogCollectionManager: Rebuilt the object cache for 0 collections in 0.000004 seconds (found 0 objects)
[2019.12.07-21.27.46:842][  1]LogCollectionManager: Fixed up redirectors for 0 collections in 0.000057 seconds (updated 0 objects)
[2019.12.07-21.27.48:228][  6]LogSlate: Took 0.000456 seconds to synchronously load lazily loaded font '../../../Engine/Content/Slate/Fonts/Roboto-Light.ttf' (167K)
[2019.12.07-21.27.51:471][ 16]LogSlate: FSceneViewport::OnFocusLost() reason 2
[2019.12.07-21.27.56:629][ 85]LogAssetEditorManager: Opening Asset editor for LevelScriptBlueprint /Game/Levels/LevelOne.LevelOne:PersistentLevel.LevelOne
[2019.12.07-21.27.56:999][ 85]LogContentBrowser: Native class hierarchy updated for 'BlueprintGraph' in 0.0006 seconds. Added 121 classes and 0 folders.
[2019.12.07-21.28.10:291][259]LogSlate: Window 'Create External Curve' being destroyed
[2019.12.07-21.28.46:763][878]LogEditorSessionSummary: EditorSessionSummary sent report. Type=Crashed, SessionId={E33B17BA-466B-AF0C-493A-ECA9BEBF17BE}
[2019.12.07-21.29.30:481][610]Cmd: OBJ SAVEPACKAGE PACKAGE="/Game/Levels/LevelOne" FILE="../../../../../Users/Elizabeth/Documents/CS-328-Game/CS328Team11/Content/Levels/LevelOne.umap" SILENT=true AUTOSAVING=false KEEPDIRTY=false
[2019.12.07-21.29.30:528][610]LogUObjectHash: Compacting FUObjectHashTables data took   4.99ms
[2019.12.07-21.29.32:133][610]LogSavePackage: Moving '../../../../../Users/Elizabeth/Documents/CS-328-Game/CS328Team11/Saved/LevelOneDB73A220435223C9310DA290E7AED12C.tmp' to '../../../../../Users/Elizabeth/Documents/CS-328-Game/CS328Team11/Content/Levels/LevelOne.umap'
[2019.12.07-21.29.32:154][610]LogFileHelpers: Saving map 'LevelOne' took 1.675
[2019.12.07-21.29.46:808][886]LogEditorSessionSummary: EditorSessionSummary sent report. Type=Crashed, SessionId={B6D2CD2C-463A-D583-B5E3-1B9BBDDF71FA}
[2019.12.07-21.30.10:745][314]LogEditorTransaction: Undo New Value Entered
[2019.12.07-21.30.55:013][ 93]LogEditorTransaction: Undo Mouse Drag
[2019.12.07-21.30.55:585][100]LogEditorTransaction: Undo Mouse Drag
[2019.12.07-21.30.55:947][107]LogEditorTransaction: Undo Mouse Drag
[2019.12.07-21.30.56:347][113]LogEditorTransaction: Undo Mouse Drag
[2019.12.07-21.30.56:748][119]LogEditorTransaction: Undo Mouse Drag
[2019.12.07-21.30.57:080][124]LogEditorTransaction: Undo Mouse Drag
[2019.12.07-21.30.57:413][129]LogEditorTransaction: Undo Add Key(s)
[2019.12.07-21.30.57:879][136]LogEditorTransaction: Undo New Value Entered
[2019.12.07-21.30.58:281][142]LogEditorTransaction: Undo Add Key(s)
[2019.12.07-21.32.12:749][158]BlueprintLog: New page: Compile LevelOne
[2019.12.07-21.32.13:051][158]LogUObjectHash: Compacting FUObjectHashTables data took   3.56ms
[2019.12.07-21.32.44:369][305]Cmd: OBJ SAVEPACKAGE PACKAGE="/Game/Levels/LevelOne" FILE="../../../../../Users/Elizabeth/Documents/CS-328-Game/CS328Team11/Content/Levels/LevelOne.umap" SILENT=true AUTOSAVING=false KEEPDIRTY=false
[2019.12.07-21.32.44:405][305]LogUObjectHash: Compacting FUObjectHashTables data took   3.51ms
[2019.12.07-21.32.45:913][305]LogSavePackage: Moving '../../../../../Users/Elizabeth/Documents/CS-328-Game/CS328Team11/Saved/LevelOne4221E4344F0B9E9779E2229ACEEA2A7D.tmp' to '../../../../../Users/Elizabeth/Documents/CS-328-Game/CS328Team11/Content/Levels/LevelOne.umap'
[2019.12.07-21.32.45:973][305]LogFileHelpers: Saving map 'LevelOne' took 1.605
[2019.12.07-21.32.49:566][371]LogSlate: Took 0.000415 seconds to synchronously load lazily loaded font '../../../Engine/Content/Slate/Fonts/Roboto-BoldCondensed.ttf' (158K)
[2019.12.07-21.35.23:392][964]LogSlate: Took 0.013315 seconds to synchronously load lazily loaded font '../../../Engine/Content/Slate/Fonts/Roboto-BoldCondensedItalic.ttf' (160K)
[2019.12.07-21.36.13:745][701]Cmd: OBJ SAVEPACKAGE PACKAGE="/Game/Levels/LevelOne" FILE="../../../../../Users/Elizabeth/Documents/CS-328-Game/CS328Team11/Content/Levels/LevelOne.umap" SILENT=true AUTOSAVING=false KEEPDIRTY=false
[2019.12.07-21.36.13:789][701]LogUObjectHash: Compacting FUObjectHashTables data took   4.32ms
[2019.12.07-21.36.15:372][701]LogSavePackage: Moving '../../../../../Users/Elizabeth/Documents/CS-328-Game/CS328Team11/Saved/LevelOne37E90C9B4CAD872DAB9628B39C05C077.tmp' to '../../../../../Users/Elizabeth/Documents/CS-328-Game/CS328Team11/Content/Levels/LevelOne.umap'
[2019.12.07-21.36.15:417][701]Cmd: OBJ SAVEPACKAGE PACKAGE="/Game/Levels/LevelOne_BuiltData" FILE="../../../../../Users/Elizabeth/Documents/CS-328-Game/CS328Team11/Content/Levels/LevelOne_BuiltData.uasset" SILENT=true
[2019.12.07-21.36.15:542][701]LogSavePackage: Moving '../../../../../Users/Elizabeth/Documents/CS-328-Game/CS328Team11/Saved/LevelOne_BuiltData7EA32E8C443DC7C2304FD199342EB8E9.tmp' to '../../../../../Users/Elizabeth/Documents/CS-328-Game/CS328Team11/Content/Levels/LevelOne_BuiltData.uasset'
[2019.12.07-21.36.33:229][ 67]Cmd: OBJ SAVEPACKAGE PACKAGE="/Game/Levels/LevelOne" FILE="../../../../../Users/Elizabeth/Documents/CS-328-Game/CS328Team11/Content/Levels/LevelOne.umap" SILENT=true AUTOSAVING=false KEEPDIRTY=false
[2019.12.07-21.36.33:266][ 67]LogUObjectHash: Compacting FUObjectHashTables data took   3.70ms
[2019.12.07-21.36.34:801][ 67]LogSavePackage: Moving '../../../../../Users/Elizabeth/Documents/CS-328-Game/CS328Team11/Saved/LevelOne750B6C4E4C5677A2C68CDEB23040A2FB.tmp' to '../../../../../Users/Elizabeth/Documents/CS-328-Game/CS328Team11/Content/Levels/LevelOne.umap'
[2019.12.07-21.36.34:822][ 67]Cmd: OBJ SAVEPACKAGE PACKAGE="/Game/Levels/LevelOne_BuiltData" FILE="../../../../../Users/Elizabeth/Documents/CS-328-Game/CS328Team11/Content/Levels/LevelOne_BuiltData.uasset" SILENT=true
[2019.12.07-21.36.34:919][ 67]LogSavePackage: Moving '../../../../../Users/Elizabeth/Documents/CS-328-Game/CS328Team11/Saved/LevelOne_BuiltDataF7B554D3460204DD8BBE6FB736ADD36B.tmp' to '../../../../../Users/Elizabeth/Documents/CS-328-Game/CS328Team11/Content/Levels/LevelOne_BuiltData.uasset'
[2019.12.07-21.36.40:145][152]Cmd: OBJ SAVEPACKAGE PACKAGE="/Game/Levels/LevelOne" FILE="../../../../../Users/Elizabeth/Documents/CS-328-Game/CS328Team11/Content/Levels/LevelOne.umap" SILENT=true AUTOSAVING=false KEEPDIRTY=false
[2019.12.07-21.36.40:181][152]LogUObjectHash: Compacting FUObjectHashTables data took   3.76ms
[2019.12.07-21.36.41:756][152]LogSavePackage: Moving '../../../../../Users/Elizabeth/Documents/CS-328-Game/CS328Team11/Saved/LevelOne41229207493AD4FE4B6EB1BDFE3646C2.tmp' to '../../../../../Users/Elizabeth/Documents/CS-328-Game/CS328Team11/Content/Levels/LevelOne.umap'
[2019.12.07-21.36.41:786][152]LogFileHelpers: Saving map 'LevelOne' took 1.643
[2019.12.07-21.37.47:335][682]LogEditorSessionSummary: EditorSessionSummary sent report. Type=Crashed, SessionId={F010A2D4-4326-4B21-6DA3-05981A3F2B89}
[2019.12.07-21.38.00:297][894]LogSlate: Took 0.000594 seconds to synchronously load lazily loaded font '../../../Engine/Content/Slate/Fonts/Roboto-Italic.ttf' (157K)
[2019.12.07-21.38.22:867][315]Cmd: OBJ SAVEPACKAGE PACKAGE="/Game/Levels/LevelOne" FILE="../../../../../Users/Elizabeth/Documents/CS-328-Game/CS328Team11/Content/Levels/LevelOne.umap" SILENT=true AUTOSAVING=false KEEPDIRTY=false
[2019.12.07-21.38.22:909][315]LogUObjectHash: Compacting FUObjectHashTables data took   4.06ms
[2019.12.07-21.38.24:439][315]LogSavePackage: Moving '../../../../../Users/Elizabeth/Documents/CS-328-Game/CS328Team11/Saved/LevelOne86717B204110F956C374329FFEF57C76.tmp' to '../../../../../Users/Elizabeth/Documents/CS-328-Game/CS328Team11/Content/Levels/LevelOne.umap'
[2019.12.07-21.38.24:461][315]LogFileHelpers: Saving map 'LevelOne' took 1.595
[2019.12.07-21.38.36:164][508]LogD3D11RHI: Error: SwapChain->ResizeBuffers(0, SizeX, SizeY, RenderTargetFormat, D3D11GetSwapChainFlags()) failed 
 at D:/Build/++UE4/Sync/Engine/Source/Runtime/Windows/D3D11RHI/Private/D3D11Viewport.cpp:264 
 with error DXGI_ERROR_DEVICE_REMOVED, 
 Size=657x140 Format=DXGI_FORMAT_R10G10B10A2_UNORM(0x00000018)
[2019.12.07-21.38.36:164][508]LogD3D11RHI: [Aftermath] GDynamicRHI=00000159BB8EC0C0, GDX11NVAfterMathEnabled=0, Result=0xFFFFFFFF, bDeviceActive=0
[2019.12.07-21.38.36:164][508]LogOutputDevice: Warning: 

Script Stack (0 frames):

[2019.12.07-21.38.36:165][508]LogWindows: Windows GetLastError: The operation completed successfully. (0)
[2019.12.07-21.38.37:595][508]LogWindows: Error: === Critical error: ===
[2019.12.07-21.38.37:595][508]LogWindows: Error: 
[2019.12.07-21.38.37:595][508]LogWindows: Error: Fatal error: [File:D:/Build/++UE4/Sync/Engine/Source/Runtime/Windows/D3D11RHI/Private/D3D11Util.cpp] [Line: 198] 
[2019.12.07-21.38.37:595][508]LogWindows: Error: Unreal Engine is exiting due to D3D device being lost. (Error: 0x887A0005 - 'REMOVED')
[2019.12.07-21.38.37:595][508]LogWindows: Error: 
[2019.12.07-21.38.37:595][508]LogWindows: Error: 
[2019.12.07-21.38.37:595][508]LogWindows: Error: Unhandled Exception: 0x00008000
[2019.12.07-21.38.37:595][508]LogWindows: Error: 
[2019.12.07-21.38.37:595][508]LogWindows: Error: [Callstack] 0x00007ffbb831a839 KERNELBASE.dll!UnknownFunction []
[2019.12.07-21.38.37:595][508]LogWindows: Error: [Callstack] 0x00007ffb79d7baa7 UE4Editor-Core.dll!UnknownFunction []
[2019.12.07-21.38.37:595][508]LogWindows: Error: [Callstack] 0x00007ffb79d7cbbd UE4Editor-Core.dll!UnknownFunction []
[2019.12.07-21.38.37:595][508]LogWindows: Error: [Callstack] 0x00007ffb79b71ada UE4Editor-Core.dll!UnknownFunction []
[2019.12.07-21.38.37:595][508]LogWindows: Error: [Callstack] 0x00007ffb79ac67a3 UE4Editor-Core.dll!UnknownFunction []
[2019.12.07-21.38.37:595][508]LogWindows: Error: [Callstack] 0x00007ffb79ac6688 UE4Editor-Core.dll!UnknownFunction []
[2019.12.07-21.38.37:595][508]LogWindows: Error: [Callstack] 0x00007ffb5dcecfa6 UE4Editor-D3D11RHI.dll!UnknownFunction []
[2019.12.07-21.38.37:595][508]LogWindows: Error: [Callstack] 0x00007ffb5dcf10e4 UE4Editor-D3D11RHI.dll!UnknownFunction []
[2019.12.07-21.38.37:595][508]LogWindows: Error: [Callstack] 0x00007ffb5dce7f99 UE4Editor-D3D11RHI.dll!UnknownFunction []
[2019.12.07-21.38.37:595][508]LogWindows: Error: [Callstack] 0x00007ffb5dce06ac UE4Editor-D3D11RHI.dll!UnknownFunction []
[2019.12.07-21.38.37:595][508]LogWindows: Error: [Callstack] 0x00007ffb5d6b3e69 UE4Editor-SlateRHIRenderer.dll!UnknownFunction []
[2019.12.07-21.38.37:595][508]LogWindows: Error: [Callstack] 0x00007ffb5d6ca2bf UE4Editor-SlateRHIRenderer.dll!UnknownFunction []
[2019.12.07-21.38.37:595][508]LogWindows: Error: [Callstack] 0x00007ffb76410dfe UE4Editor-Slate.dll!UnknownFunction []
[2019.12.07-21.38.37:595][508]LogWindows: Error: [Callstack] 0x00007ffb763e469e UE4Editor-Slate.dll!UnknownFunction []
[2019.12.07-21.38.37:595][508]LogWindows: Error: [Callstack] 0x00007ffb764364aa UE4Editor-Slate.dll!UnknownFunction []
[2019.12.07-21.38.37:595][508]LogWindows: Error: [Callstack] 0x00007ffb7643538e UE4Editor-Slate.dll!UnknownFunction []
[2019.12.07-21.38.37:595][508]LogWindows: Error: [Callstack] 0x00007ff617f18be4 UE4Editor.exe!UnknownFunction []
[2019.12.07-21.38.37:595][508]LogWindows: Error: [Callstack] 0x00007ff617f2a91c UE4Editor.exe!UnknownFunction []
[2019.12.07-21.38.37:595][508]LogWindows: Error: [Callstack] 0x00007ff617f2a9fa UE4Editor.exe!UnknownFunction []
[2019.12.07-21.38.37:595][508]LogWindows: Error: [Callstack] 0x00007ff617f3b92c UE4Editor.exe!UnknownFunction []
[2019.12.07-21.38.37:595][508]LogWindows: Error: [Callstack] 0x00007ff617f3e60e UE4Editor.exe!UnknownFunction []
[2019.12.07-21.38.37:595][508]LogWindows: Error: [Callstack] 0x00007ffbba327bd4 KERNEL32.DLL!UnknownFunction []
[2019.12.07-21.38.37:595][508]LogWindows: Error: [Callstack] 0x00007ffbba54ced1 ntdll.dll!UnknownFunction []
[2019.12.07-21.38.37:595][508]LogWindows: Error: 
[2019.12.07-21.38.37:644][508]LogExit: Executing StaticShutdownAfterError
[2019.12.07-21.38.37:658][508]LogWindows: FPlatformMisc::RequestExit(1)
[2019.12.07-21.38.37:703][508]Log file closed, 12/07/19 13:38:37
