Log file open, 12/11/19 18:43:41
LogWindows: Failed to load 'aqProf.dll' (GetLastError=126)
LogWindows: File 'aqProf.dll' does not exist
LogWindows: Failed to load 'VtuneApi.dll' (GetLastError=126)
LogWindows: File 'VtuneApi.dll' does not exist
LogWindows: Failed to load 'VtuneApi32e.dll' (GetLastError=126)
LogWindows: File 'VtuneApi32e.dll' does not exist
LogConsoleResponse: Display: Failed to find resolution value strings in scalability ini. Falling back to default.
LogInit: Display: Running engine for game: CS328Team11
LogPlatformFile: Not using cached read wrapper
LogTaskGraph: Started task graph with 5 named threads and 47 total threads with 3 sets of task threads.
LogStats: Stats thread started at 0.070179
LogD3D11RHI: Loaded GFSDK_Aftermath_Lib.x64.dll
LogICUInternationalization: ICU TimeZone Detection - Raw Offset: -8:00, Platform Override: ''
LogPluginManager: Mounting plugin Paper2D
LogPluginManager: Mounting plugin AISupport
LogPluginManager: Mounting plugin LightPropagationVolume
LogPluginManager: Mounting plugin ActorLayerUtilities
LogPluginManager: Mounting plugin AnimationSharing
LogPluginManager: Mounting plugin CLionSourceCodeAccess
LogPluginManager: Mounting plugin CodeLiteSourceCodeAccess
LogPluginManager: Mounting plugin GitSourceControl
LogPluginManager: Mounting plugin KDevelopSourceCodeAccess
LogPluginManager: Mounting plugin NullSourceCodeAccess
LogPluginManager: Mounting plugin PerforceSourceControl
LogPluginManager: Mounting plugin SubversionSourceControl
LogPluginManager: Mounting plugin UObjectPlugin
LogPluginManager: Mounting plugin VisualStudioCodeSourceCodeAccess
LogPluginManager: Mounting plugin VisualStudioSourceCodeAccess
LogPluginManager: Mounting plugin XCodeSourceCodeAccess
LogPluginManager: Mounting plugin AssetManagerEditor
LogPluginManager: Mounting plugin CryptoKeys
LogPluginManager: Mounting plugin CurveEditorTools
LogPluginManager: Mounting plugin DataValidation
LogPluginManager: Mounting plugin FacialAnimation
LogPluginManager: Mounting plugin GameplayTagsEditor
LogPluginManager: Mounting plugin MacGraphicsSwitching
LogPluginManager: Mounting plugin MaterialAnalyzer
LogPluginManager: Mounting plugin MobileLauncherProfileWizard
LogPluginManager: Mounting plugin PluginBrowser
LogPluginManager: Mounting plugin SpeedTreeImporter
LogPluginManager: Mounting plugin DatasmithContent
LogPluginManager: Mounting plugin VariantManagerContent
LogPluginManager: Mounting plugin AlembicImporter
LogPluginManager: Mounting plugin AutomationUtils
LogPluginManager: Mounting plugin BackChannel
LogPluginManager: Mounting plugin CharacterAI
LogPluginManager: Mounting plugin GeometryCache
LogPluginManager: Mounting plugin HTML5Networking
LogPluginManager: Mounting plugin PlatformCrypto
LogPluginManager: Mounting plugin ProxyLODPlugin
LogPluginManager: Mounting plugin SkeletalReduction
LogPluginManager: Mounting plugin MagicLeap
LogPluginManager: Mounting plugin MagicLeapMedia
LogPluginManager: Mounting plugin AndroidMedia
LogPluginManager: Mounting plugin AvfMedia
LogPluginManager: Mounting plugin ImgMedia
LogPluginManager: Mounting plugin MediaCompositing
LogPluginManager: Mounting plugin MediaPlayerEditor
LogPluginManager: Mounting plugin WebMMedia
LogPluginManager: Mounting plugin WmfMedia
LogPluginManager: Mounting plugin TcpMessaging
LogPluginManager: Mounting plugin UdpMessaging
LogPluginManager: Mounting plugin ActorSequence
LogPluginManager: Mounting plugin LevelSequenceEditor
LogPluginManager: Mounting plugin MatineeToLevelSequence
LogPluginManager: Mounting plugin NetcodeUnitTest
LogPluginManager: Mounting plugin NUTUnrealEngine4
LogPluginManager: Mounting plugin OnlineSubsystemGooglePlay
LogPluginManager: Mounting plugin OnlineSubsystemIOS
LogPluginManager: Mounting plugin OnlineSubsystem
LogPluginManager: Mounting plugin OnlineSubsystemNull
LogPluginManager: Mounting plugin OnlineSubsystemUtils
LogPluginManager: Mounting plugin LauncherChunkInstaller
LogPluginManager: Mounting plugin AndroidDeviceProfileSelector
LogPluginManager: Mounting plugin AndroidMoviePlayer
LogPluginManager: Mounting plugin AndroidPermission
LogPluginManager: Mounting plugin AppleImageUtils
LogPluginManager: Mounting plugin AppleMoviePlayer
LogPluginManager: Mounting plugin ArchVisCharacter
LogPluginManager: Mounting plugin AudioCapture
LogPluginManager: Mounting plugin CableComponent
LogPluginManager: Mounting plugin CustomMeshComponent
LogPluginManager: Mounting plugin EditableMesh
LogPluginManager: Mounting plugin ExampleDeviceProfileSelector
LogPluginManager: Mounting plugin GoogleCloudMessaging
LogPluginManager: Mounting plugin IOSDeviceProfileSelector
LogPluginManager: Mounting plugin LinuxDeviceProfileSelector
LogPluginManager: Mounting plugin LocationServicesBPLibrary
LogPluginManager: Mounting plugin MobilePatchingUtils
LogPluginManager: Mounting plugin OculusVR
LogPluginManager: Mounting plugin PhysXVehicles
LogPluginManager: Mounting plugin ProceduralMeshComponent
LogPluginManager: Mounting plugin RuntimePhysXCooking
LogPluginManager: Mounting plugin SignificanceManager
LogPluginManager: Mounting plugin SteamVR
LogPluginManager: Mounting plugin WebMMoviePlayer
LogPluginManager: Mounting plugin WindowsMoviePlayer
LogPluginManager: Mounting plugin ScreenshotTools
LogInit: Using libcurl 7.55.1-DEV
LogInit:  - built for x86_64-pc-win32
LogInit:  - supports SSL with OpenSSL/1.1.1
LogInit:  - supports HTTP deflate (compression) using libz 1.2.8
LogInit:  - other features:
LogInit:      CURL_VERSION_SSL
LogInit:      CURL_VERSION_LIBZ
LogInit:      CURL_VERSION_IPV6
LogInit:      CURL_VERSION_ASYNCHDNS
LogInit:      CURL_VERSION_LARGEFILE
LogInit:      CURL_VERSION_IDN
LogInit:  CurlRequestOptions (configurable via config and command line):
LogInit:  - bVerifyPeer = true  - Libcurl will verify peer certificate
LogInit:  - bUseHttpProxy = false  - Libcurl will NOT use HTTP proxy
LogInit:  - bDontReuseConnections = false  - Libcurl will reuse connections
LogInit:  - MaxHostConnections = 16  - Libcurl will limit the number of connections to a host
LogInit:  - LocalHostAddr = Default
LogInit:  - BufferSize = 65536
LogOnline: OSS: Creating online subsystem instance for: NULL
LogInit: WinSock: version 1.1 (2.2), MaxSocks=32767, MaxUdp=65467
LogInit: Build: ++UE4+Release-4.23-CL-8386587
LogInit: Engine Version: 4.23.0-8386587+++UE4+Release-4.23
LogInit: Compatible Engine Version: 4.23.0-8386587+++UE4+Release-4.23
LogInit: Net CL: 8386587
LogInit: OS: Windows 10 (Release 1809) (), CPU: AMD Ryzen 7 2700X Eight-Core Processor         , GPU: NVIDIA GeForce RTX 2060
LogInit: Compiled (64-bit): Aug 31 2019 02:04:44
LogInit: Compiled with Visual C++: 19.16.27030.01
LogInit: Build Configuration: Development
LogInit: Branch Name: ++UE4+Release-4.23
LogInit: Command Line: 
LogInit: Base Directory: S:/Unreal/Epic Games/UE_4.23/Engine/Binaries/Win64/
LogInit: Installed Engine Build: 1
LogDevObjectVersion: Number of dev versions registered: 23
LogDevObjectVersion:   Dev-Blueprints (B0D832E4-1F89-4F0D-ACCF-7EB736FD4AA2): 10
LogDevObjectVersion:   Dev-Build (E1C64328-A22C-4D53-A36C-8E866417BD8C): 0
LogDevObjectVersion:   Dev-Core (375EC13C-06E4-48FB-B500-84F0262A717E): 3
LogDevObjectVersion:   Dev-Editor (E4B068ED-F494-42E9-A231-DA0B2E46BB41): 34
LogDevObjectVersion:   Dev-Framework (CFFC743F-43B0-4480-9391-14DF171D2073): 35
LogDevObjectVersion:   Dev-Mobile (B02B49B5-BB20-44E9-A304-32B752E40360): 2
LogDevObjectVersion:   Dev-Networking (A4E4105C-59A1-49B5-A7C5-40C4547EDFEE): 0
LogDevObjectVersion:   Dev-Online (39C831C9-5AE6-47DC-9A44-9C173E1C8E7C): 0
LogDevObjectVersion:   Dev-Physics (78F01B33-EBEA-4F98-B9B4-84EACCB95AA2): 0
LogDevObjectVersion:   Dev-Platform (6631380F-2D4D-43E0-8009-CF276956A95A): 0
LogDevObjectVersion:   Dev-Rendering (12F88B9F-8875-4AFC-A67C-D90C383ABD29): 31
LogDevObjectVersion:   Dev-Sequencer (7B5AE74C-D270-4C10-A958-57980B212A5A): 11
LogDevObjectVersion:   Dev-VR (D7296918-1DD6-4BDD-9DE2-64A83CC13884): 2
LogDevObjectVersion:   Dev-LoadTimes (C2A15278-BFE7-4AFE-6C17-90FF531DF755): 1
LogDevObjectVersion:   Private-Geometry (6EACA3D4-40EC-4CC1-B786-8BED09428FC5): 3
LogDevObjectVersion:   Dev-AnimPhys (29E575DD-E0A3-4627-9D10-D276232CDCEA): 17
LogDevObjectVersion:   Dev-Anim (AF43A65D-7FD3-4947-9873-3E8ED9C1BB05): 2
LogDevObjectVersion:   Dev-ReflectionCapture (6B266CEC-1EC7-4B8F-A30B-E4D90942FC07): 1
LogDevObjectVersion:   Dev-Automation (0DF73D61-A23F-47EA-B727-89E90C41499A): 1
LogDevObjectVersion:   FortniteMain (601D1886-AC64-4F84-AA16-D3DE0DEAC7D6): 27
LogDevObjectVersion:   Dev-Enterprise (9DFFBCD6-494F-0158-E221-12823C92A888): 6
LogDevObjectVersion:   Dev-Niagara (F2AED0AC-9AFE-416F-8664-AA7FFA26D6FC): 1
LogDevObjectVersion:   Dev-Destruction (174F1F0B-B4C6-45A5-B13F-2EE8D0FB917D): 9
LogInit: Presizing for max 16777216 objects, including 0 objects not considered by GC, pre-allocating 0 bytes for permanent pool.
LogInit: Object subsystem initialized
LogConfig: Setting CVar [[con.DebugEarlyDefault:1]]
LogConfig: Setting CVar [[r.setres:1280x720]]
[2019.12.12-02.43.41:402][  0]LogConfig: Setting CVar [[r.VSync:0]]
[2019.12.12-02.43.41:402][  0]LogConfig: Setting CVar [[r.RHICmdBypass:0]]
[2019.12.12-02.43.41:402][  0]LogConfig: Applying CVar settings from Section [/Script/Engine.RendererSettings] File [S:/Repositories/CS-328-Game/CS328Team11/Saved/Config/Windows/Engine.ini]
[2019.12.12-02.43.41:402][  0]LogConfig: Setting CVar [[r.GPUCrashDebugging:0]]
[2019.12.12-02.43.41:402][  0]LogConfig: Setting CVar [[r.DefaultFeature.AutoExposure.ExtendDefaultLuminanceRange:1]]
[2019.12.12-02.43.41:402][  0]LogConfig: Applying CVar settings from Section [/Script/Engine.RendererOverrideSettings] File [S:/Repositories/CS-328-Game/CS328Team11/Saved/Config/Windows/Engine.ini]
[2019.12.12-02.43.41:402][  0]LogConfig: Applying CVar settings from Section [/Script/Engine.StreamingSettings] File [S:/Repositories/CS-328-Game/CS328Team11/Saved/Config/Windows/Engine.ini]
[2019.12.12-02.43.41:402][  0]LogConfig: Setting CVar [[s.MinBulkDataSizeForAsyncLoading:131072]]
[2019.12.12-02.43.41:402][  0]LogConfig: Setting CVar [[s.AsyncLoadingThreadEnabled:0]]
[2019.12.12-02.43.41:402][  0]LogConfig: Setting CVar [[s.EventDrivenLoaderEnabled:1]]
[2019.12.12-02.43.41:402][  0]LogConfig: Setting CVar [[s.WarnIfTimeLimitExceeded:0]]
[2019.12.12-02.43.41:402][  0]LogConfig: Setting CVar [[s.TimeLimitExceededMultiplier:1.5]]
[2019.12.12-02.43.41:402][  0]LogConfig: Setting CVar [[s.TimeLimitExceededMinTime:0.005]]
[2019.12.12-02.43.41:402][  0]LogConfig: Setting CVar [[s.UseBackgroundLevelStreaming:1]]
[2019.12.12-02.43.41:402][  0]LogConfig: Setting CVar [[s.PriorityAsyncLoadingExtraTime:15.0]]
[2019.12.12-02.43.41:402][  0]LogConfig: Setting CVar [[s.LevelStreamingActorsUpdateTimeLimit:5.0]]
[2019.12.12-02.43.41:402][  0]LogConfig: Setting CVar [[s.PriorityLevelStreamingActorsUpdateExtraTime:5.0]]
[2019.12.12-02.43.41:402][  0]LogConfig: Setting CVar [[s.LevelStreamingComponentsRegistrationGranularity:10]]
[2019.12.12-02.43.41:402][  0]LogConfig: Setting CVar [[s.UnregisterComponentsTimeLimit:1.0]]
[2019.12.12-02.43.41:402][  0]LogConfig: Setting CVar [[s.LevelStreamingComponentsUnregistrationGranularity:5]]
[2019.12.12-02.43.41:402][  0]LogConfig: Applying CVar settings from Section [/Script/Engine.GarbageCollectionSettings] File [S:/Repositories/CS-328-Game/CS328Team11/Saved/Config/Windows/Engine.ini]
[2019.12.12-02.43.41:402][  0]LogConfig: Setting CVar [[gc.MaxObjectsNotConsideredByGC:1]]
[2019.12.12-02.43.41:402][  0]LogConfig: Setting CVar [[gc.SizeOfPermanentObjectPool:0]]
[2019.12.12-02.43.41:402][  0]LogConfig: Setting CVar [[gc.FlushStreamingOnGC:0]]
[2019.12.12-02.43.41:402][  0]LogConfig: Setting CVar [[gc.NumRetriesBeforeForcingGC:10]]
[2019.12.12-02.43.41:402][  0]LogConfig: Setting CVar [[gc.AllowParallelGC:1]]
[2019.12.12-02.43.41:402][  0]LogConfig: Setting CVar [[gc.TimeBetweenPurgingPendingKillObjects:61.1]]
[2019.12.12-02.43.41:402][  0]LogConfig: Setting CVar [[gc.MaxObjectsInEditor:16777216]]
[2019.12.12-02.43.41:402][  0]LogConfig: Setting CVar [[gc.IncrementalBeginDestroyEnabled:1]]
[2019.12.12-02.43.41:402][  0]LogConfig: Setting CVar [[gc.CreateGCClusters:1]]
[2019.12.12-02.43.41:402][  0]LogConfig: Setting CVar [[gc.MinGCClusterSize:5]]
[2019.12.12-02.43.41:402][  0]LogConfig: Setting CVar [[gc.ActorClusteringEnabled:0]]
[2019.12.12-02.43.41:402][  0]LogConfig: Setting CVar [[gc.BlueprintClusteringEnabled:0]]
[2019.12.12-02.43.41:402][  0]LogConfig: Setting CVar [[gc.UseDisregardForGCOnDedicatedServers:0]]
[2019.12.12-02.43.41:402][  0]LogConfig: Applying CVar settings from Section [/Script/Engine.NetworkSettings] File [S:/Repositories/CS-328-Game/CS328Team11/Saved/Config/Windows/Engine.ini]
[2019.12.12-02.43.41:402][  0]LogConfig: Applying CVar settings from Section [/Script/UnrealEd.CookerSettings] File [S:/Repositories/CS-328-Game/CS328Team11/Saved/Config/Windows/Engine.ini]
[2019.12.12-02.43.41:410][  0]LogConfig: Applying CVar settings from Section [ViewDistanceQuality@3] File [S:/Repositories/CS-328-Game/CS328Team11/Saved/Config/Windows/Scalability.ini]
[2019.12.12-02.43.41:410][  0]LogConfig: Setting CVar [[r.SkeletalMeshLODBias:0]]
[2019.12.12-02.43.41:410][  0]LogConfig: Setting CVar [[r.ViewDistanceScale:1.0]]
[2019.12.12-02.43.41:410][  0]LogConfig: Applying CVar settings from Section [AntiAliasingQuality@3] File [S:/Repositories/CS-328-Game/CS328Team11/Saved/Config/Windows/Scalability.ini]
[2019.12.12-02.43.41:410][  0]LogConfig: Setting CVar [[r.PostProcessAAQuality:4]]
[2019.12.12-02.43.41:410][  0]LogConfig: Applying CVar settings from Section [ShadowQuality@3] File [S:/Repositories/CS-328-Game/CS328Team11/Saved/Config/Windows/Scalability.ini]
[2019.12.12-02.43.41:410][  0]LogConfig: Setting CVar [[r.LightFunctionQuality:1]]
[2019.12.12-02.43.41:410][  0]LogConfig: Setting CVar [[r.ShadowQuality:5]]
[2019.12.12-02.43.41:410][  0]LogConfig: Setting CVar [[r.Shadow.CSM.MaxCascades:10]]
[2019.12.12-02.43.41:410][  0]LogConfig: Setting CVar [[r.Shadow.MaxResolution:2048]]
[2019.12.12-02.43.41:410][  0]LogConfig: Setting CVar [[r.Shadow.MaxCSMResolution:2048]]
[2019.12.12-02.43.41:410][  0]LogConfig: Setting CVar [[r.Shadow.RadiusThreshold:0.01]]
[2019.12.12-02.43.41:410][  0]LogConfig: Setting CVar [[r.Shadow.DistanceScale:1.0]]
[2019.12.12-02.43.41:410][  0]LogConfig: Setting CVar [[r.Shadow.CSM.TransitionScale:1.0]]
[2019.12.12-02.43.41:410][  0]LogConfig: Setting CVar [[r.Shadow.PreShadowResolutionFactor:1.0]]
[2019.12.12-02.43.41:410][  0]LogConfig: Setting CVar [[r.DistanceFieldShadowing:1]]
[2019.12.12-02.43.41:410][  0]LogConfig: Setting CVar [[r.DistanceFieldAO:1]]
[2019.12.12-02.43.41:410][  0]LogConfig: Setting CVar [[r.AOQuality:2]]
[2019.12.12-02.43.41:410][  0]LogConfig: Setting CVar [[r.VolumetricFog:1]]
[2019.12.12-02.43.41:410][  0]LogConfig: Setting CVar [[r.VolumetricFog.GridPixelSize:8]]
[2019.12.12-02.43.41:410][  0]LogConfig: Setting CVar [[r.VolumetricFog.GridSizeZ:128]]
[2019.12.12-02.43.41:410][  0]LogConfig: Setting CVar [[r.VolumetricFog.HistoryMissSupersampleCount:4]]
[2019.12.12-02.43.41:410][  0]LogConfig: Setting CVar [[r.LightMaxDrawDistanceScale:1]]
[2019.12.12-02.43.41:410][  0]LogConfig: Setting CVar [[r.CapsuleShadows:1]]
[2019.12.12-02.43.41:410][  0]LogConfig: Applying CVar settings from Section [PostProcessQuality@3] File [S:/Repositories/CS-328-Game/CS328Team11/Saved/Config/Windows/Scalability.ini]
[2019.12.12-02.43.41:410][  0]LogConfig: Setting CVar [[r.MotionBlurQuality:4]]
[2019.12.12-02.43.41:410][  0]LogConfig: Setting CVar [[r.AmbientOcclusionMipLevelFactor:0.4]]
[2019.12.12-02.43.41:410][  0]LogConfig: Setting CVar [[r.AmbientOcclusionMaxQuality:100]]
[2019.12.12-02.43.41:410][  0]LogConfig: Setting CVar [[r.AmbientOcclusionLevels:-1]]
[2019.12.12-02.43.41:410][  0]LogConfig: Setting CVar [[r.AmbientOcclusionRadiusScale:1.0]]
[2019.12.12-02.43.41:410][  0]LogConfig: Setting CVar [[r.DepthOfFieldQuality:2]]
[2019.12.12-02.43.41:410][  0]LogConfig: Setting CVar [[r.RenderTargetPoolMin:400]]
[2019.12.12-02.43.41:410][  0]LogConfig: Setting CVar [[r.LensFlareQuality:2]]
[2019.12.12-02.43.41:410][  0]LogConfig: Setting CVar [[r.SceneColorFringeQuality:1]]
[2019.12.12-02.43.41:410][  0]LogConfig: Setting CVar [[r.EyeAdaptationQuality:2]]
[2019.12.12-02.43.41:410][  0]LogConfig: Setting CVar [[r.BloomQuality:5]]
[2019.12.12-02.43.41:410][  0]LogConfig: Setting CVar [[r.FastBlurThreshold:100]]
[2019.12.12-02.43.41:410][  0]LogConfig: Setting CVar [[r.Upscale.Quality:3]]
[2019.12.12-02.43.41:410][  0]LogConfig: Setting CVar [[r.Tonemapper.GrainQuantization:1]]
[2019.12.12-02.43.41:410][  0]LogConfig: Setting CVar [[r.LightShaftQuality:1]]
[2019.12.12-02.43.41:410][  0]LogConfig: Setting CVar [[r.Filter.SizeScale:1]]
[2019.12.12-02.43.41:410][  0]LogConfig: Setting CVar [[r.Tonemapper.Quality:5]]
[2019.12.12-02.43.41:410][  0]LogConfig: Setting CVar [[r.DOF.Gather.AccumulatorQuality:1        ; higher gathering accumulator quality]]
[2019.12.12-02.43.41:410][  0]LogConfig: Setting CVar [[r.DOF.Gather.PostfilterMethod:1          ; Median3x3 postfilering method]]
[2019.12.12-02.43.41:410][  0]LogConfig: Setting CVar [[r.DOF.Gather.EnableBokehSettings:0       ; no bokeh simulation when gathering]]
[2019.12.12-02.43.41:410][  0]LogConfig: Setting CVar [[r.DOF.Gather.RingCount:4                 ; medium number of samples when gathering]]
[2019.12.12-02.43.41:410][  0]LogConfig: Setting CVar [[r.DOF.Scatter.ForegroundCompositing:1    ; additive foreground scattering]]
[2019.12.12-02.43.41:410][  0]LogConfig: Setting CVar [[r.DOF.Scatter.BackgroundCompositing:2    ; additive background scattering]]
[2019.12.12-02.43.41:410][  0]LogConfig: Setting CVar [[r.DOF.Scatter.EnableBokehSettings:1      ; bokeh simulation when scattering]]
[2019.12.12-02.43.41:410][  0]LogConfig: Setting CVar [[r.DOF.Scatter.MaxSpriteRatio:0.1         ; only a maximum of 10% of scattered bokeh]]
[2019.12.12-02.43.41:410][  0]LogConfig: Setting CVar [[r.DOF.Recombine.Quality:1                ; cheap slight out of focus]]
[2019.12.12-02.43.41:410][  0]LogConfig: Setting CVar [[r.DOF.Recombine.EnableBokehSettings:0    ; no bokeh simulation on slight out of focus]]
[2019.12.12-02.43.41:410][  0]LogConfig: Setting CVar [[r.DOF.TemporalAAQuality:1                ; more stable temporal accumulation]]
[2019.12.12-02.43.41:410][  0]LogConfig: Setting CVar [[r.DOF.Kernel.MaxForegroundRadius:0.025]]
[2019.12.12-02.43.41:410][  0]LogConfig: Setting CVar [[r.DOF.Kernel.MaxBackgroundRadius:0.025]]
[2019.12.12-02.43.41:410][  0]LogConfig: Applying CVar settings from Section [TextureQuality@3] File [S:/Repositories/CS-328-Game/CS328Team11/Saved/Config/Windows/Scalability.ini]
[2019.12.12-02.43.41:410][  0]LogConfig: Setting CVar [[r.Streaming.MipBias:0]]
[2019.12.12-02.43.41:410][  0]LogConfig: Setting CVar [[r.Streaming.AmortizeCPUToGPUCopy:0]]
[2019.12.12-02.43.41:410][  0]LogConfig: Setting CVar [[r.Streaming.MaxNumTexturesToStreamPerFrame:0]]
[2019.12.12-02.43.41:410][  0]LogConfig: Setting CVar [[r.Streaming.Boost:1]]
[2019.12.12-02.43.41:410][  0]LogConfig: Setting CVar [[r.MaxAnisotropy:8]]
[2019.12.12-02.43.41:410][  0]LogConfig: Setting CVar [[r.Streaming.LimitPoolSizeToVRAM:0]]
[2019.12.12-02.43.41:410][  0]LogConfig: Setting CVar [[r.Streaming.PoolSize:1000]]
[2019.12.12-02.43.41:410][  0]LogConfig: Setting CVar [[r.Streaming.MaxEffectiveScreenSize:0]]
[2019.12.12-02.43.41:410][  0]LogConfig: Applying CVar settings from Section [EffectsQuality@3] File [S:/Repositories/CS-328-Game/CS328Team11/Saved/Config/Windows/Scalability.ini]
[2019.12.12-02.43.41:410][  0]LogConfig: Setting CVar [[r.TranslucencyLightingVolumeDim:64]]
[2019.12.12-02.43.41:410][  0]LogConfig: Setting CVar [[r.RefractionQuality:2]]
[2019.12.12-02.43.41:410][  0]LogConfig: Setting CVar [[r.SSR.Quality:3]]
[2019.12.12-02.43.41:410][  0]LogConfig: Setting CVar [[r.SceneColorFormat:4]]
[2019.12.12-02.43.41:410][  0]LogConfig: Setting CVar [[r.DetailMode:2]]
[2019.12.12-02.43.41:410][  0]LogConfig: Setting CVar [[r.TranslucencyVolumeBlur:1]]
[2019.12.12-02.43.41:410][  0]LogConfig: Setting CVar [[r.MaterialQualityLevel:1 ; High quality]]
[2019.12.12-02.43.41:410][  0]LogConfig: Setting CVar [[r.SSS.Scale:1]]
[2019.12.12-02.43.41:410][  0]LogConfig: Setting CVar [[r.SSS.SampleSet:2]]
[2019.12.12-02.43.41:410][  0]LogConfig: Setting CVar [[r.SSS.Quality:1]]
[2019.12.12-02.43.41:410][  0]LogConfig: Setting CVar [[r.SSS.HalfRes:1]]
[2019.12.12-02.43.41:410][  0]LogConfig: Setting CVar [[r.EmitterSpawnRateScale:1.0]]
[2019.12.12-02.43.41:410][  0]LogConfig: Setting CVar [[r.ParticleLightQuality:2]]
[2019.12.12-02.43.41:410][  0]LogConfig: Applying CVar settings from Section [FoliageQuality@3] File [S:/Repositories/CS-328-Game/CS328Team11/Saved/Config/Windows/Scalability.ini]
[2019.12.12-02.43.41:410][  0]LogConfig: Setting CVar [[foliage.DensityScale:1.0]]
[2019.12.12-02.43.41:411][  0]LogConfig: Setting CVar [[grass.DensityScale:1.0]]
[2019.12.12-02.43.41:411][  0]LogInit: Selected Device Profile: [Windows]
[2019.12.12-02.43.41:411][  0]LogInit: Applying CVar settings loaded from the selected device profile: [Windows]
[2019.12.12-02.43.41:413][  0]LogHAL: Display: Platform has ~ 16 GB [17121415168 / 17179869184 / 16], which maps to Larger [LargestMinGB=32, LargerMinGB=12, DefaultMinGB=8, SmallerMinGB=6, SmallestMinGB=0)
[2019.12.12-02.43.41:413][  0]LogInit: Going up to parent DeviceProfile []
[2019.12.12-02.43.41:413][  0]LogConfig: Applying CVar settings from Section [ViewDistanceQuality@3] File [S:/Repositories/CS-328-Game/CS328Team11/Saved/Config/Windows/Scalability.ini]
[2019.12.12-02.43.41:413][  0]LogConfig: Setting CVar [[r.SkeletalMeshLODBias:0]]
[2019.12.12-02.43.41:413][  0]LogConfig: Setting CVar [[r.ViewDistanceScale:1.0]]
[2019.12.12-02.43.41:413][  0]LogConfig: Applying CVar settings from Section [AntiAliasingQuality@3] File [S:/Repositories/CS-328-Game/CS328Team11/Saved/Config/Windows/Scalability.ini]
[2019.12.12-02.43.41:413][  0]LogConfig: Setting CVar [[r.PostProcessAAQuality:4]]
[2019.12.12-02.43.41:413][  0]LogConfig: Applying CVar settings from Section [ShadowQuality@3] File [S:/Repositories/CS-328-Game/CS328Team11/Saved/Config/Windows/Scalability.ini]
[2019.12.12-02.43.41:413][  0]LogConfig: Setting CVar [[r.LightFunctionQuality:1]]
[2019.12.12-02.43.41:413][  0]LogConfig: Setting CVar [[r.ShadowQuality:5]]
[2019.12.12-02.43.41:413][  0]LogConfig: Setting CVar [[r.Shadow.CSM.MaxCascades:10]]
[2019.12.12-02.43.41:413][  0]LogConfig: Setting CVar [[r.Shadow.MaxResolution:2048]]
[2019.12.12-02.43.41:413][  0]LogConfig: Setting CVar [[r.Shadow.MaxCSMResolution:2048]]
[2019.12.12-02.43.41:413][  0]LogConfig: Setting CVar [[r.Shadow.RadiusThreshold:0.01]]
[2019.12.12-02.43.41:413][  0]LogConfig: Setting CVar [[r.Shadow.DistanceScale:1.0]]
[2019.12.12-02.43.41:413][  0]LogConfig: Setting CVar [[r.Shadow.CSM.TransitionScale:1.0]]
[2019.12.12-02.43.41:413][  0]LogConfig: Setting CVar [[r.Shadow.PreShadowResolutionFactor:1.0]]
[2019.12.12-02.43.41:413][  0]LogConfig: Setting CVar [[r.DistanceFieldShadowing:1]]
[2019.12.12-02.43.41:413][  0]LogConfig: Setting CVar [[r.DistanceFieldAO:1]]
[2019.12.12-02.43.41:413][  0]LogConfig: Setting CVar [[r.AOQuality:2]]
[2019.12.12-02.43.41:413][  0]LogConfig: Setting CVar [[r.VolumetricFog:1]]
[2019.12.12-02.43.41:413][  0]LogConfig: Setting CVar [[r.VolumetricFog.GridPixelSize:8]]
[2019.12.12-02.43.41:413][  0]LogConfig: Setting CVar [[r.VolumetricFog.GridSizeZ:128]]
[2019.12.12-02.43.41:413][  0]LogConfig: Setting CVar [[r.VolumetricFog.HistoryMissSupersampleCount:4]]
[2019.12.12-02.43.41:413][  0]LogConfig: Setting CVar [[r.LightMaxDrawDistanceScale:1]]
[2019.12.12-02.43.41:413][  0]LogConfig: Setting CVar [[r.CapsuleShadows:1]]
[2019.12.12-02.43.41:413][  0]LogConfig: Applying CVar settings from Section [PostProcessQuality@3] File [S:/Repositories/CS-328-Game/CS328Team11/Saved/Config/Windows/Scalability.ini]
[2019.12.12-02.43.41:413][  0]LogConfig: Setting CVar [[r.MotionBlurQuality:4]]
[2019.12.12-02.43.41:413][  0]LogConfig: Setting CVar [[r.AmbientOcclusionMipLevelFactor:0.4]]
[2019.12.12-02.43.41:413][  0]LogConfig: Setting CVar [[r.AmbientOcclusionMaxQuality:100]]
[2019.12.12-02.43.41:413][  0]LogConfig: Setting CVar [[r.AmbientOcclusionLevels:-1]]
[2019.12.12-02.43.41:413][  0]LogConfig: Setting CVar [[r.AmbientOcclusionRadiusScale:1.0]]
[2019.12.12-02.43.41:413][  0]LogConfig: Setting CVar [[r.DepthOfFieldQuality:2]]
[2019.12.12-02.43.41:413][  0]LogConfig: Setting CVar [[r.RenderTargetPoolMin:400]]
[2019.12.12-02.43.41:413][  0]LogConfig: Setting CVar [[r.LensFlareQuality:2]]
[2019.12.12-02.43.41:413][  0]LogConfig: Setting CVar [[r.SceneColorFringeQuality:1]]
[2019.12.12-02.43.41:413][  0]LogConfig: Setting CVar [[r.EyeAdaptationQuality:2]]
[2019.12.12-02.43.41:413][  0]LogConfig: Setting CVar [[r.BloomQuality:5]]
[2019.12.12-02.43.41:413][  0]LogConfig: Setting CVar [[r.FastBlurThreshold:100]]
[2019.12.12-02.43.41:413][  0]LogConfig: Setting CVar [[r.Upscale.Quality:3]]
[2019.12.12-02.43.41:413][  0]LogConfig: Setting CVar [[r.Tonemapper.GrainQuantization:1]]
[2019.12.12-02.43.41:414][  0]LogConfig: Setting CVar [[r.LightShaftQuality:1]]
[2019.12.12-02.43.41:414][  0]LogConfig: Setting CVar [[r.Filter.SizeScale:1]]
[2019.12.12-02.43.41:414][  0]LogConfig: Setting CVar [[r.Tonemapper.Quality:5]]
[2019.12.12-02.43.41:414][  0]LogConfig: Setting CVar [[r.DOF.Gather.AccumulatorQuality:1        ; higher gathering accumulator quality]]
[2019.12.12-02.43.41:414][  0]LogConfig: Setting CVar [[r.DOF.Gather.PostfilterMethod:1          ; Median3x3 postfilering method]]
[2019.12.12-02.43.41:414][  0]LogConfig: Setting CVar [[r.DOF.Gather.EnableBokehSettings:0       ; no bokeh simulation when gathering]]
[2019.12.12-02.43.41:414][  0]LogConfig: Setting CVar [[r.DOF.Gather.RingCount:4                 ; medium number of samples when gathering]]
[2019.12.12-02.43.41:414][  0]LogConfig: Setting CVar [[r.DOF.Scatter.ForegroundCompositing:1    ; additive foreground scattering]]
[2019.12.12-02.43.41:414][  0]LogConfig: Setting CVar [[r.DOF.Scatter.BackgroundCompositing:2    ; additive background scattering]]
[2019.12.12-02.43.41:414][  0]LogConfig: Setting CVar [[r.DOF.Scatter.EnableBokehSettings:1      ; bokeh simulation when scattering]]
[2019.12.12-02.43.41:414][  0]LogConfig: Setting CVar [[r.DOF.Scatter.MaxSpriteRatio:0.1         ; only a maximum of 10% of scattered bokeh]]
[2019.12.12-02.43.41:414][  0]LogConfig: Setting CVar [[r.DOF.Recombine.Quality:1                ; cheap slight out of focus]]
[2019.12.12-02.43.41:414][  0]LogConfig: Setting CVar [[r.DOF.Recombine.EnableBokehSettings:0    ; no bokeh simulation on slight out of focus]]
[2019.12.12-02.43.41:414][  0]LogConfig: Setting CVar [[r.DOF.TemporalAAQuality:1                ; more stable temporal accumulation]]
[2019.12.12-02.43.41:414][  0]LogConfig: Setting CVar [[r.DOF.Kernel.MaxForegroundRadius:0.025]]
[2019.12.12-02.43.41:414][  0]LogConfig: Setting CVar [[r.DOF.Kernel.MaxBackgroundRadius:0.025]]
[2019.12.12-02.43.41:414][  0]LogConfig: Applying CVar settings from Section [TextureQuality@3] File [S:/Repositories/CS-328-Game/CS328Team11/Saved/Config/Windows/Scalability.ini]
[2019.12.12-02.43.41:414][  0]LogConfig: Setting CVar [[r.Streaming.MipBias:0]]
[2019.12.12-02.43.41:414][  0]LogConfig: Setting CVar [[r.Streaming.AmortizeCPUToGPUCopy:0]]
[2019.12.12-02.43.41:414][  0]LogConfig: Setting CVar [[r.Streaming.MaxNumTexturesToStreamPerFrame:0]]
[2019.12.12-02.43.41:414][  0]LogConfig: Setting CVar [[r.Streaming.Boost:1]]
[2019.12.12-02.43.41:414][  0]LogConfig: Setting CVar [[r.MaxAnisotropy:8]]
[2019.12.12-02.43.41:414][  0]LogConfig: Setting CVar [[r.Streaming.LimitPoolSizeToVRAM:0]]
[2019.12.12-02.43.41:414][  0]LogConfig: Setting CVar [[r.Streaming.PoolSize:1000]]
[2019.12.12-02.43.41:414][  0]LogConfig: Setting CVar [[r.Streaming.MaxEffectiveScreenSize:0]]
[2019.12.12-02.43.41:414][  0]LogConfig: Applying CVar settings from Section [EffectsQuality@3] File [S:/Repositories/CS-328-Game/CS328Team11/Saved/Config/Windows/Scalability.ini]
[2019.12.12-02.43.41:414][  0]LogConfig: Setting CVar [[r.TranslucencyLightingVolumeDim:64]]
[2019.12.12-02.43.41:414][  0]LogConfig: Setting CVar [[r.RefractionQuality:2]]
[2019.12.12-02.43.41:414][  0]LogConfig: Setting CVar [[r.SSR.Quality:3]]
[2019.12.12-02.43.41:414][  0]LogConfig: Setting CVar [[r.SceneColorFormat:4]]
[2019.12.12-02.43.41:414][  0]LogConfig: Setting CVar [[r.DetailMode:2]]
[2019.12.12-02.43.41:414][  0]LogConfig: Setting CVar [[r.TranslucencyVolumeBlur:1]]
[2019.12.12-02.43.41:414][  0]LogConfig: Setting CVar [[r.MaterialQualityLevel:1 ; High quality]]
[2019.12.12-02.43.41:414][  0]LogConfig: Setting CVar [[r.SSS.Scale:1]]
[2019.12.12-02.43.41:414][  0]LogConfig: Setting CVar [[r.SSS.SampleSet:2]]
[2019.12.12-02.43.41:414][  0]LogConfig: Setting CVar [[r.SSS.Quality:1]]
[2019.12.12-02.43.41:414][  0]LogConfig: Setting CVar [[r.SSS.HalfRes:1]]
[2019.12.12-02.43.41:414][  0]LogConfig: Setting CVar [[r.EmitterSpawnRateScale:1.0]]
[2019.12.12-02.43.41:414][  0]LogConfig: Setting CVar [[r.ParticleLightQuality:2]]
[2019.12.12-02.43.41:414][  0]LogConfig: Applying CVar settings from Section [FoliageQuality@3] File [S:/Repositories/CS-328-Game/CS328Team11/Saved/Config/Windows/Scalability.ini]
[2019.12.12-02.43.41:414][  0]LogConfig: Setting CVar [[foliage.DensityScale:1.0]]
[2019.12.12-02.43.41:414][  0]LogConfig: Setting CVar [[grass.DensityScale:1.0]]
[2019.12.12-02.43.41:414][  0]LogConfig: Applying CVar settings from Section [Startup] File [../../../Engine/Config/ConsoleVariables.ini]
[2019.12.12-02.43.41:414][  0]LogConfig: Setting CVar [[net.UseAdaptiveNetUpdateFrequency:0]]
[2019.12.12-02.43.41:414][  0]LogConfig: Setting CVar [[p.chaos.AllowCreatePhysxBodies:1]]
[2019.12.12-02.43.41:414][  0]LogConfig: Applying CVar settings from Section [ConsoleVariables] File [S:/Repositories/CS-328-Game/CS328Team11/Saved/Config/Windows/Engine.ini]
[2019.12.12-02.43.41:414][  0]LogInit: Computer: NEWBIE
[2019.12.12-02.43.41:414][  0]LogInit: User: Newbie
[2019.12.12-02.43.41:414][  0]LogInit: CPU Page size=4096, Cores=8
[2019.12.12-02.43.41:414][  0]LogInit: High frequency timer resolution =10.000000 MHz
[2019.12.12-02.43.41:415][  0]LogMemory: Memory total: Physical=15.9GB (16GB approx)
[2019.12.12-02.43.41:415][  0]LogMemory: Platform Memory Stats for Windows
[2019.12.12-02.43.41:415][  0]LogMemory: Process Physical Memory: 103.07 MB used, 103.07 MB peak
[2019.12.12-02.43.41:415][  0]LogMemory: Process Virtual Memory: 104.69 MB used, 104.69 MB peak
[2019.12.12-02.43.41:415][  0]LogMemory: Physical Memory: 6191.71 MB used,  10136.54 MB free, 16328.25 MB total
[2019.12.12-02.43.41:415][  0]LogMemory: Virtual Memory: 4715.35 MB used,  134213016.00 MB free, 134217728.00 MB total
[2019.12.12-02.43.41:417][  0]LogWindows: WindowsPlatformFeatures enabled
[2019.12.12-02.43.41:437][  0]LogInit: Using OS detected language (en-US).
[2019.12.12-02.43.41:437][  0]LogInit: Using OS detected locale (en-US).
[2019.12.12-02.43.41:438][  0]LogTextLocalizationManager: No specific localization for 'en-US' exists, so the 'en' localization will be used.
[2019.12.12-02.43.41:589][  0]LogInit: Setting process to per monitor DPI aware
[2019.12.12-02.43.41:624][  0]LogSlate: New Slate User Created.  User Index 0, Is Virtual User: 0
[2019.12.12-02.43.41:624][  0]LogSlate: Slate User Registered.  User Index 0, Is Virtual User: 0
[2019.12.12-02.43.41:805][  0]LogHMD: Failed to initialize OpenVR with code 110
[2019.12.12-02.43.41:805][  0]LogD3D11RHI: D3D11 adapters:
[2019.12.12-02.43.41:878][  0]LogD3D11RHI:    0. 'NVIDIA GeForce RTX 2060' (Feature Level 11_0)
[2019.12.12-02.43.41:878][  0]LogD3D11RHI:       5980/0/8164 MB DedicatedVideo/DedicatedSystem/SharedSystem, Outputs:3, VendorId:0x10de
[2019.12.12-02.43.41:880][  0]LogD3D11RHI:    1. 'Microsoft Basic Render Driver' (Feature Level 11_0)
[2019.12.12-02.43.41:880][  0]LogD3D11RHI:       0/0/8164 MB DedicatedVideo/DedicatedSystem/SharedSystem, Outputs:0, VendorId:0x1414
[2019.12.12-02.43.41:880][  0]LogD3D11RHI: Chosen D3D11 Adapter: 0
[2019.12.12-02.43.41:887][  0]LogD3D11RHI: Creating new Direct3DDevice
[2019.12.12-02.43.41:887][  0]LogD3D11RHI:     GPU DeviceId: 0x1f08 (for the marketing name, search the web for "GPU Device Id")
[2019.12.12-02.43.41:887][  0]LogWindows: EnumDisplayDevices:
[2019.12.12-02.43.41:887][  0]LogWindows:    0. 'NVIDIA GeForce RTX 2060' (P:0 D:1)
[2019.12.12-02.43.41:887][  0]LogWindows:    1. 'NVIDIA GeForce RTX 2060' (P:1 D:1)
[2019.12.12-02.43.41:887][  0]LogWindows:    2. 'NVIDIA GeForce RTX 2060' (P:0 D:1)
[2019.12.12-02.43.41:888][  0]LogWindows:    3. 'NVIDIA GeForce RTX 2060' (P:0 D:0)
[2019.12.12-02.43.41:888][  0]LogWindows: DebugString: FoundDriverCount:4 
[2019.12.12-02.43.41:888][  0]LogD3D11RHI:     Adapter Name: NVIDIA GeForce RTX 2060
[2019.12.12-02.43.41:888][  0]LogD3D11RHI:   Driver Version: 432.00 (internal:26.21.14.3200, unified:432.00)
[2019.12.12-02.43.41:888][  0]LogD3D11RHI:      Driver Date: 7-24-2019
[2019.12.12-02.43.41:888][  0]LogRHI: Texture pool is 4186 MB (70% of 5980 MB)
[2019.12.12-02.43.41:941][  0]LogD3D11RHI: Async texture creation enabled
[2019.12.12-02.43.41:952][  0]LogD3D11RHI: GPU Timing Frequency: 1000.000000 (Debug: 2 1)
[2019.12.12-02.43.42:355][  0]LogTemp: Display: Module 'AllDesktopTargetPlatform' loaded TargetPlatform 'AllDesktop'
[2019.12.12-02.43.42:363][  0]LogTemp: Display: Module 'MacClientTargetPlatform' loaded TargetPlatform 'MacClient'
[2019.12.12-02.43.42:371][  0]LogTemp: Display: Module 'MacNoEditorTargetPlatform' loaded TargetPlatform 'MacNoEditor'
[2019.12.12-02.43.42:380][  0]LogTemp: Display: Module 'MacServerTargetPlatform' loaded TargetPlatform 'MacServer'
[2019.12.12-02.43.42:388][  0]LogTemp: Display: Module 'MacTargetPlatform' loaded TargetPlatform 'Mac'
[2019.12.12-02.43.42:396][  0]LogTemp: Display: Module 'WindowsClientTargetPlatform' loaded TargetPlatform 'WindowsClient'
[2019.12.12-02.43.42:405][  0]LogTemp: Display: Module 'WindowsNoEditorTargetPlatform' loaded TargetPlatform 'WindowsNoEditor'
[2019.12.12-02.43.42:413][  0]LogTemp: Display: Module 'WindowsServerTargetPlatform' loaded TargetPlatform 'WindowsServer'
[2019.12.12-02.43.42:417][  0]LogTemp: Display: Module 'WindowsTargetPlatform' loaded TargetPlatform 'Windows'
[2019.12.12-02.43.42:447][  0]LogTemp: Display: Module 'AndroidTargetPlatform' loaded TargetPlatform 'Android'
[2019.12.12-02.43.42:447][  0]LogTemp: Display: Module 'AndroidTargetPlatform' loaded TargetPlatform 'Android_ASTC'
[2019.12.12-02.43.42:447][  0]LogTemp: Display: Module 'AndroidTargetPlatform' loaded TargetPlatform 'Android_ATC'
[2019.12.12-02.43.42:447][  0]LogTemp: Display: Module 'AndroidTargetPlatform' loaded TargetPlatform 'Android_DXT'
[2019.12.12-02.43.42:447][  0]LogTemp: Display: Module 'AndroidTargetPlatform' loaded TargetPlatform 'Android_ETC1'
[2019.12.12-02.43.42:447][  0]LogTemp: Display: Module 'AndroidTargetPlatform' loaded TargetPlatform 'Android_ETC1a'
[2019.12.12-02.43.42:447][  0]LogTemp: Display: Module 'AndroidTargetPlatform' loaded TargetPlatform 'Android_ETC2'
[2019.12.12-02.43.42:447][  0]LogTemp: Display: Module 'AndroidTargetPlatform' loaded TargetPlatform 'Android_PVRTC'
[2019.12.12-02.43.42:447][  0]LogTemp: Display: Module 'AndroidTargetPlatform' loaded TargetPlatform 'AndroidClient'
[2019.12.12-02.43.42:447][  0]LogTemp: Display: Module 'AndroidTargetPlatform' loaded TargetPlatform 'Android_ASTCClient'
[2019.12.12-02.43.42:447][  0]LogTemp: Display: Module 'AndroidTargetPlatform' loaded TargetPlatform 'Android_ATCClient'
[2019.12.12-02.43.42:447][  0]LogTemp: Display: Module 'AndroidTargetPlatform' loaded TargetPlatform 'Android_DXTClient'
[2019.12.12-02.43.42:447][  0]LogTemp: Display: Module 'AndroidTargetPlatform' loaded TargetPlatform 'Android_ETC1Client'
[2019.12.12-02.43.42:447][  0]LogTemp: Display: Module 'AndroidTargetPlatform' loaded TargetPlatform 'Android_ETC1aClient'
[2019.12.12-02.43.42:447][  0]LogTemp: Display: Module 'AndroidTargetPlatform' loaded TargetPlatform 'Android_ETC2Client'
[2019.12.12-02.43.42:447][  0]LogTemp: Display: Module 'AndroidTargetPlatform' loaded TargetPlatform 'Android_PVRTCClient'
[2019.12.12-02.43.42:447][  0]LogTemp: Display: Module 'AndroidTargetPlatform' loaded TargetPlatform 'Android_Multi'
[2019.12.12-02.43.42:447][  0]LogTemp: Display: Module 'AndroidTargetPlatform' loaded TargetPlatform 'Android_MultiClient'
[2019.12.12-02.43.42:448][  0]LogTemp: Display: Module 'HTML5TargetPlatform' loaded TargetPlatform 'HTML5'
[2019.12.12-02.43.42:464][  0]LogTemp: Display: Module 'IOSTargetPlatform' loaded TargetPlatform 'IOSClient'
[2019.12.12-02.43.42:464][  0]LogTemp: Display: Module 'IOSTargetPlatform' loaded TargetPlatform 'IOS'
[2019.12.12-02.43.42:477][  0]LogTemp: Display: Module 'TVOSTargetPlatform' loaded TargetPlatform 'TVOSClient'
[2019.12.12-02.43.42:477][  0]LogTemp: Display: Module 'TVOSTargetPlatform' loaded TargetPlatform 'TVOS'
[2019.12.12-02.43.42:483][  0]LogTemp: Display: Module 'LinuxClientTargetPlatform' loaded TargetPlatform 'LinuxClient'
[2019.12.12-02.43.42:489][  0]LogTemp: Display: Module 'LinuxNoEditorTargetPlatform' loaded TargetPlatform 'LinuxNoEditor'
[2019.12.12-02.43.42:496][  0]LogTemp: Display: Module 'LinuxServerTargetPlatform' loaded TargetPlatform 'LinuxServer'
[2019.12.12-02.43.42:502][  0]LogTemp: Display: Module 'LinuxTargetPlatform' loaded TargetPlatform 'Linux'
[2019.12.12-02.43.42:524][  0]LogTemp: Display: Module 'LuminTargetPlatform' loaded TargetPlatform 'Lumin'
[2019.12.12-02.43.42:524][  0]LogTemp: Display: Module 'LuminTargetPlatform' loaded TargetPlatform 'LuminClient'
[2019.12.12-02.43.42:524][  0]LogTargetPlatformManager: Display: Building Assets For Windows
[2019.12.12-02.43.42:532][  0]LogAudioDebug: Display: Lib vorbis DLL was dynamically loaded.
[2019.12.12-02.43.42:577][  0]LogShaderCompilers: Guid format shader working directory is -8 characters bigger than the processId version (../../../../../../Repositories/CS-328-Game/CS328Team11/Intermediate/Shaders/WorkingDirectory/15108/).
[2019.12.12-02.43.42:578][  0]LogShaderCompilers: Cleaned the shader compiler working directory 'C:/Users/Newbie/AppData/Local/Temp/UnrealShaderWorkingDir/F11FEC994CE44158616AE98F2FF41F95/'.
[2019.12.12-02.43.42:580][  0]LogXGEController: Cannot use XGE Controller as Incredibuild is not installed on this machine.
[2019.12.12-02.43.42:580][  0]LogShaderCompilers: Cannot use XGE Shader Compiler as Incredibuild is not installed on this machine.
[2019.12.12-02.43.42:580][  0]LogShaderCompilers: Display: Using Local Shader Compiler.
[2019.12.12-02.43.43:175][  0]LogDerivedDataCache: Display: Max Cache Size: 512 MB
[2019.12.12-02.43.43:216][  0]LogDerivedDataCache: Loaded boot cache 0.04s 73MB C:/Users/Newbie/AppData/Local/UnrealEngine/4.23/DerivedDataCache/Boot.ddc.
[2019.12.12-02.43.43:216][  0]LogDerivedDataCache: Display: Loaded Boot cache: C:/Users/Newbie/AppData/Local/UnrealEngine/4.23/DerivedDataCache/Boot.ddc
[2019.12.12-02.43.43:216][  0]LogDerivedDataCache: FDerivedDataBackendGraph:  Pak pak cache file ../../../../../../Repositories/CS-328-Game/CS328Team11/DerivedDataCache/DDC.ddp not found, will not use a pak cache.
[2019.12.12-02.43.43:216][  0]LogDerivedDataCache: Unable to find inner node Pak for hierarchical cache Hierarchy.
[2019.12.12-02.43.43:217][  0]LogDerivedDataCache: FDerivedDataBackendGraph:  CompressedPak pak cache file ../../../../../../Repositories/CS-328-Game/CS328Team11/DerivedDataCache/Compressed.ddp not found, will not use a pak cache.
[2019.12.12-02.43.43:217][  0]LogDerivedDataCache: Unable to find inner node CompressedPak for hierarchical cache Hierarchy.
[2019.12.12-02.43.43:227][  0]LogDerivedDataCache: Display: Pak cache opened for reading ../../../Engine/DerivedDataCache/Compressed.ddp.
[2019.12.12-02.43.43:227][  0]LogDerivedDataCache: FDerivedDataBackendGraph:  EnterprisePak pak cache file ../../../Enterprise/DerivedDataCache/Compressed.ddp not found, will not use a pak cache.
[2019.12.12-02.43.43:227][  0]LogDerivedDataCache: Unable to find inner node EnterprisePak for hierarchical cache Hierarchy.
[2019.12.12-02.43.43:229][  0]LogDerivedDataCache: Using Local data cache path C:/Users/Newbie/AppData/Local/UnrealEngine/Common/DerivedDataCache: Writable
[2019.12.12-02.43.43:229][  0]LogDerivedDataCache: Shared data cache path not found in *engine.ini, will not use an Shared cache.
[2019.12.12-02.43.43:229][  0]LogDerivedDataCache: Unable to find inner node Shared for hierarchical cache Hierarchy.
[2019.12.12-02.43.43:248][  0]LogMaterial: Verifying Global Shaders for PCD3D_SM5
[2019.12.12-02.43.43:251][  0]LogSlate: Using FreeType 2.6.0
[2019.12.12-02.43.43:251][  0]LogSlate: SlateFontServices - WITH_FREETYPE: 1, WITH_HARFBUZZ: 1
[2019.12.12-02.43.43:306][  0]LogAssetRegistry: FAssetRegistry took 0.0025 seconds to start up
[2019.12.12-02.43.43:567][  0]LogInit: Selected Device Profile: [Windows]
[2019.12.12-02.43.43:694][  0]LogMeshReduction: Using QuadricMeshReduction for automatic static mesh reduction
[2019.12.12-02.43.43:694][  0]LogMeshReduction: Using SimplygonMeshReduction for automatic skeletal mesh reduction
[2019.12.12-02.43.43:694][  0]LogMeshReduction: Using ProxyLODMeshReduction for automatic mesh merging
[2019.12.12-02.43.43:694][  0]LogMeshReduction: No distributed automatic mesh merging module available
[2019.12.12-02.43.43:694][  0]LogMeshMerging: No distributed automatic mesh merging module available
[2019.12.12-02.43.43:702][  0]LogNetVersion: CS328Team11 1.0.0, NetCL: 8386587, EngineNetVer: 11, GameNetVer: 0 (Checksum: 2400628328)
[2019.12.12-02.43.43:857][  0]LogClass: Warning: In asset 'None', there is an enum property of type 'EDepthOfFieldMethod' with an invalid value of '('
[2019.12.12-02.43.44:061][  0]LogPackageLocalizationCache: Processed 12 localized package path(s) for 1 prioritized culture(s) in 0.048142 seconds
[2019.12.12-02.43.44:068][  0]LogUObjectArray: 43444 objects as part of root set at end of initial load.
[2019.12.12-02.43.44:068][  0]LogUObjectAllocator: 7548648 out of 0 bytes used by permanent object pool.
[2019.12.12-02.43.44:068][  0]LogUObjectArray: CloseDisregardForGC: 0/0 objects in disregard for GC pool
[2019.12.12-02.43.44:855][  0]LogTcpMessaging: Initializing TcpMessaging bridge
[2019.12.12-02.43.44:858][  0]LogUdpMessaging: Initializing bridge on interface 0.0.0.0:0 to multicast group 230.0.0.1:6666.
[2019.12.12-02.43.44:908][  0]SourceControl: Source control is disabled
[2019.12.12-02.43.44:908][  0]SourceControl: Source control is disabled
[2019.12.12-02.43.44:909][  0]SourceControl: Source control is disabled
[2019.12.12-02.43.44:910][  0]SourceControl: Source control is disabled
[2019.12.12-02.43.44:917][  0]LogVSAccessor: Display: Unable to create Visual Studio setup instance: 80040154
[2019.12.12-02.43.44:917][  0]LogVSAccessor: Display: Unable to create Visual Studio setup instance: 80040154
[2019.12.12-02.43.44:988][  0]LogAndroidPermission: UAndroidPermissionCallbackProxy::GetInstance
[2019.12.12-02.43.45:140][  0]LogOcInput: OculusInput pre-init called
[2019.12.12-02.43.45:146][  0]LogWindows: Failed to load 'OVRPlugin.dll' (GetLastError=126)
[2019.12.12-02.43.45:146][  0]LogWindows: File 'OVRPlugin.dll' does not exist
[2019.12.12-02.43.45:212][  0]LogEngine: Initializing Engine...
[2019.12.12-02.43.45:213][  0]LogHMD: Failed to initialize OpenVR with code 110
[2019.12.12-02.43.45:214][  0]LogStats: UGameplayTagsManager::InitializeManager -  0.000 s
[2019.12.12-02.43.45:414][  0]LogInit: Initializing FReadOnlyCVARCache
[2019.12.12-02.43.45:428][  0]LogAIModule: Creating AISystem for world Untitled
[2019.12.12-02.43.45:460][  0]LogInit: XAudio2 using 'Speakers (Realtek(R) Audio)' : 2 channels at 48 kHz using 32 bits per sample (channel mask 0x3)
[2019.12.12-02.43.45:498][  0]LogInit: FAudioDevice initialized.
[2019.12.12-02.43.45:498][  0]LogNetVersion: Set ProjectVersion to 1.0.0.0. Version Checksum will be recalculated on next use.
[2019.12.12-02.43.45:576][  0]LogDerivedDataCache: Saved boot cache 0.08s 73MB C:/Users/Newbie/AppData/Local/UnrealEngine/4.23/DerivedDataCache/Boot.ddc.
[2019.12.12-02.43.45:579][  0]LogInit: Texture streaming: Enabled
[2019.12.12-02.43.45:599][  0]LogEngineSessionManager: EngineSessionManager initialized
[2019.12.12-02.43.45:653][  0]LogInit: Transaction tracking system initialized
[2019.12.12-02.43.45:681][  0]BlueprintLog: New page: Editor Load
[2019.12.12-02.43.45:752][  0]LocalizationService: Localization service is disabled
[2019.12.12-02.43.45:819][  0]LogVSAccessor: Display: Unable to create Visual Studio setup instance: 80040154
[2019.12.12-02.43.45:819][  0]LogVSAccessor: Display: Unable to create Visual Studio setup instance: 80040154
[2019.12.12-02.43.45:958][  0]LogCook: Display: Max memory allowance for cook 16384mb min free memory 0mb
[2019.12.12-02.43.45:958][  0]LogCook: Display: Mobile HDR setting 1
[2019.12.12-02.43.46:119][  0]LogFileCache: Scanning file cache for directory 'S:/Repositories/CS-328-Game/CS328Team11/Content/' took 0.01s
[2019.12.12-02.43.46:131][  0]SourceControl: Source control is disabled
[2019.12.12-02.43.46:131][  0]Cmd: MAP LOAD FILE="../../../../../../Repositories/CS-328-Game/CS328Team11/Content/Levels/LevelOne.umap" TEMPLATE=0 SHOWPROGRESS=1 FEATURELEVEL=3
[2019.12.12-02.43.46:131][  0]LightingResults: New page: Lighting Build
[2019.12.12-02.43.46:134][  0]LogWorld: UWorld::CleanupWorld for Untitled, bSessionEnded=true, bCleanupResources=true
[2019.12.12-02.43.46:134][  0]MapCheck: New page: Map Check
[2019.12.12-02.43.46:134][  0]LightingResults: New page: Lighting Build
[2019.12.12-02.43.46:170][  0]LogUObjectHash: Compacting FUObjectHashTables data took   1.73ms
[2019.12.12-02.43.46:289][  0]LogLinker: Warning: While loading '../../../../../../Repositories/CS-328-Game/CS328Team11/Content/RealAI/Enemy_Character.uasset' failed to load '/Game/ThirdPersonBP/Blueprints/RealAI/Enemy_Controller': Can't find file.
[2019.12.12-02.43.46:289][  0]LogLinker: Warning: While loading '../../../../../../Repositories/CS-328-Game/CS328Team11/Content/RealAI/Enemy_Character.uasset' failed to load '/Game/ThirdPersonBP/Blueprints/RealAI/Enemy_Controller': Can't find file.
[2019.12.12-02.43.46:302][  0]LogLinker: Warning: While loading '../../../../../../Repositories/CS-328-Game/CS328Team11/Content/RealAI/Enemy_Character.uasset' failed to load '/Game/ThirdPersonBP/Blueprints/RealAI/Enemy_Controller': Can't find file.
[2019.12.12-02.43.46:302][  0]LogLinker: Warning: While loading '../../../../../../Repositories/CS-328-Game/CS328Team11/Content/RealAI/Enemy_Character.uasset' failed to load '/Game/ThirdPersonBP/Blueprints/RealAI/Enemy_Controller': Can't find file.
[2019.12.12-02.43.46:303][  0]LogLinker: Warning: While loading '../../../../../../Repositories/CS-328-Game/CS328Team11/Content/Levels/LevelOne.umap' failed to load '/Game/ThirdPersonBP/Blueprints/RealAI/Enemy_Controller': Can't find file.
[2019.12.12-02.43.46:304][  0]LogLinker: Warning: While loading '../../../../../../Repositories/CS-328-Game/CS328Team11/Content/Levels/LevelOne.umap' failed to load '/Game/ThirdPersonBP/Blueprints/RealAI/Enemy_Controller': Can't find file.
[2019.12.12-02.43.46:304][  0]LogLinker: Warning: While loading '../../../../../../Repositories/CS-328-Game/CS328Team11/Content/Levels/LevelOne.umap' failed to load '/Game/ThirdPersonBP/Blueprints/RealAI/Enemy_Controller': Can't find file.
[2019.12.12-02.43.46:304][  0]LogLinker: Warning: While loading '../../../../../../Repositories/CS-328-Game/CS328Team11/Content/Levels/LevelOne.umap' failed to load '/Game/ThirdPersonBP/Blueprints/RealAI/Enemy_Controller': Can't find file.
[2019.12.12-02.43.46:304][  0]LogLinker: Warning: While loading '../../../../../../Repositories/CS-328-Game/CS328Team11/Content/Levels/LevelOne.umap' failed to load '/Game/ThirdPersonBP/Blueprints/RealAI/Enemy_Controller': Can't find file.
[2019.12.12-02.43.46:304][  0]LoadErrors: Failed to load /Game/ThirdPersonBP/Blueprints/RealAI/Enemy_Controller.Enemy_Controller_C Referenced by Default__Enemy_Character_C
[2019.12.12-02.43.46:304][  0]LogLinker: Warning: While loading '../../../../../../Repositories/CS-328-Game/CS328Team11/Content/Levels/LevelOne.umap' failed to load '/Game/ThirdPersonBP/Blueprints/RealAI/Enemy_Controller': Can't find file.
[2019.12.12-02.43.46:304][  0]LoadErrors: Failed to load /Game/ThirdPersonBP/Blueprints/RealAI/Enemy_Controller.Enemy_Controller_C Referenced by Default__Enemy_Character_C
[2019.12.12-02.43.48:215][  0]LogAIModule: Creating AISystem for world LevelOne
[2019.12.12-02.43.49:024][  0]LogEditorServer: Finished looking for orphan Actors (0.000 secs)
[2019.12.12-02.43.49:210][  0]LogUObjectHash: Compacting FUObjectHashTables data took   3.05ms
[2019.12.12-02.43.49:211][  0]Cmd: MAP CHECKDEP NOCLEARLOG
[2019.12.12-02.43.49:211][  0]MapCheck: Map check complete: 0 Error(s), 0 Warning(s), took 0.157ms to complete.
[2019.12.12-02.43.49:211][  0]LogFileHelpers: Loading map 'LevelOne' took 3.080
[2019.12.12-02.43.49:301][  0]LogSlate: Updating window title bar state: overlay mode, drag disabled, window buttons hidden, title bar hidden
[2019.12.12-02.43.49:307][  0]LogSlate: Updating window title bar state: overlay mode, drag disabled, window buttons hidden, title bar hidden
[2019.12.12-02.43.49:313][  0]LogSlate: Updating window title bar state: overlay mode, drag disabled, window buttons hidden, title bar hidden
[2019.12.12-02.43.49:320][  0]LogSlate: Updating window title bar state: overlay mode, drag disabled, window buttons hidden, title bar hidden
[2019.12.12-02.43.49:326][  0]LogCollectionManager: Loaded 0 collections in 0.001839 seconds
[2019.12.12-02.43.49:332][  0]LogFileCache: Scanning file cache for directory 'S:/Repositories/CS-328-Game/CS328Team11/Saved/Collections/' took 0.00s
[2019.12.12-02.43.49:332][  0]LogFileCache: Scanning file cache for directory 'S:/Repositories/CS-328-Game/CS328Team11/Content/Developers/Newbie/Collections/' took 0.00s
[2019.12.12-02.43.49:332][  0]LogFileCache: Scanning file cache for directory 'S:/Repositories/CS-328-Game/CS328Team11/Content/Collections/' took 0.00s
[2019.12.12-02.43.49:332][  0]LogCollectionManager: Rebuilt the GUID cache for 0 collections in 0.000001 seconds
[2019.12.12-02.43.49:341][  0]LogContentBrowser: Native class hierarchy populated in 0.0084 seconds. Added 2863 classes and 680 folders.
[2019.12.12-02.43.49:347][  0]LogContentBrowser: Native class hierarchy updated for 'WidgetCarousel' in 0.0002 seconds. Added 0 classes and 0 folders.
[2019.12.12-02.43.49:391][  0]LogContentBrowser: Native class hierarchy updated for 'AddContentDialog' in 0.0002 seconds. Added 0 classes and 0 folders.
[2019.12.12-02.43.49:398][  0]LogContentBrowser: Native class hierarchy updated for 'SceneOutliner' in 0.0003 seconds. Added 1 classes and 2 folders.
[2019.12.12-02.43.49:521][  0]LogSlate: Took 0.000187 seconds to synchronously load lazily loaded font '../../../Engine/Content/Slate/Fonts/Roboto-Regular.ttf' (155K)
[2019.12.12-02.43.49:522][  0]LogSlate: Took 0.000192 seconds to synchronously load lazily loaded font '../../../Engine/Content/Slate/Fonts/Roboto-Bold.ttf' (160K)
[2019.12.12-02.43.49:526][  0]LogSlate: Took 0.000197 seconds to synchronously load lazily loaded font '../../../Engine/Content/Editor/Slate/Fonts/FontAwesome.ttf' (139K)
[2019.12.12-02.43.49:579][  0]LogRenderer: Reallocating scene render targets to support 1208x604 Format 10 NumSamples 1 (Frame:1).
[2019.12.12-02.43.49:973][  0]LogContentBrowser: Native class hierarchy updated for 'HierarchicalLODOutliner' in 0.0003 seconds. Added 0 classes and 0 folders.
[2019.12.12-02.43.49:973][  0]LogLoad: (Engine Initialization) Total time: 9.83 seconds
[2019.12.12-02.43.49:973][  0]LogLoad: (Engine Initialization) Total Blueprint compile time: 0.00 seconds
[2019.12.12-02.43.50:028][  0]LogContentStreaming: Texture pool size now 1000 MB
[2019.12.12-02.43.50:031][  0]LogSlate: FSceneViewport::OnFocusLost() reason 5
[2019.12.12-02.43.50:050][  0]LogSlate: Took 0.000126 seconds to synchronously load lazily loaded font '../../../Engine/Content/Slate/Fonts/Roboto-Light.ttf' (167K)
[2019.12.12-02.43.50:077][  1]LogAssetRegistry: Asset discovery search completed in 6.7718 seconds
[2019.12.12-02.43.50:080][  1]LogCollectionManager: Rebuilt the object cache for 0 collections in 0.000003 seconds (found 0 objects)
[2019.12.12-02.43.50:080][  1]LogCollectionManager: Fixed up redirectors for 0 collections in 0.000047 seconds (updated 0 objects)
[2019.12.12-02.43.53:194][117]LogSlate: Window 'Message Log' being destroyed
[2019.12.12-02.43.53:196][117]LogSlate: Window 'Message Log' being destroyed
[2019.12.12-02.43.55:730][209]LogSlate: FSceneViewport::OnFocusLost() reason 0
[2019.12.12-02.43.55:782][213]LogTemp: Repeating last play command: Selected Viewport
[2019.12.12-02.43.55:795][213]LogBlueprintUserMessages: Early PlayInEditor Detection: Level '/Game/Levels/LevelOne.LevelOne:PersistentLevel' has LevelScriptBlueprint '/Game/Levels/LevelOne.LevelOne:PersistentLevel.LevelOne' with GeneratedClass '/Game/Levels/LevelOne.LevelOne_C' with ClassGeneratedBy '/Game/Levels/LevelOne.LevelOne:PersistentLevel.LevelOne'
[2019.12.12-02.43.55:795][213]LogPlayLevel: PlayLevel: No blueprints needed recompiling
[2019.12.12-02.43.55:864][213]PIE: New page: PIE session: LevelOne (Dec 11, 2019, 10:43:55 AM)
[2019.12.12-02.43.55:865][213]LogOnline: OSS: Creating online subsystem instance for: NULL
[2019.12.12-02.43.55:873][213]LogPlayLevel: Creating play world package: /Game/Levels/UEDPIE_0_LevelOne
[2019.12.12-02.43.56:002][213]LogPlayLevel: PIE: StaticDuplicateObject took: (0.129084s)
[2019.12.12-02.43.56:003][213]LogAIModule: Creating AISystem for world LevelOne
[2019.12.12-02.43.56:003][213]LogPlayLevel: PIE: World Init took: (0.000806s)
[2019.12.12-02.43.56:003][213]LogPlayLevel: PIE: Created PIE world by copying editor world from /Game/Levels/LevelOne.LevelOne to /Game/Levels/UEDPIE_0_LevelOne.LevelOne (0.130130s)
[2019.12.12-02.43.56:034][213]LogUObjectHash: Compacting FUObjectHashTables data took   1.59ms
[2019.12.12-02.43.56:160][213]LogInit: XAudio2 using 'Speakers (Realtek(R) Audio)' : 2 channels at 48 kHz using 32 bits per sample (channel mask 0x3)
[2019.12.12-02.43.56:177][213]LogInit: FAudioDevice initialized.
[2019.12.12-02.43.56:186][213]LogLoad: Game class is 'CabbageGameMode_C'
[2019.12.12-02.43.56:276][213]LogWorld: Bringing World /Game/Levels/UEDPIE_0_LevelOne.LevelOne up for play (max tick rate 0) at 2019.12.11-18.43.56
[2019.12.12-02.43.56:429][213]LogWorld: Bringing up level for play took: 0.230227
[2019.12.12-02.43.56:429][213]LogOnline: OSS: Creating online subsystem instance for: :Context_2
[2019.12.12-02.43.56:508][213]LogContentBrowser: Native class hierarchy updated for 'MovieSceneCapture' in 0.0003 seconds. Added 20 classes and 0 folders.
[2019.12.12-02.43.56:512][213]PIE: Play in editor start time for /Game/Levels/UEDPIE_0_LevelOne 0.593
[2019.12.12-02.43.56:513][213]LogBlueprintUserMessages: Late PlayInEditor Detection: Level '/Game/Levels/LevelOne.LevelOne:PersistentLevel' has LevelScriptBlueprint '/Game/Levels/LevelOne.LevelOne:PersistentLevel.LevelOne' with GeneratedClass '/Game/Levels/LevelOne.LevelOne_C' with ClassGeneratedBy '/Game/Levels/LevelOne.LevelOne:PersistentLevel.LevelOne'
[2019.12.12-02.43.59:304][322]LogCharacterMovement: Cabbage_5 is stuck and failed to move! Velocity: X=-320.68 Y=-239.09 Z=0.00 Location: X=1031.30 Y=1251.12 Z=-5.57 Normal: X=0.00 Y=0.00 Z=1.00 PenetrationDepth:0.622 Actor:None Component:ModelComponent_28 BoneName:None (0 other events since notify)
[2019.12.12-02.44.37:189][233]LogBlueprintUserMessages: Early EndPlayMap Detection: Level '/Game/Levels/LevelOne.LevelOne:PersistentLevel' has LevelScriptBlueprint '/Game/Levels/LevelOne.LevelOne:PersistentLevel.LevelOne' with GeneratedClass '/Game/Levels/LevelOne.LevelOne_C' with ClassGeneratedBy '/Game/Levels/LevelOne.LevelOne:PersistentLevel.LevelOne'
[2019.12.12-02.44.37:213][233]LogSlate: Updating window title bar state: overlay mode, drag disabled, window buttons hidden, title bar hidden
[2019.12.12-02.44.37:213][233]LogWorld: BeginTearingDown for /Game/Levels/UEDPIE_0_LevelOne
[2019.12.12-02.44.37:214][233]LogWorld: UWorld::CleanupWorld for LevelOne, bSessionEnded=true, bCleanupResources=true
[2019.12.12-02.44.37:305][233]LogPlayLevel: Display: Shutting down PIE online subsystems
[2019.12.12-02.44.37:305][233]LogBlueprintUserMessages: Late EndPlayMap Detection: Level '/Game/Levels/LevelOne.LevelOne:PersistentLevel' has LevelScriptBlueprint '/Game/Levels/LevelOne.LevelOne:PersistentLevel.LevelOne' with GeneratedClass '/Game/Levels/LevelOne.LevelOne_C' with ClassGeneratedBy '/Game/Levels/LevelOne.LevelOne:PersistentLevel.LevelOne'
[2019.12.12-02.44.37:344][233]LogSlate: Updating window title bar state: overlay mode, drag disabled, window buttons hidden, title bar hidden
[2019.12.12-02.44.37:359][233]LogUObjectHash: Compacting FUObjectHashTables data took   1.69ms
[2019.12.12-02.44.37:374][234]LogPlayLevel: Display: Destroying online subsystem :Context_2
[2019.12.12-02.51.44:317][957]LogSlate: FSceneViewport::OnFocusLost() reason 0
[2019.12.12-02.53.27:646][792]LogSlate: FSceneViewport::OnFocusLost() reason 0
[2019.12.12-02.53.38:812][126]LogSlate: FSceneViewport::OnFocusLost() reason 0
[2019.12.12-02.54.06:113][372]LogSlate: FSceneViewport::OnFocusLost() reason 0
[2019.12.12-02.54.10:787][930]LogSlate: FSceneViewport::OnFocusLost() reason 0
[2019.12.12-02.54.32:576][523]LogEditorViewport: Clicking on Actor (LMB): StaticMeshActor (Freezer2)
[2019.12.12-02.54.35:810][866]LogSlate: FSceneViewport::OnFocusLost() reason 0
[2019.12.12-02.54.48:234][340]Cmd: DELETE
[2019.12.12-02.54.48:234][340]Cmd: ACTOR DELETE
[2019.12.12-02.54.48:309][340]LogEditorActor: Deleted Actor: Pizza_1_C
[2019.12.12-02.54.48:345][340]LogUObjectHash: Compacting FUObjectHashTables data took   2.03ms
[2019.12.12-02.54.48:345][340]LogEditorActor: Deleted 1 Actors (0.091 secs)
[2019.12.12-02.54.50:081][548]LogSlate: FSceneViewport::OnFocusLost() reason 0
[2019.12.12-02.54.59:181][636]LogSlate: FSceneViewport::OnFocusLost() reason 0
[2019.12.12-02.55.20:356][126]LogEditorViewport: Clicking on Actor (LMB): StaticMeshActor (Freezer2)
[2019.12.12-02.55.32:293][553]LogSlate: FSceneViewport::OnFocusLost() reason 0
[2019.12.12-02.55.44:214][977]LogSlate: FSceneViewport::OnFocusLost() reason 0
[2019.12.12-02.56.16:855][412]LogSlate: Took 0.000197 seconds to synchronously load lazily loaded font '../../../Engine/Content/Slate/Fonts/Roboto-Light.ttf' (167K)
[2019.12.12-02.56.25:953][439]LogUObjectHash: Compacting FUObjectHashTables data took   1.64ms
[2019.12.12-02.56.27:404][439]LogSavePackage: Moving '../../../../../../Repositories/CS-328-Game/CS328Team11/Saved/LevelOne_Auto1B77E38974076BE0F36503899C98FFA5B.tmp' to '../../../../../../Repositories/CS-328-Game/CS328Team11/Saved/Autosaves/Game/Levels/LevelOne_Auto1.umap'
[2019.12.12-02.56.27:407][439]LogFileHelpers: Editor autosave (incl. sublevels) for '/Game/Levels/LevelOne' took 1.491
[2019.12.12-02.56.27:407][439]LogFileHelpers: Editor autosave (incl. sublevels) for all levels took 1.491
[2019.12.12-02.56.38:252][892]LogSlate: FSceneViewport::OnFocusLost() reason 0
[2019.12.12-02.56.43:847][546]LogSlate: FSceneViewport::OnFocusLost() reason 0
[2019.12.12-02.57.04:497][890]LogSlate: FSceneViewport::OnFocusLost() reason 0
[2019.12.12-02.57.06:689][151]LogSlate: FSceneViewport::OnFocusLost() reason 0
[2019.12.12-02.57.58:931][297]LogSlate: FSceneViewport::OnFocusLost() reason 0
[2019.12.12-02.58.09:339][419]LogSlate: Took 0.025273 seconds to synchronously load lazily loaded font '../../../Engine/Content/Slate/Fonts/Roboto-Italic.ttf' (157K)
[2019.12.12-02.58.09:890][485]LogSlate: FSceneViewport::OnFocusLost() reason 0
[2019.12.12-02.58.22:668][ 11]LogSlate: FSceneViewport::OnFocusLost() reason 0
[2019.12.12-02.58.39:519][994]LogEditorViewport: Clicking on Actor (LMB): StaticMeshActor (Freezer2)
[2019.12.12-02.58.41:363][210]LogSlate: FSceneViewport::OnFocusLost() reason 0
[2019.12.12-02.58.54:465][774]LogSlate: FSceneViewport::OnFocusLost() reason 0
[2019.12.12-02.59.03:827][873]LogSlate: FSceneViewport::OnFocusLost() reason 0
[2019.12.12-02.59.09:112][424]LogSlate: FSceneViewport::OnFocusLost() reason 0
[2019.12.12-02.59.16:029][248]LogSlate: FSceneViewport::OnFocusLost() reason 0
[2019.12.12-03.00.00:639][514]LogSlate: FSceneViewport::OnFocusLost() reason 0
[2019.12.12-03.00.20:308][836]LogSlate: FSceneViewport::OnFocusLost() reason 0
[2019.12.12-03.00.26:898][622]LogSlate: FSceneViewport::OnFocusLost() reason 0
[2019.12.12-03.00.34:826][551]LogSlate: FSceneViewport::OnFocusLost() reason 0
[2019.12.12-03.00.45:414][795]LogSlate: FSceneViewport::OnFocusLost() reason 0
[2019.12.12-03.00.45:549][805]Cmd: OBJ SAVEPACKAGE PACKAGE="/Game/Levels/LevelOne" FILE="../../../../../../Repositories/CS-328-Game/CS328Team11/Content/Levels/LevelOne.umap" SILENT=true AUTOSAVING=false KEEPDIRTY=false
[2019.12.12-03.00.45:594][805]LogUObjectHash: Compacting FUObjectHashTables data took   2.58ms
[2019.12.12-03.00.46:743][805]LogSavePackage: Moving '../../../../../../Repositories/CS-328-Game/CS328Team11/Saved/LevelOne73569C6E43C574A4BF8D21A46251486D.tmp' to '../../../../../../Repositories/CS-328-Game/CS328Team11/Content/Levels/LevelOne.umap'
[2019.12.12-03.00.46:866][805]Cmd: OBJ SAVEPACKAGE PACKAGE="/Game/Levels/LevelOne_BuiltData" FILE="../../../../../../Repositories/CS-328-Game/CS328Team11/Content/Levels/LevelOne_BuiltData.uasset" SILENT=true
[2019.12.12-03.00.47:164][805]LogSavePackage: Moving '../../../../../../Repositories/CS-328-Game/CS328Team11/Saved/LevelOne_BuiltDataE79A0D304184C5B8FBE7B98E1509CCA1.tmp' to '../../../../../../Repositories/CS-328-Game/CS328Team11/Content/Levels/LevelOne_BuiltData.uasset'
[2019.12.12-03.00.49:439][ 68]LogUObjectHash: Compacting FUObjectHashTables data took   2.26ms
